;  LST file generated by mikroListExporter - v.2.0 
; Date/Time: 4/27/2021 12:35:39 AM
;----------------------------------------------

;Address Opcode 	ASM
0x0000	0xF002EF7E  	GOTO        1276
0x0004	0x0000      	NOP
0x0006	0x0000      	NOP
0x0008	0xF000EF00  	GOTO        0
0x000C	0x0000      	NOP
0x000E	0x0000      	NOP
0x0010	0x0000      	NOP
0x0012	0x0000      	NOP
0x0014	0x0000      	NOP
0x0016	0x0000      	NOP
0x0018	0xD7F3      	BRA         0
_SETFOV32:
;__Lib_MathDouble.c,82 :: 		
;__Lib_MathDouble.c,90 :: 		
0x001C	0x820B      	BSF         R11, 1, 0
;__Lib_MathDouble.c,91 :: 		
0x001E	0xAE0B      	BTFSS       R11, 7, 0
;__Lib_MathDouble.c,92 :: 		
0x0020	0xF000EF18  	GOTO        SETFOV32EEE
;__Lib_MathDouble.c,94 :: 		
0x0024	0x6803      	SETF        R3, 0
;__Lib_MathDouble.c,95 :: 		
0x0026	0x6802      	SETF        R2, 0
;__Lib_MathDouble.c,96 :: 		
0x0028	0x6801      	SETF        R1, 0
;__Lib_MathDouble.c,97 :: 		
0x002A	0x6800      	SETF        R0, 0
;__Lib_MathDouble.c,98 :: 		
0x002C	0x360A      	RLCF        R10, 1, 0
;__Lib_MathDouble.c,99 :: 		
0x002E	0x3202      	RRCF        R2, 1, 0
;__Lib_MathDouble.c,100 :: 		
SETFOV32EEE:
;__Lib_MathDouble.c,101 :: 		
0x0030	0x0EFF      	MOVLW       255
;__Lib_MathDouble.c,103 :: 		
L_end_SETFOV32:
0x0032	0x0012      	RETURN      0
; end of _SETFOV32
_RES032:
;__Lib_MathDouble.c,128 :: 		
;__Lib_MathDouble.c,134 :: 		
0x0034	0x6A02      	CLRF        R2, 0
;__Lib_MathDouble.c,135 :: 		
0x0036	0x6A01      	CLRF        R1, 0
;__Lib_MathDouble.c,136 :: 		
0x0038	0x6A00      	CLRF        R0, 0
;__Lib_MathDouble.c,137 :: 		
0x003A	0x6A08      	CLRF        R8, 0
;__Lib_MathDouble.c,138 :: 		
0x003C	0x6A03      	CLRF        R3, 0
;__Lib_MathDouble.c,139 :: 		
0x003E	0x0E00      	MOVLW       0
;__Lib_MathDouble.c,141 :: 		
L_end_RES032:
0x0040	0x0012      	RETURN      0
; end of _RES032
_SETFUN32:
;__Lib_MathDouble.c,144 :: 		
;__Lib_MathDouble.c,152 :: 		
0x0042	0x840B      	BSF         R11, 2, 0
;__Lib_MathDouble.c,153 :: 		
0x0044	0xAE0B      	BTFSS       R11, 7, 0
;__Lib_MathDouble.c,154 :: 		
0x0046	0xF000EF2C  	GOTO        SETFUN32EEE
;__Lib_MathDouble.c,156 :: 		
0x004A	0x0E01      	MOVLW       1
;__Lib_MathDouble.c,157 :: 		
0x004C	0x6E03      	MOVWF       R3, 0
;__Lib_MathDouble.c,158 :: 		
0x004E	0x6A02      	CLRF        R2, 0
;__Lib_MathDouble.c,159 :: 		
0x0050	0x6A01      	CLRF        R1, 0
;__Lib_MathDouble.c,160 :: 		
0x0052	0x6A00      	CLRF        R0, 0
;__Lib_MathDouble.c,161 :: 		
0x0054	0x360A      	RLCF        R10, 1, 0
;__Lib_MathDouble.c,162 :: 		
0x0056	0x3202      	RRCF        R2, 1, 0
;__Lib_MathDouble.c,163 :: 		
SETFUN32EEE:
;__Lib_MathDouble.c,164 :: 		
0x0058	0x0EFF      	MOVLW       255
;__Lib_MathDouble.c,166 :: 		
L_end_SETFUN32:
0x005A	0x0012      	RETURN      0
; end of _SETFUN32
_FIXSIGN32:
;__Lib_MathDouble.c,117 :: 		
;__Lib_MathDouble.c,121 :: 		
0x005C	0xAE0A      	BTFSS       R10, 7, 0
;__Lib_MathDouble.c,122 :: 		
0x005E	0x9E02      	BCF         R2, 7, 0
;__Lib_MathDouble.c,123 :: 		
0x0060	0x0E00      	MOVLW       0
;__Lib_MathDouble.c,125 :: 		
L_end_FIXSIGN32:
0x0062	0x0012      	RETURN      0
; end of _FIXSIGN32
_SETIOV3224:
;__Lib_MathDouble.c,530 :: 		
;__Lib_MathDouble.c,537 :: 		
0x0064	0x800B      	BSF         R11, 0, 0
;__Lib_MathDouble.c,538 :: 		
0x0066	0xAE0B      	BTFSS       R11, 7, 0
;__Lib_MathDouble.c,539 :: 		
0x0068	0xF000EF3E  	GOTO        SETIOV3224EEE
;__Lib_MathDouble.c,541 :: 		
0x006C	0x6A02      	CLRF        R2, 0
;__Lib_MathDouble.c,542 :: 		
0x006E	0xAE0A      	BTFSS       R10, 7, 0
;__Lib_MathDouble.c,543 :: 		
0x0070	0x0EFF      	MOVLW       255
;__Lib_MathDouble.c,544 :: 		
0x0072	0x6E02      	MOVWF       R2, 0
;__Lib_MathDouble.c,545 :: 		
0x0074	0x6E01      	MOVWF       R1, 0
;__Lib_MathDouble.c,546 :: 		
0x0076	0x6E00      	MOVWF       R0, 0
;__Lib_MathDouble.c,547 :: 		
0x0078	0x360A      	RLCF        R10, 1, 0
;__Lib_MathDouble.c,548 :: 		
0x007A	0x3202      	RRCF        R2, 1, 0
;__Lib_MathDouble.c,549 :: 		
SETIOV3224EEE:
;__Lib_MathDouble.c,550 :: 		
0x007C	0x0EFF      	MOVLW       255
;__Lib_MathDouble.c,552 :: 		
L_end_SETIOV3224:
0x007E	0x0012      	RETURN      0
; end of _SETIOV3224
_NRM4032:
;__Lib_MathDouble.c,174 :: 		
;__Lib_MathDouble.c,183 :: 		
0x0080	0xB00C      	BTFSC       R12, 0, 0
;__Lib_MathDouble.c,184 :: 		
0x0082	0xF000EF82  	GOTO        NRMRND4032
;__Lib_MathDouble.c,185 :: 		
0x0086	0xA20C      	BTFSS       R12, 1, 0
;__Lib_MathDouble.c,186 :: 		
0x0088	0xF001EF28  	GOTO        NRM40JPSETFOV32
;__Lib_MathDouble.c,188 :: 		
0x008C	0x6A0E      	CLRF        R14, 0
;__Lib_MathDouble.c,189 :: 		
0x008E	0x0E00      	MOVLW       0
;__Lib_MathDouble.c,190 :: 		
0x0090	0x6402      	CPFSGT      R2, 0
;__Lib_MathDouble.c,191 :: 		
0x0092	0xF000EF99  	GOTO        NRM4032A
;__Lib_MathDouble.c,194 :: 		
0x0096	0x0EF0      	MOVLW       240
;__Lib_MathDouble.c,195 :: 		
0x0098	0x1402      	ANDWF       R2, 0, 0
;__Lib_MathDouble.c,196 :: 		
0x009A	0xA4D8      	BTFSS       STATUS, 2, 0
;__Lib_MathDouble.c,197 :: 		
0x009C	0xF000EF64  	GOTO        NORM4032
;__Lib_MathDouble.c,199 :: 		
0x00A0	0x3A02      	SWAPF       R2, 1, 0
;__Lib_MathDouble.c,200 :: 		
0x00A2	0x3801      	SWAPF       R1, 0, 0
;__Lib_MathDouble.c,201 :: 		
0x00A4	0x0B0F      	ANDLW       15
;__Lib_MathDouble.c,202 :: 		
0x00A6	0x2602      	ADDWF       R2, 1, 0
;__Lib_MathDouble.c,204 :: 		
0x00A8	0x3801      	SWAPF       R1, 0, 0
;__Lib_MathDouble.c,205 :: 		
0x00AA	0x0BF0      	ANDLW       240
;__Lib_MathDouble.c,206 :: 		
0x00AC	0x6E01      	MOVWF       R1, 0
;__Lib_MathDouble.c,207 :: 		
0x00AE	0x3800      	SWAPF       R0, 0, 0
;__Lib_MathDouble.c,208 :: 		
0x00B0	0x0B0F      	ANDLW       15
;__Lib_MathDouble.c,209 :: 		
0x00B2	0x2601      	ADDWF       R1, 1, 0
;__Lib_MathDouble.c,211 :: 		
0x00B4	0x3800      	SWAPF       R0, 0, 0
;__Lib_MathDouble.c,212 :: 		
0x00B6	0x0BF0      	ANDLW       240
;__Lib_MathDouble.c,213 :: 		
0x00B8	0x6E00      	MOVWF       R0, 0
;__Lib_MathDouble.c,214 :: 		
0x00BA	0x3808      	SWAPF       R8, 0, 0
;__Lib_MathDouble.c,215 :: 		
0x00BC	0x0B0F      	ANDLW       15
;__Lib_MathDouble.c,216 :: 		
0x00BE	0x2600      	ADDWF       R0, 1, 0
;__Lib_MathDouble.c,218 :: 		
0x00C0	0x3808      	SWAPF       R8, 0, 0
;__Lib_MathDouble.c,219 :: 		
0x00C2	0x0BF0      	ANDLW       240
;__Lib_MathDouble.c,220 :: 		
0x00C4	0x6E08      	MOVWF       R8, 0
;__Lib_MathDouble.c,222 :: 		
0x00C6	0x840E      	BSF         R14, 2, 0
;__Lib_MathDouble.c,224 :: 		
NORM4032:
;__Lib_MathDouble.c,225 :: 		
0x00C8	0x90D8      	BCF         STATUS, 0, 0
;__Lib_MathDouble.c,227 :: 		
0x00CA	0xBE02      	BTFSC       R2, 7, 0
;__Lib_MathDouble.c,228 :: 		
0x00CC	0xF000EF7D  	GOTO        TNORMUN4032
;__Lib_MathDouble.c,229 :: 		
0x00D0	0x3608      	RLCF        R8, 1, 0
;__Lib_MathDouble.c,230 :: 		
0x00D2	0x3600      	RLCF        R0, 1, 0
;__Lib_MathDouble.c,231 :: 		
0x00D4	0x3601      	RLCF        R1, 1, 0
;__Lib_MathDouble.c,232 :: 		
0x00D6	0x3602      	RLCF        R2, 1, 0
;__Lib_MathDouble.c,233 :: 		
0x00D8	0x2A0E      	INCF        R14, 1, 0
;__Lib_MathDouble.c,234 :: 		
0x00DA	0xBE02      	BTFSC       R2, 7, 0
;__Lib_MathDouble.c,235 :: 		
0x00DC	0xF000EF7D  	GOTO        TNORMUN4032
;__Lib_MathDouble.c,236 :: 		
0x00E0	0x3608      	RLCF        R8, 1, 0
;__Lib_MathDouble.c,237 :: 		
0x00E2	0x3600      	RLCF        R0, 1, 0
;__Lib_MathDouble.c,238 :: 		
0x00E4	0x3601      	RLCF        R1, 1, 0
;__Lib_MathDouble.c,239 :: 		
0x00E6	0x3602      	RLCF        R2, 1, 0
;__Lib_MathDouble.c,240 :: 		
0x00E8	0x2A0E      	INCF        R14, 1, 0
;__Lib_MathDouble.c,241 :: 		
0x00EA	0xBE02      	BTFSC       R2, 7, 0
;__Lib_MathDouble.c,242 :: 		
0x00EC	0xF000EF7D  	GOTO        TNORMUN4032
;__Lib_MathDouble.c,243 :: 		
0x00F0	0x3608      	RLCF        R8, 1, 0
;__Lib_MathDouble.c,244 :: 		
0x00F2	0x3600      	RLCF        R0, 1, 0
;__Lib_MathDouble.c,245 :: 		
0x00F4	0x3601      	RLCF        R1, 1, 0
;__Lib_MathDouble.c,246 :: 		
0x00F6	0x3602      	RLCF        R2, 1, 0
;__Lib_MathDouble.c,247 :: 		
0x00F8	0x2A0E      	INCF        R14, 1, 0
;__Lib_MathDouble.c,249 :: 		
TNORMUN4032:
;__Lib_MathDouble.c,250 :: 		
0x00FA	0x500E      	MOVF        R14, 0, 0
;__Lib_MathDouble.c,251 :: 		
0x00FC	0x6403      	CPFSGT      R3, 0
;__Lib_MathDouble.c,252 :: 		
0x00FE	0xF001EF1E  	GOTO        NRM40JPSETFUN32
;__Lib_MathDouble.c,253 :: 		
0x0102	0x5E03      	SUBWF       R3, 1, 0
;__Lib_MathDouble.c,255 :: 		
NRMRND4032:
;__Lib_MathDouble.c,256 :: 		
0x0104	0xBC0B      	BTFSC       R11, 6, 0
;__Lib_MathDouble.c,257 :: 		
0x0106	0xAE08      	BTFSS       R8, 7, 0
;__Lib_MathDouble.c,258 :: 		
0x0108	0xF001EF23  	GOTO        NRM40JPFIXSIGN32
;__Lib_MathDouble.c,259 :: 		
0x010C	0x80D8      	BSF         STATUS, 0, 0
;__Lib_MathDouble.c,260 :: 		
0x010E	0x0E80      	MOVLW       128
;__Lib_MathDouble.c,261 :: 		
0x0110	0x6408      	CPFSGT      R8, 0
;__Lib_MathDouble.c,262 :: 		
0x0112	0x3000      	RRCF        R0, 0, 0
;__Lib_MathDouble.c,263 :: 		
0x0114	0x0E00      	MOVLW       0
;__Lib_MathDouble.c,264 :: 		
0x0116	0x2200      	ADDWFC      R0, 1, 0
;__Lib_MathDouble.c,265 :: 		
0x0118	0x2201      	ADDWFC      R1, 1, 0
;__Lib_MathDouble.c,266 :: 		
0x011A	0x2202      	ADDWFC      R2, 1, 0
;__Lib_MathDouble.c,268 :: 		
0x011C	0xA0D8      	BTFSS       STATUS, 0, 0
;__Lib_MathDouble.c,269 :: 		
0x011E	0xF001EF23  	GOTO        NRM40JPFIXSIGN32
;__Lib_MathDouble.c,270 :: 		
0x0122	0x3202      	RRCF        R2, 1, 0
;__Lib_MathDouble.c,271 :: 		
0x0124	0x3201      	RRCF        R1, 1, 0
;__Lib_MathDouble.c,272 :: 		
0x0126	0x3200      	RRCF        R0, 1, 0
;__Lib_MathDouble.c,273 :: 		
0x0128	0x4A03      	INFSNZ      R3, 1, 0
;__Lib_MathDouble.c,274 :: 		
0x012A	0xF001EF28  	GOTO        NRM40JPSETFOV32
;__Lib_MathDouble.c,275 :: 		
0x012E	0xF001EF23  	GOTO        NRM40JPFIXSIGN32
;__Lib_MathDouble.c,277 :: 		
NRM4032A:
;__Lib_MathDouble.c,278 :: 		
0x0132	0xF002C001  	MOVFF       R1, R2
;__Lib_MathDouble.c,279 :: 		
0x0136	0xF001C000  	MOVFF       R0, R1
;__Lib_MathDouble.c,280 :: 		
0x013A	0xF000C008  	MOVFF       R8, R0
;__Lib_MathDouble.c,281 :: 		
0x013E	0x6A08      	CLRF        R8, 0
;__Lib_MathDouble.c,282 :: 		
0x0140	0x0E00      	MOVLW       0
;__Lib_MathDouble.c,283 :: 		
0x0142	0x860E      	BSF         R14, 3, 0
;__Lib_MathDouble.c,284 :: 		
0x0144	0x6402      	CPFSGT      R2, 0
;__Lib_MathDouble.c,285 :: 		
0x0146	0xF000EFD0  	GOTO        NRM4032B
;__Lib_MathDouble.c,288 :: 		
0x014A	0x0EF0      	MOVLW       240
;__Lib_MathDouble.c,289 :: 		
0x014C	0x1402      	ANDWF       R2, 0, 0
;__Lib_MathDouble.c,290 :: 		
0x014E	0xA4D8      	BTFSS       STATUS, 2, 0
;__Lib_MathDouble.c,291 :: 		
0x0150	0xF000EFB8  	GOTO        NORM4032A
;__Lib_MathDouble.c,292 :: 		
0x0154	0x3A02      	SWAPF       R2, 1, 0
;__Lib_MathDouble.c,293 :: 		
0x0156	0x3801      	SWAPF       R1, 0, 0
;__Lib_MathDouble.c,294 :: 		
0x0158	0x0B0F      	ANDLW       15
;__Lib_MathDouble.c,295 :: 		
0x015A	0x2602      	ADDWF       R2, 1, 0
;__Lib_MathDouble.c,297 :: 		
0x015C	0x3801      	SWAPF       R1, 0, 0
;__Lib_MathDouble.c,298 :: 		
0x015E	0x0BF0      	ANDLW       240
;__Lib_MathDouble.c,299 :: 		
0x0160	0x6E01      	MOVWF       R1, 0
;__Lib_MathDouble.c,300 :: 		
0x0162	0x3800      	SWAPF       R0, 0, 0
;__Lib_MathDouble.c,301 :: 		
0x0164	0x0B0F      	ANDLW       15
;__Lib_MathDouble.c,302 :: 		
0x0166	0x2601      	ADDWF       R1, 1, 0
;__Lib_MathDouble.c,304 :: 		
0x0168	0x3800      	SWAPF       R0, 0, 0
;__Lib_MathDouble.c,305 :: 		
0x016A	0x0BF0      	ANDLW       240
;__Lib_MathDouble.c,306 :: 		
0x016C	0x6E00      	MOVWF       R0, 0
;__Lib_MathDouble.c,308 :: 		
0x016E	0x840E      	BSF         R14, 2, 0
;__Lib_MathDouble.c,310 :: 		
NORM4032A:
;__Lib_MathDouble.c,311 :: 		
0x0170	0x90D8      	BCF         STATUS, 0, 0
;__Lib_MathDouble.c,313 :: 		
0x0172	0xBE02      	BTFSC       R2, 7, 0
;__Lib_MathDouble.c,314 :: 		
0x0174	0xF000EF7D  	GOTO        TNORMUN4032
;__Lib_MathDouble.c,315 :: 		
0x0178	0x3600      	RLCF        R0, 1, 0
;__Lib_MathDouble.c,316 :: 		
0x017A	0x3601      	RLCF        R1, 1, 0
;__Lib_MathDouble.c,317 :: 		
0x017C	0x3602      	RLCF        R2, 1, 0
;__Lib_MathDouble.c,318 :: 		
0x017E	0x2A0E      	INCF        R14, 1, 0
;__Lib_MathDouble.c,319 :: 		
0x0180	0xBE02      	BTFSC       R2, 7, 0
;__Lib_MathDouble.c,320 :: 		
0x0182	0xF000EF7D  	GOTO        TNORMUN4032
;__Lib_MathDouble.c,321 :: 		
0x0186	0x3600      	RLCF        R0, 1, 0
;__Lib_MathDouble.c,322 :: 		
0x0188	0x3601      	RLCF        R1, 1, 0
;__Lib_MathDouble.c,323 :: 		
0x018A	0x3602      	RLCF        R2, 1, 0
;__Lib_MathDouble.c,324 :: 		
0x018C	0x2A0E      	INCF        R14, 1, 0
;__Lib_MathDouble.c,325 :: 		
0x018E	0xBE02      	BTFSC       R2, 7, 0
;__Lib_MathDouble.c,326 :: 		
0x0190	0xF000EF7D  	GOTO        TNORMUN4032
;__Lib_MathDouble.c,327 :: 		
0x0194	0x3600      	RLCF        R0, 1, 0
;__Lib_MathDouble.c,328 :: 		
0x0196	0x3601      	RLCF        R1, 1, 0
;__Lib_MathDouble.c,329 :: 		
0x0198	0x3602      	RLCF        R2, 1, 0
;__Lib_MathDouble.c,330 :: 		
0x019A	0x2A0E      	INCF        R14, 1, 0
;__Lib_MathDouble.c,331 :: 		
0x019C	0xF000EF7D  	GOTO        TNORMUN4032
;__Lib_MathDouble.c,333 :: 		
NRM4032B:
;__Lib_MathDouble.c,334 :: 		
0x01A0	0xF002C001  	MOVFF       R1, R2
;__Lib_MathDouble.c,335 :: 		
0x01A4	0xF001C000  	MOVFF       R0, R1
;__Lib_MathDouble.c,336 :: 		
0x01A8	0x6A00      	CLRF        R0, 0
;__Lib_MathDouble.c,337 :: 		
0x01AA	0x0E00      	MOVLW       0
;__Lib_MathDouble.c,338 :: 		
0x01AC	0x960E      	BCF         R14, 3, 0
;__Lib_MathDouble.c,339 :: 		
0x01AE	0x880E      	BSF         R14, 4, 0
;__Lib_MathDouble.c,340 :: 		
0x01B0	0x6402      	CPFSGT      R2, 0
;__Lib_MathDouble.c,341 :: 		
0x01B2	0xF000EFFD  	GOTO        NRM4032C
;__Lib_MathDouble.c,344 :: 		
0x01B6	0x0EF0      	MOVLW       240
;__Lib_MathDouble.c,345 :: 		
0x01B8	0x1402      	ANDWF       R2, 0, 0
;__Lib_MathDouble.c,346 :: 		
0x01BA	0xA4D8      	BTFSS       STATUS, 2, 0
;__Lib_MathDouble.c,347 :: 		
0x01BC	0xF000EFE8  	GOTO        NORM4032B
;__Lib_MathDouble.c,349 :: 		
0x01C0	0x3A02      	SWAPF       R2, 1, 0
;__Lib_MathDouble.c,350 :: 		
0x01C2	0x3801      	SWAPF       R1, 0, 0
;__Lib_MathDouble.c,351 :: 		
0x01C4	0x0B0F      	ANDLW       15
;__Lib_MathDouble.c,352 :: 		
0x01C6	0x2602      	ADDWF       R2, 1, 0
;__Lib_MathDouble.c,354 :: 		
0x01C8	0x3801      	SWAPF       R1, 0, 0
;__Lib_MathDouble.c,355 :: 		
0x01CA	0x0BF0      	ANDLW       240
;__Lib_MathDouble.c,356 :: 		
0x01CC	0x6E01      	MOVWF       R1, 0
;__Lib_MathDouble.c,358 :: 		
0x01CE	0x840E      	BSF         R14, 2, 0
;__Lib_MathDouble.c,360 :: 		
NORM4032B:
;__Lib_MathDouble.c,361 :: 		
0x01D0	0x90D8      	BCF         STATUS, 0, 0
;__Lib_MathDouble.c,362 :: 		
0x01D2	0xBE02      	BTFSC       R2, 7, 0
;__Lib_MathDouble.c,363 :: 		
0x01D4	0xF000EF7D  	GOTO        TNORMUN4032
;__Lib_MathDouble.c,364 :: 		
0x01D8	0x3601      	RLCF        R1, 1, 0
;__Lib_MathDouble.c,365 :: 		
0x01DA	0x3602      	RLCF        R2, 1, 0
;__Lib_MathDouble.c,366 :: 		
0x01DC	0x2A0E      	INCF        R14, 1, 0
;__Lib_MathDouble.c,367 :: 		
0x01DE	0xBE02      	BTFSC       R2, 7, 0
;__Lib_MathDouble.c,368 :: 		
0x01E0	0xF000EF7D  	GOTO        TNORMUN4032
;__Lib_MathDouble.c,369 :: 		
0x01E4	0x3601      	RLCF        R1, 1, 0
;__Lib_MathDouble.c,370 :: 		
0x01E6	0x3602      	RLCF        R2, 1, 0
;__Lib_MathDouble.c,371 :: 		
0x01E8	0x2A0E      	INCF        R14, 1, 0
;__Lib_MathDouble.c,372 :: 		
0x01EA	0xBE02      	BTFSC       R2, 7, 0
;__Lib_MathDouble.c,373 :: 		
0x01EC	0xF000EF7D  	GOTO        TNORMUN4032
;__Lib_MathDouble.c,374 :: 		
0x01F0	0x3601      	RLCF        R1, 1, 0
;__Lib_MathDouble.c,375 :: 		
0x01F2	0x3602      	RLCF        R2, 1, 0
;__Lib_MathDouble.c,376 :: 		
0x01F4	0x2A0E      	INCF        R14, 1, 0
;__Lib_MathDouble.c,377 :: 		
0x01F6	0xF000EF7D  	GOTO        TNORMUN4032
;__Lib_MathDouble.c,379 :: 		
NRM4032C:
;__Lib_MathDouble.c,380 :: 		
0x01FA	0xF002C001  	MOVFF       R1, R2
;__Lib_MathDouble.c,381 :: 		
0x01FE	0x6A01      	CLRF        R1, 0
;__Lib_MathDouble.c,382 :: 		
0x0200	0x0E00      	MOVLW       0
;__Lib_MathDouble.c,383 :: 		
0x0202	0x860E      	BSF         R14, 3, 0
;__Lib_MathDouble.c,384 :: 		
0x0204	0x6402      	CPFSGT      R2, 0
;__Lib_MathDouble.c,385 :: 		
0x0206	0xF001EF2D  	GOTO        NRM40JPRES032
;__Lib_MathDouble.c,388 :: 		
0x020A	0x0EF0      	MOVLW       240
;__Lib_MathDouble.c,389 :: 		
0x020C	0x1402      	ANDWF       R2, 0, 0
;__Lib_MathDouble.c,390 :: 		
0x020E	0xA4D8      	BTFSS       STATUS, 2, 0
;__Lib_MathDouble.c,391 :: 		
0x0210	0xF001EF0C  	GOTO        NORM4032C
;__Lib_MathDouble.c,392 :: 		
0x0214	0x3A02      	SWAPF       R2, 1, 0
;__Lib_MathDouble.c,394 :: 		
0x0216	0x840E      	BSF         R14, 2, 0
;__Lib_MathDouble.c,396 :: 		
NORM4032C:
;__Lib_MathDouble.c,397 :: 		
0x0218	0x90D8      	BCF         STATUS, 0, 0
;__Lib_MathDouble.c,399 :: 		
0x021A	0xBE02      	BTFSC       R2, 7, 0
;__Lib_MathDouble.c,400 :: 		
0x021C	0xF000EF7D  	GOTO        TNORMUN4032
;__Lib_MathDouble.c,401 :: 		
0x0220	0x3602      	RLCF        R2, 1, 0
;__Lib_MathDouble.c,402 :: 		
0x0222	0x2A0E      	INCF        R14, 1, 0
;__Lib_MathDouble.c,403 :: 		
0x0224	0xBE02      	BTFSC       R2, 7, 0
;__Lib_MathDouble.c,404 :: 		
0x0226	0xF000EF7D  	GOTO        TNORMUN4032
;__Lib_MathDouble.c,405 :: 		
0x022A	0x3602      	RLCF        R2, 1, 0
;__Lib_MathDouble.c,406 :: 		
0x022C	0x2A0E      	INCF        R14, 1, 0
;__Lib_MathDouble.c,407 :: 		
0x022E	0xBE02      	BTFSC       R2, 7, 0
;__Lib_MathDouble.c,408 :: 		
0x0230	0xF000EF7D  	GOTO        TNORMUN4032
;__Lib_MathDouble.c,409 :: 		
0x0234	0x3602      	RLCF        R2, 1, 0
;__Lib_MathDouble.c,410 :: 		
0x0236	0x2A0E      	INCF        R14, 1, 0
;__Lib_MathDouble.c,411 :: 		
0x0238	0xF000EF7D  	GOTO        TNORMUN4032
;__Lib_MathDouble.c,413 :: 		
NRM40JPSETFUN32:
;__Lib_MathDouble.c,414 :: 		
0x023C	0x0E01      	MOVLW       1
;__Lib_MathDouble.c,415 :: 		
0x023E	0x6E0C      	MOVWF       R12, 0
;__Lib_MathDouble.c,417 :: 		
0x0240	0xDF00      	RCALL       _SETFUN32
;__Lib_MathDouble.c,419 :: 		
0x0242	0xF001EF30  	GOTO        NRM40EEE
;__Lib_MathDouble.c,420 :: 		
NRM40JPFIXSIGN32:
;__Lib_MathDouble.c,421 :: 		
0x0246	0x0E02      	MOVLW       2
;__Lib_MathDouble.c,422 :: 		
0x0248	0x6E0C      	MOVWF       R12, 0
;__Lib_MathDouble.c,424 :: 		
0x024A	0xDF08      	RCALL       _FIXSIGN32
;__Lib_MathDouble.c,426 :: 		
0x024C	0xF001EF30  	GOTO        NRM40EEE
;__Lib_MathDouble.c,427 :: 		
NRM40JPSETFOV32:
;__Lib_MathDouble.c,428 :: 		
0x0250	0x0E04      	MOVLW       4
;__Lib_MathDouble.c,429 :: 		
0x0252	0x6E0C      	MOVWF       R12, 0
;__Lib_MathDouble.c,431 :: 		
0x0254	0xDEE3      	RCALL       _SETFOV32
;__Lib_MathDouble.c,433 :: 		
0x0256	0xF001EF30  	GOTO        NRM40EEE
;__Lib_MathDouble.c,434 :: 		
NRM40JPRES032:
;__Lib_MathDouble.c,435 :: 		
0x025A	0x0E08      	MOVLW       8
;__Lib_MathDouble.c,436 :: 		
0x025C	0x6E0C      	MOVWF       R12, 0
;__Lib_MathDouble.c,438 :: 		
0x025E	0xDEEA      	RCALL       _RES032
;__Lib_MathDouble.c,440 :: 		
NRM40EEE:
;__Lib_MathDouble.c,448 :: 		
L_end_NRM4032:
0x0260	0x0012      	RETURN      0
; end of _NRM4032
_double2word:
;__Lib_MathDouble.c,2023 :: 		
;__Lib_MathDouble.c,2032 :: 		
0x0262	0x6A0B      	CLRF        R11, 0
;__Lib_MathDouble.c,2033 :: 		
0x0264	0x6A0C      	CLRF        R12, 0
;__Lib_MathDouble.c,2034 :: 		
0x0266	0x6A0A      	CLRF        R10, 0
;__Lib_MathDouble.c,2036 :: 		
0x0268	0x5003      	MOVF        R3, 0, 0
;__Lib_MathDouble.c,2037 :: 		
0x026A	0xB4D8      	BTFSC       STATUS, 2, 0
;__Lib_MathDouble.c,2038 :: 		
0x026C	0xF001EF7B  	GOTO        IRES016U
;__Lib_MathDouble.c,2040 :: 		
0x0270	0x8E02      	BSF         R2, 7, 0
;__Lib_MathDouble.c,2042 :: 		
0x0272	0x0E8E      	MOVLW       142
;__Lib_MathDouble.c,2043 :: 		
0x0274	0x5E03      	SUBWF       R3, 1, 0
;__Lib_MathDouble.c,2044 :: 		
0x0276	0xBE03      	BTFSC       R3, 7, 0
;__Lib_MathDouble.c,2045 :: 		
0x0278	0xF001EF43  	GOTO        SETEXP16U
;__Lib_MathDouble.c,2046 :: 		
0x027C	0xB4D8      	BTFSC       STATUS, 2, 0
;__Lib_MathDouble.c,2047 :: 		
0x027E	0xF001EF43  	GOTO        SETEXP16U
;__Lib_MathDouble.c,2048 :: 		
0x0282	0xF001EF7F  	GOTO        SETIOV16U
;__Lib_MathDouble.c,2049 :: 		
SETEXP16U:
;__Lib_MathDouble.c,2050 :: 		
0x0286	0x6C03      	NEGF        R3, 0
;__Lib_MathDouble.c,2052 :: 		
0x0288	0x0E08      	MOVLW       8
;__Lib_MathDouble.c,2053 :: 		
0x028A	0x5C03      	SUBWF       R3, 0, 0
;__Lib_MathDouble.c,2054 :: 		
0x028C	0xA0D8      	BTFSS       STATUS, 0, 0
;__Lib_MathDouble.c,2055 :: 		
0x028E	0xF001EF5A  	GOTO        TSHIFT3216U
;__Lib_MathDouble.c,2056 :: 		
0x0292	0x6E03      	MOVWF       R3, 0
;__Lib_MathDouble.c,2057 :: 		
0x0294	0x3601      	RLCF        R1, 1, 0
;__Lib_MathDouble.c,2058 :: 		
0x0296	0xF001C002  	MOVFF       R2, R1
;__Lib_MathDouble.c,2059 :: 		
0x029A	0x6A02      	CLRF        R2, 0
;__Lib_MathDouble.c,2061 :: 		
0x029C	0x0E08      	MOVLW       8
;__Lib_MathDouble.c,2062 :: 		
0x029E	0x5C03      	SUBWF       R3, 0, 0
;__Lib_MathDouble.c,2063 :: 		
0x02A0	0xA0D8      	BTFSS       STATUS, 0, 0
;__Lib_MathDouble.c,2064 :: 		
0x02A2	0xF001EF5A  	GOTO        TSHIFT3216U
;__Lib_MathDouble.c,2065 :: 		
0x02A6	0x3601      	RLCF        R1, 1, 0
;__Lib_MathDouble.c,2066 :: 		
0x02A8	0x6A01      	CLRF        R1, 0
;__Lib_MathDouble.c,2068 :: 		
0x02AA	0x5003      	MOVF        R3, 0, 0
;__Lib_MathDouble.c,2069 :: 		
0x02AC	0xA4D8      	BTFSS       STATUS, 2, 0
;__Lib_MathDouble.c,2070 :: 		
0x02AE	0x90D8      	BCF         STATUS, 0, 0
;__Lib_MathDouble.c,2071 :: 		
0x02B0	0xF001EF64  	GOTO        SHIFT3216UOK
;__Lib_MathDouble.c,2072 :: 		
TSHIFT3216U:
;__Lib_MathDouble.c,2073 :: 		
0x02B4	0x5003      	MOVF        R3, 0, 0
;__Lib_MathDouble.c,2074 :: 		
0x02B6	0xB4D8      	BTFSC       STATUS, 2, 0
;__Lib_MathDouble.c,2075 :: 		
0x02B8	0xF001EF64  	GOTO        SHIFT3216UOK
;__Lib_MathDouble.c,2076 :: 		
SHIFT3216U:
;__Lib_MathDouble.c,2077 :: 		
0x02BC	0x90D8      	BCF         STATUS, 0, 0
;__Lib_MathDouble.c,2078 :: 		
0x02BE	0x3202      	RRCF        R2, 1, 0
;__Lib_MathDouble.c,2079 :: 		
0x02C0	0x3201      	RRCF        R1, 1, 0
;__Lib_MathDouble.c,2080 :: 		
0x02C2	0x2E03      	DECFSZ      R3, 1, 0
;__Lib_MathDouble.c,2081 :: 		
0x02C4	0xF001EF5E  	GOTO        SHIFT3216U
;__Lib_MathDouble.c,2082 :: 		
SHIFT3216UOK:
;__Lib_MathDouble.c,2083 :: 		
0x02C8	0xBC0B      	BTFSC       R11, 6, 0
;__Lib_MathDouble.c,2084 :: 		
0x02CA	0xA001      	BTFSS       R1, 0, 0
;__Lib_MathDouble.c,2085 :: 		
0x02CC	0xF001EF71  	GOTO        INT3216UOK
;__Lib_MathDouble.c,2086 :: 		
0x02D0	0xA0D8      	BTFSS       STATUS, 0, 0
;__Lib_MathDouble.c,2087 :: 		
0x02D2	0xF001EF71  	GOTO        INT3216UOK
;__Lib_MathDouble.c,2088 :: 		
0x02D6	0x2A01      	INCF        R1, 1, 0
;__Lib_MathDouble.c,2089 :: 		
0x02D8	0xB4D8      	BTFSC       STATUS, 2, 0
;__Lib_MathDouble.c,2090 :: 		
0x02DA	0x2A02      	INCF        R2, 1, 0
;__Lib_MathDouble.c,2091 :: 		
0x02DC	0xBE02      	BTFSC       R2, 7, 0
;__Lib_MathDouble.c,2092 :: 		
0x02DE	0xF001EF8E  	GOTO        JPKSETIOV3224
;__Lib_MathDouble.c,2093 :: 		
INT3216UOK:
;__Lib_MathDouble.c,2094 :: 		
0x02E2	0xAE0A      	BTFSS       R10, 7, 0
;__Lib_MathDouble.c,2095 :: 		
0x02E4	0xF001EF93  	GOTO        INT3216UEOK
;__Lib_MathDouble.c,2097 :: 		
0x02E8	0x1E02      	COMF        R2, 1, 0
;__Lib_MathDouble.c,2098 :: 		
0x02EA	0x1E01      	COMF        R1, 1, 0
;__Lib_MathDouble.c,2099 :: 		
0x02EC	0x2A01      	INCF        R1, 1, 0
;__Lib_MathDouble.c,2100 :: 		
0x02EE	0xB4D8      	BTFSC       STATUS, 2, 0
;__Lib_MathDouble.c,2101 :: 		
0x02F0	0x2A02      	INCF        R2, 1, 0
;__Lib_MathDouble.c,2102 :: 		
0x02F2	0xF001EF93  	GOTO        INT3216UEOK
;__Lib_MathDouble.c,2104 :: 		
IRES016U:
;__Lib_MathDouble.c,2105 :: 		
0x02F6	0x6A02      	CLRF        R2, 0
;__Lib_MathDouble.c,2106 :: 		
0x02F8	0x6A01      	CLRF        R1, 0
;__Lib_MathDouble.c,2107 :: 		
0x02FA	0xF001EF93  	GOTO        INT3216UEOK
;__Lib_MathDouble.c,2108 :: 		
SETIOV16U:
;__Lib_MathDouble.c,2109 :: 		
0x02FE	0x800B      	BSF         R11, 0, 0
;__Lib_MathDouble.c,2110 :: 		
0x0300	0xAE0B      	BTFSS       R11, 7, 0
;__Lib_MathDouble.c,2111 :: 		
0x0302	0xF001EF97  	GOTO        INT3216UEER
;__Lib_MathDouble.c,2113 :: 		
0x0306	0x6A02      	CLRF        R2, 0
;__Lib_MathDouble.c,2114 :: 		
0x0308	0xAE0A      	BTFSS       R10, 7, 0
;__Lib_MathDouble.c,2115 :: 		
0x030A	0xF001EF97  	GOTO        INT3216UEER
;__Lib_MathDouble.c,2116 :: 		
0x030E	0x0EFF      	MOVLW       255
;__Lib_MathDouble.c,2117 :: 		
0x0310	0x6E02      	MOVWF       R2, 0
;__Lib_MathDouble.c,2118 :: 		
0x0312	0x6E01      	MOVWF       R1, 0
;__Lib_MathDouble.c,2119 :: 		
0x0314	0x360A      	RLCF        R10, 1, 0
;__Lib_MathDouble.c,2120 :: 		
0x0316	0x3202      	RRCF        R2, 1, 0
;__Lib_MathDouble.c,2121 :: 		
0x0318	0xF001EF97  	GOTO        INT3216UEER
;__Lib_MathDouble.c,2123 :: 		
JPKSETIOV3224:
;__Lib_MathDouble.c,2124 :: 		
0x031C	0x0E01      	MOVLW       1
;__Lib_MathDouble.c,2125 :: 		
0x031E	0x6E0C      	MOVWF       R12, 0
;__Lib_MathDouble.c,2127 :: 		
0x0320	0xDEA1      	RCALL       _SETIOV3224
;__Lib_MathDouble.c,2129 :: 		
0x0322	0xF001EF99  	GOTO        INT3216UEEE
;__Lib_MathDouble.c,2130 :: 		
INT3216UEOK:
;__Lib_MathDouble.c,2131 :: 		
0x0326	0x0E00      	MOVLW       0
;__Lib_MathDouble.c,2132 :: 		
0x0328	0x6E0C      	MOVWF       R12, 0
;__Lib_MathDouble.c,2133 :: 		
0x032A	0xF001EF99  	GOTO        INT3216UEEE
;__Lib_MathDouble.c,2134 :: 		
INT3216UEER:
;__Lib_MathDouble.c,2135 :: 		
0x032E	0x0EFF      	MOVLW       255
;__Lib_MathDouble.c,2136 :: 		
0x0330	0x6E0C      	MOVWF       R12, 0
;__Lib_MathDouble.c,2137 :: 		
INT3216UEEE:
;__Lib_MathDouble.c,2138 :: 		
0x0332	0x5001      	MOVF        R1, 0, 0
;__Lib_MathDouble.c,2139 :: 		
0x0334	0x6E00      	MOVWF       R0, 0
;__Lib_MathDouble.c,2140 :: 		
0x0336	0x5002      	MOVF        R2, 0, 0
;__Lib_MathDouble.c,2141 :: 		
0x0338	0x6E01      	MOVWF       R1, 0
;__Lib_MathDouble.c,2146 :: 		
L_end_double2word:
0x033A	0x0012      	RETURN      0
; end of _double2word
_byte2double:
;__Lib_MathDouble.c,2253 :: 		
;__Lib_MathDouble.c,2262 :: 		
0x033C	0xF008C000  	MOVFF       R0, R8
;__Lib_MathDouble.c,2265 :: 		
0x0340	0x6A0B      	CLRF        R11, 0
;__Lib_MathDouble.c,2266 :: 		
0x0342	0x6A0C      	CLRF        R12, 0
;__Lib_MathDouble.c,2268 :: 		
0x0344	0x0E9E      	MOVLW       158
;__Lib_MathDouble.c,2269 :: 		
0x0346	0x6E03      	MOVWF       R3, 0
;__Lib_MathDouble.c,2270 :: 		
0x0348	0x6A0A      	CLRF        R10, 0
;__Lib_MathDouble.c,2271 :: 		
0x034A	0x6A02      	CLRF        R2, 0
;__Lib_MathDouble.c,2272 :: 		
0x034C	0x6A01      	CLRF        R1, 0
;__Lib_MathDouble.c,2273 :: 		
0x034E	0x6A00      	CLRF        R0, 0
;__Lib_MathDouble.c,2274 :: 		
0x0350	0x0E02      	MOVLW       2
;__Lib_MathDouble.c,2275 :: 		
0x0352	0x6E0C      	MOVWF       R12, 0
;__Lib_MathDouble.c,2277 :: 		
0x0354	0xDE95      	RCALL       _NRM4032
;__Lib_MathDouble.c,2278 :: 		
L_end_byte2double:
0x0356	0x0012      	RETURN      0
; end of _byte2double
_Mul_32x32_FP:
;__Lib_MathDouble.c,1130 :: 		
;__Lib_MathDouble.c,1148 :: 		
0x0358	0x6A08      	CLRF        R8, 0
;__Lib_MathDouble.c,1149 :: 		
0x035A	0x6A09      	CLRF        R9, 0
;__Lib_MathDouble.c,1151 :: 		
0x035C	0x0E00      	MOVLW       0
;__Lib_MathDouble.c,1152 :: 		
0x035E	0x6207      	CPFSEQ      R7, 0
;__Lib_MathDouble.c,1153 :: 		
0x0360	0x6403      	CPFSGT      R3, 0
;__Lib_MathDouble.c,1154 :: 		
0x0362	0xF002EF31  	GOTO        MULJPRES032
;__Lib_MathDouble.c,1157 :: 		
0x0366	0x5002      	MOVF        R2, 0, 0
;__Lib_MathDouble.c,1158 :: 		
0x0368	0x1806      	XORWF       R6, 0, 0
;__Lib_MathDouble.c,1159 :: 		
0x036A	0x6E0A      	MOVWF       R10, 0
;__Lib_MathDouble.c,1161 :: 		
0x036C	0x5007      	MOVF        R7, 0, 0
;__Lib_MathDouble.c,1162 :: 		
0x036E	0x2603      	ADDWF       R3, 1, 0
;__Lib_MathDouble.c,1163 :: 		
0x0370	0x0E7E      	MOVLW       126
;__Lib_MathDouble.c,1164 :: 		
0x0372	0xA0D8      	BTFSS       STATUS, 0, 0
;__Lib_MathDouble.c,1165 :: 		
0x0374	0xF001EFC2  	GOTO        MTUN32
;__Lib_MathDouble.c,1167 :: 		
0x0378	0x5E03      	SUBWF       R3, 1, 0
;__Lib_MathDouble.c,1168 :: 		
0x037A	0xB0D8      	BTFSC       STATUS, 0, 0
;__Lib_MathDouble.c,1169 :: 		
0x037C	0xF002EF35  	GOTO        MULJPSETFOV32
;__Lib_MathDouble.c,1170 :: 		
0x0380	0xF001EFC6  	GOTO        MOK32
;__Lib_MathDouble.c,1172 :: 		
MTUN32:
;__Lib_MathDouble.c,1173 :: 		
0x0384	0x5E03      	SUBWF       R3, 1, 0
;__Lib_MathDouble.c,1174 :: 		
0x0386	0xA0D8      	BTFSS       STATUS, 0, 0
;__Lib_MathDouble.c,1175 :: 		
0x0388	0xF002EF39  	GOTO        MULJPSETFUN32
;__Lib_MathDouble.c,1177 :: 		
MOK32:
;__Lib_MathDouble.c,1178 :: 		
0x038C	0x8E02      	BSF         R2, 7, 0
;__Lib_MathDouble.c,1179 :: 		
0x038E	0x8E06      	BSF         R6, 7, 0
;__Lib_MathDouble.c,1181 :: 		
0x0390	0xF00EC002  	MOVFF       R2, R14
;__Lib_MathDouble.c,1182 :: 		
0x0394	0xF00BC001  	MOVFF       R1, R11
;__Lib_MathDouble.c,1183 :: 		
0x0398	0xF00DC000  	MOVFF       R0, R13
;__Lib_MathDouble.c,1185 :: 		
0x039C	0x5000      	MOVF        R0, 0, 0
;__Lib_MathDouble.c,1186 :: 		
0x039E	0x0204      	MULWF       R4, 0
;__Lib_MathDouble.c,1187 :: 		
0x03A0	0xF00CCFF4  	MOVFF       PRODH, R12
;__Lib_MathDouble.c,1189 :: 		
0x03A4	0x5001      	MOVF        R1, 0, 0
;__Lib_MathDouble.c,1190 :: 		
0x03A6	0x0205      	MULWF       R5, 0
;__Lib_MathDouble.c,1191 :: 		
0x03A8	0xF000CFF4  	MOVFF       PRODH, R0
;__Lib_MathDouble.c,1192 :: 		
0x03AC	0xF008CFF3  	MOVFF       PRODL, R8
;__Lib_MathDouble.c,1194 :: 		
0x03B0	0x0204      	MULWF       R4, 0
;__Lib_MathDouble.c,1195 :: 		
0x03B2	0x50F3      	MOVF        PRODL, 0, 0
;__Lib_MathDouble.c,1196 :: 		
0x03B4	0x260C      	ADDWF       R12, 1, 0
;__Lib_MathDouble.c,1197 :: 		
0x03B6	0x50F4      	MOVF        PRODH, 0, 0
;__Lib_MathDouble.c,1198 :: 		
0x03B8	0x2208      	ADDWFC      R8, 1, 0
;__Lib_MathDouble.c,1199 :: 		
0x03BA	0x0E00      	MOVLW       0
;__Lib_MathDouble.c,1200 :: 		
0x03BC	0x2200      	ADDWFC      R0, 1, 0
;__Lib_MathDouble.c,1202 :: 		
0x03BE	0x500D      	MOVF        R13, 0, 0
;__Lib_MathDouble.c,1203 :: 		
0x03C0	0x0205      	MULWF       R5, 0
;__Lib_MathDouble.c,1204 :: 		
0x03C2	0x50F3      	MOVF        PRODL, 0, 0
;__Lib_MathDouble.c,1205 :: 		
0x03C4	0x260C      	ADDWF       R12, 1, 0
;__Lib_MathDouble.c,1206 :: 		
0x03C6	0x50F4      	MOVF        PRODH, 0, 0
;__Lib_MathDouble.c,1207 :: 		
0x03C8	0x2208      	ADDWFC      R8, 1, 0
;__Lib_MathDouble.c,1208 :: 		
0x03CA	0x0E00      	MOVLW       0
;__Lib_MathDouble.c,1209 :: 		
0x03CC	0x2200      	ADDWFC      R0, 1, 0
;__Lib_MathDouble.c,1211 :: 		
0x03CE	0x5002      	MOVF        R2, 0, 0
;__Lib_MathDouble.c,1212 :: 		
0x03D0	0x0204      	MULWF       R4, 0
;__Lib_MathDouble.c,1213 :: 		
0x03D2	0x50F3      	MOVF        PRODL, 0, 0
;__Lib_MathDouble.c,1214 :: 		
0x03D4	0x2608      	ADDWF       R8, 1, 0
;__Lib_MathDouble.c,1215 :: 		
0x03D6	0x50F4      	MOVF        PRODH, 0, 0
;__Lib_MathDouble.c,1216 :: 		
0x03D8	0x2200      	ADDWFC      R0, 1, 0
;__Lib_MathDouble.c,1217 :: 		
0x03DA	0x5002      	MOVF        R2, 0, 0
;__Lib_MathDouble.c,1218 :: 		
0x03DC	0x0205      	MULWF       R5, 0
;__Lib_MathDouble.c,1219 :: 		
0x03DE	0x6A01      	CLRF        R1, 0
;__Lib_MathDouble.c,1220 :: 		
0x03E0	0x0E00      	MOVLW       0
;__Lib_MathDouble.c,1221 :: 		
0x03E2	0x2201      	ADDWFC      R1, 1, 0
;__Lib_MathDouble.c,1222 :: 		
0x03E4	0x50F3      	MOVF        PRODL, 0, 0
;__Lib_MathDouble.c,1223 :: 		
0x03E6	0x2600      	ADDWF       R0, 1, 0
;__Lib_MathDouble.c,1224 :: 		
0x03E8	0x50F4      	MOVF        PRODH, 0, 0
;__Lib_MathDouble.c,1225 :: 		
0x03EA	0x2201      	ADDWFC      R1, 1, 0
;__Lib_MathDouble.c,1227 :: 		
0x03EC	0x500D      	MOVF        R13, 0, 0
;__Lib_MathDouble.c,1228 :: 		
0x03EE	0x0206      	MULWF       R6, 0
;__Lib_MathDouble.c,1229 :: 		
0x03F0	0x50F3      	MOVF        PRODL, 0, 0
;__Lib_MathDouble.c,1230 :: 		
0x03F2	0x2608      	ADDWF       R8, 1, 0
;__Lib_MathDouble.c,1231 :: 		
0x03F4	0x50F4      	MOVF        PRODH, 0, 0
;__Lib_MathDouble.c,1232 :: 		
0x03F6	0x2200      	ADDWFC      R0, 1, 0
;__Lib_MathDouble.c,1233 :: 		
0x03F8	0x6A02      	CLRF        R2, 0
;__Lib_MathDouble.c,1234 :: 		
0x03FA	0x0E00      	MOVLW       0
;__Lib_MathDouble.c,1235 :: 		
0x03FC	0x2201      	ADDWFC      R1, 1, 0
;__Lib_MathDouble.c,1236 :: 		
0x03FE	0x2202      	ADDWFC      R2, 1, 0
;__Lib_MathDouble.c,1238 :: 		
0x0400	0x500B      	MOVF        R11, 0, 0
;__Lib_MathDouble.c,1239 :: 		
0x0402	0x0206      	MULWF       R6, 0
;__Lib_MathDouble.c,1240 :: 		
0x0404	0x50F3      	MOVF        PRODL, 0, 0
;__Lib_MathDouble.c,1241 :: 		
0x0406	0x2600      	ADDWF       R0, 1, 0
;__Lib_MathDouble.c,1242 :: 		
0x0408	0x50F4      	MOVF        PRODH, 0, 0
;__Lib_MathDouble.c,1243 :: 		
0x040A	0x2201      	ADDWFC      R1, 1, 0
;__Lib_MathDouble.c,1244 :: 		
0x040C	0x0E00      	MOVLW       0
;__Lib_MathDouble.c,1245 :: 		
0x040E	0x2202      	ADDWFC      R2, 1, 0
;__Lib_MathDouble.c,1247 :: 		
0x0410	0x500E      	MOVF        R14, 0, 0
;__Lib_MathDouble.c,1248 :: 		
0x0412	0x0206      	MULWF       R6, 0
;__Lib_MathDouble.c,1249 :: 		
0x0414	0x50F3      	MOVF        PRODL, 0, 0
;__Lib_MathDouble.c,1250 :: 		
0x0416	0x2601      	ADDWF       R1, 1, 0
;__Lib_MathDouble.c,1251 :: 		
0x0418	0x50F4      	MOVF        PRODH, 0, 0
;__Lib_MathDouble.c,1252 :: 		
0x041A	0x2202      	ADDWFC      R2, 1, 0
;__Lib_MathDouble.c,1254 :: 		
0x041C	0xBE02      	BTFSC       R2, 7, 0
;__Lib_MathDouble.c,1255 :: 		
0x041E	0xF002EF19  	GOTO        MROUND32
;__Lib_MathDouble.c,1256 :: 		
0x0422	0x3608      	RLCF        R8, 1, 0
;__Lib_MathDouble.c,1257 :: 		
0x0424	0x3600      	RLCF        R0, 1, 0
;__Lib_MathDouble.c,1258 :: 		
0x0426	0x3601      	RLCF        R1, 1, 0
;__Lib_MathDouble.c,1259 :: 		
0x0428	0x3602      	RLCF        R2, 1, 0
;__Lib_MathDouble.c,1260 :: 		
0x042A	0x0603      	DECF        R3, 1, 0
;__Lib_MathDouble.c,1261 :: 		
0x042C	0xB4D8      	BTFSC       STATUS, 2, 0
;__Lib_MathDouble.c,1262 :: 		
0x042E	0xF002EF39  	GOTO        MULJPSETFUN32
;__Lib_MathDouble.c,1264 :: 		
MROUND32:
;__Lib_MathDouble.c,1267 :: 		
0x0432	0xF002EF2C  	GOTO        MUL32OK
;__Lib_MathDouble.c,1268 :: 		
0x0436	0x80D8      	BSF         STATUS, 0, 0
;__Lib_MathDouble.c,1269 :: 		
0x0438	0x0E80      	MOVLW       128
;__Lib_MathDouble.c,1270 :: 		
0x043A	0x6408      	CPFSGT      R8, 0
;__Lib_MathDouble.c,1271 :: 		
0x043C	0x3000      	RRCF        R0, 0, 0
;__Lib_MathDouble.c,1272 :: 		
0x043E	0x0E00      	MOVLW       0
;__Lib_MathDouble.c,1273 :: 		
0x0440	0x2200      	ADDWFC      R0, 1, 0
;__Lib_MathDouble.c,1274 :: 		
0x0442	0x2201      	ADDWFC      R1, 1, 0
;__Lib_MathDouble.c,1275 :: 		
0x0444	0x2202      	ADDWFC      R2, 1, 0
;__Lib_MathDouble.c,1277 :: 		
0x0446	0xA0D8      	BTFSS       STATUS, 0, 0
;__Lib_MathDouble.c,1278 :: 		
0x0448	0xF002EF2C  	GOTO        MUL32OK
;__Lib_MathDouble.c,1279 :: 		
0x044C	0x3202      	RRCF        R2, 1, 0
;__Lib_MathDouble.c,1280 :: 		
0x044E	0x3201      	RRCF        R1, 1, 0
;__Lib_MathDouble.c,1281 :: 		
0x0450	0x3200      	RRCF        R0, 1, 0
;__Lib_MathDouble.c,1282 :: 		
0x0452	0x4A03      	INFSNZ      R3, 1, 0
;__Lib_MathDouble.c,1283 :: 		
0x0454	0xF002EF35  	GOTO        MULJPSETFOV32
;__Lib_MathDouble.c,1285 :: 		
MUL32OK:
;__Lib_MathDouble.c,1286 :: 		
0x0458	0xAE0A      	BTFSS       R10, 7, 0
;__Lib_MathDouble.c,1287 :: 		
0x045A	0x9E02      	BCF         R2, 7, 0
;__Lib_MathDouble.c,1289 :: 		
0x045C	0x0E00      	MOVLW       0
;__Lib_MathDouble.c,1290 :: 		
0x045E	0xF002EF3B  	GOTO        MULEEE
;__Lib_MathDouble.c,1291 :: 		
MULJPRES032:
;__Lib_MathDouble.c,1292 :: 		
0x0462	0x0E01      	MOVLW       1
;__Lib_MathDouble.c,1295 :: 		
0x0464	0xDDE7      	RCALL       _RES032
;__Lib_MathDouble.c,1297 :: 		
0x0466	0xF002EF3B  	GOTO        MULEEE
;__Lib_MathDouble.c,1298 :: 		
MULJPSETFOV32:
;__Lib_MathDouble.c,1299 :: 		
0x046A	0x0E02      	MOVLW       2
;__Lib_MathDouble.c,1302 :: 		
0x046C	0xDDD7      	RCALL       _SETFOV32
;__Lib_MathDouble.c,1304 :: 		
0x046E	0xF002EF3B  	GOTO        MULEEE
;__Lib_MathDouble.c,1305 :: 		
MULJPSETFUN32:
;__Lib_MathDouble.c,1306 :: 		
0x0472	0x0E04      	MOVLW       4
;__Lib_MathDouble.c,1309 :: 		
0x0474	0xDDE6      	RCALL       _SETFUN32
;__Lib_MathDouble.c,1311 :: 		
MULEEE:
;__Lib_MathDouble.c,1318 :: 		
L_end_Mul_32x32_FP:
0x0476	0x0012      	RETURN      0
; end of _Mul_32x32_FP
_getDistance:
;main.c,21 :: 		unsigned int getDistance(){
;main.c,23 :: 		T0CON=0b01000110;
0x0478	0x0E46      	MOVLW       70
0x047A	0x6ED5      	MOVWF       T0CON 
;main.c,24 :: 		TMR0H=0;
0x047C	0x6AD7      	CLRF        TMR0H 
;main.c,25 :: 		TMR0L=0;
0x047E	0x6AD6      	CLRF        TMR0L 
;main.c,27 :: 		TRIG=1;
0x0480	0x808A      	BSF         LATB0_bit, BitPos(LATB0_bit+0) 
;main.c,28 :: 		delay_us(10);
0x0482	0x0E27      	MOVLW       39
0x0484	0x6E0D      	MOVWF       R13, 0
L_getDistance3:
0x0486	0x2E0D      	DECFSZ      R13, 1, 0
0x0488	0xD7FE      	BRA         L_getDistance3
0x048A	0x0000      	NOP
0x048C	0x0000      	NOP
;main.c,29 :: 		TRIG=0;
0x048E	0x908A      	BCF         LATB0_bit, BitPos(LATB0_bit+0) 
;main.c,31 :: 		while(!ECHO);
L_getDistance4:
0x0490	0xB281      	BTFSC       RB1_bit, BitPos(RB1_bit+0) 
0x0492	0xD001      	BRA         L_getDistance5
0x0494	0xD7FD      	BRA         L_getDistance4
L_getDistance5:
;main.c,32 :: 		TMR0ON_bit=1;
0x0496	0x8ED5      	BSF         TMR0ON_bit, BitPos(TMR0ON_bit+0) 
;main.c,33 :: 		while(ECHO && TMR0L<250);
L_getDistance6:
0x0498	0xA281      	BTFSS       RB1_bit, BitPos(RB1_bit+0) 
0x049A	0xD004      	BRA         L_getDistance7
0x049C	0x0EFA      	MOVLW       250
0x049E	0x5CD6      	SUBWF       TMR0L, 0 
0x04A0	0xE201      	BC          L_getDistance7
L__getDistance18:
0x04A2	0xD7FA      	BRA         L_getDistance6
L_getDistance7:
;main.c,35 :: 		temp=1.8303*TMR0L;
0x04A4	0xF000CFD6  	MOVFF       TMR0L, R0
0x04A8	0xDF49      	RCALL       _byte2double
0x04AA	0x0E45      	MOVLW       69
0x04AC	0x6E04      	MOVWF       R4 
0x04AE	0x0E47      	MOVLW       71
0x04B0	0x6E05      	MOVWF       R5 
0x04B2	0x0E6A      	MOVLW       106
0x04B4	0x6E06      	MOVWF       R6 
0x04B6	0x0E7F      	MOVLW       127
0x04B8	0x6E07      	MOVWF       R7 
0x04BA	0xDF4E      	RCALL       _Mul_32x32_FP
0x04BC	0xDED2      	RCALL       _double2word
;main.c,37 :: 		return temp;
;main.c,38 :: 		}
L_end_getDistance:
0x04BE	0x0012      	RETURN      0
; end of _getDistance
_wait:
;main.c,16 :: 		void wait(unsigned int time){
;main.c,17 :: 		while(time--)
L_wait0:
0x04C0	0xF000C017  	MOVFF       FARG_wait_time, R0
0x04C4	0xF001C018  	MOVFF       FARG_wait_time+1, R1
0x04C8	0x0E01      	MOVLW       1
0x04CA	0x5E17      	SUBWF       FARG_wait_time, 1 
0x04CC	0x0E00      	MOVLW       0
0x04CE	0x5A18      	SUBWFB      FARG_wait_time+1, 1 
0x04D0	0x5000      	MOVF        R0, 0 
0x04D2	0x1001      	IORWF       R1, 0 
0x04D4	0xE00A      	BZ          L_wait1
;main.c,18 :: 		delay_ms(1);
0x04D6	0x0E10      	MOVLW       16
0x04D8	0x6E0C      	MOVWF       R12, 0
0x04DA	0x0E94      	MOVLW       148
0x04DC	0x6E0D      	MOVWF       R13, 0
L_wait2:
0x04DE	0x2E0D      	DECFSZ      R13, 1, 0
0x04E0	0xD7FE      	BRA         L_wait2
0x04E2	0x2E0C      	DECFSZ      R12, 1, 0
0x04E4	0xD7FC      	BRA         L_wait2
0x04E6	0x0000      	NOP
0x04E8	0xD7EB      	BRA         L_wait0
L_wait1:
;main.c,19 :: 		}
L_end_wait:
0x04EA	0x0012      	RETURN      0
; end of _wait
___CC2DW:
;__Lib_System.c,21 :: 		
;__Lib_System.c,23 :: 		
_CC2DL_Loop1:
;__Lib_System.c,24 :: 		
0x04EC	0x0009      	TBLRD*+
;__Lib_System.c,25 :: 		
0x04EE	0xFFE6CFF5  	MOVFF       TABLAT, POSTINC1
;__Lib_System.c,26 :: 		
0x04F2	0x0600      	DECF        R0, 1, 0
;__Lib_System.c,27 :: 		
0x04F4	0xE1FB      	BNZ         _CC2DL_Loop1
;__Lib_System.c,28 :: 		
0x04F6	0x0601      	DECF        R1, 1, 0
;__Lib_System.c,29 :: 		
0x04F8	0xE1F9      	BNZ         _CC2DL_Loop1
;__Lib_System.c,31 :: 		
L_end___CC2DW:
0x04FA	0x0012      	RETURN      0
; end of ___CC2DW
_main:
;main.c,40 :: 		void main() {
;main.c,41 :: 		TRISA=0b00000000; // [][][][LED][][][][]
0x04FC	0x6A92      	CLRF        TRISA 
;main.c,42 :: 		TRISB=0b00000010; // [][][][][][][ECHO][TRIG]
0x04FE	0x0E02      	MOVLW       2
0x0500	0x6E93      	MOVWF       TRISB 
;main.c,43 :: 		TRISD=0b00000000; // [][][][][BUZZER][LEDG][LEDY][LEDR]
0x0502	0x6A95      	CLRF        TRISD 
;main.c,45 :: 		LATA=0x00;
0x0504	0x6A89      	CLRF        LATA 
;main.c,46 :: 		LATB=0x00;
0x0506	0x6A8A      	CLRF        LATB 
;main.c,47 :: 		LATD=0x00;
0x0508	0x6A8C      	CLRF        LATD 
;main.c,49 :: 		ADCON1=0x0F;
0x050A	0x0E0F      	MOVLW       15
0x050C	0x6EC1      	MOVWF       ADCON1 
;main.c,50 :: 		while(1){
L_main10:
;main.c,51 :: 		distance=getDistance();
0x050E	0xDFB4      	RCALL       _getDistance
0x0510	0xF015C000  	MOVFF       R0, _distance
0x0514	0xF016C001  	MOVFF       R1, _distance+1
;main.c,53 :: 		if(distance>200){
0x0518	0x0E00      	MOVLW       0
0x051A	0x6E02      	MOVWF       R2 
0x051C	0x5001      	MOVF        R1, 0 
0x051E	0x5C02      	SUBWF       R2, 0 
0x0520	0xE102      	BNZ         L__main22
0x0522	0x5000      	MOVF        R0, 0 
0x0524	0x08C8      	SUBLW       200
L__main22:
0x0526	0xE204      	BC          L_main12
;main.c,54 :: 		LEDR=0; LEDY=0; LEDG=!LEDG;
0x0528	0x908C      	BCF         LATD0_bit, BitPos(LATD0_bit+0) 
0x052A	0x928C      	BCF         LATD1_bit, BitPos(LATD1_bit+0) 
0x052C	0x748C      	BTG         LATD2_bit, BitPos(LATD2_bit+0) 
;main.c,55 :: 		}
0x052E	0xD013      	BRA         L_main13
L_main12:
;main.c,56 :: 		else if(distance>100){
0x0530	0x0E00      	MOVLW       0
0x0532	0x6E00      	MOVWF       R0 
0x0534	0x5016      	MOVF        _distance+1, 0 
0x0536	0x5C00      	SUBWF       R0, 0 
0x0538	0xE102      	BNZ         L__main23
0x053A	0x5015      	MOVF        _distance, 0 
0x053C	0x0864      	SUBLW       100
L__main23:
0x053E	0xE204      	BC          L_main14
;main.c,57 :: 		LEDR=0; LEDY=!LEDY; LEDG=1;
0x0540	0x908C      	BCF         LATD0_bit, BitPos(LATD0_bit+0) 
0x0542	0x728C      	BTG         LATD1_bit, BitPos(LATD1_bit+0) 
0x0544	0x848C      	BSF         LATD2_bit, BitPos(LATD2_bit+0) 
;main.c,58 :: 		}
0x0546	0xD007      	BRA         L_main15
L_main14:
;main.c,60 :: 		LEDR=!LED; LEDY=1; LEDG=1;
0x0548	0xB889      	BTFSC       LATA4_bit, BitPos(LATA4_bit+0) 
0x054A	0xD002      	BRA         L__main24
0x054C	0x808C      	BSF         LATD0_bit, BitPos(LATD0_bit+0) 
0x054E	0xD001      	BRA         L__main25
L__main24:
0x0550	0x908C      	BCF         LATD0_bit, BitPos(LATD0_bit+0) 
L__main25:
0x0552	0x828C      	BSF         LATD1_bit, BitPos(LATD1_bit+0) 
0x0554	0x848C      	BSF         LATD2_bit, BitPos(LATD2_bit+0) 
;main.c,61 :: 		}
L_main15:
L_main13:
;main.c,63 :: 		if(distance<50){
0x0556	0x0E00      	MOVLW       0
0x0558	0x5C16      	SUBWF       _distance+1, 0 
0x055A	0xE102      	BNZ         L__main26
0x055C	0x0E32      	MOVLW       50
0x055E	0x5C15      	SUBWF       _distance, 0 
L__main26:
0x0560	0xE202      	BC          L_main16
;main.c,64 :: 		BUZZER=1;
0x0562	0x868C      	BSF         LATD3_bit, BitPos(LATD3_bit+0) 
;main.c,65 :: 		}
0x0564	0xD006      	BRA         L_main17
L_main16:
;main.c,67 :: 		BUZZER=!BUZZER;
0x0566	0x768C      	BTG         LATD3_bit, BitPos(LATD3_bit+0) 
;main.c,68 :: 		wait(distance);
0x0568	0xF017C015  	MOVFF       _distance, FARG_wait_time
0x056C	0xF018C016  	MOVFF       _distance+1, FARG_wait_time+1
0x0570	0xDFA7      	RCALL       _wait
;main.c,69 :: 		}
L_main17:
;main.c,70 :: 		}
0x0572	0xD7CD      	BRA         L_main10
;main.c,71 :: 		}
L_end_main:
0x0574	0xD7FF      	BRA         $+0
; end of _main
Symbol List:
//** Routines locations **
//ADDRESS    SIZE    PROCEDURE
//----------------------------------------------
0x001C      [24]    _SETFOV32
0x0034      [14]    _RES032
0x0042      [26]    _SETFUN32
0x005C       [8]    _FIXSIGN32
0x0064      [28]    _SETIOV3224
0x0080     [482]    _NRM4032
0x0262     [218]    _double2word
0x033C      [28]    _byte2double
0x0358     [288]    _Mul_32x32_FP
0x0478      [72]    _getDistance
0x04C0      [44]    _wait
0x04EC      [16]    ___CC2DW
0x04FC     [122]    _main
//** Variables locations ** 
//ADDRESS    SIZE    VARIABLE
//----------------------------------------------
0x0000       [1]    R0
0x0001       [1]    R1
0x0001       [1]    __Lib_Conversions_Adjust_Hex_tmp_L0
0x0002       [2]    strlen_cp_L0
0x0002       [2]    memset_pp_L0
0x0002       [2]    memchr_s_L0
0x0002       [1]    R2
0x0002       [2]    memcpy_dd_L0
0x0003       [2]    Ltrim_original_L0
0x0003       [1]    R3
0x0003       [2]    memmove_tt_L0
0x0004       [2]    strcat_cp_L0
0x0004       [2]    strncpy_cp_L0
0x0004       [2]    strcpy_cp_L0
0x0004       [1]    R4
0x0004       [2]    strncat_cp_L0
0x0004       [2]    memcpy_ss_L0
0x0005       [2]    Ltrim_p_L0
0x0005       [2]    LongIntToHex_input_half_L0
0x0005       [2]    LongWordToHex_input_half_L0
0x0005       [2]    memmove_ff_L0
0x0005       [1]    R5
0x0006       [1]    R6
0x0007       [1]    R7
0x0008       [1]    R8
0x0009       [1]    R9
0x000A       [1]    R10
0x000B       [1]    R11
0x000C       [1]    R12
0x000D       [1]    R13
0x000E       [1]    R14
0x000F       [1]    R15
0x0010       [1]    R16
0x0011       [1]    R17
0x0012       [1]    R18
0x0013       [1]    R19
0x0014       [1]    R20
0x0015       [2]    _distance
0x0017       [2]    FARG_wait_time
0x0F81       [0]    RB1_bit
0x0F81       [0]    ECHO
0x0F89       [0]    LATA4_bit
0x0F89       [1]    LATA
0x0F89       [0]    LED
0x0F8A       [0]    LATB0_bit
0x0F8A       [0]    TRIG
0x0F8A       [1]    LATB
0x0F8C       [0]    LEDR
0x0F8C       [1]    LATD
0x0F8C       [0]    LATD1_bit
0x0F8C       [0]    LATD0_bit
0x0F8C       [0]    LATD2_bit
0x0F8C       [0]    LATD3_bit
0x0F8C       [0]    BUZZER
0x0F8C       [0]    LEDG
0x0F8C       [0]    LEDY
0x0F92       [1]    TRISA
0x0F93       [1]    TRISB
0x0F95       [1]    TRISD
0x0FC1       [1]    ADCON1
0x0FD5       [1]    T0CON
0x0FD5       [0]    TMR0ON_bit
0x0FD6       [1]    TMR0L
0x0FD7       [1]    TMR0H
0x0FD8       [1]    STATUS
0x0FD9       [1]    FSR2L
0x0FDA       [1]    FSR2H
0x0FDE       [1]    POSTINC2
0x0FE0       [1]    BSR
0x0FE1       [1]    FSR1L
0x0FE2       [1]    FSR1H
0x0FE4       [1]    PREINC1
0x0FE6       [1]    POSTINC1
0x0FE7       [1]    INDF1
0x0FE8       [1]    WREG
0x0FE9       [1]    FSR0L
0x0FEA       [1]    FSR0H
0x0FEE       [1]    POSTINC0
0x0FF3       [1]    PRODL
0x0FF4       [1]    PRODH
0x0FF5       [1]    TABLAT
0x0FF6       [1]    TBLPTRL
0x0FF7       [1]    TBLPTRH
0x0FF8       [1]    TBLPTRU
