;  LST file generated by mikroListExporter - v.2.0 
; Date/Time: 4/19/2021 1:35:34 AM
;----------------------------------------------

;Address Opcode 	ASM
0x0000	0xF001EF11  	GOTO        546
0x0004	0x0000      	NOP
0x0006	0x0000      	NOP
0x0008	0xF000EF00  	GOTO        0
0x000C	0x0000      	NOP
0x000E	0x0000      	NOP
0x0010	0x0000      	NOP
0x0012	0x0000      	NOP
0x0014	0x0000      	NOP
0x0016	0x0000      	NOP
0x0018	0xD7F3      	BRA         0
_Delay_5500us:
;__Lib_Delays.c,31 :: 		void Delay_5500us() {
;__Lib_Delays.c,32 :: 		Delay_us(5500);
0x001C	0x0E56      	MOVLW       86
0x001E	0x6E0C      	MOVWF       R12, 0
0x0020	0x0EB5      	MOVLW       181
0x0022	0x6E0D      	MOVWF       R13, 0
L_Delay_5500us6:
0x0024	0x2E0D      	DECFSZ      R13, 1, 0
0x0026	0xD7FE      	BRA         L_Delay_5500us6
0x0028	0x2E0C      	DECFSZ      R12, 1, 0
0x002A	0xD7FC      	BRA         L_Delay_5500us6
0x002C	0x0000      	NOP
0x002E	0x0000      	NOP
;__Lib_Delays.c,33 :: 		}
L_end_Delay_5500us:
0x0030	0x0012      	RETURN      0
; end of _Delay_5500us
_Delay_1us:
;__Lib_Delays.c,7 :: 		void Delay_1us() {
;__Lib_Delays.c,8 :: 		Delay_us(1);
0x0032	0x0E03      	MOVLW       3
0x0034	0x6E0D      	MOVWF       R13, 0
L_Delay_1us0:
0x0036	0x2E0D      	DECFSZ      R13, 1, 0
0x0038	0xD7FE      	BRA         L_Delay_1us0
0x003A	0x0000      	NOP
0x003C	0x0000      	NOP
;__Lib_Delays.c,9 :: 		}
L_end_Delay_1us:
0x003E	0x0012      	RETURN      0
; end of _Delay_1us
_Delay_50us:
;__Lib_Delays.c,19 :: 		void Delay_50us() {
;__Lib_Delays.c,20 :: 		Delay_us(50);
0x0040	0x0EC7      	MOVLW       199
0x0042	0x6E0D      	MOVWF       R13, 0
L_Delay_50us3:
0x0044	0x2E0D      	DECFSZ      R13, 1, 0
0x0046	0xD7FE      	BRA         L_Delay_50us3
0x0048	0x0000      	NOP
0x004A	0x0000      	NOP
;__Lib_Delays.c,21 :: 		}
L_end_Delay_50us:
0x004C	0x0012      	RETURN      0
; end of _Delay_50us
_Lcd_Cmd:
;__Lib_Lcd.c,18 :: 		
;__Lib_Lcd.c,20 :: 		
0x004E	0xBE2B      	BTFSC       FARG_Lcd_Cmd_out_char, 7 
0x0050	0xD002      	BRA         L__Lcd_Cmd21
0x0052	0x9A83      	BCF         LCD_D7, BitPos(LCD_D7+0) 
0x0054	0xD001      	BRA         L__Lcd_Cmd22
L__Lcd_Cmd21:
0x0056	0x8A83      	BSF         LCD_D7, BitPos(LCD_D7+0) 
L__Lcd_Cmd22:
;__Lib_Lcd.c,21 :: 		
0x0058	0xBC2B      	BTFSC       FARG_Lcd_Cmd_out_char, 6 
0x005A	0xD002      	BRA         L__Lcd_Cmd23
0x005C	0x9883      	BCF         LCD_D6, BitPos(LCD_D6+0) 
0x005E	0xD001      	BRA         L__Lcd_Cmd24
L__Lcd_Cmd23:
0x0060	0x8883      	BSF         LCD_D6, BitPos(LCD_D6+0) 
L__Lcd_Cmd24:
;__Lib_Lcd.c,22 :: 		
0x0062	0xBA2B      	BTFSC       FARG_Lcd_Cmd_out_char, 5 
0x0064	0xD002      	BRA         L__Lcd_Cmd25
0x0066	0x9683      	BCF         LCD_D5, BitPos(LCD_D5+0) 
0x0068	0xD001      	BRA         L__Lcd_Cmd26
L__Lcd_Cmd25:
0x006A	0x8683      	BSF         LCD_D5, BitPos(LCD_D5+0) 
L__Lcd_Cmd26:
;__Lib_Lcd.c,23 :: 		
0x006C	0xB82B      	BTFSC       FARG_Lcd_Cmd_out_char, 4 
0x006E	0xD002      	BRA         L__Lcd_Cmd27
0x0070	0x9483      	BCF         LCD_D4, BitPos(LCD_D4+0) 
0x0072	0xD001      	BRA         L__Lcd_Cmd28
L__Lcd_Cmd27:
0x0074	0x8483      	BSF         LCD_D4, BitPos(LCD_D4+0) 
L__Lcd_Cmd28:
;__Lib_Lcd.c,25 :: 		
0x0076	0xB023      	BTFSC       __Lib_Lcd_cmd_status, BitPos(__Lib_Lcd_cmd_status+0) 
0x0078	0xD002      	BRA         L__Lcd_Cmd29
0x007A	0x8083      	BSF         LCD_RS, BitPos(LCD_RS+0) 
0x007C	0xD001      	BRA         L__Lcd_Cmd30
L__Lcd_Cmd29:
0x007E	0x9083      	BCF         LCD_RS, BitPos(LCD_RS+0) 
L__Lcd_Cmd30:
;__Lib_Lcd.c,28 :: 		
0x0080	0x8283      	BSF         LCD_EN, BitPos(LCD_EN+0) 
;__Lib_Lcd.c,29 :: 		
0x0082	0xDFD7      	RCALL       _Delay_1us
;__Lib_Lcd.c,30 :: 		
0x0084	0x9283      	BCF         LCD_EN, BitPos(LCD_EN+0) 
;__Lib_Lcd.c,33 :: 		
0x0086	0xB62B      	BTFSC       FARG_Lcd_Cmd_out_char, 3 
0x0088	0xD002      	BRA         L__Lcd_Cmd31
0x008A	0x9A83      	BCF         LCD_D7, BitPos(LCD_D7+0) 
0x008C	0xD001      	BRA         L__Lcd_Cmd32
L__Lcd_Cmd31:
0x008E	0x8A83      	BSF         LCD_D7, BitPos(LCD_D7+0) 
L__Lcd_Cmd32:
;__Lib_Lcd.c,34 :: 		
0x0090	0xB42B      	BTFSC       FARG_Lcd_Cmd_out_char, 2 
0x0092	0xD002      	BRA         L__Lcd_Cmd33
0x0094	0x9883      	BCF         LCD_D6, BitPos(LCD_D6+0) 
0x0096	0xD001      	BRA         L__Lcd_Cmd34
L__Lcd_Cmd33:
0x0098	0x8883      	BSF         LCD_D6, BitPos(LCD_D6+0) 
L__Lcd_Cmd34:
;__Lib_Lcd.c,35 :: 		
0x009A	0xB22B      	BTFSC       FARG_Lcd_Cmd_out_char, 1 
0x009C	0xD002      	BRA         L__Lcd_Cmd35
0x009E	0x9683      	BCF         LCD_D5, BitPos(LCD_D5+0) 
0x00A0	0xD001      	BRA         L__Lcd_Cmd36
L__Lcd_Cmd35:
0x00A2	0x8683      	BSF         LCD_D5, BitPos(LCD_D5+0) 
L__Lcd_Cmd36:
;__Lib_Lcd.c,36 :: 		
0x00A4	0xB02B      	BTFSC       FARG_Lcd_Cmd_out_char, 0 
0x00A6	0xD002      	BRA         L__Lcd_Cmd37
0x00A8	0x9483      	BCF         LCD_D4, BitPos(LCD_D4+0) 
0x00AA	0xD001      	BRA         L__Lcd_Cmd38
L__Lcd_Cmd37:
0x00AC	0x8483      	BSF         LCD_D4, BitPos(LCD_D4+0) 
L__Lcd_Cmd38:
;__Lib_Lcd.c,38 :: 		
0x00AE	0xB023      	BTFSC       __Lib_Lcd_cmd_status, BitPos(__Lib_Lcd_cmd_status+0) 
0x00B0	0xD002      	BRA         L__Lcd_Cmd39
0x00B2	0x8083      	BSF         LCD_RS, BitPos(LCD_RS+0) 
0x00B4	0xD001      	BRA         L__Lcd_Cmd40
L__Lcd_Cmd39:
0x00B6	0x9083      	BCF         LCD_RS, BitPos(LCD_RS+0) 
L__Lcd_Cmd40:
;__Lib_Lcd.c,40 :: 		
0x00B8	0x8283      	BSF         LCD_EN, BitPos(LCD_EN+0) 
;__Lib_Lcd.c,41 :: 		
0x00BA	0xDFBB      	RCALL       _Delay_1us
;__Lib_Lcd.c,42 :: 		
0x00BC	0x9283      	BCF         LCD_EN, BitPos(LCD_EN+0) 
;__Lib_Lcd.c,44 :: 		
0x00BE	0xA023      	BTFSS       __Lib_Lcd_cmd_status, BitPos(__Lib_Lcd_cmd_status+0) 
0x00C0	0xD002      	BRA         L_Lcd_Cmd0
;__Lib_Lcd.c,45 :: 		
0x00C2	0xDFAC      	RCALL       _Delay_5500us
0x00C4	0xD001      	BRA         L_Lcd_Cmd1
L_Lcd_Cmd0:
;__Lib_Lcd.c,47 :: 		
0x00C6	0xDFBC      	RCALL       _Delay_50us
L_Lcd_Cmd1:
;__Lib_Lcd.c,48 :: 		
L_end_Lcd_Cmd:
0x00C8	0x0012      	RETURN      0
; end of _Lcd_Cmd
_Lcd_Chr_CP:
;__Lib_Lcd.c,50 :: 		
;__Lib_Lcd.c,52 :: 		
0x00CA	0x9023      	BCF         __Lib_Lcd_cmd_status, BitPos(__Lib_Lcd_cmd_status+0) 
;__Lib_Lcd.c,53 :: 		
0x00CC	0xF02BC02A  	MOVFF       FARG_Lcd_Chr_CP_out_char, FARG_Lcd_Cmd_out_char
0x00D0	0xDFBE      	RCALL       _Lcd_Cmd
;__Lib_Lcd.c,54 :: 		
0x00D2	0x8023      	BSF         __Lib_Lcd_cmd_status, BitPos(__Lib_Lcd_cmd_status+0) 
;__Lib_Lcd.c,55 :: 		
L_end_Lcd_Chr_CP:
0x00D4	0x0012      	RETURN      0
; end of _Lcd_Chr_CP
_Lcd_Init:
;__Lib_Lcd.c,84 :: 		
;__Lib_Lcd.c,86 :: 		
0x00D6	0x9295      	BCF         LCD_EN_Direction, BitPos(LCD_EN_Direction+0) 
;__Lib_Lcd.c,87 :: 		
0x00D8	0x9095      	BCF         LCD_RS_Direction, BitPos(LCD_RS_Direction+0) 
;__Lib_Lcd.c,88 :: 		
0x00DA	0x9495      	BCF         LCD_D4_Direction, BitPos(LCD_D4_Direction+0) 
;__Lib_Lcd.c,89 :: 		
0x00DC	0x9695      	BCF         LCD_D5_Direction, BitPos(LCD_D5_Direction+0) 
;__Lib_Lcd.c,90 :: 		
0x00DE	0x9895      	BCF         LCD_D6_Direction, BitPos(LCD_D6_Direction+0) 
;__Lib_Lcd.c,91 :: 		
0x00E0	0x9A95      	BCF         LCD_D7_Direction, BitPos(LCD_D7_Direction+0) 
;__Lib_Lcd.c,93 :: 		
0x00E2	0x9283      	BCF         LCD_EN, BitPos(LCD_EN+0) 
;__Lib_Lcd.c,94 :: 		
0x00E4	0x9083      	BCF         LCD_RS, BitPos(LCD_RS+0) 
;__Lib_Lcd.c,95 :: 		
0x00E6	0x9A83      	BCF         LCD_D7, BitPos(LCD_D7+0) 
;__Lib_Lcd.c,96 :: 		
0x00E8	0x9883      	BCF         LCD_D6, BitPos(LCD_D6+0) 
;__Lib_Lcd.c,97 :: 		
0x00EA	0x9683      	BCF         LCD_D5, BitPos(LCD_D5+0) 
;__Lib_Lcd.c,98 :: 		
0x00EC	0x9483      	BCF         LCD_D4, BitPos(LCD_D4+0) 
;__Lib_Lcd.c,100 :: 		
0x00EE	0xDF96      	RCALL       _Delay_5500us
;__Lib_Lcd.c,101 :: 		
0x00F0	0xDF95      	RCALL       _Delay_5500us
;__Lib_Lcd.c,102 :: 		
0x00F2	0xDF94      	RCALL       _Delay_5500us
;__Lib_Lcd.c,105 :: 		
0x00F4	0x8683      	BSF         LCD_D5, BitPos(LCD_D5+0) 
;__Lib_Lcd.c,106 :: 		
0x00F6	0x8483      	BSF         LCD_D4, BitPos(LCD_D4+0) 
;__Lib_Lcd.c,107 :: 		
0x00F8	0x8283      	BSF         LCD_EN, BitPos(LCD_EN+0) 
;__Lib_Lcd.c,108 :: 		
0x00FA	0xDF9B      	RCALL       _Delay_1us
;__Lib_Lcd.c,109 :: 		
0x00FC	0x9283      	BCF         LCD_EN, BitPos(LCD_EN+0) 
;__Lib_Lcd.c,110 :: 		
0x00FE	0xDF8E      	RCALL       _Delay_5500us
;__Lib_Lcd.c,112 :: 		
0x0100	0x8283      	BSF         LCD_EN, BitPos(LCD_EN+0) 
;__Lib_Lcd.c,113 :: 		
0x0102	0xDF97      	RCALL       _Delay_1us
;__Lib_Lcd.c,114 :: 		
0x0104	0x9283      	BCF         LCD_EN, BitPos(LCD_EN+0) 
;__Lib_Lcd.c,115 :: 		
0x0106	0xDF8A      	RCALL       _Delay_5500us
;__Lib_Lcd.c,117 :: 		
0x0108	0x8283      	BSF         LCD_EN, BitPos(LCD_EN+0) 
;__Lib_Lcd.c,118 :: 		
0x010A	0xDF93      	RCALL       _Delay_1us
;__Lib_Lcd.c,119 :: 		
0x010C	0x9283      	BCF         LCD_EN, BitPos(LCD_EN+0) 
;__Lib_Lcd.c,120 :: 		
0x010E	0xDF86      	RCALL       _Delay_5500us
;__Lib_Lcd.c,123 :: 		
0x0110	0x9483      	BCF         LCD_D4, BitPos(LCD_D4+0) 
;__Lib_Lcd.c,124 :: 		
0x0112	0x8283      	BSF         LCD_EN, BitPos(LCD_EN+0) 
;__Lib_Lcd.c,125 :: 		
0x0114	0xDF8E      	RCALL       _Delay_1us
;__Lib_Lcd.c,126 :: 		
0x0116	0x9283      	BCF         LCD_EN, BitPos(LCD_EN+0) 
;__Lib_Lcd.c,127 :: 		
0x0118	0xDF81      	RCALL       _Delay_5500us
;__Lib_Lcd.c,130 :: 		
0x011A	0x8283      	BSF         LCD_EN, BitPos(LCD_EN+0) 
;__Lib_Lcd.c,131 :: 		
0x011C	0xDF8A      	RCALL       _Delay_1us
;__Lib_Lcd.c,132 :: 		
0x011E	0x9283      	BCF         LCD_EN, BitPos(LCD_EN+0) 
;__Lib_Lcd.c,134 :: 		
0x0120	0x9683      	BCF         LCD_D5, BitPos(LCD_D5+0) 
;__Lib_Lcd.c,135 :: 		
0x0122	0x8A83      	BSF         LCD_D7, BitPos(LCD_D7+0) 
;__Lib_Lcd.c,136 :: 		
0x0124	0x8283      	BSF         LCD_EN, BitPos(LCD_EN+0) 
;__Lib_Lcd.c,137 :: 		
0x0126	0xDF85      	RCALL       _Delay_1us
;__Lib_Lcd.c,138 :: 		
0x0128	0x9283      	BCF         LCD_EN, BitPos(LCD_EN+0) 
;__Lib_Lcd.c,139 :: 		
0x012A	0xDF78      	RCALL       _Delay_5500us
;__Lib_Lcd.c,142 :: 		
0x012C	0x9A83      	BCF         LCD_D7, BitPos(LCD_D7+0) 
;__Lib_Lcd.c,143 :: 		
0x012E	0x8483      	BSF         LCD_D4, BitPos(LCD_D4+0) 
;__Lib_Lcd.c,144 :: 		
0x0130	0x8283      	BSF         LCD_EN, BitPos(LCD_EN+0) 
;__Lib_Lcd.c,145 :: 		
0x0132	0xDF7F      	RCALL       _Delay_1us
;__Lib_Lcd.c,146 :: 		
0x0134	0x9283      	BCF         LCD_EN, BitPos(LCD_EN+0) 
;__Lib_Lcd.c,148 :: 		
0x0136	0x9483      	BCF         LCD_D4, BitPos(LCD_D4+0) 
;__Lib_Lcd.c,149 :: 		
0x0138	0x8283      	BSF         LCD_EN, BitPos(LCD_EN+0) 
;__Lib_Lcd.c,150 :: 		
0x013A	0xDF7B      	RCALL       _Delay_1us
;__Lib_Lcd.c,151 :: 		
0x013C	0x9283      	BCF         LCD_EN, BitPos(LCD_EN+0) 
;__Lib_Lcd.c,152 :: 		
0x013E	0xDF6E      	RCALL       _Delay_5500us
;__Lib_Lcd.c,155 :: 		
0x0140	0x8283      	BSF         LCD_EN, BitPos(LCD_EN+0) 
;__Lib_Lcd.c,156 :: 		
0x0142	0xDF77      	RCALL       _Delay_1us
;__Lib_Lcd.c,157 :: 		
0x0144	0x9283      	BCF         LCD_EN, BitPos(LCD_EN+0) 
;__Lib_Lcd.c,159 :: 		
0x0146	0x8483      	BSF         LCD_D4, BitPos(LCD_D4+0) 
;__Lib_Lcd.c,160 :: 		
0x0148	0x8283      	BSF         LCD_EN, BitPos(LCD_EN+0) 
;__Lib_Lcd.c,161 :: 		
0x014A	0xDF73      	RCALL       _Delay_1us
;__Lib_Lcd.c,162 :: 		
0x014C	0x9283      	BCF         LCD_EN, BitPos(LCD_EN+0) 
;__Lib_Lcd.c,163 :: 		
0x014E	0xDF66      	RCALL       _Delay_5500us
;__Lib_Lcd.c,166 :: 		
0x0150	0x9483      	BCF         LCD_D4, BitPos(LCD_D4+0) 
;__Lib_Lcd.c,167 :: 		
0x0152	0x8283      	BSF         LCD_EN, BitPos(LCD_EN+0) 
;__Lib_Lcd.c,168 :: 		
0x0154	0xDF6E      	RCALL       _Delay_1us
;__Lib_Lcd.c,169 :: 		
0x0156	0x9283      	BCF         LCD_EN, BitPos(LCD_EN+0) 
;__Lib_Lcd.c,171 :: 		
0x0158	0x8A83      	BSF         LCD_D7, BitPos(LCD_D7+0) 
;__Lib_Lcd.c,172 :: 		
0x015A	0x8883      	BSF         LCD_D6, BitPos(LCD_D6+0) 
;__Lib_Lcd.c,173 :: 		
0x015C	0x8683      	BSF         LCD_D5, BitPos(LCD_D5+0) 
;__Lib_Lcd.c,174 :: 		
0x015E	0x8483      	BSF         LCD_D4, BitPos(LCD_D4+0) 
;__Lib_Lcd.c,175 :: 		
0x0160	0x8283      	BSF         LCD_EN, BitPos(LCD_EN+0) 
;__Lib_Lcd.c,176 :: 		
0x0162	0xDF67      	RCALL       _Delay_1us
;__Lib_Lcd.c,177 :: 		
0x0164	0x9283      	BCF         LCD_EN, BitPos(LCD_EN+0) 
;__Lib_Lcd.c,179 :: 		
0x0166	0xDF5A      	RCALL       _Delay_5500us
;__Lib_Lcd.c,181 :: 		
0x0168	0x8023      	BSF         __Lib_Lcd_cmd_status, BitPos(__Lib_Lcd_cmd_status+0) 
;__Lib_Lcd.c,182 :: 		
L_end_Lcd_Init:
0x016A	0x0012      	RETURN      0
; end of _Lcd_Init
___CC2DW:
;__Lib_System.c,21 :: 		
;__Lib_System.c,23 :: 		
_CC2DL_Loop1:
;__Lib_System.c,24 :: 		
0x016C	0x0009      	TBLRD*+
;__Lib_System.c,25 :: 		
0x016E	0xFFE6CFF5  	MOVFF       TABLAT, POSTINC1
;__Lib_System.c,26 :: 		
0x0172	0x0600      	DECF        R0, 1, 0
;__Lib_System.c,27 :: 		
0x0174	0xE1FB      	BNZ         _CC2DL_Loop1
;__Lib_System.c,28 :: 		
0x0176	0x0601      	DECF        R1, 1, 0
;__Lib_System.c,29 :: 		
0x0178	0xE1F9      	BNZ         _CC2DL_Loop1
;__Lib_System.c,31 :: 		
L_end___CC2DW:
0x017A	0x0012      	RETURN      0
; end of ___CC2DW
_wait:
;main.c,24 :: 		void wait(unsigned int time){
;main.c,25 :: 		while(time--)
L_wait0:
0x017C	0xF000C025  	MOVFF       FARG_wait_time, R0
0x0180	0xF001C026  	MOVFF       FARG_wait_time+1, R1
0x0184	0x0E01      	MOVLW       1
0x0186	0x5E25      	SUBWF       FARG_wait_time, 1 
0x0188	0x0E00      	MOVLW       0
0x018A	0x5A26      	SUBWFB      FARG_wait_time+1, 1 
0x018C	0x5000      	MOVF        R0, 0 
0x018E	0x1001      	IORWF       R1, 0 
0x0190	0xE00A      	BZ          L_wait1
;main.c,26 :: 		delay_ms(1);
0x0192	0x0E10      	MOVLW       16
0x0194	0x6E0C      	MOVWF       R12, 0
0x0196	0x0E94      	MOVLW       148
0x0198	0x6E0D      	MOVWF       R13, 0
L_wait2:
0x019A	0x2E0D      	DECFSZ      R13, 1, 0
0x019C	0xD7FE      	BRA         L_wait2
0x019E	0x2E0C      	DECFSZ      R12, 1, 0
0x01A0	0xD7FC      	BRA         L_wait2
0x01A2	0x0000      	NOP
0x01A4	0xD7EB      	BRA         L_wait0
L_wait1:
;main.c,27 :: 		}
L_end_wait:
0x01A6	0x0012      	RETURN      0
; end of _wait
_Lcd_Out:
;__Lib_Lcd.c,184 :: 		
;__Lib_Lcd.c,187 :: 		
0x01A8	0xD00F      	BRA         L_Lcd_Out11
;__Lib_Lcd.c,188 :: 		
L_Lcd_Out13:
0x01AA	0x0E80      	MOVLW       128
0x01AC	0x6E25      	MOVWF       FARG_Lcd_Out_row 
0x01AE	0xD019      	BRA         L_Lcd_Out12
;__Lib_Lcd.c,189 :: 		
L_Lcd_Out14:
0x01B0	0x0EC0      	MOVLW       192
0x01B2	0x6E25      	MOVWF       FARG_Lcd_Out_row 
0x01B4	0xD016      	BRA         L_Lcd_Out12
;__Lib_Lcd.c,190 :: 		
L_Lcd_Out15:
0x01B6	0x0E94      	MOVLW       148
0x01B8	0x6E25      	MOVWF       FARG_Lcd_Out_row 
0x01BA	0xD013      	BRA         L_Lcd_Out12
;__Lib_Lcd.c,191 :: 		
L_Lcd_Out16:
0x01BC	0x0ED4      	MOVLW       212
0x01BE	0x6E25      	MOVWF       FARG_Lcd_Out_row 
0x01C0	0xD010      	BRA         L_Lcd_Out12
;__Lib_Lcd.c,192 :: 		
L_Lcd_Out17:
0x01C2	0x0E80      	MOVLW       128
0x01C4	0x6E25      	MOVWF       FARG_Lcd_Out_row 
;__Lib_Lcd.c,193 :: 		
0x01C6	0xD00D      	BRA         L_Lcd_Out12
L_Lcd_Out11:
0x01C8	0x5025      	MOVF        FARG_Lcd_Out_row, 0 
0x01CA	0x0A01      	XORLW       1
0x01CC	0xE0EE      	BZ          L_Lcd_Out13
0x01CE	0x5025      	MOVF        FARG_Lcd_Out_row, 0 
0x01D0	0x0A02      	XORLW       2
0x01D2	0xE0EE      	BZ          L_Lcd_Out14
0x01D4	0x5025      	MOVF        FARG_Lcd_Out_row, 0 
0x01D6	0x0A03      	XORLW       3
0x01D8	0xE0EE      	BZ          L_Lcd_Out15
0x01DA	0x5025      	MOVF        FARG_Lcd_Out_row, 0 
0x01DC	0x0A04      	XORLW       4
0x01DE	0xE0EE      	BZ          L_Lcd_Out16
0x01E0	0xD7F0      	BRA         L_Lcd_Out17
L_Lcd_Out12:
;__Lib_Lcd.c,194 :: 		
0x01E2	0x0426      	DECF        FARG_Lcd_Out_column, 0 
0x01E4	0x6E00      	MOVWF       R0 
0x01E6	0x5025      	MOVF        FARG_Lcd_Out_row, 0 
0x01E8	0x2600      	ADDWF       R0, 1 
0x01EA	0xF025C000  	MOVFF       R0, FARG_Lcd_Out_row
;__Lib_Lcd.c,196 :: 		
0x01EE	0xF02BC000  	MOVFF       R0, FARG_Lcd_Cmd_out_char
0x01F2	0xDF2D      	RCALL       _Lcd_Cmd
;__Lib_Lcd.c,197 :: 		
0x01F4	0x9023      	BCF         __Lib_Lcd_cmd_status, BitPos(__Lib_Lcd_cmd_status+0) 
;__Lib_Lcd.c,198 :: 		
0x01F6	0x6A29      	CLRF        Lcd_Out_i_L0 
;__Lib_Lcd.c,199 :: 		
L_Lcd_Out18:
0x01F8	0x5029      	MOVF        Lcd_Out_i_L0, 0 
0x01FA	0x2427      	ADDWF       FARG_Lcd_Out_text, 0 
0x01FC	0x6EE9      	MOVWF       FSR0L 
0x01FE	0x0E00      	MOVLW       0
0x0200	0x2028      	ADDWFC      FARG_Lcd_Out_text+1, 0 
0x0202	0x6EEA      	MOVWF       FSR0L+1 
0x0204	0x52EE      	MOVF        POSTINC0, 1 
0x0206	0xE00B      	BZ          L_Lcd_Out19
;__Lib_Lcd.c,200 :: 		
0x0208	0x5029      	MOVF        Lcd_Out_i_L0, 0 
0x020A	0x2427      	ADDWF       FARG_Lcd_Out_text, 0 
0x020C	0x6EE9      	MOVWF       FSR0L 
0x020E	0x0E00      	MOVLW       0
0x0210	0x2028      	ADDWFC      FARG_Lcd_Out_text+1, 0 
0x0212	0x6EEA      	MOVWF       FSR0L+1 
0x0214	0xF02ACFEE  	MOVFF       POSTINC0, FARG_Lcd_Chr_CP_out_char
0x0218	0xDF58      	RCALL       _Lcd_Chr_CP
0x021A	0x2A29      	INCF        Lcd_Out_i_L0, 1 
0x021C	0xD7ED      	BRA         L_Lcd_Out18
L_Lcd_Out19:
;__Lib_Lcd.c,201 :: 		
0x021E	0x8023      	BSF         __Lib_Lcd_cmd_status, BitPos(__Lib_Lcd_cmd_status+0) 
;__Lib_Lcd.c,202 :: 		
L_end_Lcd_Out:
0x0220	0x0012      	RETURN      0
; end of _Lcd_Out
_main:
0x0222	0x0E48      	MOVLW       72
0x0224	0x6E15      	MOVWF       ?lstr1_main 
0x0226	0x0E65      	MOVLW       101
0x0228	0x6E16      	MOVWF       22 
0x022A	0x0E6C      	MOVLW       108
0x022C	0x6E17      	MOVWF       23 
0x022E	0x0E6C      	MOVLW       108
0x0230	0x6E18      	MOVWF       24 
0x0232	0x0E6F      	MOVLW       111
0x0234	0x6E19      	MOVWF       25 
0x0236	0x0E20      	MOVLW       32
0x0238	0x6E1A      	MOVWF       26 
0x023A	0x0E74      	MOVLW       116
0x023C	0x6E1B      	MOVWF       27 
0x023E	0x0E72      	MOVLW       114
0x0240	0x6E1C      	MOVWF       28 
0x0242	0x0E75      	MOVLW       117
0x0244	0x6E1D      	MOVWF       29 
0x0246	0x0E64      	MOVLW       100
0x0248	0x6E1E      	MOVWF       30 
0x024A	0x0E79      	MOVLW       121
0x024C	0x6E1F      	MOVWF       31 
0x024E	0x0E6F      	MOVLW       111
0x0250	0x6E20      	MOVWF       32 
0x0252	0x0E21      	MOVLW       33
0x0254	0x6E21      	MOVWF       33 
0x0256	0x6A22      	CLRF        34 
;main.c,29 :: 		void main() {
;main.c,30 :: 		TRISA=0b00000000; // [][][][LED][][][][]
0x0258	0x6A92      	CLRF        TRISA 
;main.c,31 :: 		TRISD=0b00000000; // [][LCD_BACKLIGHT][LCD_D7][LCD_D6][LCD_D5][LCD_D4][LCD_EN][LCD_RS]
0x025A	0x6A95      	CLRF        TRISD 
;main.c,33 :: 		LATA=0x00;
0x025C	0x6A89      	CLRF        LATA 
;main.c,34 :: 		LATD=0x00;
0x025E	0x6A8C      	CLRF        LATD 
;main.c,36 :: 		Lcd_Init();
0x0260	0xDF3A      	RCALL       _Lcd_Init
;main.c,37 :: 		LCD_BACKLIGHT=1;
0x0262	0x8C8C      	BSF         LATD6_bit, BitPos(LATD6_bit+0) 
;main.c,39 :: 		Lcd_Out(1,1,"Hello trudyo!");
0x0264	0x0E01      	MOVLW       1
0x0266	0x6E25      	MOVWF       FARG_Lcd_Out_row 
0x0268	0x0E01      	MOVLW       1
0x026A	0x6E26      	MOVWF       FARG_Lcd_Out_column 
0x026C	0x0E15      	MOVLW       ?lstr1_main
0x026E	0x6E27      	MOVWF       FARG_Lcd_Out_text 
0x0270	0x0E00      	MOVLW       hi_addr(?lstr1_main)
0x0272	0x6E28      	MOVWF       FARG_Lcd_Out_text+1 
0x0274	0xDF99      	RCALL       _Lcd_Out
;main.c,40 :: 		Lcd_Cmd(_LCD_CURSOR_OFF);
0x0276	0x0E0C      	MOVLW       12
0x0278	0x6E2B      	MOVWF       FARG_Lcd_Cmd_out_char 
0x027A	0xDEE9      	RCALL       _Lcd_Cmd
;main.c,41 :: 		while(1){
L_main3:
;main.c,42 :: 		for(i=0;i<3;i++){
0x027C	0x6A24      	CLRF        _i 
L_main5:
0x027E	0x0E03      	MOVLW       3
0x0280	0x5C24      	SUBWF       _i, 0 
0x0282	0xE20A      	BC          L_main6
;main.c,43 :: 		Lcd_Cmd(_LCD_SHIFT_RIGHT);
0x0284	0x0E1C      	MOVLW       28
0x0286	0x6E2B      	MOVWF       FARG_Lcd_Cmd_out_char 
0x0288	0xDEE2      	RCALL       _Lcd_Cmd
;main.c,44 :: 		wait(500);
0x028A	0x0EF4      	MOVLW       244
0x028C	0x6E25      	MOVWF       FARG_wait_time 
0x028E	0x0E01      	MOVLW       1
0x0290	0x6E26      	MOVWF       FARG_wait_time+1 
0x0292	0xDF74      	RCALL       _wait
;main.c,42 :: 		for(i=0;i<3;i++){
0x0294	0x2A24      	INCF        _i, 1 
;main.c,45 :: 		}
0x0296	0xD7F3      	BRA         L_main5
L_main6:
;main.c,46 :: 		for(i=0;i<3;i++){
0x0298	0x6A24      	CLRF        _i 
L_main8:
0x029A	0x0E03      	MOVLW       3
0x029C	0x5C24      	SUBWF       _i, 0 
0x029E	0xE20A      	BC          L_main9
;main.c,47 :: 		Lcd_Cmd(_LCD_SHIFT_LEFT);
0x02A0	0x0E18      	MOVLW       24
0x02A2	0x6E2B      	MOVWF       FARG_Lcd_Cmd_out_char 
0x02A4	0xDED4      	RCALL       _Lcd_Cmd
;main.c,48 :: 		wait(500);
0x02A6	0x0EF4      	MOVLW       244
0x02A8	0x6E25      	MOVWF       FARG_wait_time 
0x02AA	0x0E01      	MOVLW       1
0x02AC	0x6E26      	MOVWF       FARG_wait_time+1 
0x02AE	0xDF66      	RCALL       _wait
;main.c,46 :: 		for(i=0;i<3;i++){
0x02B0	0x2A24      	INCF        _i, 1 
;main.c,49 :: 		}
0x02B2	0xD7F3      	BRA         L_main8
L_main9:
;main.c,50 :: 		}
0x02B4	0xD7E3      	BRA         L_main3
;main.c,51 :: 		}
L_end_main:
0x02B6	0xD7FF      	BRA         $+0
; end of _main
Symbol List:
//** Routines locations **
//ADDRESS    SIZE    PROCEDURE
//----------------------------------------------
0x001C      [22]    _Delay_5500us
0x0032      [14]    _Delay_1us
0x0040      [14]    _Delay_50us
0x004E     [124]    _Lcd_Cmd
0x00CA      [12]    _Lcd_Chr_CP
0x00D6     [150]    _Lcd_Init
0x016C      [16]    ___CC2DW
0x017C      [44]    _wait
0x01A8     [122]    _Lcd_Out
0x0222     [150]    _main
//** Variables locations ** 
//ADDRESS    SIZE    VARIABLE
//----------------------------------------------
0x0000       [1]    R0
0x0001       [1]    R1
0x0002       [1]    R2
0x0003       [1]    R3
0x0004       [1]    R4
0x0005       [1]    R5
0x0006       [1]    R6
0x0007       [1]    R7
0x0008       [1]    R8
0x0009       [1]    R9
0x000A       [1]    R10
0x000B       [1]    R11
0x000C       [1]    R12
0x000D       [1]    R13
0x000E       [1]    R14
0x000F       [1]    R15
0x0010       [1]    R16
0x0011       [1]    R17
0x0012       [1]    R18
0x0013       [1]    R19
0x0014       [1]    R20
0x0015      [14]    ?lstr1_main
0x0023       [0]    __Lib_Lcd_cmd_status
0x0024       [1]    _i
0x0025       [2]    FARG_wait_time
0x0025       [1]    FARG_Lcd_Out_row
0x0026       [1]    FARG_Lcd_Out_column
0x0027       [2]    FARG_Lcd_Out_text
0x0029       [1]    Lcd_Out_i_L0
0x002A       [1]    FARG_Lcd_Chr_CP_out_char
0x002B       [1]    FARG_Lcd_Cmd_out_char
0x0F83       [0]    RD5_bit
0x0F83       [0]    RD4_bit
0x0F83       [0]    RD0_bit
0x0F83       [0]    RD1_bit
0x0F83       [0]    RD3_bit
0x0F83       [0]    RD2_bit
0x0F83       [0]    LCD_D4
0x0F83       [0]    LCD_D7
0x0F83       [0]    LCD_D5
0x0F83       [0]    LCD_D6
0x0F83       [0]    LCD_RS
0x0F83       [0]    LCD_EN
0x0F89       [1]    LATA
0x0F8C       [0]    LATD6_bit
0x0F8C       [0]    LCD_BACKLIGHT
0x0F8C       [1]    LATD
0x0F92       [1]    TRISA
0x0F95       [0]    TRISD0_bit
0x0F95       [0]    LCD_D5_Direction
0x0F95       [0]    TRISD4_bit
0x0F95       [0]    TRISD5_bit
0x0F95       [0]    LCD_D4_Direction
0x0F95       [0]    TRISD2_bit
0x0F95       [0]    TRISD3_bit
0x0F95       [0]    LCD_EN_Direction
0x0F95       [0]    LCD_RS_Direction
0x0F95       [0]    TRISD1_bit
0x0F95       [1]    TRISD
0x0F95       [0]    LCD_D6_Direction
0x0F95       [0]    LCD_D7_Direction
0x0FD8       [1]    STATUS
0x0FD9       [1]    FSR2L
0x0FDA       [1]    FSR2H
0x0FDE       [1]    POSTINC2
0x0FE0       [1]    BSR
0x0FE1       [1]    FSR1L
0x0FE2       [1]    FSR1H
0x0FE4       [1]    PREINC1
0x0FE6       [1]    POSTINC1
0x0FE7       [1]    INDF1
0x0FE8       [1]    WREG
0x0FE9       [1]    FSR0L
0x0FEA       [1]    FSR0H
0x0FEE       [1]    POSTINC0
0x0FF3       [1]    PRODL
0x0FF4       [1]    PRODH
0x0FF5       [1]    TABLAT
0x0FF6       [1]    TBLPTRL
0x0FF7       [1]    TBLPTRH
0x0FF8       [1]    TBLPTRU
