;  LST file generated by mikroListExporter - v.2.0 
; Date/Time: 4/26/2021 2:11:42 AM
;----------------------------------------------

;Address Opcode 	ASM
0x0000	0xF004EF32  	GOTO        2148
0x0004	0x0000      	NOP
0x0006	0x0000      	NOP
0x0008	0xF000EF00  	GOTO        0
0x000C	0x0000      	NOP
0x000E	0x0000      	NOP
0x0010	0x0000      	NOP
0x0012	0x0000      	NOP
0x0014	0x0000      	NOP
0x0016	0x0000      	NOP
0x0018	0xD7F3      	BRA         0
_RES032:
;__Lib_MathDouble.c,128 :: 		
;__Lib_MathDouble.c,134 :: 		
0x001C	0x6A02      	CLRF        R2, 0
;__Lib_MathDouble.c,135 :: 		
0x001E	0x6A01      	CLRF        R1, 0
;__Lib_MathDouble.c,136 :: 		
0x0020	0x6A00      	CLRF        R0, 0
;__Lib_MathDouble.c,137 :: 		
0x0022	0x6A08      	CLRF        R8, 0
;__Lib_MathDouble.c,138 :: 		
0x0024	0x6A03      	CLRF        R3, 0
;__Lib_MathDouble.c,139 :: 		
0x0026	0x0E00      	MOVLW       0
;__Lib_MathDouble.c,141 :: 		
L_end_RES032:
0x0028	0x0012      	RETURN      0
; end of _RES032
_SETFUN32:
;__Lib_MathDouble.c,144 :: 		
;__Lib_MathDouble.c,152 :: 		
0x002A	0x840B      	BSF         R11, 2, 0
;__Lib_MathDouble.c,153 :: 		
0x002C	0xAE0B      	BTFSS       R11, 7, 0
;__Lib_MathDouble.c,154 :: 		
0x002E	0xF000EF20  	GOTO        SETFUN32EEE
;__Lib_MathDouble.c,156 :: 		
0x0032	0x0E01      	MOVLW       1
;__Lib_MathDouble.c,157 :: 		
0x0034	0x6E03      	MOVWF       R3, 0
;__Lib_MathDouble.c,158 :: 		
0x0036	0x6A02      	CLRF        R2, 0
;__Lib_MathDouble.c,159 :: 		
0x0038	0x6A01      	CLRF        R1, 0
;__Lib_MathDouble.c,160 :: 		
0x003A	0x6A00      	CLRF        R0, 0
;__Lib_MathDouble.c,161 :: 		
0x003C	0x360A      	RLCF        R10, 1, 0
;__Lib_MathDouble.c,162 :: 		
0x003E	0x3202      	RRCF        R2, 1, 0
;__Lib_MathDouble.c,163 :: 		
SETFUN32EEE:
;__Lib_MathDouble.c,164 :: 		
0x0040	0x0EFF      	MOVLW       255
;__Lib_MathDouble.c,166 :: 		
L_end_SETFUN32:
0x0042	0x0012      	RETURN      0
; end of _SETFUN32
_FIXSIGN32:
;__Lib_MathDouble.c,117 :: 		
;__Lib_MathDouble.c,121 :: 		
0x0044	0xAE0A      	BTFSS       R10, 7, 0
;__Lib_MathDouble.c,122 :: 		
0x0046	0x9E02      	BCF         R2, 7, 0
;__Lib_MathDouble.c,123 :: 		
0x0048	0x0E00      	MOVLW       0
;__Lib_MathDouble.c,125 :: 		
L_end_FIXSIGN32:
0x004A	0x0012      	RETURN      0
; end of _FIXSIGN32
_Delay_50us:
;__Lib_Delays.c,19 :: 		void Delay_50us() {
;__Lib_Delays.c,20 :: 		Delay_us(50);
0x004C	0x0EC7      	MOVLW       199
0x004E	0x6E0D      	MOVWF       R13, 0
L_Delay_50us3:
0x0050	0x2E0D      	DECFSZ      R13, 1, 0
0x0052	0xD7FE      	BRA         L_Delay_50us3
0x0054	0x0000      	NOP
0x0056	0x0000      	NOP
;__Lib_Delays.c,21 :: 		}
L_end_Delay_50us:
0x0058	0x0012      	RETURN      0
; end of _Delay_50us
_SETFOV32:
;__Lib_MathDouble.c,82 :: 		
;__Lib_MathDouble.c,90 :: 		
0x005A	0x820B      	BSF         R11, 1, 0
;__Lib_MathDouble.c,91 :: 		
0x005C	0xAE0B      	BTFSS       R11, 7, 0
;__Lib_MathDouble.c,92 :: 		
0x005E	0xF000EF37  	GOTO        SETFOV32EEE
;__Lib_MathDouble.c,94 :: 		
0x0062	0x6803      	SETF        R3, 0
;__Lib_MathDouble.c,95 :: 		
0x0064	0x6802      	SETF        R2, 0
;__Lib_MathDouble.c,96 :: 		
0x0066	0x6801      	SETF        R1, 0
;__Lib_MathDouble.c,97 :: 		
0x0068	0x6800      	SETF        R0, 0
;__Lib_MathDouble.c,98 :: 		
0x006A	0x360A      	RLCF        R10, 1, 0
;__Lib_MathDouble.c,99 :: 		
0x006C	0x3202      	RRCF        R2, 1, 0
;__Lib_MathDouble.c,100 :: 		
SETFOV32EEE:
;__Lib_MathDouble.c,101 :: 		
0x006E	0x0EFF      	MOVLW       255
;__Lib_MathDouble.c,103 :: 		
L_end_SETFOV32:
0x0070	0x0012      	RETURN      0
; end of _SETFOV32
_Delay_1us:
;__Lib_Delays.c,7 :: 		void Delay_1us() {
;__Lib_Delays.c,8 :: 		Delay_us(1);
0x0072	0x0E03      	MOVLW       3
0x0074	0x6E0D      	MOVWF       R13, 0
L_Delay_1us0:
0x0076	0x2E0D      	DECFSZ      R13, 1, 0
0x0078	0xD7FE      	BRA         L_Delay_1us0
0x007A	0x0000      	NOP
0x007C	0x0000      	NOP
;__Lib_Delays.c,9 :: 		}
L_end_Delay_1us:
0x007E	0x0012      	RETURN      0
; end of _Delay_1us
_Delay_5500us:
;__Lib_Delays.c,31 :: 		void Delay_5500us() {
;__Lib_Delays.c,32 :: 		Delay_us(5500);
0x0080	0x0E56      	MOVLW       86
0x0082	0x6E0C      	MOVWF       R12, 0
0x0084	0x0EB5      	MOVLW       181
0x0086	0x6E0D      	MOVWF       R13, 0
L_Delay_5500us6:
0x0088	0x2E0D      	DECFSZ      R13, 1, 0
0x008A	0xD7FE      	BRA         L_Delay_5500us6
0x008C	0x2E0C      	DECFSZ      R12, 1, 0
0x008E	0xD7FC      	BRA         L_Delay_5500us6
0x0090	0x0000      	NOP
0x0092	0x0000      	NOP
;__Lib_Delays.c,33 :: 		}
L_end_Delay_5500us:
0x0094	0x0012      	RETURN      0
; end of _Delay_5500us
_Lcd_Cmd:
;__Lib_Lcd.c,18 :: 		
;__Lib_Lcd.c,20 :: 		
0x0096	0xBE48      	BTFSC       FARG_Lcd_Cmd_out_char, 7 
0x0098	0xD002      	BRA         L__Lcd_Cmd21
0x009A	0x9A83      	BCF         LCD_D7, BitPos(LCD_D7+0) 
0x009C	0xD001      	BRA         L__Lcd_Cmd22
L__Lcd_Cmd21:
0x009E	0x8A83      	BSF         LCD_D7, BitPos(LCD_D7+0) 
L__Lcd_Cmd22:
;__Lib_Lcd.c,21 :: 		
0x00A0	0xBC48      	BTFSC       FARG_Lcd_Cmd_out_char, 6 
0x00A2	0xD002      	BRA         L__Lcd_Cmd23
0x00A4	0x9883      	BCF         LCD_D6, BitPos(LCD_D6+0) 
0x00A6	0xD001      	BRA         L__Lcd_Cmd24
L__Lcd_Cmd23:
0x00A8	0x8883      	BSF         LCD_D6, BitPos(LCD_D6+0) 
L__Lcd_Cmd24:
;__Lib_Lcd.c,22 :: 		
0x00AA	0xBA48      	BTFSC       FARG_Lcd_Cmd_out_char, 5 
0x00AC	0xD002      	BRA         L__Lcd_Cmd25
0x00AE	0x9683      	BCF         LCD_D5, BitPos(LCD_D5+0) 
0x00B0	0xD001      	BRA         L__Lcd_Cmd26
L__Lcd_Cmd25:
0x00B2	0x8683      	BSF         LCD_D5, BitPos(LCD_D5+0) 
L__Lcd_Cmd26:
;__Lib_Lcd.c,23 :: 		
0x00B4	0xB848      	BTFSC       FARG_Lcd_Cmd_out_char, 4 
0x00B6	0xD002      	BRA         L__Lcd_Cmd27
0x00B8	0x9483      	BCF         LCD_D4, BitPos(LCD_D4+0) 
0x00BA	0xD001      	BRA         L__Lcd_Cmd28
L__Lcd_Cmd27:
0x00BC	0x8483      	BSF         LCD_D4, BitPos(LCD_D4+0) 
L__Lcd_Cmd28:
;__Lib_Lcd.c,25 :: 		
0x00BE	0xB036      	BTFSC       __Lib_Lcd_cmd_status, BitPos(__Lib_Lcd_cmd_status+0) 
0x00C0	0xD002      	BRA         L__Lcd_Cmd29
0x00C2	0x8083      	BSF         LCD_RS, BitPos(LCD_RS+0) 
0x00C4	0xD001      	BRA         L__Lcd_Cmd30
L__Lcd_Cmd29:
0x00C6	0x9083      	BCF         LCD_RS, BitPos(LCD_RS+0) 
L__Lcd_Cmd30:
;__Lib_Lcd.c,28 :: 		
0x00C8	0x8283      	BSF         LCD_EN, BitPos(LCD_EN+0) 
;__Lib_Lcd.c,29 :: 		
0x00CA	0xDFD3      	RCALL       _Delay_1us
;__Lib_Lcd.c,30 :: 		
0x00CC	0x9283      	BCF         LCD_EN, BitPos(LCD_EN+0) 
;__Lib_Lcd.c,33 :: 		
0x00CE	0xB648      	BTFSC       FARG_Lcd_Cmd_out_char, 3 
0x00D0	0xD002      	BRA         L__Lcd_Cmd31
0x00D2	0x9A83      	BCF         LCD_D7, BitPos(LCD_D7+0) 
0x00D4	0xD001      	BRA         L__Lcd_Cmd32
L__Lcd_Cmd31:
0x00D6	0x8A83      	BSF         LCD_D7, BitPos(LCD_D7+0) 
L__Lcd_Cmd32:
;__Lib_Lcd.c,34 :: 		
0x00D8	0xB448      	BTFSC       FARG_Lcd_Cmd_out_char, 2 
0x00DA	0xD002      	BRA         L__Lcd_Cmd33
0x00DC	0x9883      	BCF         LCD_D6, BitPos(LCD_D6+0) 
0x00DE	0xD001      	BRA         L__Lcd_Cmd34
L__Lcd_Cmd33:
0x00E0	0x8883      	BSF         LCD_D6, BitPos(LCD_D6+0) 
L__Lcd_Cmd34:
;__Lib_Lcd.c,35 :: 		
0x00E2	0xB248      	BTFSC       FARG_Lcd_Cmd_out_char, 1 
0x00E4	0xD002      	BRA         L__Lcd_Cmd35
0x00E6	0x9683      	BCF         LCD_D5, BitPos(LCD_D5+0) 
0x00E8	0xD001      	BRA         L__Lcd_Cmd36
L__Lcd_Cmd35:
0x00EA	0x8683      	BSF         LCD_D5, BitPos(LCD_D5+0) 
L__Lcd_Cmd36:
;__Lib_Lcd.c,36 :: 		
0x00EC	0xB048      	BTFSC       FARG_Lcd_Cmd_out_char, 0 
0x00EE	0xD002      	BRA         L__Lcd_Cmd37
0x00F0	0x9483      	BCF         LCD_D4, BitPos(LCD_D4+0) 
0x00F2	0xD001      	BRA         L__Lcd_Cmd38
L__Lcd_Cmd37:
0x00F4	0x8483      	BSF         LCD_D4, BitPos(LCD_D4+0) 
L__Lcd_Cmd38:
;__Lib_Lcd.c,38 :: 		
0x00F6	0xB036      	BTFSC       __Lib_Lcd_cmd_status, BitPos(__Lib_Lcd_cmd_status+0) 
0x00F8	0xD002      	BRA         L__Lcd_Cmd39
0x00FA	0x8083      	BSF         LCD_RS, BitPos(LCD_RS+0) 
0x00FC	0xD001      	BRA         L__Lcd_Cmd40
L__Lcd_Cmd39:
0x00FE	0x9083      	BCF         LCD_RS, BitPos(LCD_RS+0) 
L__Lcd_Cmd40:
;__Lib_Lcd.c,40 :: 		
0x0100	0x8283      	BSF         LCD_EN, BitPos(LCD_EN+0) 
;__Lib_Lcd.c,41 :: 		
0x0102	0xDFB7      	RCALL       _Delay_1us
;__Lib_Lcd.c,42 :: 		
0x0104	0x9283      	BCF         LCD_EN, BitPos(LCD_EN+0) 
;__Lib_Lcd.c,44 :: 		
0x0106	0xA036      	BTFSS       __Lib_Lcd_cmd_status, BitPos(__Lib_Lcd_cmd_status+0) 
0x0108	0xD002      	BRA         L_Lcd_Cmd0
;__Lib_Lcd.c,45 :: 		
0x010A	0xDFBA      	RCALL       _Delay_5500us
0x010C	0xD001      	BRA         L_Lcd_Cmd1
L_Lcd_Cmd0:
;__Lib_Lcd.c,47 :: 		
0x010E	0xDF9E      	RCALL       _Delay_50us
L_Lcd_Cmd1:
;__Lib_Lcd.c,48 :: 		
L_end_Lcd_Cmd:
0x0110	0x0012      	RETURN      0
; end of _Lcd_Cmd
_NRM4032:
;__Lib_MathDouble.c,174 :: 		
;__Lib_MathDouble.c,183 :: 		
0x0112	0xB00C      	BTFSC       R12, 0, 0
;__Lib_MathDouble.c,184 :: 		
0x0114	0xF000EFCB  	GOTO        NRMRND4032
;__Lib_MathDouble.c,185 :: 		
0x0118	0xA20C      	BTFSS       R12, 1, 0
;__Lib_MathDouble.c,186 :: 		
0x011A	0xF001EF71  	GOTO        NRM40JPSETFOV32
;__Lib_MathDouble.c,188 :: 		
0x011E	0x6A0E      	CLRF        R14, 0
;__Lib_MathDouble.c,189 :: 		
0x0120	0x0E00      	MOVLW       0
;__Lib_MathDouble.c,190 :: 		
0x0122	0x6402      	CPFSGT      R2, 0
;__Lib_MathDouble.c,191 :: 		
0x0124	0xF000EFE2  	GOTO        NRM4032A
;__Lib_MathDouble.c,194 :: 		
0x0128	0x0EF0      	MOVLW       240
;__Lib_MathDouble.c,195 :: 		
0x012A	0x1402      	ANDWF       R2, 0, 0
;__Lib_MathDouble.c,196 :: 		
0x012C	0xA4D8      	BTFSS       STATUS, 2, 0
;__Lib_MathDouble.c,197 :: 		
0x012E	0xF000EFAD  	GOTO        NORM4032
;__Lib_MathDouble.c,199 :: 		
0x0132	0x3A02      	SWAPF       R2, 1, 0
;__Lib_MathDouble.c,200 :: 		
0x0134	0x3801      	SWAPF       R1, 0, 0
;__Lib_MathDouble.c,201 :: 		
0x0136	0x0B0F      	ANDLW       15
;__Lib_MathDouble.c,202 :: 		
0x0138	0x2602      	ADDWF       R2, 1, 0
;__Lib_MathDouble.c,204 :: 		
0x013A	0x3801      	SWAPF       R1, 0, 0
;__Lib_MathDouble.c,205 :: 		
0x013C	0x0BF0      	ANDLW       240
;__Lib_MathDouble.c,206 :: 		
0x013E	0x6E01      	MOVWF       R1, 0
;__Lib_MathDouble.c,207 :: 		
0x0140	0x3800      	SWAPF       R0, 0, 0
;__Lib_MathDouble.c,208 :: 		
0x0142	0x0B0F      	ANDLW       15
;__Lib_MathDouble.c,209 :: 		
0x0144	0x2601      	ADDWF       R1, 1, 0
;__Lib_MathDouble.c,211 :: 		
0x0146	0x3800      	SWAPF       R0, 0, 0
;__Lib_MathDouble.c,212 :: 		
0x0148	0x0BF0      	ANDLW       240
;__Lib_MathDouble.c,213 :: 		
0x014A	0x6E00      	MOVWF       R0, 0
;__Lib_MathDouble.c,214 :: 		
0x014C	0x3808      	SWAPF       R8, 0, 0
;__Lib_MathDouble.c,215 :: 		
0x014E	0x0B0F      	ANDLW       15
;__Lib_MathDouble.c,216 :: 		
0x0150	0x2600      	ADDWF       R0, 1, 0
;__Lib_MathDouble.c,218 :: 		
0x0152	0x3808      	SWAPF       R8, 0, 0
;__Lib_MathDouble.c,219 :: 		
0x0154	0x0BF0      	ANDLW       240
;__Lib_MathDouble.c,220 :: 		
0x0156	0x6E08      	MOVWF       R8, 0
;__Lib_MathDouble.c,222 :: 		
0x0158	0x840E      	BSF         R14, 2, 0
;__Lib_MathDouble.c,224 :: 		
NORM4032:
;__Lib_MathDouble.c,225 :: 		
0x015A	0x90D8      	BCF         STATUS, 0, 0
;__Lib_MathDouble.c,227 :: 		
0x015C	0xBE02      	BTFSC       R2, 7, 0
;__Lib_MathDouble.c,228 :: 		
0x015E	0xF000EFC6  	GOTO        TNORMUN4032
;__Lib_MathDouble.c,229 :: 		
0x0162	0x3608      	RLCF        R8, 1, 0
;__Lib_MathDouble.c,230 :: 		
0x0164	0x3600      	RLCF        R0, 1, 0
;__Lib_MathDouble.c,231 :: 		
0x0166	0x3601      	RLCF        R1, 1, 0
;__Lib_MathDouble.c,232 :: 		
0x0168	0x3602      	RLCF        R2, 1, 0
;__Lib_MathDouble.c,233 :: 		
0x016A	0x2A0E      	INCF        R14, 1, 0
;__Lib_MathDouble.c,234 :: 		
0x016C	0xBE02      	BTFSC       R2, 7, 0
;__Lib_MathDouble.c,235 :: 		
0x016E	0xF000EFC6  	GOTO        TNORMUN4032
;__Lib_MathDouble.c,236 :: 		
0x0172	0x3608      	RLCF        R8, 1, 0
;__Lib_MathDouble.c,237 :: 		
0x0174	0x3600      	RLCF        R0, 1, 0
;__Lib_MathDouble.c,238 :: 		
0x0176	0x3601      	RLCF        R1, 1, 0
;__Lib_MathDouble.c,239 :: 		
0x0178	0x3602      	RLCF        R2, 1, 0
;__Lib_MathDouble.c,240 :: 		
0x017A	0x2A0E      	INCF        R14, 1, 0
;__Lib_MathDouble.c,241 :: 		
0x017C	0xBE02      	BTFSC       R2, 7, 0
;__Lib_MathDouble.c,242 :: 		
0x017E	0xF000EFC6  	GOTO        TNORMUN4032
;__Lib_MathDouble.c,243 :: 		
0x0182	0x3608      	RLCF        R8, 1, 0
;__Lib_MathDouble.c,244 :: 		
0x0184	0x3600      	RLCF        R0, 1, 0
;__Lib_MathDouble.c,245 :: 		
0x0186	0x3601      	RLCF        R1, 1, 0
;__Lib_MathDouble.c,246 :: 		
0x0188	0x3602      	RLCF        R2, 1, 0
;__Lib_MathDouble.c,247 :: 		
0x018A	0x2A0E      	INCF        R14, 1, 0
;__Lib_MathDouble.c,249 :: 		
TNORMUN4032:
;__Lib_MathDouble.c,250 :: 		
0x018C	0x500E      	MOVF        R14, 0, 0
;__Lib_MathDouble.c,251 :: 		
0x018E	0x6403      	CPFSGT      R3, 0
;__Lib_MathDouble.c,252 :: 		
0x0190	0xF001EF67  	GOTO        NRM40JPSETFUN32
;__Lib_MathDouble.c,253 :: 		
0x0194	0x5E03      	SUBWF       R3, 1, 0
;__Lib_MathDouble.c,255 :: 		
NRMRND4032:
;__Lib_MathDouble.c,256 :: 		
0x0196	0xBC0B      	BTFSC       R11, 6, 0
;__Lib_MathDouble.c,257 :: 		
0x0198	0xAE08      	BTFSS       R8, 7, 0
;__Lib_MathDouble.c,258 :: 		
0x019A	0xF001EF6C  	GOTO        NRM40JPFIXSIGN32
;__Lib_MathDouble.c,259 :: 		
0x019E	0x80D8      	BSF         STATUS, 0, 0
;__Lib_MathDouble.c,260 :: 		
0x01A0	0x0E80      	MOVLW       128
;__Lib_MathDouble.c,261 :: 		
0x01A2	0x6408      	CPFSGT      R8, 0
;__Lib_MathDouble.c,262 :: 		
0x01A4	0x3000      	RRCF        R0, 0, 0
;__Lib_MathDouble.c,263 :: 		
0x01A6	0x0E00      	MOVLW       0
;__Lib_MathDouble.c,264 :: 		
0x01A8	0x2200      	ADDWFC      R0, 1, 0
;__Lib_MathDouble.c,265 :: 		
0x01AA	0x2201      	ADDWFC      R1, 1, 0
;__Lib_MathDouble.c,266 :: 		
0x01AC	0x2202      	ADDWFC      R2, 1, 0
;__Lib_MathDouble.c,268 :: 		
0x01AE	0xA0D8      	BTFSS       STATUS, 0, 0
;__Lib_MathDouble.c,269 :: 		
0x01B0	0xF001EF6C  	GOTO        NRM40JPFIXSIGN32
;__Lib_MathDouble.c,270 :: 		
0x01B4	0x3202      	RRCF        R2, 1, 0
;__Lib_MathDouble.c,271 :: 		
0x01B6	0x3201      	RRCF        R1, 1, 0
;__Lib_MathDouble.c,272 :: 		
0x01B8	0x3200      	RRCF        R0, 1, 0
;__Lib_MathDouble.c,273 :: 		
0x01BA	0x4A03      	INFSNZ      R3, 1, 0
;__Lib_MathDouble.c,274 :: 		
0x01BC	0xF001EF71  	GOTO        NRM40JPSETFOV32
;__Lib_MathDouble.c,275 :: 		
0x01C0	0xF001EF6C  	GOTO        NRM40JPFIXSIGN32
;__Lib_MathDouble.c,277 :: 		
NRM4032A:
;__Lib_MathDouble.c,278 :: 		
0x01C4	0xF002C001  	MOVFF       R1, R2
;__Lib_MathDouble.c,279 :: 		
0x01C8	0xF001C000  	MOVFF       R0, R1
;__Lib_MathDouble.c,280 :: 		
0x01CC	0xF000C008  	MOVFF       R8, R0
;__Lib_MathDouble.c,281 :: 		
0x01D0	0x6A08      	CLRF        R8, 0
;__Lib_MathDouble.c,282 :: 		
0x01D2	0x0E00      	MOVLW       0
;__Lib_MathDouble.c,283 :: 		
0x01D4	0x860E      	BSF         R14, 3, 0
;__Lib_MathDouble.c,284 :: 		
0x01D6	0x6402      	CPFSGT      R2, 0
;__Lib_MathDouble.c,285 :: 		
0x01D8	0xF001EF19  	GOTO        NRM4032B
;__Lib_MathDouble.c,288 :: 		
0x01DC	0x0EF0      	MOVLW       240
;__Lib_MathDouble.c,289 :: 		
0x01DE	0x1402      	ANDWF       R2, 0, 0
;__Lib_MathDouble.c,290 :: 		
0x01E0	0xA4D8      	BTFSS       STATUS, 2, 0
;__Lib_MathDouble.c,291 :: 		
0x01E2	0xF001EF01  	GOTO        NORM4032A
;__Lib_MathDouble.c,292 :: 		
0x01E6	0x3A02      	SWAPF       R2, 1, 0
;__Lib_MathDouble.c,293 :: 		
0x01E8	0x3801      	SWAPF       R1, 0, 0
;__Lib_MathDouble.c,294 :: 		
0x01EA	0x0B0F      	ANDLW       15
;__Lib_MathDouble.c,295 :: 		
0x01EC	0x2602      	ADDWF       R2, 1, 0
;__Lib_MathDouble.c,297 :: 		
0x01EE	0x3801      	SWAPF       R1, 0, 0
;__Lib_MathDouble.c,298 :: 		
0x01F0	0x0BF0      	ANDLW       240
;__Lib_MathDouble.c,299 :: 		
0x01F2	0x6E01      	MOVWF       R1, 0
;__Lib_MathDouble.c,300 :: 		
0x01F4	0x3800      	SWAPF       R0, 0, 0
;__Lib_MathDouble.c,301 :: 		
0x01F6	0x0B0F      	ANDLW       15
;__Lib_MathDouble.c,302 :: 		
0x01F8	0x2601      	ADDWF       R1, 1, 0
;__Lib_MathDouble.c,304 :: 		
0x01FA	0x3800      	SWAPF       R0, 0, 0
;__Lib_MathDouble.c,305 :: 		
0x01FC	0x0BF0      	ANDLW       240
;__Lib_MathDouble.c,306 :: 		
0x01FE	0x6E00      	MOVWF       R0, 0
;__Lib_MathDouble.c,308 :: 		
0x0200	0x840E      	BSF         R14, 2, 0
;__Lib_MathDouble.c,310 :: 		
NORM4032A:
;__Lib_MathDouble.c,311 :: 		
0x0202	0x90D8      	BCF         STATUS, 0, 0
;__Lib_MathDouble.c,313 :: 		
0x0204	0xBE02      	BTFSC       R2, 7, 0
;__Lib_MathDouble.c,314 :: 		
0x0206	0xF000EFC6  	GOTO        TNORMUN4032
;__Lib_MathDouble.c,315 :: 		
0x020A	0x3600      	RLCF        R0, 1, 0
;__Lib_MathDouble.c,316 :: 		
0x020C	0x3601      	RLCF        R1, 1, 0
;__Lib_MathDouble.c,317 :: 		
0x020E	0x3602      	RLCF        R2, 1, 0
;__Lib_MathDouble.c,318 :: 		
0x0210	0x2A0E      	INCF        R14, 1, 0
;__Lib_MathDouble.c,319 :: 		
0x0212	0xBE02      	BTFSC       R2, 7, 0
;__Lib_MathDouble.c,320 :: 		
0x0214	0xF000EFC6  	GOTO        TNORMUN4032
;__Lib_MathDouble.c,321 :: 		
0x0218	0x3600      	RLCF        R0, 1, 0
;__Lib_MathDouble.c,322 :: 		
0x021A	0x3601      	RLCF        R1, 1, 0
;__Lib_MathDouble.c,323 :: 		
0x021C	0x3602      	RLCF        R2, 1, 0
;__Lib_MathDouble.c,324 :: 		
0x021E	0x2A0E      	INCF        R14, 1, 0
;__Lib_MathDouble.c,325 :: 		
0x0220	0xBE02      	BTFSC       R2, 7, 0
;__Lib_MathDouble.c,326 :: 		
0x0222	0xF000EFC6  	GOTO        TNORMUN4032
;__Lib_MathDouble.c,327 :: 		
0x0226	0x3600      	RLCF        R0, 1, 0
;__Lib_MathDouble.c,328 :: 		
0x0228	0x3601      	RLCF        R1, 1, 0
;__Lib_MathDouble.c,329 :: 		
0x022A	0x3602      	RLCF        R2, 1, 0
;__Lib_MathDouble.c,330 :: 		
0x022C	0x2A0E      	INCF        R14, 1, 0
;__Lib_MathDouble.c,331 :: 		
0x022E	0xF000EFC6  	GOTO        TNORMUN4032
;__Lib_MathDouble.c,333 :: 		
NRM4032B:
;__Lib_MathDouble.c,334 :: 		
0x0232	0xF002C001  	MOVFF       R1, R2
;__Lib_MathDouble.c,335 :: 		
0x0236	0xF001C000  	MOVFF       R0, R1
;__Lib_MathDouble.c,336 :: 		
0x023A	0x6A00      	CLRF        R0, 0
;__Lib_MathDouble.c,337 :: 		
0x023C	0x0E00      	MOVLW       0
;__Lib_MathDouble.c,338 :: 		
0x023E	0x960E      	BCF         R14, 3, 0
;__Lib_MathDouble.c,339 :: 		
0x0240	0x880E      	BSF         R14, 4, 0
;__Lib_MathDouble.c,340 :: 		
0x0242	0x6402      	CPFSGT      R2, 0
;__Lib_MathDouble.c,341 :: 		
0x0244	0xF001EF46  	GOTO        NRM4032C
;__Lib_MathDouble.c,344 :: 		
0x0248	0x0EF0      	MOVLW       240
;__Lib_MathDouble.c,345 :: 		
0x024A	0x1402      	ANDWF       R2, 0, 0
;__Lib_MathDouble.c,346 :: 		
0x024C	0xA4D8      	BTFSS       STATUS, 2, 0
;__Lib_MathDouble.c,347 :: 		
0x024E	0xF001EF31  	GOTO        NORM4032B
;__Lib_MathDouble.c,349 :: 		
0x0252	0x3A02      	SWAPF       R2, 1, 0
;__Lib_MathDouble.c,350 :: 		
0x0254	0x3801      	SWAPF       R1, 0, 0
;__Lib_MathDouble.c,351 :: 		
0x0256	0x0B0F      	ANDLW       15
;__Lib_MathDouble.c,352 :: 		
0x0258	0x2602      	ADDWF       R2, 1, 0
;__Lib_MathDouble.c,354 :: 		
0x025A	0x3801      	SWAPF       R1, 0, 0
;__Lib_MathDouble.c,355 :: 		
0x025C	0x0BF0      	ANDLW       240
;__Lib_MathDouble.c,356 :: 		
0x025E	0x6E01      	MOVWF       R1, 0
;__Lib_MathDouble.c,358 :: 		
0x0260	0x840E      	BSF         R14, 2, 0
;__Lib_MathDouble.c,360 :: 		
NORM4032B:
;__Lib_MathDouble.c,361 :: 		
0x0262	0x90D8      	BCF         STATUS, 0, 0
;__Lib_MathDouble.c,362 :: 		
0x0264	0xBE02      	BTFSC       R2, 7, 0
;__Lib_MathDouble.c,363 :: 		
0x0266	0xF000EFC6  	GOTO        TNORMUN4032
;__Lib_MathDouble.c,364 :: 		
0x026A	0x3601      	RLCF        R1, 1, 0
;__Lib_MathDouble.c,365 :: 		
0x026C	0x3602      	RLCF        R2, 1, 0
;__Lib_MathDouble.c,366 :: 		
0x026E	0x2A0E      	INCF        R14, 1, 0
;__Lib_MathDouble.c,367 :: 		
0x0270	0xBE02      	BTFSC       R2, 7, 0
;__Lib_MathDouble.c,368 :: 		
0x0272	0xF000EFC6  	GOTO        TNORMUN4032
;__Lib_MathDouble.c,369 :: 		
0x0276	0x3601      	RLCF        R1, 1, 0
;__Lib_MathDouble.c,370 :: 		
0x0278	0x3602      	RLCF        R2, 1, 0
;__Lib_MathDouble.c,371 :: 		
0x027A	0x2A0E      	INCF        R14, 1, 0
;__Lib_MathDouble.c,372 :: 		
0x027C	0xBE02      	BTFSC       R2, 7, 0
;__Lib_MathDouble.c,373 :: 		
0x027E	0xF000EFC6  	GOTO        TNORMUN4032
;__Lib_MathDouble.c,374 :: 		
0x0282	0x3601      	RLCF        R1, 1, 0
;__Lib_MathDouble.c,375 :: 		
0x0284	0x3602      	RLCF        R2, 1, 0
;__Lib_MathDouble.c,376 :: 		
0x0286	0x2A0E      	INCF        R14, 1, 0
;__Lib_MathDouble.c,377 :: 		
0x0288	0xF000EFC6  	GOTO        TNORMUN4032
;__Lib_MathDouble.c,379 :: 		
NRM4032C:
;__Lib_MathDouble.c,380 :: 		
0x028C	0xF002C001  	MOVFF       R1, R2
;__Lib_MathDouble.c,381 :: 		
0x0290	0x6A01      	CLRF        R1, 0
;__Lib_MathDouble.c,382 :: 		
0x0292	0x0E00      	MOVLW       0
;__Lib_MathDouble.c,383 :: 		
0x0294	0x860E      	BSF         R14, 3, 0
;__Lib_MathDouble.c,384 :: 		
0x0296	0x6402      	CPFSGT      R2, 0
;__Lib_MathDouble.c,385 :: 		
0x0298	0xF001EF76  	GOTO        NRM40JPRES032
;__Lib_MathDouble.c,388 :: 		
0x029C	0x0EF0      	MOVLW       240
;__Lib_MathDouble.c,389 :: 		
0x029E	0x1402      	ANDWF       R2, 0, 0
;__Lib_MathDouble.c,390 :: 		
0x02A0	0xA4D8      	BTFSS       STATUS, 2, 0
;__Lib_MathDouble.c,391 :: 		
0x02A2	0xF001EF55  	GOTO        NORM4032C
;__Lib_MathDouble.c,392 :: 		
0x02A6	0x3A02      	SWAPF       R2, 1, 0
;__Lib_MathDouble.c,394 :: 		
0x02A8	0x840E      	BSF         R14, 2, 0
;__Lib_MathDouble.c,396 :: 		
NORM4032C:
;__Lib_MathDouble.c,397 :: 		
0x02AA	0x90D8      	BCF         STATUS, 0, 0
;__Lib_MathDouble.c,399 :: 		
0x02AC	0xBE02      	BTFSC       R2, 7, 0
;__Lib_MathDouble.c,400 :: 		
0x02AE	0xF000EFC6  	GOTO        TNORMUN4032
;__Lib_MathDouble.c,401 :: 		
0x02B2	0x3602      	RLCF        R2, 1, 0
;__Lib_MathDouble.c,402 :: 		
0x02B4	0x2A0E      	INCF        R14, 1, 0
;__Lib_MathDouble.c,403 :: 		
0x02B6	0xBE02      	BTFSC       R2, 7, 0
;__Lib_MathDouble.c,404 :: 		
0x02B8	0xF000EFC6  	GOTO        TNORMUN4032
;__Lib_MathDouble.c,405 :: 		
0x02BC	0x3602      	RLCF        R2, 1, 0
;__Lib_MathDouble.c,406 :: 		
0x02BE	0x2A0E      	INCF        R14, 1, 0
;__Lib_MathDouble.c,407 :: 		
0x02C0	0xBE02      	BTFSC       R2, 7, 0
;__Lib_MathDouble.c,408 :: 		
0x02C2	0xF000EFC6  	GOTO        TNORMUN4032
;__Lib_MathDouble.c,409 :: 		
0x02C6	0x3602      	RLCF        R2, 1, 0
;__Lib_MathDouble.c,410 :: 		
0x02C8	0x2A0E      	INCF        R14, 1, 0
;__Lib_MathDouble.c,411 :: 		
0x02CA	0xF000EFC6  	GOTO        TNORMUN4032
;__Lib_MathDouble.c,413 :: 		
NRM40JPSETFUN32:
;__Lib_MathDouble.c,414 :: 		
0x02CE	0x0E01      	MOVLW       1
;__Lib_MathDouble.c,415 :: 		
0x02D0	0x6E0C      	MOVWF       R12, 0
;__Lib_MathDouble.c,417 :: 		
0x02D2	0xDEAB      	RCALL       _SETFUN32
;__Lib_MathDouble.c,419 :: 		
0x02D4	0xF001EF79  	GOTO        NRM40EEE
;__Lib_MathDouble.c,420 :: 		
NRM40JPFIXSIGN32:
;__Lib_MathDouble.c,421 :: 		
0x02D8	0x0E02      	MOVLW       2
;__Lib_MathDouble.c,422 :: 		
0x02DA	0x6E0C      	MOVWF       R12, 0
;__Lib_MathDouble.c,424 :: 		
0x02DC	0xDEB3      	RCALL       _FIXSIGN32
;__Lib_MathDouble.c,426 :: 		
0x02DE	0xF001EF79  	GOTO        NRM40EEE
;__Lib_MathDouble.c,427 :: 		
NRM40JPSETFOV32:
;__Lib_MathDouble.c,428 :: 		
0x02E2	0x0E04      	MOVLW       4
;__Lib_MathDouble.c,429 :: 		
0x02E4	0x6E0C      	MOVWF       R12, 0
;__Lib_MathDouble.c,431 :: 		
0x02E6	0xDEB9      	RCALL       _SETFOV32
;__Lib_MathDouble.c,433 :: 		
0x02E8	0xF001EF79  	GOTO        NRM40EEE
;__Lib_MathDouble.c,434 :: 		
NRM40JPRES032:
;__Lib_MathDouble.c,435 :: 		
0x02EC	0x0E08      	MOVLW       8
;__Lib_MathDouble.c,436 :: 		
0x02EE	0x6E0C      	MOVWF       R12, 0
;__Lib_MathDouble.c,438 :: 		
0x02F0	0xDE95      	RCALL       _RES032
;__Lib_MathDouble.c,440 :: 		
NRM40EEE:
;__Lib_MathDouble.c,448 :: 		
L_end_NRM4032:
0x02F2	0x0012      	RETURN      0
; end of _NRM4032
_SETIOV3224:
;__Lib_MathDouble.c,530 :: 		
;__Lib_MathDouble.c,537 :: 		
0x02F4	0x800B      	BSF         R11, 0, 0
;__Lib_MathDouble.c,538 :: 		
0x02F6	0xAE0B      	BTFSS       R11, 7, 0
;__Lib_MathDouble.c,539 :: 		
0x02F8	0xF001EF86  	GOTO        SETIOV3224EEE
;__Lib_MathDouble.c,541 :: 		
0x02FC	0x6A02      	CLRF        R2, 0
;__Lib_MathDouble.c,542 :: 		
0x02FE	0xAE0A      	BTFSS       R10, 7, 0
;__Lib_MathDouble.c,543 :: 		
0x0300	0x0EFF      	MOVLW       255
;__Lib_MathDouble.c,544 :: 		
0x0302	0x6E02      	MOVWF       R2, 0
;__Lib_MathDouble.c,545 :: 		
0x0304	0x6E01      	MOVWF       R1, 0
;__Lib_MathDouble.c,546 :: 		
0x0306	0x6E00      	MOVWF       R0, 0
;__Lib_MathDouble.c,547 :: 		
0x0308	0x360A      	RLCF        R10, 1, 0
;__Lib_MathDouble.c,548 :: 		
0x030A	0x3202      	RRCF        R2, 1, 0
;__Lib_MathDouble.c,549 :: 		
SETIOV3224EEE:
;__Lib_MathDouble.c,550 :: 		
0x030C	0x0EFF      	MOVLW       255
;__Lib_MathDouble.c,552 :: 		
L_end_SETIOV3224:
0x030E	0x0012      	RETURN      0
; end of _SETIOV3224
_Div_16X16_U:
;__Lib_Math.c,102 :: 		
;__Lib_Math.c,109 :: 		
0x0310	0x6A08      	CLRF        R8, 0
;__Lib_Math.c,110 :: 		
0x0312	0x6A09      	CLRF        R9, 0
;__Lib_Math.c,111 :: 		
0x0314	0x0E10      	MOVLW       16
;__Lib_Math.c,112 :: 		
0x0316	0x6E0C      	MOVWF       R12, 0
;__Lib_Math.c,113 :: 		
0x0318	0x3401      	RLCF        R1, 0, 0
;__Lib_Math.c,114 :: 		
0x031A	0x3608      	RLCF        R8, 1, 0
;__Lib_Math.c,115 :: 		
0x031C	0x3609      	RLCF        R9, 1, 0
;__Lib_Math.c,116 :: 		
0x031E	0x5004      	MOVF        R4, 0, 0
;__Lib_Math.c,117 :: 		
0x0320	0x5E08      	SUBWF       R8, 1, 0
;__Lib_Math.c,118 :: 		
0x0322	0x5005      	MOVF        R5, 0, 0
;__Lib_Math.c,119 :: 		
0x0324	0xA0D8      	BTFSS       STATUS, 0, 0
;__Lib_Math.c,120 :: 		
0x0326	0x3C05      	INCFSZ      R5, 0, 0
;__Lib_Math.c,121 :: 		
0x0328	0x5E09      	SUBWF       R9, 1, 0
;__Lib_Math.c,122 :: 		
0x032A	0xB0D8      	BTFSC       STATUS, 0, 0
;__Lib_Math.c,123 :: 		
0x032C	0xD007      	BRA         $+16
;__Lib_Math.c,124 :: 		
0x032E	0x5004      	MOVF        R4, 0, 0
;__Lib_Math.c,125 :: 		
0x0330	0x2608      	ADDWF       R8, 1, 0
;__Lib_Math.c,126 :: 		
0x0332	0x5005      	MOVF        R5, 0, 0
;__Lib_Math.c,127 :: 		
0x0334	0xB0D8      	BTFSC       STATUS, 0, 0
;__Lib_Math.c,128 :: 		
0x0336	0x3C05      	INCFSZ      R5, 0, 0
;__Lib_Math.c,129 :: 		
0x0338	0x2609      	ADDWF       R9, 1, 0
;__Lib_Math.c,130 :: 		
0x033A	0x90D8      	BCF         STATUS, 0, 0
;__Lib_Math.c,131 :: 		
0x033C	0x3600      	RLCF        R0, 1, 0
;__Lib_Math.c,132 :: 		
0x033E	0x3601      	RLCF        R1, 1, 0
;__Lib_Math.c,133 :: 		
0x0340	0x2E0C      	DECFSZ      R12, 1, 0
;__Lib_Math.c,134 :: 		
0x0342	0xD7EA      	BRA         $-42
;__Lib_Math.c,136 :: 		
L_end_Div_16X16_U:
0x0344	0x0012      	RETURN      0
; end of _Div_16X16_U
_byte2double:
;__Lib_MathDouble.c,2253 :: 		
;__Lib_MathDouble.c,2262 :: 		
0x0346	0xF008C000  	MOVFF       R0, R8
;__Lib_MathDouble.c,2265 :: 		
0x034A	0x6A0B      	CLRF        R11, 0
;__Lib_MathDouble.c,2266 :: 		
0x034C	0x6A0C      	CLRF        R12, 0
;__Lib_MathDouble.c,2268 :: 		
0x034E	0x0E9E      	MOVLW       158
;__Lib_MathDouble.c,2269 :: 		
0x0350	0x6E03      	MOVWF       R3, 0
;__Lib_MathDouble.c,2270 :: 		
0x0352	0x6A0A      	CLRF        R10, 0
;__Lib_MathDouble.c,2271 :: 		
0x0354	0x6A02      	CLRF        R2, 0
;__Lib_MathDouble.c,2272 :: 		
0x0356	0x6A01      	CLRF        R1, 0
;__Lib_MathDouble.c,2273 :: 		
0x0358	0x6A00      	CLRF        R0, 0
;__Lib_MathDouble.c,2274 :: 		
0x035A	0x0E02      	MOVLW       2
;__Lib_MathDouble.c,2275 :: 		
0x035C	0x6E0C      	MOVWF       R12, 0
;__Lib_MathDouble.c,2277 :: 		
0x035E	0xDED9      	RCALL       _NRM4032
;__Lib_MathDouble.c,2278 :: 		
L_end_byte2double:
0x0360	0x0012      	RETURN      0
; end of _byte2double
_WordToStr:
;__Lib_Conversions.c,98 :: 		
;__Lib_Conversions.c,103 :: 		
0x0362	0x6A45      	CLRF        WordToStr_len_L0 
L_WordToStr11:
0x0364	0x0E05      	MOVLW       5
0x0366	0x5C45      	SUBWF       WordToStr_len_L0, 0 
0x0368	0xE20A      	BC          L_WordToStr12
;__Lib_Conversions.c,104 :: 		
0x036A	0x5045      	MOVF        WordToStr_len_L0, 0 
0x036C	0x2443      	ADDWF       FARG_WordToStr_output, 0 
0x036E	0x6EE1      	MOVWF       FSR1L 
0x0370	0x0E00      	MOVLW       0
0x0372	0x2044      	ADDWFC      FARG_WordToStr_output+1, 0 
0x0374	0x6EE2      	MOVWF       FSR1L+1 
0x0376	0x0E20      	MOVLW       32
0x0378	0x6EE6      	MOVWF       POSTINC1 
;__Lib_Conversions.c,103 :: 		
0x037A	0x2A45      	INCF        WordToStr_len_L0, 1 
;__Lib_Conversions.c,104 :: 		
0x037C	0xD7F3      	BRA         L_WordToStr11
L_WordToStr12:
;__Lib_Conversions.c,105 :: 		
0x037E	0x5045      	MOVF        WordToStr_len_L0, 0 
0x0380	0x2443      	ADDWF       FARG_WordToStr_output, 0 
0x0382	0x6EE1      	MOVWF       FSR1L 
0x0384	0x0E00      	MOVLW       0
0x0386	0x2044      	ADDWFC      FARG_WordToStr_output+1, 0 
0x0388	0x6EE2      	MOVWF       FSR1L+1 
0x038A	0x6AE6      	CLRF        POSTINC1 
0x038C	0x0645      	DECF        WordToStr_len_L0, 1 
;__Lib_Conversions.c,107 :: 		
L_WordToStr14:
;__Lib_Conversions.c,108 :: 		
0x038E	0x5045      	MOVF        WordToStr_len_L0, 0 
0x0390	0x2443      	ADDWF       FARG_WordToStr_output, 0 
0x0392	0x6E46      	MOVWF       FLOC__WordToStr 
0x0394	0x0E00      	MOVLW       0
0x0396	0x2044      	ADDWFC      FARG_WordToStr_output+1, 0 
0x0398	0x6E47      	MOVWF       FLOC__WordToStr+1 
0x039A	0x0E0A      	MOVLW       10
0x039C	0x6E04      	MOVWF       R4 
0x039E	0x0E00      	MOVLW       0
0x03A0	0x6E05      	MOVWF       R5 
0x03A2	0xF000C041  	MOVFF       FARG_WordToStr_input, R0
0x03A6	0xF001C042  	MOVFF       FARG_WordToStr_input+1, R1
0x03AA	0xDFB2      	RCALL       _Div_16X16_U
0x03AC	0xF000C008  	MOVFF       R8, R0
0x03B0	0xF001C009  	MOVFF       R9, R1
0x03B4	0x0E30      	MOVLW       48
0x03B6	0x2600      	ADDWF       R0, 1 
0x03B8	0xFFE1C046  	MOVFF       FLOC__WordToStr, FSR1L
0x03BC	0xFFE2C047  	MOVFF       FLOC__WordToStr+1, FSR1H
0x03C0	0xFFE6C000  	MOVFF       R0, POSTINC1
;__Lib_Conversions.c,109 :: 		
0x03C4	0x0E0A      	MOVLW       10
0x03C6	0x6E04      	MOVWF       R4 
0x03C8	0x0E00      	MOVLW       0
0x03CA	0x6E05      	MOVWF       R5 
0x03CC	0xF000C041  	MOVFF       FARG_WordToStr_input, R0
0x03D0	0xF001C042  	MOVFF       FARG_WordToStr_input+1, R1
0x03D4	0xDF9D      	RCALL       _Div_16X16_U
0x03D6	0xF041C000  	MOVFF       R0, FARG_WordToStr_input
0x03DA	0xF042C001  	MOVFF       R1, FARG_WordToStr_input+1
;__Lib_Conversions.c,110 :: 		
0x03DE	0x0E00      	MOVLW       0
0x03E0	0x1801      	XORWF       R1, 0 
0x03E2	0xE102      	BNZ         L__WordToStr379
0x03E4	0x0E00      	MOVLW       0
0x03E6	0x1800      	XORWF       R0, 0 
L__WordToStr379:
0x03E8	0xE101      	BNZ         L_WordToStr16
;__Lib_Conversions.c,111 :: 		
0x03EA	0xD002      	BRA         L_WordToStr15
L_WordToStr16:
;__Lib_Conversions.c,112 :: 		
0x03EC	0x0645      	DECF        WordToStr_len_L0, 1 
;__Lib_Conversions.c,113 :: 		
0x03EE	0xD7CF      	BRA         L_WordToStr14
L_WordToStr15:
;__Lib_Conversions.c,114 :: 		
L_end_WordToStr:
0x03F0	0x0012      	RETURN      0
; end of _WordToStr
_Mul_32x32_FP:
;__Lib_MathDouble.c,1130 :: 		
;__Lib_MathDouble.c,1148 :: 		
0x03F2	0x6A08      	CLRF        R8, 0
;__Lib_MathDouble.c,1149 :: 		
0x03F4	0x6A09      	CLRF        R9, 0
;__Lib_MathDouble.c,1151 :: 		
0x03F6	0x0E00      	MOVLW       0
;__Lib_MathDouble.c,1152 :: 		
0x03F8	0x6207      	CPFSEQ      R7, 0
;__Lib_MathDouble.c,1153 :: 		
0x03FA	0x6403      	CPFSGT      R3, 0
;__Lib_MathDouble.c,1154 :: 		
0x03FC	0xF002EF7E  	GOTO        MULJPRES032
;__Lib_MathDouble.c,1157 :: 		
0x0400	0x5002      	MOVF        R2, 0, 0
;__Lib_MathDouble.c,1158 :: 		
0x0402	0x1806      	XORWF       R6, 0, 0
;__Lib_MathDouble.c,1159 :: 		
0x0404	0x6E0A      	MOVWF       R10, 0
;__Lib_MathDouble.c,1161 :: 		
0x0406	0x5007      	MOVF        R7, 0, 0
;__Lib_MathDouble.c,1162 :: 		
0x0408	0x2603      	ADDWF       R3, 1, 0
;__Lib_MathDouble.c,1163 :: 		
0x040A	0x0E7E      	MOVLW       126
;__Lib_MathDouble.c,1164 :: 		
0x040C	0xA0D8      	BTFSS       STATUS, 0, 0
;__Lib_MathDouble.c,1165 :: 		
0x040E	0xF002EF0F  	GOTO        MTUN32
;__Lib_MathDouble.c,1167 :: 		
0x0412	0x5E03      	SUBWF       R3, 1, 0
;__Lib_MathDouble.c,1168 :: 		
0x0414	0xB0D8      	BTFSC       STATUS, 0, 0
;__Lib_MathDouble.c,1169 :: 		
0x0416	0xF002EF82  	GOTO        MULJPSETFOV32
;__Lib_MathDouble.c,1170 :: 		
0x041A	0xF002EF13  	GOTO        MOK32
;__Lib_MathDouble.c,1172 :: 		
MTUN32:
;__Lib_MathDouble.c,1173 :: 		
0x041E	0x5E03      	SUBWF       R3, 1, 0
;__Lib_MathDouble.c,1174 :: 		
0x0420	0xA0D8      	BTFSS       STATUS, 0, 0
;__Lib_MathDouble.c,1175 :: 		
0x0422	0xF002EF86  	GOTO        MULJPSETFUN32
;__Lib_MathDouble.c,1177 :: 		
MOK32:
;__Lib_MathDouble.c,1178 :: 		
0x0426	0x8E02      	BSF         R2, 7, 0
;__Lib_MathDouble.c,1179 :: 		
0x0428	0x8E06      	BSF         R6, 7, 0
;__Lib_MathDouble.c,1181 :: 		
0x042A	0xF00EC002  	MOVFF       R2, R14
;__Lib_MathDouble.c,1182 :: 		
0x042E	0xF00BC001  	MOVFF       R1, R11
;__Lib_MathDouble.c,1183 :: 		
0x0432	0xF00DC000  	MOVFF       R0, R13
;__Lib_MathDouble.c,1185 :: 		
0x0436	0x5000      	MOVF        R0, 0, 0
;__Lib_MathDouble.c,1186 :: 		
0x0438	0x0204      	MULWF       R4, 0
;__Lib_MathDouble.c,1187 :: 		
0x043A	0xF00CCFF4  	MOVFF       PRODH, R12
;__Lib_MathDouble.c,1189 :: 		
0x043E	0x5001      	MOVF        R1, 0, 0
;__Lib_MathDouble.c,1190 :: 		
0x0440	0x0205      	MULWF       R5, 0
;__Lib_MathDouble.c,1191 :: 		
0x0442	0xF000CFF4  	MOVFF       PRODH, R0
;__Lib_MathDouble.c,1192 :: 		
0x0446	0xF008CFF3  	MOVFF       PRODL, R8
;__Lib_MathDouble.c,1194 :: 		
0x044A	0x0204      	MULWF       R4, 0
;__Lib_MathDouble.c,1195 :: 		
0x044C	0x50F3      	MOVF        PRODL, 0, 0
;__Lib_MathDouble.c,1196 :: 		
0x044E	0x260C      	ADDWF       R12, 1, 0
;__Lib_MathDouble.c,1197 :: 		
0x0450	0x50F4      	MOVF        PRODH, 0, 0
;__Lib_MathDouble.c,1198 :: 		
0x0452	0x2208      	ADDWFC      R8, 1, 0
;__Lib_MathDouble.c,1199 :: 		
0x0454	0x0E00      	MOVLW       0
;__Lib_MathDouble.c,1200 :: 		
0x0456	0x2200      	ADDWFC      R0, 1, 0
;__Lib_MathDouble.c,1202 :: 		
0x0458	0x500D      	MOVF        R13, 0, 0
;__Lib_MathDouble.c,1203 :: 		
0x045A	0x0205      	MULWF       R5, 0
;__Lib_MathDouble.c,1204 :: 		
0x045C	0x50F3      	MOVF        PRODL, 0, 0
;__Lib_MathDouble.c,1205 :: 		
0x045E	0x260C      	ADDWF       R12, 1, 0
;__Lib_MathDouble.c,1206 :: 		
0x0460	0x50F4      	MOVF        PRODH, 0, 0
;__Lib_MathDouble.c,1207 :: 		
0x0462	0x2208      	ADDWFC      R8, 1, 0
;__Lib_MathDouble.c,1208 :: 		
0x0464	0x0E00      	MOVLW       0
;__Lib_MathDouble.c,1209 :: 		
0x0466	0x2200      	ADDWFC      R0, 1, 0
;__Lib_MathDouble.c,1211 :: 		
0x0468	0x5002      	MOVF        R2, 0, 0
;__Lib_MathDouble.c,1212 :: 		
0x046A	0x0204      	MULWF       R4, 0
;__Lib_MathDouble.c,1213 :: 		
0x046C	0x50F3      	MOVF        PRODL, 0, 0
;__Lib_MathDouble.c,1214 :: 		
0x046E	0x2608      	ADDWF       R8, 1, 0
;__Lib_MathDouble.c,1215 :: 		
0x0470	0x50F4      	MOVF        PRODH, 0, 0
;__Lib_MathDouble.c,1216 :: 		
0x0472	0x2200      	ADDWFC      R0, 1, 0
;__Lib_MathDouble.c,1217 :: 		
0x0474	0x5002      	MOVF        R2, 0, 0
;__Lib_MathDouble.c,1218 :: 		
0x0476	0x0205      	MULWF       R5, 0
;__Lib_MathDouble.c,1219 :: 		
0x0478	0x6A01      	CLRF        R1, 0
;__Lib_MathDouble.c,1220 :: 		
0x047A	0x0E00      	MOVLW       0
;__Lib_MathDouble.c,1221 :: 		
0x047C	0x2201      	ADDWFC      R1, 1, 0
;__Lib_MathDouble.c,1222 :: 		
0x047E	0x50F3      	MOVF        PRODL, 0, 0
;__Lib_MathDouble.c,1223 :: 		
0x0480	0x2600      	ADDWF       R0, 1, 0
;__Lib_MathDouble.c,1224 :: 		
0x0482	0x50F4      	MOVF        PRODH, 0, 0
;__Lib_MathDouble.c,1225 :: 		
0x0484	0x2201      	ADDWFC      R1, 1, 0
;__Lib_MathDouble.c,1227 :: 		
0x0486	0x500D      	MOVF        R13, 0, 0
;__Lib_MathDouble.c,1228 :: 		
0x0488	0x0206      	MULWF       R6, 0
;__Lib_MathDouble.c,1229 :: 		
0x048A	0x50F3      	MOVF        PRODL, 0, 0
;__Lib_MathDouble.c,1230 :: 		
0x048C	0x2608      	ADDWF       R8, 1, 0
;__Lib_MathDouble.c,1231 :: 		
0x048E	0x50F4      	MOVF        PRODH, 0, 0
;__Lib_MathDouble.c,1232 :: 		
0x0490	0x2200      	ADDWFC      R0, 1, 0
;__Lib_MathDouble.c,1233 :: 		
0x0492	0x6A02      	CLRF        R2, 0
;__Lib_MathDouble.c,1234 :: 		
0x0494	0x0E00      	MOVLW       0
;__Lib_MathDouble.c,1235 :: 		
0x0496	0x2201      	ADDWFC      R1, 1, 0
;__Lib_MathDouble.c,1236 :: 		
0x0498	0x2202      	ADDWFC      R2, 1, 0
;__Lib_MathDouble.c,1238 :: 		
0x049A	0x500B      	MOVF        R11, 0, 0
;__Lib_MathDouble.c,1239 :: 		
0x049C	0x0206      	MULWF       R6, 0
;__Lib_MathDouble.c,1240 :: 		
0x049E	0x50F3      	MOVF        PRODL, 0, 0
;__Lib_MathDouble.c,1241 :: 		
0x04A0	0x2600      	ADDWF       R0, 1, 0
;__Lib_MathDouble.c,1242 :: 		
0x04A2	0x50F4      	MOVF        PRODH, 0, 0
;__Lib_MathDouble.c,1243 :: 		
0x04A4	0x2201      	ADDWFC      R1, 1, 0
;__Lib_MathDouble.c,1244 :: 		
0x04A6	0x0E00      	MOVLW       0
;__Lib_MathDouble.c,1245 :: 		
0x04A8	0x2202      	ADDWFC      R2, 1, 0
;__Lib_MathDouble.c,1247 :: 		
0x04AA	0x500E      	MOVF        R14, 0, 0
;__Lib_MathDouble.c,1248 :: 		
0x04AC	0x0206      	MULWF       R6, 0
;__Lib_MathDouble.c,1249 :: 		
0x04AE	0x50F3      	MOVF        PRODL, 0, 0
;__Lib_MathDouble.c,1250 :: 		
0x04B0	0x2601      	ADDWF       R1, 1, 0
;__Lib_MathDouble.c,1251 :: 		
0x04B2	0x50F4      	MOVF        PRODH, 0, 0
;__Lib_MathDouble.c,1252 :: 		
0x04B4	0x2202      	ADDWFC      R2, 1, 0
;__Lib_MathDouble.c,1254 :: 		
0x04B6	0xBE02      	BTFSC       R2, 7, 0
;__Lib_MathDouble.c,1255 :: 		
0x04B8	0xF002EF66  	GOTO        MROUND32
;__Lib_MathDouble.c,1256 :: 		
0x04BC	0x3608      	RLCF        R8, 1, 0
;__Lib_MathDouble.c,1257 :: 		
0x04BE	0x3600      	RLCF        R0, 1, 0
;__Lib_MathDouble.c,1258 :: 		
0x04C0	0x3601      	RLCF        R1, 1, 0
;__Lib_MathDouble.c,1259 :: 		
0x04C2	0x3602      	RLCF        R2, 1, 0
;__Lib_MathDouble.c,1260 :: 		
0x04C4	0x0603      	DECF        R3, 1, 0
;__Lib_MathDouble.c,1261 :: 		
0x04C6	0xB4D8      	BTFSC       STATUS, 2, 0
;__Lib_MathDouble.c,1262 :: 		
0x04C8	0xF002EF86  	GOTO        MULJPSETFUN32
;__Lib_MathDouble.c,1264 :: 		
MROUND32:
;__Lib_MathDouble.c,1267 :: 		
0x04CC	0xF002EF79  	GOTO        MUL32OK
;__Lib_MathDouble.c,1268 :: 		
0x04D0	0x80D8      	BSF         STATUS, 0, 0
;__Lib_MathDouble.c,1269 :: 		
0x04D2	0x0E80      	MOVLW       128
;__Lib_MathDouble.c,1270 :: 		
0x04D4	0x6408      	CPFSGT      R8, 0
;__Lib_MathDouble.c,1271 :: 		
0x04D6	0x3000      	RRCF        R0, 0, 0
;__Lib_MathDouble.c,1272 :: 		
0x04D8	0x0E00      	MOVLW       0
;__Lib_MathDouble.c,1273 :: 		
0x04DA	0x2200      	ADDWFC      R0, 1, 0
;__Lib_MathDouble.c,1274 :: 		
0x04DC	0x2201      	ADDWFC      R1, 1, 0
;__Lib_MathDouble.c,1275 :: 		
0x04DE	0x2202      	ADDWFC      R2, 1, 0
;__Lib_MathDouble.c,1277 :: 		
0x04E0	0xA0D8      	BTFSS       STATUS, 0, 0
;__Lib_MathDouble.c,1278 :: 		
0x04E2	0xF002EF79  	GOTO        MUL32OK
;__Lib_MathDouble.c,1279 :: 		
0x04E6	0x3202      	RRCF        R2, 1, 0
;__Lib_MathDouble.c,1280 :: 		
0x04E8	0x3201      	RRCF        R1, 1, 0
;__Lib_MathDouble.c,1281 :: 		
0x04EA	0x3200      	RRCF        R0, 1, 0
;__Lib_MathDouble.c,1282 :: 		
0x04EC	0x4A03      	INFSNZ      R3, 1, 0
;__Lib_MathDouble.c,1283 :: 		
0x04EE	0xF002EF82  	GOTO        MULJPSETFOV32
;__Lib_MathDouble.c,1285 :: 		
MUL32OK:
;__Lib_MathDouble.c,1286 :: 		
0x04F2	0xAE0A      	BTFSS       R10, 7, 0
;__Lib_MathDouble.c,1287 :: 		
0x04F4	0x9E02      	BCF         R2, 7, 0
;__Lib_MathDouble.c,1289 :: 		
0x04F6	0x0E00      	MOVLW       0
;__Lib_MathDouble.c,1290 :: 		
0x04F8	0xF002EF88  	GOTO        MULEEE
;__Lib_MathDouble.c,1291 :: 		
MULJPRES032:
;__Lib_MathDouble.c,1292 :: 		
0x04FC	0x0E01      	MOVLW       1
;__Lib_MathDouble.c,1295 :: 		
0x04FE	0xDD8E      	RCALL       _RES032
;__Lib_MathDouble.c,1297 :: 		
0x0500	0xF002EF88  	GOTO        MULEEE
;__Lib_MathDouble.c,1298 :: 		
MULJPSETFOV32:
;__Lib_MathDouble.c,1299 :: 		
0x0504	0x0E02      	MOVLW       2
;__Lib_MathDouble.c,1302 :: 		
0x0506	0xDDA9      	RCALL       _SETFOV32
;__Lib_MathDouble.c,1304 :: 		
0x0508	0xF002EF88  	GOTO        MULEEE
;__Lib_MathDouble.c,1305 :: 		
MULJPSETFUN32:
;__Lib_MathDouble.c,1306 :: 		
0x050C	0x0E04      	MOVLW       4
;__Lib_MathDouble.c,1309 :: 		
0x050E	0xDD8D      	RCALL       _SETFUN32
;__Lib_MathDouble.c,1311 :: 		
MULEEE:
;__Lib_MathDouble.c,1318 :: 		
L_end_Mul_32x32_FP:
0x0510	0x0012      	RETURN      0
; end of _Mul_32x32_FP
_double2word:
;__Lib_MathDouble.c,2023 :: 		
;__Lib_MathDouble.c,2032 :: 		
0x0512	0x6A0B      	CLRF        R11, 0
;__Lib_MathDouble.c,2033 :: 		
0x0514	0x6A0C      	CLRF        R12, 0
;__Lib_MathDouble.c,2034 :: 		
0x0516	0x6A0A      	CLRF        R10, 0
;__Lib_MathDouble.c,2036 :: 		
0x0518	0x5003      	MOVF        R3, 0, 0
;__Lib_MathDouble.c,2037 :: 		
0x051A	0xB4D8      	BTFSC       STATUS, 2, 0
;__Lib_MathDouble.c,2038 :: 		
0x051C	0xF002EFD3  	GOTO        IRES016U
;__Lib_MathDouble.c,2040 :: 		
0x0520	0x8E02      	BSF         R2, 7, 0
;__Lib_MathDouble.c,2042 :: 		
0x0522	0x0E8E      	MOVLW       142
;__Lib_MathDouble.c,2043 :: 		
0x0524	0x5E03      	SUBWF       R3, 1, 0
;__Lib_MathDouble.c,2044 :: 		
0x0526	0xBE03      	BTFSC       R3, 7, 0
;__Lib_MathDouble.c,2045 :: 		
0x0528	0xF002EF9B  	GOTO        SETEXP16U
;__Lib_MathDouble.c,2046 :: 		
0x052C	0xB4D8      	BTFSC       STATUS, 2, 0
;__Lib_MathDouble.c,2047 :: 		
0x052E	0xF002EF9B  	GOTO        SETEXP16U
;__Lib_MathDouble.c,2048 :: 		
0x0532	0xF002EFD7  	GOTO        SETIOV16U
;__Lib_MathDouble.c,2049 :: 		
SETEXP16U:
;__Lib_MathDouble.c,2050 :: 		
0x0536	0x6C03      	NEGF        R3, 0
;__Lib_MathDouble.c,2052 :: 		
0x0538	0x0E08      	MOVLW       8
;__Lib_MathDouble.c,2053 :: 		
0x053A	0x5C03      	SUBWF       R3, 0, 0
;__Lib_MathDouble.c,2054 :: 		
0x053C	0xA0D8      	BTFSS       STATUS, 0, 0
;__Lib_MathDouble.c,2055 :: 		
0x053E	0xF002EFB2  	GOTO        TSHIFT3216U
;__Lib_MathDouble.c,2056 :: 		
0x0542	0x6E03      	MOVWF       R3, 0
;__Lib_MathDouble.c,2057 :: 		
0x0544	0x3601      	RLCF        R1, 1, 0
;__Lib_MathDouble.c,2058 :: 		
0x0546	0xF001C002  	MOVFF       R2, R1
;__Lib_MathDouble.c,2059 :: 		
0x054A	0x6A02      	CLRF        R2, 0
;__Lib_MathDouble.c,2061 :: 		
0x054C	0x0E08      	MOVLW       8
;__Lib_MathDouble.c,2062 :: 		
0x054E	0x5C03      	SUBWF       R3, 0, 0
;__Lib_MathDouble.c,2063 :: 		
0x0550	0xA0D8      	BTFSS       STATUS, 0, 0
;__Lib_MathDouble.c,2064 :: 		
0x0552	0xF002EFB2  	GOTO        TSHIFT3216U
;__Lib_MathDouble.c,2065 :: 		
0x0556	0x3601      	RLCF        R1, 1, 0
;__Lib_MathDouble.c,2066 :: 		
0x0558	0x6A01      	CLRF        R1, 0
;__Lib_MathDouble.c,2068 :: 		
0x055A	0x5003      	MOVF        R3, 0, 0
;__Lib_MathDouble.c,2069 :: 		
0x055C	0xA4D8      	BTFSS       STATUS, 2, 0
;__Lib_MathDouble.c,2070 :: 		
0x055E	0x90D8      	BCF         STATUS, 0, 0
;__Lib_MathDouble.c,2071 :: 		
0x0560	0xF002EFBC  	GOTO        SHIFT3216UOK
;__Lib_MathDouble.c,2072 :: 		
TSHIFT3216U:
;__Lib_MathDouble.c,2073 :: 		
0x0564	0x5003      	MOVF        R3, 0, 0
;__Lib_MathDouble.c,2074 :: 		
0x0566	0xB4D8      	BTFSC       STATUS, 2, 0
;__Lib_MathDouble.c,2075 :: 		
0x0568	0xF002EFBC  	GOTO        SHIFT3216UOK
;__Lib_MathDouble.c,2076 :: 		
SHIFT3216U:
;__Lib_MathDouble.c,2077 :: 		
0x056C	0x90D8      	BCF         STATUS, 0, 0
;__Lib_MathDouble.c,2078 :: 		
0x056E	0x3202      	RRCF        R2, 1, 0
;__Lib_MathDouble.c,2079 :: 		
0x0570	0x3201      	RRCF        R1, 1, 0
;__Lib_MathDouble.c,2080 :: 		
0x0572	0x2E03      	DECFSZ      R3, 1, 0
;__Lib_MathDouble.c,2081 :: 		
0x0574	0xF002EFB6  	GOTO        SHIFT3216U
;__Lib_MathDouble.c,2082 :: 		
SHIFT3216UOK:
;__Lib_MathDouble.c,2083 :: 		
0x0578	0xBC0B      	BTFSC       R11, 6, 0
;__Lib_MathDouble.c,2084 :: 		
0x057A	0xA001      	BTFSS       R1, 0, 0
;__Lib_MathDouble.c,2085 :: 		
0x057C	0xF002EFC9  	GOTO        INT3216UOK
;__Lib_MathDouble.c,2086 :: 		
0x0580	0xA0D8      	BTFSS       STATUS, 0, 0
;__Lib_MathDouble.c,2087 :: 		
0x0582	0xF002EFC9  	GOTO        INT3216UOK
;__Lib_MathDouble.c,2088 :: 		
0x0586	0x2A01      	INCF        R1, 1, 0
;__Lib_MathDouble.c,2089 :: 		
0x0588	0xB4D8      	BTFSC       STATUS, 2, 0
;__Lib_MathDouble.c,2090 :: 		
0x058A	0x2A02      	INCF        R2, 1, 0
;__Lib_MathDouble.c,2091 :: 		
0x058C	0xBE02      	BTFSC       R2, 7, 0
;__Lib_MathDouble.c,2092 :: 		
0x058E	0xF002EFE6  	GOTO        JPKSETIOV3224
;__Lib_MathDouble.c,2093 :: 		
INT3216UOK:
;__Lib_MathDouble.c,2094 :: 		
0x0592	0xAE0A      	BTFSS       R10, 7, 0
;__Lib_MathDouble.c,2095 :: 		
0x0594	0xF002EFEB  	GOTO        INT3216UEOK
;__Lib_MathDouble.c,2097 :: 		
0x0598	0x1E02      	COMF        R2, 1, 0
;__Lib_MathDouble.c,2098 :: 		
0x059A	0x1E01      	COMF        R1, 1, 0
;__Lib_MathDouble.c,2099 :: 		
0x059C	0x2A01      	INCF        R1, 1, 0
;__Lib_MathDouble.c,2100 :: 		
0x059E	0xB4D8      	BTFSC       STATUS, 2, 0
;__Lib_MathDouble.c,2101 :: 		
0x05A0	0x2A02      	INCF        R2, 1, 0
;__Lib_MathDouble.c,2102 :: 		
0x05A2	0xF002EFEB  	GOTO        INT3216UEOK
;__Lib_MathDouble.c,2104 :: 		
IRES016U:
;__Lib_MathDouble.c,2105 :: 		
0x05A6	0x6A02      	CLRF        R2, 0
;__Lib_MathDouble.c,2106 :: 		
0x05A8	0x6A01      	CLRF        R1, 0
;__Lib_MathDouble.c,2107 :: 		
0x05AA	0xF002EFEB  	GOTO        INT3216UEOK
;__Lib_MathDouble.c,2108 :: 		
SETIOV16U:
;__Lib_MathDouble.c,2109 :: 		
0x05AE	0x800B      	BSF         R11, 0, 0
;__Lib_MathDouble.c,2110 :: 		
0x05B0	0xAE0B      	BTFSS       R11, 7, 0
;__Lib_MathDouble.c,2111 :: 		
0x05B2	0xF002EFEF  	GOTO        INT3216UEER
;__Lib_MathDouble.c,2113 :: 		
0x05B6	0x6A02      	CLRF        R2, 0
;__Lib_MathDouble.c,2114 :: 		
0x05B8	0xAE0A      	BTFSS       R10, 7, 0
;__Lib_MathDouble.c,2115 :: 		
0x05BA	0xF002EFEF  	GOTO        INT3216UEER
;__Lib_MathDouble.c,2116 :: 		
0x05BE	0x0EFF      	MOVLW       255
;__Lib_MathDouble.c,2117 :: 		
0x05C0	0x6E02      	MOVWF       R2, 0
;__Lib_MathDouble.c,2118 :: 		
0x05C2	0x6E01      	MOVWF       R1, 0
;__Lib_MathDouble.c,2119 :: 		
0x05C4	0x360A      	RLCF        R10, 1, 0
;__Lib_MathDouble.c,2120 :: 		
0x05C6	0x3202      	RRCF        R2, 1, 0
;__Lib_MathDouble.c,2121 :: 		
0x05C8	0xF002EFEF  	GOTO        INT3216UEER
;__Lib_MathDouble.c,2123 :: 		
JPKSETIOV3224:
;__Lib_MathDouble.c,2124 :: 		
0x05CC	0x0E01      	MOVLW       1
;__Lib_MathDouble.c,2125 :: 		
0x05CE	0x6E0C      	MOVWF       R12, 0
;__Lib_MathDouble.c,2127 :: 		
0x05D0	0xDE91      	RCALL       _SETIOV3224
;__Lib_MathDouble.c,2129 :: 		
0x05D2	0xF002EFF1  	GOTO        INT3216UEEE
;__Lib_MathDouble.c,2130 :: 		
INT3216UEOK:
;__Lib_MathDouble.c,2131 :: 		
0x05D6	0x0E00      	MOVLW       0
;__Lib_MathDouble.c,2132 :: 		
0x05D8	0x6E0C      	MOVWF       R12, 0
;__Lib_MathDouble.c,2133 :: 		
0x05DA	0xF002EFF1  	GOTO        INT3216UEEE
;__Lib_MathDouble.c,2134 :: 		
INT3216UEER:
;__Lib_MathDouble.c,2135 :: 		
0x05DE	0x0EFF      	MOVLW       255
;__Lib_MathDouble.c,2136 :: 		
0x05E0	0x6E0C      	MOVWF       R12, 0
;__Lib_MathDouble.c,2137 :: 		
INT3216UEEE:
;__Lib_MathDouble.c,2138 :: 		
0x05E2	0x5001      	MOVF        R1, 0, 0
;__Lib_MathDouble.c,2139 :: 		
0x05E4	0x6E00      	MOVWF       R0, 0
;__Lib_MathDouble.c,2140 :: 		
0x05E6	0x5002      	MOVF        R2, 0, 0
;__Lib_MathDouble.c,2141 :: 		
0x05E8	0x6E01      	MOVWF       R1, 0
;__Lib_MathDouble.c,2146 :: 		
L_end_double2word:
0x05EA	0x0012      	RETURN      0
; end of _double2word
_Lcd_Chr_CP:
;__Lib_Lcd.c,50 :: 		
;__Lib_Lcd.c,52 :: 		
0x05EC	0x9036      	BCF         __Lib_Lcd_cmd_status, BitPos(__Lib_Lcd_cmd_status+0) 
;__Lib_Lcd.c,53 :: 		
0x05EE	0xF048C041  	MOVFF       FARG_Lcd_Chr_CP_out_char, FARG_Lcd_Cmd_out_char
0x05F2	0xDD51      	RCALL       _Lcd_Cmd
;__Lib_Lcd.c,54 :: 		
0x05F4	0x8036      	BSF         __Lib_Lcd_cmd_status, BitPos(__Lib_Lcd_cmd_status+0) 
;__Lib_Lcd.c,55 :: 		
L_end_Lcd_Chr_CP:
0x05F6	0x0012      	RETURN      0
; end of _Lcd_Chr_CP
_Lcd_Init:
;__Lib_Lcd.c,84 :: 		
;__Lib_Lcd.c,86 :: 		
0x05F8	0x9295      	BCF         LCD_EN_Direction, BitPos(LCD_EN_Direction+0) 
;__Lib_Lcd.c,87 :: 		
0x05FA	0x9095      	BCF         LCD_RS_Direction, BitPos(LCD_RS_Direction+0) 
;__Lib_Lcd.c,88 :: 		
0x05FC	0x9495      	BCF         LCD_D4_Direction, BitPos(LCD_D4_Direction+0) 
;__Lib_Lcd.c,89 :: 		
0x05FE	0x9695      	BCF         LCD_D5_Direction, BitPos(LCD_D5_Direction+0) 
;__Lib_Lcd.c,90 :: 		
0x0600	0x9895      	BCF         LCD_D6_Direction, BitPos(LCD_D6_Direction+0) 
;__Lib_Lcd.c,91 :: 		
0x0602	0x9A95      	BCF         LCD_D7_Direction, BitPos(LCD_D7_Direction+0) 
;__Lib_Lcd.c,93 :: 		
0x0604	0x9283      	BCF         LCD_EN, BitPos(LCD_EN+0) 
;__Lib_Lcd.c,94 :: 		
0x0606	0x9083      	BCF         LCD_RS, BitPos(LCD_RS+0) 
;__Lib_Lcd.c,95 :: 		
0x0608	0x9A83      	BCF         LCD_D7, BitPos(LCD_D7+0) 
;__Lib_Lcd.c,96 :: 		
0x060A	0x9883      	BCF         LCD_D6, BitPos(LCD_D6+0) 
;__Lib_Lcd.c,97 :: 		
0x060C	0x9683      	BCF         LCD_D5, BitPos(LCD_D5+0) 
;__Lib_Lcd.c,98 :: 		
0x060E	0x9483      	BCF         LCD_D4, BitPos(LCD_D4+0) 
;__Lib_Lcd.c,100 :: 		
0x0610	0xDD37      	RCALL       _Delay_5500us
;__Lib_Lcd.c,101 :: 		
0x0612	0xDD36      	RCALL       _Delay_5500us
;__Lib_Lcd.c,102 :: 		
0x0614	0xDD35      	RCALL       _Delay_5500us
;__Lib_Lcd.c,105 :: 		
0x0616	0x8683      	BSF         LCD_D5, BitPos(LCD_D5+0) 
;__Lib_Lcd.c,106 :: 		
0x0618	0x8483      	BSF         LCD_D4, BitPos(LCD_D4+0) 
;__Lib_Lcd.c,107 :: 		
0x061A	0x8283      	BSF         LCD_EN, BitPos(LCD_EN+0) 
;__Lib_Lcd.c,108 :: 		
0x061C	0xDD2A      	RCALL       _Delay_1us
;__Lib_Lcd.c,109 :: 		
0x061E	0x9283      	BCF         LCD_EN, BitPos(LCD_EN+0) 
;__Lib_Lcd.c,110 :: 		
0x0620	0xDD2F      	RCALL       _Delay_5500us
;__Lib_Lcd.c,112 :: 		
0x0622	0x8283      	BSF         LCD_EN, BitPos(LCD_EN+0) 
;__Lib_Lcd.c,113 :: 		
0x0624	0xDD26      	RCALL       _Delay_1us
;__Lib_Lcd.c,114 :: 		
0x0626	0x9283      	BCF         LCD_EN, BitPos(LCD_EN+0) 
;__Lib_Lcd.c,115 :: 		
0x0628	0xDD2B      	RCALL       _Delay_5500us
;__Lib_Lcd.c,117 :: 		
0x062A	0x8283      	BSF         LCD_EN, BitPos(LCD_EN+0) 
;__Lib_Lcd.c,118 :: 		
0x062C	0xDD22      	RCALL       _Delay_1us
;__Lib_Lcd.c,119 :: 		
0x062E	0x9283      	BCF         LCD_EN, BitPos(LCD_EN+0) 
;__Lib_Lcd.c,120 :: 		
0x0630	0xDD27      	RCALL       _Delay_5500us
;__Lib_Lcd.c,123 :: 		
0x0632	0x9483      	BCF         LCD_D4, BitPos(LCD_D4+0) 
;__Lib_Lcd.c,124 :: 		
0x0634	0x8283      	BSF         LCD_EN, BitPos(LCD_EN+0) 
;__Lib_Lcd.c,125 :: 		
0x0636	0xDD1D      	RCALL       _Delay_1us
;__Lib_Lcd.c,126 :: 		
0x0638	0x9283      	BCF         LCD_EN, BitPos(LCD_EN+0) 
;__Lib_Lcd.c,127 :: 		
0x063A	0xDD22      	RCALL       _Delay_5500us
;__Lib_Lcd.c,130 :: 		
0x063C	0x8283      	BSF         LCD_EN, BitPos(LCD_EN+0) 
;__Lib_Lcd.c,131 :: 		
0x063E	0xDD19      	RCALL       _Delay_1us
;__Lib_Lcd.c,132 :: 		
0x0640	0x9283      	BCF         LCD_EN, BitPos(LCD_EN+0) 
;__Lib_Lcd.c,134 :: 		
0x0642	0x9683      	BCF         LCD_D5, BitPos(LCD_D5+0) 
;__Lib_Lcd.c,135 :: 		
0x0644	0x8A83      	BSF         LCD_D7, BitPos(LCD_D7+0) 
;__Lib_Lcd.c,136 :: 		
0x0646	0x8283      	BSF         LCD_EN, BitPos(LCD_EN+0) 
;__Lib_Lcd.c,137 :: 		
0x0648	0xDD14      	RCALL       _Delay_1us
;__Lib_Lcd.c,138 :: 		
0x064A	0x9283      	BCF         LCD_EN, BitPos(LCD_EN+0) 
;__Lib_Lcd.c,139 :: 		
0x064C	0xDD19      	RCALL       _Delay_5500us
;__Lib_Lcd.c,142 :: 		
0x064E	0x9A83      	BCF         LCD_D7, BitPos(LCD_D7+0) 
;__Lib_Lcd.c,143 :: 		
0x0650	0x8483      	BSF         LCD_D4, BitPos(LCD_D4+0) 
;__Lib_Lcd.c,144 :: 		
0x0652	0x8283      	BSF         LCD_EN, BitPos(LCD_EN+0) 
;__Lib_Lcd.c,145 :: 		
0x0654	0xDD0E      	RCALL       _Delay_1us
;__Lib_Lcd.c,146 :: 		
0x0656	0x9283      	BCF         LCD_EN, BitPos(LCD_EN+0) 
;__Lib_Lcd.c,148 :: 		
0x0658	0x9483      	BCF         LCD_D4, BitPos(LCD_D4+0) 
;__Lib_Lcd.c,149 :: 		
0x065A	0x8283      	BSF         LCD_EN, BitPos(LCD_EN+0) 
;__Lib_Lcd.c,150 :: 		
0x065C	0xDD0A      	RCALL       _Delay_1us
;__Lib_Lcd.c,151 :: 		
0x065E	0x9283      	BCF         LCD_EN, BitPos(LCD_EN+0) 
;__Lib_Lcd.c,152 :: 		
0x0660	0xDD0F      	RCALL       _Delay_5500us
;__Lib_Lcd.c,155 :: 		
0x0662	0x8283      	BSF         LCD_EN, BitPos(LCD_EN+0) 
;__Lib_Lcd.c,156 :: 		
0x0664	0xDD06      	RCALL       _Delay_1us
;__Lib_Lcd.c,157 :: 		
0x0666	0x9283      	BCF         LCD_EN, BitPos(LCD_EN+0) 
;__Lib_Lcd.c,159 :: 		
0x0668	0x8483      	BSF         LCD_D4, BitPos(LCD_D4+0) 
;__Lib_Lcd.c,160 :: 		
0x066A	0x8283      	BSF         LCD_EN, BitPos(LCD_EN+0) 
;__Lib_Lcd.c,161 :: 		
0x066C	0xDD02      	RCALL       _Delay_1us
;__Lib_Lcd.c,162 :: 		
0x066E	0x9283      	BCF         LCD_EN, BitPos(LCD_EN+0) 
;__Lib_Lcd.c,163 :: 		
0x0670	0xDD07      	RCALL       _Delay_5500us
;__Lib_Lcd.c,166 :: 		
0x0672	0x9483      	BCF         LCD_D4, BitPos(LCD_D4+0) 
;__Lib_Lcd.c,167 :: 		
0x0674	0x8283      	BSF         LCD_EN, BitPos(LCD_EN+0) 
;__Lib_Lcd.c,168 :: 		
0x0676	0xDCFD      	RCALL       _Delay_1us
;__Lib_Lcd.c,169 :: 		
0x0678	0x9283      	BCF         LCD_EN, BitPos(LCD_EN+0) 
;__Lib_Lcd.c,171 :: 		
0x067A	0x8A83      	BSF         LCD_D7, BitPos(LCD_D7+0) 
;__Lib_Lcd.c,172 :: 		
0x067C	0x8883      	BSF         LCD_D6, BitPos(LCD_D6+0) 
;__Lib_Lcd.c,173 :: 		
0x067E	0x8683      	BSF         LCD_D5, BitPos(LCD_D5+0) 
;__Lib_Lcd.c,174 :: 		
0x0680	0x8483      	BSF         LCD_D4, BitPos(LCD_D4+0) 
;__Lib_Lcd.c,175 :: 		
0x0682	0x8283      	BSF         LCD_EN, BitPos(LCD_EN+0) 
;__Lib_Lcd.c,176 :: 		
0x0684	0xDCF6      	RCALL       _Delay_1us
;__Lib_Lcd.c,177 :: 		
0x0686	0x9283      	BCF         LCD_EN, BitPos(LCD_EN+0) 
;__Lib_Lcd.c,179 :: 		
0x0688	0xDCFB      	RCALL       _Delay_5500us
;__Lib_Lcd.c,181 :: 		
0x068A	0x8036      	BSF         __Lib_Lcd_cmd_status, BitPos(__Lib_Lcd_cmd_status+0) 
;__Lib_Lcd.c,182 :: 		
L_end_Lcd_Init:
0x068C	0x0012      	RETURN      0
; end of _Lcd_Init
_Lcd_Out:
;__Lib_Lcd.c,184 :: 		
;__Lib_Lcd.c,187 :: 		
0x068E	0xD00F      	BRA         L_Lcd_Out11
;__Lib_Lcd.c,188 :: 		
L_Lcd_Out13:
0x0690	0x0E80      	MOVLW       128
0x0692	0x6E37      	MOVWF       FARG_Lcd_Out_row 
0x0694	0xD019      	BRA         L_Lcd_Out12
;__Lib_Lcd.c,189 :: 		
L_Lcd_Out14:
0x0696	0x0EC0      	MOVLW       192
0x0698	0x6E37      	MOVWF       FARG_Lcd_Out_row 
0x069A	0xD016      	BRA         L_Lcd_Out12
;__Lib_Lcd.c,190 :: 		
L_Lcd_Out15:
0x069C	0x0E94      	MOVLW       148
0x069E	0x6E37      	MOVWF       FARG_Lcd_Out_row 
0x06A0	0xD013      	BRA         L_Lcd_Out12
;__Lib_Lcd.c,191 :: 		
L_Lcd_Out16:
0x06A2	0x0ED4      	MOVLW       212
0x06A4	0x6E37      	MOVWF       FARG_Lcd_Out_row 
0x06A6	0xD010      	BRA         L_Lcd_Out12
;__Lib_Lcd.c,192 :: 		
L_Lcd_Out17:
0x06A8	0x0E80      	MOVLW       128
0x06AA	0x6E37      	MOVWF       FARG_Lcd_Out_row 
;__Lib_Lcd.c,193 :: 		
0x06AC	0xD00D      	BRA         L_Lcd_Out12
L_Lcd_Out11:
0x06AE	0x5037      	MOVF        FARG_Lcd_Out_row, 0 
0x06B0	0x0A01      	XORLW       1
0x06B2	0xE0EE      	BZ          L_Lcd_Out13
0x06B4	0x5037      	MOVF        FARG_Lcd_Out_row, 0 
0x06B6	0x0A02      	XORLW       2
0x06B8	0xE0EE      	BZ          L_Lcd_Out14
0x06BA	0x5037      	MOVF        FARG_Lcd_Out_row, 0 
0x06BC	0x0A03      	XORLW       3
0x06BE	0xE0EE      	BZ          L_Lcd_Out15
0x06C0	0x5037      	MOVF        FARG_Lcd_Out_row, 0 
0x06C2	0x0A04      	XORLW       4
0x06C4	0xE0EE      	BZ          L_Lcd_Out16
0x06C6	0xD7F0      	BRA         L_Lcd_Out17
L_Lcd_Out12:
;__Lib_Lcd.c,194 :: 		
0x06C8	0x0438      	DECF        FARG_Lcd_Out_column, 0 
0x06CA	0x6E00      	MOVWF       R0 
0x06CC	0x5037      	MOVF        FARG_Lcd_Out_row, 0 
0x06CE	0x2600      	ADDWF       R0, 1 
0x06D0	0xF037C000  	MOVFF       R0, FARG_Lcd_Out_row
;__Lib_Lcd.c,196 :: 		
0x06D4	0xF048C000  	MOVFF       R0, FARG_Lcd_Cmd_out_char
0x06D8	0xDCDE      	RCALL       _Lcd_Cmd
;__Lib_Lcd.c,197 :: 		
0x06DA	0x9036      	BCF         __Lib_Lcd_cmd_status, BitPos(__Lib_Lcd_cmd_status+0) 
;__Lib_Lcd.c,198 :: 		
0x06DC	0x6A3B      	CLRF        Lcd_Out_i_L0 
;__Lib_Lcd.c,199 :: 		
L_Lcd_Out18:
0x06DE	0x503B      	MOVF        Lcd_Out_i_L0, 0 
0x06E0	0x2439      	ADDWF       FARG_Lcd_Out_text, 0 
0x06E2	0x6EE9      	MOVWF       FSR0L 
0x06E4	0x0E00      	MOVLW       0
0x06E6	0x203A      	ADDWFC      FARG_Lcd_Out_text+1, 0 
0x06E8	0x6EEA      	MOVWF       FSR0L+1 
0x06EA	0x52EE      	MOVF        POSTINC0, 1 
0x06EC	0xE00B      	BZ          L_Lcd_Out19
;__Lib_Lcd.c,200 :: 		
0x06EE	0x503B      	MOVF        Lcd_Out_i_L0, 0 
0x06F0	0x2439      	ADDWF       FARG_Lcd_Out_text, 0 
0x06F2	0x6EE9      	MOVWF       FSR0L 
0x06F4	0x0E00      	MOVLW       0
0x06F6	0x203A      	ADDWFC      FARG_Lcd_Out_text+1, 0 
0x06F8	0x6EEA      	MOVWF       FSR0L+1 
0x06FA	0xF041CFEE  	MOVFF       POSTINC0, FARG_Lcd_Chr_CP_out_char
0x06FE	0xDF76      	RCALL       _Lcd_Chr_CP
0x0700	0x2A3B      	INCF        Lcd_Out_i_L0, 1 
0x0702	0xD7ED      	BRA         L_Lcd_Out18
L_Lcd_Out19:
;__Lib_Lcd.c,201 :: 		
0x0704	0x8036      	BSF         __Lib_Lcd_cmd_status, BitPos(__Lib_Lcd_cmd_status+0) 
;__Lib_Lcd.c,202 :: 		
L_end_Lcd_Out:
0x0706	0x0012      	RETURN      0
; end of _Lcd_Out
___CC2DW:
;__Lib_System.c,21 :: 		
;__Lib_System.c,23 :: 		
_CC2DL_Loop1:
;__Lib_System.c,24 :: 		
0x0708	0x0009      	TBLRD*+
;__Lib_System.c,25 :: 		
0x070A	0xFFE6CFF5  	MOVFF       TABLAT, POSTINC1
;__Lib_System.c,26 :: 		
0x070E	0x0600      	DECF        R0, 1, 0
;__Lib_System.c,27 :: 		
0x0710	0xE1FB      	BNZ         _CC2DL_Loop1
;__Lib_System.c,28 :: 		
0x0712	0x0601      	DECF        R1, 1, 0
;__Lib_System.c,29 :: 		
0x0714	0xE1F9      	BNZ         _CC2DL_Loop1
;__Lib_System.c,31 :: 		
L_end___CC2DW:
0x0716	0x0012      	RETURN      0
; end of ___CC2DW
_getDistance:
;main.c,32 :: 		unsigned int getDistance(){
;main.c,34 :: 		T0CON=0b01000110;
0x0718	0x0E46      	MOVLW       70
0x071A	0x6ED5      	MOVWF       T0CON 
;main.c,35 :: 		TMR0H=0;
0x071C	0x6AD7      	CLRF        TMR0H 
;main.c,36 :: 		TMR0L=0;
0x071E	0x6AD6      	CLRF        TMR0L 
;main.c,38 :: 		TRIG=1;
0x0720	0x808A      	BSF         LATB0_bit, BitPos(LATB0_bit+0) 
;main.c,39 :: 		delay_us(10);
0x0722	0x0E27      	MOVLW       39
0x0724	0x6E0D      	MOVWF       R13, 0
L_getDistance3:
0x0726	0x2E0D      	DECFSZ      R13, 1, 0
0x0728	0xD7FE      	BRA         L_getDistance3
0x072A	0x0000      	NOP
0x072C	0x0000      	NOP
;main.c,40 :: 		TRIG=0;
0x072E	0x908A      	BCF         LATB0_bit, BitPos(LATB0_bit+0) 
;main.c,42 :: 		while(!ECHO);
L_getDistance4:
0x0730	0xB281      	BTFSC       RB1_bit, BitPos(RB1_bit+0) 
0x0732	0xD001      	BRA         L_getDistance5
0x0734	0xD7FD      	BRA         L_getDistance4
L_getDistance5:
;main.c,43 :: 		TMR0ON_bit=1;
0x0736	0x8ED5      	BSF         TMR0ON_bit, BitPos(TMR0ON_bit+0) 
;main.c,44 :: 		while(ECHO && TMR0L<250);
L_getDistance6:
0x0738	0xA281      	BTFSS       RB1_bit, BitPos(RB1_bit+0) 
0x073A	0xD004      	BRA         L_getDistance7
0x073C	0x0EFA      	MOVLW       250
0x073E	0x5CD6      	SUBWF       TMR0L, 0 
0x0740	0xE201      	BC          L_getDistance7
L__getDistance14:
0x0742	0xD7FA      	BRA         L_getDistance6
L_getDistance7:
;main.c,46 :: 		temp=1.8303*TMR0L;
0x0744	0xF000CFD6  	MOVFF       TMR0L, R0
0x0748	0xDDFE      	RCALL       _byte2double
0x074A	0x0E45      	MOVLW       69
0x074C	0x6E04      	MOVWF       R4 
0x074E	0x0E47      	MOVLW       71
0x0750	0x6E05      	MOVWF       R5 
0x0752	0x0E6A      	MOVLW       106
0x0754	0x6E06      	MOVWF       R6 
0x0756	0x0E7F      	MOVLW       127
0x0758	0x6E07      	MOVWF       R7 
0x075A	0xDE4B      	RCALL       _Mul_32x32_FP
0x075C	0xDEDA      	RCALL       _double2word
;main.c,48 :: 		return temp;
;main.c,49 :: 		}
L_end_getDistance:
0x075E	0x0012      	RETURN      0
; end of _getDistance
_IntToStr:
;__Lib_Conversions.c,195 :: 		
;__Lib_Conversions.c,201 :: 		
0x0760	0x6A3D      	CLRF        IntToStr_negative_L0 
0x0762	0x6A3E      	CLRF        IntToStr_negative_L0+1 
;__Lib_Conversions.c,202 :: 		
0x0764	0xF03FC037  	MOVFF       FARG_IntToStr_input, IntToStr_inword_L0
0x0768	0xF040C038  	MOVFF       FARG_IntToStr_input+1, IntToStr_inword_L0+1
;__Lib_Conversions.c,203 :: 		
0x076C	0x0E80      	MOVLW       128
0x076E	0x1838      	XORWF       FARG_IntToStr_input+1, 0 
0x0770	0x6E00      	MOVWF       R0 
0x0772	0x0E80      	MOVLW       128
0x0774	0x5C00      	SUBWF       R0, 0 
0x0776	0xE102      	BNZ         L__IntToStr387
0x0778	0x0E00      	MOVLW       0
0x077A	0x5C37      	SUBWF       FARG_IntToStr_input, 0 
L__IntToStr387:
0x077C	0xE20B      	BC          L_IntToStr37
;__Lib_Conversions.c,204 :: 		
0x077E	0x0E01      	MOVLW       1
0x0780	0x6E3D      	MOVWF       IntToStr_negative_L0 
0x0782	0x0E00      	MOVLW       0
0x0784	0x6E3E      	MOVWF       IntToStr_negative_L0+1 
;__Lib_Conversions.c,205 :: 		
0x0786	0x5037      	MOVF        FARG_IntToStr_input, 0 
0x0788	0x0800      	SUBLW       0
0x078A	0x6E3F      	MOVWF       IntToStr_inword_L0 
0x078C	0xF040C038  	MOVFF       FARG_IntToStr_input+1, IntToStr_inword_L0+1
0x0790	0x0E00      	MOVLW       0
0x0792	0x5640      	SUBFWB      IntToStr_inword_L0+1, 1 
;__Lib_Conversions.c,206 :: 		
L_IntToStr37:
;__Lib_Conversions.c,207 :: 		
0x0794	0xF041C03F  	MOVFF       IntToStr_inword_L0, FARG_WordToStr_input
0x0798	0xF042C040  	MOVFF       IntToStr_inword_L0+1, FARG_WordToStr_input+1
0x079C	0xF043C039  	MOVFF       FARG_IntToStr_output, FARG_WordToStr_output
0x07A0	0xF044C03A  	MOVFF       FARG_IntToStr_output+1, FARG_WordToStr_output+1
0x07A4	0xDDDE      	RCALL       _WordToStr
;__Lib_Conversions.c,209 :: 		
0x07A6	0x0E06      	MOVLW       6
0x07A8	0x6E3B      	MOVWF       IntToStr_i_L0 
0x07AA	0x0E00      	MOVLW       0
0x07AC	0x6E3C      	MOVWF       IntToStr_i_L0+1 
;__Lib_Conversions.c,210 :: 		
L_IntToStr38:
0x07AE	0x0E00      	MOVLW       0
0x07B0	0x6E00      	MOVWF       R0 
0x07B2	0x503C      	MOVF        IntToStr_i_L0+1, 0 
0x07B4	0x5C00      	SUBWF       R0, 0 
0x07B6	0xE102      	BNZ         L__IntToStr388
0x07B8	0x503B      	MOVF        IntToStr_i_L0, 0 
0x07BA	0x0800      	SUBLW       0
L__IntToStr388:
0x07BC	0xE219      	BC          L_IntToStr39
;__Lib_Conversions.c,211 :: 		
0x07BE	0x503B      	MOVF        IntToStr_i_L0, 0 
0x07C0	0x2439      	ADDWF       FARG_IntToStr_output, 0 
0x07C2	0x6EE1      	MOVWF       FSR1L 
0x07C4	0x503C      	MOVF        IntToStr_i_L0+1, 0 
0x07C6	0x203A      	ADDWFC      FARG_IntToStr_output+1, 0 
0x07C8	0x6EE2      	MOVWF       FSR1L+1 
0x07CA	0x0E01      	MOVLW       1
0x07CC	0x5C3B      	SUBWF       IntToStr_i_L0, 0 
0x07CE	0x6E00      	MOVWF       R0 
0x07D0	0x0E00      	MOVLW       0
0x07D2	0x583C      	SUBWFB      IntToStr_i_L0+1, 0 
0x07D4	0x6E01      	MOVWF       R1 
0x07D6	0x5000      	MOVF        R0, 0 
0x07D8	0x2439      	ADDWF       FARG_IntToStr_output, 0 
0x07DA	0x6EE9      	MOVWF       FSR0L 
0x07DC	0x5001      	MOVF        R1, 0 
0x07DE	0x203A      	ADDWFC      FARG_IntToStr_output+1, 0 
0x07E0	0x6EEA      	MOVWF       FSR0L+1 
0x07E2	0xFFE6CFEE  	MOVFF       POSTINC0, POSTINC1
;__Lib_Conversions.c,212 :: 		
0x07E6	0x0E01      	MOVLW       1
0x07E8	0x5E3B      	SUBWF       IntToStr_i_L0, 1 
0x07EA	0x0E00      	MOVLW       0
0x07EC	0x5A3C      	SUBWFB      IntToStr_i_L0+1, 1 
;__Lib_Conversions.c,213 :: 		
0x07EE	0xD7DF      	BRA         L_IntToStr38
L_IntToStr39:
;__Lib_Conversions.c,214 :: 		
0x07F0	0xFFE1C039  	MOVFF       FARG_IntToStr_output, FSR1L
0x07F4	0xFFE2C03A  	MOVFF       FARG_IntToStr_output+1, FSR1H
0x07F8	0x0E20      	MOVLW       32
0x07FA	0x6EE6      	MOVWF       POSTINC1 
;__Lib_Conversions.c,215 :: 		
0x07FC	0x503D      	MOVF        IntToStr_negative_L0, 0 
0x07FE	0x103E      	IORWF       IntToStr_negative_L0+1, 0 
0x0800	0xE01A      	BZ          L_IntToStr40
;__Lib_Conversions.c,216 :: 		
0x0802	0x6A3B      	CLRF        IntToStr_i_L0 
0x0804	0x6A3C      	CLRF        IntToStr_i_L0+1 
;__Lib_Conversions.c,217 :: 		
L_IntToStr41:
0x0806	0x503B      	MOVF        IntToStr_i_L0, 0 
0x0808	0x2439      	ADDWF       FARG_IntToStr_output, 0 
0x080A	0x6EE9      	MOVWF       FSR0L 
0x080C	0x503C      	MOVF        IntToStr_i_L0+1, 0 
0x080E	0x203A      	ADDWFC      FARG_IntToStr_output+1, 0 
0x0810	0x6EEA      	MOVWF       FSR0L+1 
0x0812	0x50EE      	MOVF        POSTINC0, 0 
0x0814	0x0A20      	XORLW       32
0x0816	0xE103      	BNZ         L_IntToStr42
0x0818	0x4A3B      	INFSNZ      IntToStr_i_L0, 1 
0x081A	0x2A3C      	INCF        IntToStr_i_L0+1, 1 
0x081C	0xD7F4      	BRA         L_IntToStr41
L_IntToStr42:
;__Lib_Conversions.c,218 :: 		
0x081E	0x0E01      	MOVLW       1
0x0820	0x5E3B      	SUBWF       IntToStr_i_L0, 1 
0x0822	0x0E00      	MOVLW       0
0x0824	0x5A3C      	SUBWFB      IntToStr_i_L0+1, 1 
;__Lib_Conversions.c,219 :: 		
0x0826	0x503B      	MOVF        IntToStr_i_L0, 0 
0x0828	0x2439      	ADDWF       FARG_IntToStr_output, 0 
0x082A	0x6EE1      	MOVWF       FSR1L 
0x082C	0x503C      	MOVF        IntToStr_i_L0+1, 0 
0x082E	0x203A      	ADDWFC      FARG_IntToStr_output+1, 0 
0x0830	0x6EE2      	MOVWF       FSR1L+1 
0x0832	0x0E2D      	MOVLW       45
0x0834	0x6EE6      	MOVWF       POSTINC1 
L_IntToStr40:
;__Lib_Conversions.c,220 :: 		
L_end_IntToStr:
0x0836	0x0012      	RETURN      0
; end of _IntToStr
_wait:
;main.c,27 :: 		void wait(unsigned int time){
;main.c,28 :: 		while(time--)
L_wait0:
0x0838	0xF000C037  	MOVFF       FARG_wait_time, R0
0x083C	0xF001C038  	MOVFF       FARG_wait_time+1, R1
0x0840	0x0E01      	MOVLW       1
0x0842	0x5E37      	SUBWF       FARG_wait_time, 1 
0x0844	0x0E00      	MOVLW       0
0x0846	0x5A38      	SUBWFB      FARG_wait_time+1, 1 
0x0848	0x5000      	MOVF        R0, 0 
0x084A	0x1001      	IORWF       R1, 0 
0x084C	0xE00A      	BZ          L_wait1
;main.c,29 :: 		delay_ms(1);
0x084E	0x0E10      	MOVLW       16
0x0850	0x6E0C      	MOVWF       R12, 0
0x0852	0x0E94      	MOVLW       148
0x0854	0x6E0D      	MOVWF       R13, 0
L_wait2:
0x0856	0x2E0D      	DECFSZ      R13, 1, 0
0x0858	0xD7FE      	BRA         L_wait2
0x085A	0x2E0C      	DECFSZ      R12, 1, 0
0x085C	0xD7FC      	BRA         L_wait2
0x085E	0x0000      	NOP
0x0860	0xD7EB      	BRA         L_wait0
L_wait1:
;main.c,30 :: 		}
L_end_wait:
0x0862	0x0012      	RETURN      0
; end of _wait
_main:
0x0864	0xF004EC85  	CALL        2314, 0
;main.c,51 :: 		void main() {
;main.c,52 :: 		TRISA=0b00000000; // [][][][LED][][][][]
0x0868	0x6A92      	CLRF        TRISA 
;main.c,53 :: 		TRISB=0b00000010; // [][][][][][][ECHO][TRIG]
0x086A	0x0E02      	MOVLW       2
0x086C	0x6E93      	MOVWF       TRISB 
;main.c,54 :: 		TRISD=0b00000000; // [][LCD_BACKLIGHT][LCD_D7][LCD_D6][LCD_D5][LCD_D4][LCD_EN][LCD_RS]
0x086E	0x6A95      	CLRF        TRISD 
;main.c,56 :: 		LATA=0x00;
0x0870	0x6A89      	CLRF        LATA 
;main.c,57 :: 		LATB=0x00;
0x0872	0x6A8A      	CLRF        LATB 
;main.c,58 :: 		LATD=0x00;
0x0874	0x6A8C      	CLRF        LATD 
;main.c,60 :: 		ADCON1=0x0F;
0x0876	0x0E0F      	MOVLW       15
0x0878	0x6EC1      	MOVWF       ADCON1 
;main.c,62 :: 		Lcd_Init();
0x087A	0xDEBE      	RCALL       _Lcd_Init
;main.c,63 :: 		LCD_BACKLIGHT=1;
0x087C	0x8C8C      	BSF         LATD6_bit, BitPos(LATD6_bit+0) 
;main.c,65 :: 		Lcd_Out(1,1,"Mesafe:       mm");
0x087E	0x0E01      	MOVLW       1
0x0880	0x6E37      	MOVWF       FARG_Lcd_Out_row 
0x0882	0x0E01      	MOVLW       1
0x0884	0x6E38      	MOVWF       FARG_Lcd_Out_column 
0x0886	0x0E1C      	MOVLW       ?lstr1_main
0x0888	0x6E39      	MOVWF       FARG_Lcd_Out_text 
0x088A	0x0E00      	MOVLW       hi_addr(?lstr1_main)
0x088C	0x6E3A      	MOVWF       FARG_Lcd_Out_text+1 
0x088E	0xDEFF      	RCALL       _Lcd_Out
;main.c,66 :: 		Lcd_Cmd(_LCD_CURSOR_OFF);
0x0890	0x0E0C      	MOVLW       12
0x0892	0x6E48      	MOVWF       FARG_Lcd_Cmd_out_char 
0x0894	0xDC00      	RCALL       _Lcd_Cmd
;main.c,67 :: 		while(1){
L_main10:
;main.c,68 :: 		distance=getDistance();
0x0896	0xDF40      	RCALL       _getDistance
0x0898	0xF034C000  	MOVFF       R0, _distance
0x089C	0xF035C001  	MOVFF       R1, _distance+1
;main.c,69 :: 		IntToStr(distance,txt);
0x08A0	0xF037C000  	MOVFF       R0, FARG_IntToStr_input
0x08A4	0xF038C001  	MOVFF       R1, FARG_IntToStr_input+1
0x08A8	0x0E2D      	MOVLW       _txt
0x08AA	0x6E39      	MOVWF       FARG_IntToStr_output 
0x08AC	0x0E00      	MOVLW       hi_addr(_txt)
0x08AE	0x6E3A      	MOVWF       FARG_IntToStr_output+1 
0x08B0	0xDF57      	RCALL       _IntToStr
;main.c,71 :: 		if(distance>300) Lcd_Out(1,8,"   MAX");
0x08B2	0x5035      	MOVF        _distance+1, 0 
0x08B4	0x0801      	SUBLW       1
0x08B6	0xE102      	BNZ         L__main18
0x08B8	0x5034      	MOVF        _distance, 0 
0x08BA	0x082C      	SUBLW       44
L__main18:
0x08BC	0xE20A      	BC          L_main12
0x08BE	0x0E01      	MOVLW       1
0x08C0	0x6E37      	MOVWF       FARG_Lcd_Out_row 
0x08C2	0x0E08      	MOVLW       8
0x08C4	0x6E38      	MOVWF       FARG_Lcd_Out_column 
0x08C6	0x0E15      	MOVLW       ?lstr2_main
0x08C8	0x6E39      	MOVWF       FARG_Lcd_Out_text 
0x08CA	0x0E00      	MOVLW       hi_addr(?lstr2_main)
0x08CC	0x6E3A      	MOVWF       FARG_Lcd_Out_text+1 
0x08CE	0xDEDF      	RCALL       _Lcd_Out
0x08D0	0xD009      	BRA         L_main13
L_main12:
;main.c,72 :: 		else Lcd_Out(1,8,txt);
0x08D2	0x0E01      	MOVLW       1
0x08D4	0x6E37      	MOVWF       FARG_Lcd_Out_row 
0x08D6	0x0E08      	MOVLW       8
0x08D8	0x6E38      	MOVWF       FARG_Lcd_Out_column 
0x08DA	0x0E2D      	MOVLW       _txt
0x08DC	0x6E39      	MOVWF       FARG_Lcd_Out_text 
0x08DE	0x0E00      	MOVLW       hi_addr(_txt)
0x08E0	0x6E3A      	MOVWF       FARG_Lcd_Out_text+1 
0x08E2	0xDED5      	RCALL       _Lcd_Out
L_main13:
;main.c,74 :: 		wait(100);
0x08E4	0x0E64      	MOVLW       100
0x08E6	0x6E37      	MOVWF       FARG_wait_time 
0x08E8	0x0E00      	MOVLW       0
0x08EA	0x6E38      	MOVWF       FARG_wait_time+1 
0x08EC	0xDFA5      	RCALL       _wait
;main.c,75 :: 		}
0x08EE	0xD7D3      	BRA         L_main10
;main.c,76 :: 		}
L_end_main:
0x08F0	0xD7FF      	BRA         $+0
; end of _main
0x090A	0xF015EE10  	LFSR        1, 21
0x090E	0x0E18      	MOVLW       24
0x0910	0x6E00      	MOVWF       R0 
0x0912	0x0E01      	MOVLW       1
0x0914	0x6E01      	MOVWF       R1 
0x0916	0x0EF2      	MOVLW       242
0x0918	0x6EF6      	MOVWF       TBLPTR 
0x091A	0x0E08      	MOVLW       8
0x091C	0x6EF7      	MOVWF       TBLPTRH 
0x091E	0x0E00      	MOVLW       0
0x0920	0x6EF8      	MOVWF       TBLPTRU 
0x0922	0xF003EC84  	CALL        1800, 0
0x0926	0x0012      	RETURN      0
;main.c,0 :: ?ICS?lstr2_main
0x08F2	0x2020 ;?ICS?lstr2_main+0
0x08F4	0x4D20 ;?ICS?lstr2_main+2
0x08F6	0x5841 ;?ICS?lstr2_main+4
0x08F8	0x00 ;?ICS?lstr2_main+6
; end of ?ICS?lstr2_main
;main.c,0 :: ?ICS?lstr1_main
0x08F9	0x654D ;?ICS?lstr1_main+0
0x08FB	0x6173 ;?ICS?lstr1_main+2
0x08FD	0x6566 ;?ICS?lstr1_main+4
0x08FF	0x203A ;?ICS?lstr1_main+6
0x0901	0x2020 ;?ICS?lstr1_main+8
0x0903	0x2020 ;?ICS?lstr1_main+10
0x0905	0x2020 ;?ICS?lstr1_main+12
0x0907	0x6D6D ;?ICS?lstr1_main+14
0x0909	0x00 ;?ICS?lstr1_main+16
; end of ?ICS?lstr1_main
Symbol List:
//** Routines locations **
//ADDRESS    SIZE    PROCEDURE
//----------------------------------------------
0x001C      [14]    _RES032
0x002A      [26]    _SETFUN32
0x0044       [8]    _FIXSIGN32
0x004C      [14]    _Delay_50us
0x005A      [24]    _SETFOV32
0x0072      [14]    _Delay_1us
0x0080      [22]    _Delay_5500us
0x0096     [124]    _Lcd_Cmd
0x0112     [482]    _NRM4032
0x02F4      [28]    _SETIOV3224
0x0310      [54]    _Div_16X16_U
0x0346      [28]    _byte2double
0x0362     [144]    _WordToStr
0x03F2     [288]    _Mul_32x32_FP
0x0512     [218]    _double2word
0x05EC      [12]    _Lcd_Chr_CP
0x05F8     [150]    _Lcd_Init
0x068E     [122]    _Lcd_Out
0x0708      [16]    ___CC2DW
0x0718      [72]    _getDistance
0x0760     [216]    _IntToStr
0x0838      [44]    _wait
0x0864     [142]    _main
//** Variables locations ** 
//ADDRESS    SIZE    VARIABLE
//----------------------------------------------
0x0000       [1]    R0
0x0001       [1]    R1
0x0001       [1]    __Lib_Conversions_Adjust_Hex_tmp_L0
0x0002       [2]    memcpy_dd_L0
0x0002       [2]    memchr_s_L0
0x0002       [2]    strlen_cp_L0
0x0002       [2]    memset_pp_L0
0x0002       [1]    R2
0x0003       [2]    Ltrim_original_L0
0x0003       [2]    memmove_tt_L0
0x0003       [1]    R3
0x0004       [2]    memcpy_ss_L0
0x0004       [2]    strcat_cp_L0
0x0004       [2]    strncpy_cp_L0
0x0004       [2]    strcpy_cp_L0
0x0004       [1]    R4
0x0004       [2]    strncat_cp_L0
0x0005       [2]    LongWordToHex_input_half_L0
0x0005       [2]    Ltrim_p_L0
0x0005       [1]    R5
0x0005       [2]    LongIntToHex_input_half_L0
0x0005       [2]    memmove_ff_L0
0x0006       [1]    R6
0x0007       [1]    R7
0x0008       [1]    R8
0x0009       [1]    R9
0x000A       [1]    R10
0x000B       [1]    R11
0x000C       [1]    R12
0x000D       [1]    R13
0x000E       [1]    R14
0x000F       [1]    R15
0x0010       [1]    R16
0x0011       [1]    R17
0x0012       [1]    R18
0x0013       [1]    R19
0x0014       [1]    R20
0x0015       [7]    ?lstr2_main
0x001C      [17]    ?lstr1_main
0x002D       [7]    _txt
0x0034       [2]    _distance
0x0036       [0]    __Lib_Lcd_cmd_status
0x0037       [2]    FARG_wait_time
0x0037       [1]    FARG_Lcd_Out_row
0x0037       [2]    FARG_IntToStr_input
0x0038       [1]    FARG_Lcd_Out_column
0x0039       [2]    FARG_IntToStr_output
0x0039       [2]    FARG_Lcd_Out_text
0x003B       [2]    IntToStr_i_L0
0x003B       [1]    Lcd_Out_i_L0
0x003D       [2]    IntToStr_negative_L0
0x003F       [2]    IntToStr_inword_L0
0x0041       [2]    FARG_WordToStr_input
0x0041       [1]    FARG_Lcd_Chr_CP_out_char
0x0043       [2]    FARG_WordToStr_output
0x0045       [1]    WordToStr_len_L0
0x0046       [2]    FLOC__WordToStr
0x0048       [1]    FARG_Lcd_Cmd_out_char
0x0F81       [0]    ECHO
0x0F81       [0]    RB1_bit
0x0F83       [0]    RD1_bit
0x0F83       [0]    RD0_bit
0x0F83       [0]    LCD_RS
0x0F83       [0]    RD3_bit
0x0F83       [0]    RD2_bit
0x0F83       [0]    RD4_bit
0x0F83       [0]    RD5_bit
0x0F83       [0]    LCD_D6
0x0F83       [0]    LCD_D7
0x0F83       [0]    LCD_EN
0x0F83       [0]    LCD_D4
0x0F83       [0]    LCD_D5
0x0F89       [1]    LATA
0x0F8A       [1]    LATB
0x0F8A       [0]    TRIG
0x0F8A       [0]    LATB0_bit
0x0F8C       [0]    LATD6_bit
0x0F8C       [1]    LATD
0x0F8C       [0]    LCD_BACKLIGHT
0x0F92       [1]    TRISA
0x0F93       [1]    TRISB
0x0F95       [0]    LCD_D4_Direction
0x0F95       [0]    LCD_D5_Direction
0x0F95       [0]    LCD_D6_Direction
0x0F95       [0]    TRISD0_bit
0x0F95       [0]    TRISD4_bit
0x0F95       [0]    TRISD3_bit
0x0F95       [0]    TRISD2_bit
0x0F95       [0]    TRISD1_bit
0x0F95       [0]    LCD_D7_Direction
0x0F95       [0]    TRISD5_bit
0x0F95       [1]    TRISD
0x0F95       [0]    LCD_RS_Direction
0x0F95       [0]    LCD_EN_Direction
0x0FC1       [1]    ADCON1
0x0FD5       [1]    T0CON
0x0FD5       [0]    TMR0ON_bit
0x0FD6       [1]    TMR0L
0x0FD7       [1]    TMR0H
0x0FD8       [1]    STATUS
0x0FD9       [1]    FSR2L
0x0FDA       [1]    FSR2H
0x0FDE       [1]    POSTINC2
0x0FE0       [1]    BSR
0x0FE1       [1]    FSR1L
0x0FE2       [1]    FSR1H
0x0FE4       [1]    PREINC1
0x0FE6       [1]    POSTINC1
0x0FE7       [1]    INDF1
0x0FE8       [1]    WREG
0x0FE9       [1]    FSR0L
0x0FEA       [1]    FSR0H
0x0FEE       [1]    POSTINC0
0x0FF3       [1]    PRODL
0x0FF4       [1]    PRODH
0x0FF5       [1]    TABLAT
0x0FF6       [3]    TBLPTR
0x0FF6       [1]    TBLPTRL
0x0FF7       [1]    TBLPTRH
0x0FF8       [1]    TBLPTRU
//** Constants locations ** 
//ADDRESS    SIZE    CONSTANT
//----------------------------------------------
0x08F2       [7]    ?ICS?lstr2_main
0x08F9      [17]    ?ICS?lstr1_main
