;  LST file generated by mikroListExporter - v.2.0 
; Date/Time: 4/19/2021 12:26:24 AM
;----------------------------------------------

;Address Opcode 	ASM
0x0000	0xF000EF24  	GOTO        72
0x0004	0x0000      	NOP
0x0006	0x0000      	NOP
0x0008	0xF000EF00  	GOTO        0
0x000C	0x0000      	NOP
0x000E	0x0000      	NOP
0x0010	0x0000      	NOP
0x0012	0x0000      	NOP
0x0014	0x0000      	NOP
0x0016	0x0000      	NOP
0x0018	0xD7F3      	BRA         0
_wait:
;main.c,19 :: 		void wait(unsigned int time){
;main.c,20 :: 		while(time--)
L_wait0:
0x001C	0xF000C017  	MOVFF       FARG_wait_time, R0
0x0020	0xF001C018  	MOVFF       FARG_wait_time+1, R1
0x0024	0x0E01      	MOVLW       1
0x0026	0x5E17      	SUBWF       FARG_wait_time, 1 
0x0028	0x0E00      	MOVLW       0
0x002A	0x5A18      	SUBWFB      FARG_wait_time+1, 1 
0x002C	0x5000      	MOVF        R0, 0 
0x002E	0x1001      	IORWF       R1, 0 
0x0030	0xE00A      	BZ          L_wait1
;main.c,21 :: 		delay_ms(1);
0x0032	0x0E10      	MOVLW       16
0x0034	0x6E0C      	MOVWF       R12, 0
0x0036	0x0E94      	MOVLW       148
0x0038	0x6E0D      	MOVWF       R13, 0
L_wait2:
0x003A	0x2E0D      	DECFSZ      R13, 1, 0
0x003C	0xD7FE      	BRA         L_wait2
0x003E	0x2E0C      	DECFSZ      R12, 1, 0
0x0040	0xD7FC      	BRA         L_wait2
0x0042	0x0000      	NOP
0x0044	0xD7EB      	BRA         L_wait0
L_wait1:
;main.c,22 :: 		}
L_end_wait:
0x0046	0x0012      	RETURN      0
; end of _wait
_main:
;main.c,24 :: 		void main() {
;main.c,25 :: 		TRISA=0b00000000; // [][][][LED][][][][]
0x0048	0x6A92      	CLRF        TRISA 
;main.c,26 :: 		TRISB=0b00000011; // [][][][][][][BUTTON_DN][BUTTON_UP]
0x004A	0x0E03      	MOVLW       3
0x004C	0x6E93      	MOVWF       TRISB 
;main.c,27 :: 		TRISD=0b00000000; // [LEDB4][LEDB3][LEDB2][LEDB1][LEDR4][LEDR3][LEDR2][LEDR1]
0x004E	0x6A95      	CLRF        TRISD 
;main.c,29 :: 		LATA=0x00;
0x0050	0x6A89      	CLRF        LATA 
;main.c,30 :: 		LATB=0x00;
0x0052	0x6A8A      	CLRF        LATB 
;main.c,31 :: 		LATD=0x00;
0x0054	0x6A8C      	CLRF        LATD 
;main.c,33 :: 		ADCON1=0xFF;
0x0056	0x0EFF      	MOVLW       255
0x0058	0x6EC1      	MOVWF       ADCON1 
;main.c,36 :: 		while(1){
L_main3:
;main.c,37 :: 		LATD=0b00000001;
0x005A	0x0E01      	MOVLW       1
0x005C	0x6E8C      	MOVWF       LATD 
;main.c,38 :: 		for(j=0;j<3;j++){
0x005E	0x6A16      	CLRF        _j 
L_main5:
0x0060	0x0E03      	MOVLW       3
0x0062	0x5C16      	SUBWF       _j, 0 
0x0064	0xE224      	BC          L_main6
;main.c,39 :: 		for(i=0;i<7;i++){
0x0066	0x6A15      	CLRF        _i 
L_main8:
0x0068	0x0E07      	MOVLW       7
0x006A	0x5C15      	SUBWF       _i, 0 
0x006C	0xE20D      	BC          L_main9
;main.c,40 :: 		LATD<<=1;
0x006E	0xF000CF8C  	MOVFF       LATD, R0
0x0072	0x3600      	RLCF        R0, 1 
0x0074	0x9000      	BCF         R0, 0 
0x0076	0xFF8CC000  	MOVFF       R0, LATD
;main.c,41 :: 		wait(75);
0x007A	0x0E4B      	MOVLW       75
0x007C	0x6E17      	MOVWF       FARG_wait_time 
0x007E	0x0E00      	MOVLW       0
0x0080	0x6E18      	MOVWF       FARG_wait_time+1 
0x0082	0xDFCC      	RCALL       _wait
;main.c,39 :: 		for(i=0;i<7;i++){
0x0084	0x2A15      	INCF        _i, 1 
;main.c,42 :: 		}
0x0086	0xD7F0      	BRA         L_main8
L_main9:
;main.c,43 :: 		for(i=0;i<7;i++){
0x0088	0x6A15      	CLRF        _i 
L_main11:
0x008A	0x0E07      	MOVLW       7
0x008C	0x5C15      	SUBWF       _i, 0 
0x008E	0xE20D      	BC          L_main12
;main.c,44 :: 		LATD>>=1;
0x0090	0xF000CF8C  	MOVFF       LATD, R0
0x0094	0x3200      	RRCF        R0, 1 
0x0096	0x9E00      	BCF         R0, 7 
0x0098	0xFF8CC000  	MOVFF       R0, LATD
;main.c,45 :: 		wait(75);
0x009C	0x0E4B      	MOVLW       75
0x009E	0x6E17      	MOVWF       FARG_wait_time 
0x00A0	0x0E00      	MOVLW       0
0x00A2	0x6E18      	MOVWF       FARG_wait_time+1 
0x00A4	0xDFBB      	RCALL       _wait
;main.c,43 :: 		for(i=0;i<7;i++){
0x00A6	0x2A15      	INCF        _i, 1 
;main.c,46 :: 		}
0x00A8	0xD7F0      	BRA         L_main11
L_main12:
;main.c,38 :: 		for(j=0;j<3;j++){
0x00AA	0x2A16      	INCF        _j, 1 
;main.c,47 :: 		}
0x00AC	0xD7D9      	BRA         L_main5
L_main6:
;main.c,48 :: 		for(j=0;j<3;j++){
0x00AE	0x6A16      	CLRF        _j 
L_main14:
0x00B0	0x0E03      	MOVLW       3
0x00B2	0x5C16      	SUBWF       _j, 0 
0x00B4	0xE228      	BC          L_main15
;main.c,49 :: 		for(i=0;i<5;i++){
0x00B6	0x6A15      	CLRF        _i 
L_main17:
0x00B8	0x0E05      	MOVLW       5
0x00BA	0x5C15      	SUBWF       _i, 0 
0x00BC	0xE20F      	BC          L_main18
;main.c,50 :: 		LATD=0b00001111;
0x00BE	0x0E0F      	MOVLW       15
0x00C0	0x6E8C      	MOVWF       LATD 
;main.c,51 :: 		wait(50);
0x00C2	0x0E32      	MOVLW       50
0x00C4	0x6E17      	MOVWF       FARG_wait_time 
0x00C6	0x0E00      	MOVLW       0
0x00C8	0x6E18      	MOVWF       FARG_wait_time+1 
0x00CA	0xDFA8      	RCALL       _wait
;main.c,52 :: 		LATD=0b00000000;
0x00CC	0x6A8C      	CLRF        LATD 
;main.c,53 :: 		wait(50);
0x00CE	0x0E32      	MOVLW       50
0x00D0	0x6E17      	MOVWF       FARG_wait_time 
0x00D2	0x0E00      	MOVLW       0
0x00D4	0x6E18      	MOVWF       FARG_wait_time+1 
0x00D6	0xDFA2      	RCALL       _wait
;main.c,49 :: 		for(i=0;i<5;i++){
0x00D8	0x2A15      	INCF        _i, 1 
;main.c,54 :: 		}
0x00DA	0xD7EE      	BRA         L_main17
L_main18:
;main.c,55 :: 		for(i=0;i<5;i++){
0x00DC	0x6A15      	CLRF        _i 
L_main20:
0x00DE	0x0E05      	MOVLW       5
0x00E0	0x5C15      	SUBWF       _i, 0 
0x00E2	0xE20F      	BC          L_main21
;main.c,56 :: 		LATD=0b11110000;
0x00E4	0x0EF0      	MOVLW       240
0x00E6	0x6E8C      	MOVWF       LATD 
;main.c,57 :: 		wait(50);
0x00E8	0x0E32      	MOVLW       50
0x00EA	0x6E17      	MOVWF       FARG_wait_time 
0x00EC	0x0E00      	MOVLW       0
0x00EE	0x6E18      	MOVWF       FARG_wait_time+1 
0x00F0	0xDF95      	RCALL       _wait
;main.c,58 :: 		LATD=0b00000000;
0x00F2	0x6A8C      	CLRF        LATD 
;main.c,59 :: 		wait(50);
0x00F4	0x0E32      	MOVLW       50
0x00F6	0x6E17      	MOVWF       FARG_wait_time 
0x00F8	0x0E00      	MOVLW       0
0x00FA	0x6E18      	MOVWF       FARG_wait_time+1 
0x00FC	0xDF8F      	RCALL       _wait
;main.c,55 :: 		for(i=0;i<5;i++){
0x00FE	0x2A15      	INCF        _i, 1 
;main.c,60 :: 		}
0x0100	0xD7EE      	BRA         L_main20
L_main21:
;main.c,48 :: 		for(j=0;j<3;j++){
0x0102	0x2A16      	INCF        _j, 1 
;main.c,61 :: 		}
0x0104	0xD7D5      	BRA         L_main14
L_main15:
;main.c,62 :: 		}
0x0106	0xD7A9      	BRA         L_main3
;main.c,63 :: 		}
L_end_main:
0x0108	0xD7FF      	BRA         $+0
; end of _main
Symbol List:
//** Routines locations **
//ADDRESS    SIZE    PROCEDURE
//----------------------------------------------
0x001C      [44]    _wait
0x0048     [194]    _main
//** Variables locations ** 
//ADDRESS    SIZE    VARIABLE
//----------------------------------------------
0x0000       [1]    R0
0x0001       [1]    R1
0x0002       [1]    R2
0x0003       [1]    R3
0x0004       [1]    R4
0x0005       [1]    R5
0x0006       [1]    R6
0x0007       [1]    R7
0x0008       [1]    R8
0x0009       [1]    R9
0x000A       [1]    R10
0x000B       [1]    R11
0x000C       [1]    R12
0x000D       [1]    R13
0x000E       [1]    R14
0x000F       [1]    R15
0x0010       [1]    R16
0x0011       [1]    R17
0x0012       [1]    R18
0x0013       [1]    R19
0x0014       [1]    R20
0x0015       [1]    _i
0x0016       [1]    _j
0x0017       [2]    FARG_wait_time
0x0F89       [1]    LATA
0x0F8A       [1]    LATB
0x0F8C       [1]    LATD
0x0F92       [1]    TRISA
0x0F93       [1]    TRISB
0x0F95       [1]    TRISD
0x0FC1       [1]    ADCON1
0x0FD8       [1]    STATUS
0x0FD9       [1]    FSR2L
0x0FDA       [1]    FSR2H
0x0FDE       [1]    POSTINC2
0x0FE0       [1]    BSR
0x0FE1       [1]    FSR1L
0x0FE2       [1]    FSR1H
0x0FE4       [1]    PREINC1
0x0FE6       [1]    POSTINC1
0x0FE7       [1]    INDF1
0x0FE8       [1]    WREG
0x0FE9       [1]    FSR0L
0x0FEA       [1]    FSR0H
0x0FEE       [1]    POSTINC0
0x0FF3       [1]    PRODL
0x0FF4       [1]    PRODH
0x0FF5       [1]    TABLAT
0x0FF6       [1]    TBLPTRL
0x0FF7       [1]    TBLPTRH
0x0FF8       [1]    TBLPTRU
