;  LST file generated by mikroListExporter - v.2.0 
; Date/Time: 4/18/2021 2:00:16 AM
;----------------------------------------------

;Address Opcode 	ASM
0x0000	0xF000EF1D  	GOTO        58
0x0004	0x0000      	NOP
0x0006	0x0000      	NOP
0x0008	0xF000EF00  	GOTO        0
0x000C	0x0000      	NOP
0x000E	0x0000      	NOP
0x0010	0x0000      	NOP
0x0012	0x0000      	NOP
0x0014	0x0000      	NOP
0x0016	0x0000      	NOP
0x0018	0xD7F3      	BRA         0
_wait:
;main.c,12 :: 		void wait(){
;main.c,13 :: 		delay_ms(50);
0x001C	0x0E04      	MOVLW       4
0x001E	0x6E0B      	MOVWF       R11, 0
0x0020	0x0E0C      	MOVLW       12
0x0022	0x6E0C      	MOVWF       R12, 0
0x0024	0x0E33      	MOVLW       51
0x0026	0x6E0D      	MOVWF       R13, 0
L_wait0:
0x0028	0x2E0D      	DECFSZ      R13, 1, 0
0x002A	0xD7FE      	BRA         L_wait0
0x002C	0x2E0C      	DECFSZ      R12, 1, 0
0x002E	0xD7FC      	BRA         L_wait0
0x0030	0x2E0B      	DECFSZ      R11, 1, 0
0x0032	0xD7FA      	BRA         L_wait0
0x0034	0x0000      	NOP
0x0036	0x0000      	NOP
;main.c,14 :: 		}
L_end_wait:
0x0038	0x0012      	RETURN      0
; end of _wait
_main:
;main.c,16 :: 		void main() {
;main.c,17 :: 		TRISA=0b00000000; // [][][][LED][][][][]
0x003A	0x6A92      	CLRF        TRISA 
;main.c,18 :: 		TRISD=0b00000000; // [][][][][LEDB][LEDY][LEDG][LEDR]
0x003C	0x6A95      	CLRF        TRISD 
;main.c,20 :: 		LATA=0x00;
0x003E	0x6A89      	CLRF        LATA 
;main.c,21 :: 		LATD=0x00;
0x0040	0x6A8C      	CLRF        LATD 
;main.c,23 :: 		while(1){
L_main1:
;main.c,24 :: 		LED=!LED;
0x0042	0x7889      	BTG         LATA4_bit, BitPos(LATA4_bit+0) 
;main.c,26 :: 		for(i=0;i<5;i++){
0x0044	0x6A15      	CLRF        _i 
L_main3:
0x0046	0x0E05      	MOVLW       5
0x0048	0x5C15      	SUBWF       _i, 0 
0x004A	0xE206      	BC          L_main4
;main.c,27 :: 		LEDR=1; wait(); LEDR=0; wait();
0x004C	0x808C      	BSF         LATD0_bit, BitPos(LATD0_bit+0) 
0x004E	0xDFE6      	RCALL       _wait
0x0050	0x908C      	BCF         LATD0_bit, BitPos(LATD0_bit+0) 
0x0052	0xDFE4      	RCALL       _wait
;main.c,26 :: 		for(i=0;i<5;i++){
0x0054	0x2A15      	INCF        _i, 1 
;main.c,28 :: 		}
0x0056	0xD7F7      	BRA         L_main3
L_main4:
;main.c,29 :: 		for(i=0;i<5;i++){
0x0058	0x6A15      	CLRF        _i 
L_main6:
0x005A	0x0E05      	MOVLW       5
0x005C	0x5C15      	SUBWF       _i, 0 
0x005E	0xE206      	BC          L_main7
;main.c,30 :: 		LEDB=1; wait(); LEDB=0; wait();
0x0060	0x868C      	BSF         LATD3_bit, BitPos(LATD3_bit+0) 
0x0062	0xDFDC      	RCALL       _wait
0x0064	0x968C      	BCF         LATD3_bit, BitPos(LATD3_bit+0) 
0x0066	0xDFDA      	RCALL       _wait
;main.c,29 :: 		for(i=0;i<5;i++){
0x0068	0x2A15      	INCF        _i, 1 
;main.c,31 :: 		}
0x006A	0xD7F7      	BRA         L_main6
L_main7:
;main.c,32 :: 		}
0x006C	0xD7EA      	BRA         L_main1
;main.c,33 :: 		}
L_end_main:
0x006E	0xD7FF      	BRA         $+0
; end of _main
Symbol List:
//** Routines locations **
//ADDRESS    SIZE    PROCEDURE
//----------------------------------------------
0x001C      [30]    _wait
0x003A      [54]    _main
//** Variables locations ** 
//ADDRESS    SIZE    VARIABLE
//----------------------------------------------
0x0000       [1]    R0
0x0001       [1]    R1
0x0002       [1]    R2
0x0003       [1]    R3
0x0004       [1]    R4
0x0005       [1]    R5
0x0006       [1]    R6
0x0007       [1]    R7
0x0008       [1]    R8
0x0009       [1]    R9
0x000A       [1]    R10
0x000B       [1]    R11
0x000C       [1]    R12
0x000D       [1]    R13
0x000E       [1]    R14
0x000F       [1]    R15
0x0010       [1]    R16
0x0011       [1]    R17
0x0012       [1]    R18
0x0013       [1]    R19
0x0014       [1]    R20
0x0015       [1]    _i
0x0F89       [0]    LED
0x0F89       [1]    LATA
0x0F89       [0]    LATA4_bit
0x0F8C       [0]    LEDB
0x0F8C       [0]    LEDR
0x0F8C       [1]    LATD
0x0F8C       [0]    LATD0_bit
0x0F8C       [0]    LATD3_bit
0x0F92       [1]    TRISA
0x0F95       [1]    TRISD
0x0FD8       [1]    STATUS
0x0FD9       [1]    FSR2L
0x0FDA       [1]    FSR2H
0x0FDE       [1]    POSTINC2
0x0FE0       [1]    BSR
0x0FE1       [1]    FSR1L
0x0FE2       [1]    FSR1H
0x0FE4       [1]    PREINC1
0x0FE6       [1]    POSTINC1
0x0FE7       [1]    INDF1
0x0FE8       [1]    WREG
0x0FE9       [1]    FSR0L
0x0FEA       [1]    FSR0H
0x0FEE       [1]    POSTINC0
0x0FF3       [1]    PRODL
0x0FF4       [1]    PRODH
0x0FF5       [1]    TABLAT
0x0FF6       [1]    TBLPTRL
0x0FF7       [1]    TBLPTRH
0x0FF8       [1]    TBLPTRU
