;  LST file generated by mikroListExporter - v.2.0 
; Date/Time: 4/27/2021 2:25:56 AM
;----------------------------------------------

;Address Opcode 	ASM
0x0000	0xF001EFDC  	GOTO        952
0x0004	0x0000      	NOP
0x0006	0x0000      	NOP
0x0008	0xF000EF00  	GOTO        0
0x000C	0x0000      	NOP
0x000E	0x0000      	NOP
0x0010	0x0000      	NOP
0x0012	0x0000      	NOP
0x0014	0x0000      	NOP
0x0016	0x0000      	NOP
0x0018	0xD7F3      	BRA         0
_FIXSIGN32:
;__Lib_MathDouble.c,117 :: 		
;__Lib_MathDouble.c,121 :: 		
0x001C	0xAE0A      	BTFSS       R10, 7, 0
;__Lib_MathDouble.c,122 :: 		
0x001E	0x9E02      	BCF         R2, 7, 0
;__Lib_MathDouble.c,123 :: 		
0x0020	0x0E00      	MOVLW       0
;__Lib_MathDouble.c,125 :: 		
L_end_FIXSIGN32:
0x0022	0x0012      	RETURN      0
; end of _FIXSIGN32
_SETFUN32:
;__Lib_MathDouble.c,144 :: 		
;__Lib_MathDouble.c,152 :: 		
0x0024	0x840B      	BSF         R11, 2, 0
;__Lib_MathDouble.c,153 :: 		
0x0026	0xAE0B      	BTFSS       R11, 7, 0
;__Lib_MathDouble.c,154 :: 		
0x0028	0xF000EF1D  	GOTO        SETFUN32EEE
;__Lib_MathDouble.c,156 :: 		
0x002C	0x0E01      	MOVLW       1
;__Lib_MathDouble.c,157 :: 		
0x002E	0x6E03      	MOVWF       R3, 0
;__Lib_MathDouble.c,158 :: 		
0x0030	0x6A02      	CLRF        R2, 0
;__Lib_MathDouble.c,159 :: 		
0x0032	0x6A01      	CLRF        R1, 0
;__Lib_MathDouble.c,160 :: 		
0x0034	0x6A00      	CLRF        R0, 0
;__Lib_MathDouble.c,161 :: 		
0x0036	0x360A      	RLCF        R10, 1, 0
;__Lib_MathDouble.c,162 :: 		
0x0038	0x3202      	RRCF        R2, 1, 0
;__Lib_MathDouble.c,163 :: 		
SETFUN32EEE:
;__Lib_MathDouble.c,164 :: 		
0x003A	0x0EFF      	MOVLW       255
;__Lib_MathDouble.c,166 :: 		
L_end_SETFUN32:
0x003C	0x0012      	RETURN      0
; end of _SETFUN32
_RES032:
;__Lib_MathDouble.c,128 :: 		
;__Lib_MathDouble.c,134 :: 		
0x003E	0x6A02      	CLRF        R2, 0
;__Lib_MathDouble.c,135 :: 		
0x0040	0x6A01      	CLRF        R1, 0
;__Lib_MathDouble.c,136 :: 		
0x0042	0x6A00      	CLRF        R0, 0
;__Lib_MathDouble.c,137 :: 		
0x0044	0x6A08      	CLRF        R8, 0
;__Lib_MathDouble.c,138 :: 		
0x0046	0x6A03      	CLRF        R3, 0
;__Lib_MathDouble.c,139 :: 		
0x0048	0x0E00      	MOVLW       0
;__Lib_MathDouble.c,141 :: 		
L_end_RES032:
0x004A	0x0012      	RETURN      0
; end of _RES032
_SETIOV3224:
;__Lib_MathDouble.c,530 :: 		
;__Lib_MathDouble.c,537 :: 		
0x004C	0x800B      	BSF         R11, 0, 0
;__Lib_MathDouble.c,538 :: 		
0x004E	0xAE0B      	BTFSS       R11, 7, 0
;__Lib_MathDouble.c,539 :: 		
0x0050	0xF000EF32  	GOTO        SETIOV3224EEE
;__Lib_MathDouble.c,541 :: 		
0x0054	0x6A02      	CLRF        R2, 0
;__Lib_MathDouble.c,542 :: 		
0x0056	0xAE0A      	BTFSS       R10, 7, 0
;__Lib_MathDouble.c,543 :: 		
0x0058	0x0EFF      	MOVLW       255
;__Lib_MathDouble.c,544 :: 		
0x005A	0x6E02      	MOVWF       R2, 0
;__Lib_MathDouble.c,545 :: 		
0x005C	0x6E01      	MOVWF       R1, 0
;__Lib_MathDouble.c,546 :: 		
0x005E	0x6E00      	MOVWF       R0, 0
;__Lib_MathDouble.c,547 :: 		
0x0060	0x360A      	RLCF        R10, 1, 0
;__Lib_MathDouble.c,548 :: 		
0x0062	0x3202      	RRCF        R2, 1, 0
;__Lib_MathDouble.c,549 :: 		
SETIOV3224EEE:
;__Lib_MathDouble.c,550 :: 		
0x0064	0x0EFF      	MOVLW       255
;__Lib_MathDouble.c,552 :: 		
L_end_SETIOV3224:
0x0066	0x0012      	RETURN      0
; end of _SETIOV3224
_NRM3232:
;__Lib_MathDouble.c,455 :: 		
;__Lib_MathDouble.c,463 :: 		
0x0068	0x6A0C      	CLRF        R12, 0
;__Lib_MathDouble.c,464 :: 		
0x006A	0x6A0E      	CLRF        R14, 0
;__Lib_MathDouble.c,465 :: 		
0x006C	0x5002      	MOVF        R2, 0, 0
;__Lib_MathDouble.c,466 :: 		
0x006E	0xA4D8      	BTFSS       STATUS, 2, 0
;__Lib_MathDouble.c,467 :: 		
0x0070	0xF000EF4D  	GOTO        NORM3232
;__Lib_MathDouble.c,468 :: 		
0x0074	0xF002C001  	MOVFF       R1, R2
;__Lib_MathDouble.c,469 :: 		
0x0078	0xF001C000  	MOVFF       R0, R1
;__Lib_MathDouble.c,470 :: 		
0x007C	0x6A00      	CLRF        R0, 0
;__Lib_MathDouble.c,471 :: 		
0x007E	0x860E      	BSF         R14, 3, 0
;__Lib_MathDouble.c,473 :: 		
0x0080	0x5002      	MOVF        R2, 0, 0
;__Lib_MathDouble.c,474 :: 		
0x0082	0xA4D8      	BTFSS       STATUS, 2, 0
;__Lib_MathDouble.c,475 :: 		
0x0084	0xF000EF4D  	GOTO        NORM3232
;__Lib_MathDouble.c,476 :: 		
0x0088	0xF002C001  	MOVFF       R1, R2
;__Lib_MathDouble.c,477 :: 		
0x008C	0x6A01      	CLRF        R1, 0
;__Lib_MathDouble.c,478 :: 		
0x008E	0x960E      	BCF         R14, 3, 0
;__Lib_MathDouble.c,479 :: 		
0x0090	0x880E      	BSF         R14, 4, 0
;__Lib_MathDouble.c,481 :: 		
0x0092	0x5002      	MOVF        R2, 0, 0
;__Lib_MathDouble.c,482 :: 		
0x0094	0xB4D8      	BTFSC       STATUS, 2, 0
;__Lib_MathDouble.c,483 :: 		
0x0096	0xF000EF5F  	GOTO        JPNRES032
;__Lib_MathDouble.c,484 :: 		
NORM3232:
;__Lib_MathDouble.c,485 :: 		
0x009A	0x500E      	MOVF        R14, 0, 0
;__Lib_MathDouble.c,486 :: 		
0x009C	0x5E03      	SUBWF       R3, 1, 0
;__Lib_MathDouble.c,487 :: 		
0x009E	0xA4D8      	BTFSS       STATUS, 2, 0
;__Lib_MathDouble.c,488 :: 		
0x00A0	0xA0D8      	BTFSS       STATUS, 0, 0
;__Lib_MathDouble.c,489 :: 		
0x00A2	0xF000EF64  	GOTO        JPNSETFUN32
;__Lib_MathDouble.c,490 :: 		
0x00A6	0x90D8      	BCF         STATUS, 0, 0
;__Lib_MathDouble.c,491 :: 		
NORM3232A:
;__Lib_MathDouble.c,492 :: 		
0x00A8	0xBE02      	BTFSC       R2, 7, 0
;__Lib_MathDouble.c,493 :: 		
0x00AA	0xF000EF69  	GOTO        JMPNFIXSIGN32
;__Lib_MathDouble.c,494 :: 		
0x00AE	0x3600      	RLCF        R0, 1, 0
;__Lib_MathDouble.c,495 :: 		
0x00B0	0x3601      	RLCF        R1, 1, 0
;__Lib_MathDouble.c,496 :: 		
0x00B2	0x3602      	RLCF        R2, 1, 0
;__Lib_MathDouble.c,497 :: 		
0x00B4	0x2E03      	DECFSZ      R3, 1, 0
;__Lib_MathDouble.c,498 :: 		
0x00B6	0xF000EF54  	GOTO        NORM3232A
;__Lib_MathDouble.c,499 :: 		
0x00BA	0xF000EF64  	GOTO        JPNSETFUN32
;__Lib_MathDouble.c,500 :: 		
JPNRES032:
;__Lib_MathDouble.c,501 :: 		
0x00BE	0x0E01      	MOVLW       1
;__Lib_MathDouble.c,502 :: 		
0x00C0	0x6E0C      	MOVWF       R12, 0
;__Lib_MathDouble.c,504 :: 		
0x00C2	0xDFBD      	RCALL       _RES032
;__Lib_MathDouble.c,506 :: 		
0x00C4	0xF000EF6C  	GOTO        NORM32EEE
;__Lib_MathDouble.c,507 :: 		
JPNSETFUN32:
;__Lib_MathDouble.c,508 :: 		
0x00C8	0x0E02      	MOVLW       2
;__Lib_MathDouble.c,509 :: 		
0x00CA	0x6E0C      	MOVWF       R12, 0
;__Lib_MathDouble.c,511 :: 		
0x00CC	0xDFAB      	RCALL       _SETFUN32
;__Lib_MathDouble.c,513 :: 		
0x00CE	0xF000EF6C  	GOTO        NORM32EEE
;__Lib_MathDouble.c,514 :: 		
JMPNFIXSIGN32:
;__Lib_MathDouble.c,515 :: 		
0x00D2	0x0E04      	MOVLW       4
;__Lib_MathDouble.c,516 :: 		
0x00D4	0x6E0C      	MOVWF       R12, 0
;__Lib_MathDouble.c,518 :: 		
0x00D6	0xDFA2      	RCALL       _FIXSIGN32
;__Lib_MathDouble.c,520 :: 		
NORM32EEE:
;__Lib_MathDouble.c,527 :: 		
L_end_NRM3232:
0x00D8	0x0012      	RETURN      0
; end of _NRM3232
_Delay_22us:
;__Lib_Delays.c,15 :: 		void Delay_22us() {
;__Lib_Delays.c,16 :: 		Delay_us(22);
0x00DA	0x0E57      	MOVLW       87
0x00DC	0x6E0D      	MOVWF       R13, 0
L_Delay_22us2:
0x00DE	0x2E0D      	DECFSZ      R13, 1, 0
0x00E0	0xD7FE      	BRA         L_Delay_22us2
0x00E2	0x0000      	NOP
0x00E4	0x0000      	NOP
;__Lib_Delays.c,17 :: 		}
L_end_Delay_22us:
0x00E6	0x0012      	RETURN      0
; end of _Delay_22us
_SETFOV32:
;__Lib_MathDouble.c,82 :: 		
;__Lib_MathDouble.c,90 :: 		
0x00E8	0x820B      	BSF         R11, 1, 0
;__Lib_MathDouble.c,91 :: 		
0x00EA	0xAE0B      	BTFSS       R11, 7, 0
;__Lib_MathDouble.c,92 :: 		
0x00EC	0xF000EF7E  	GOTO        SETFOV32EEE
;__Lib_MathDouble.c,94 :: 		
0x00F0	0x6803      	SETF        R3, 0
;__Lib_MathDouble.c,95 :: 		
0x00F2	0x6802      	SETF        R2, 0
;__Lib_MathDouble.c,96 :: 		
0x00F4	0x6801      	SETF        R1, 0
;__Lib_MathDouble.c,97 :: 		
0x00F6	0x6800      	SETF        R0, 0
;__Lib_MathDouble.c,98 :: 		
0x00F8	0x360A      	RLCF        R10, 1, 0
;__Lib_MathDouble.c,99 :: 		
0x00FA	0x3202      	RRCF        R2, 1, 0
;__Lib_MathDouble.c,100 :: 		
SETFOV32EEE:
;__Lib_MathDouble.c,101 :: 		
0x00FC	0x0EFF      	MOVLW       255
;__Lib_MathDouble.c,103 :: 		
L_end_SETFOV32:
0x00FE	0x0012      	RETURN      0
; end of _SETFOV32
_double2word:
;__Lib_MathDouble.c,2023 :: 		
;__Lib_MathDouble.c,2032 :: 		
0x0100	0x6A0B      	CLRF        R11, 0
;__Lib_MathDouble.c,2033 :: 		
0x0102	0x6A0C      	CLRF        R12, 0
;__Lib_MathDouble.c,2034 :: 		
0x0104	0x6A0A      	CLRF        R10, 0
;__Lib_MathDouble.c,2036 :: 		
0x0106	0x5003      	MOVF        R3, 0, 0
;__Lib_MathDouble.c,2037 :: 		
0x0108	0xB4D8      	BTFSC       STATUS, 2, 0
;__Lib_MathDouble.c,2038 :: 		
0x010A	0xF000EFCA  	GOTO        IRES016U
;__Lib_MathDouble.c,2040 :: 		
0x010E	0x8E02      	BSF         R2, 7, 0
;__Lib_MathDouble.c,2042 :: 		
0x0110	0x0E8E      	MOVLW       142
;__Lib_MathDouble.c,2043 :: 		
0x0112	0x5E03      	SUBWF       R3, 1, 0
;__Lib_MathDouble.c,2044 :: 		
0x0114	0xBE03      	BTFSC       R3, 7, 0
;__Lib_MathDouble.c,2045 :: 		
0x0116	0xF000EF92  	GOTO        SETEXP16U
;__Lib_MathDouble.c,2046 :: 		
0x011A	0xB4D8      	BTFSC       STATUS, 2, 0
;__Lib_MathDouble.c,2047 :: 		
0x011C	0xF000EF92  	GOTO        SETEXP16U
;__Lib_MathDouble.c,2048 :: 		
0x0120	0xF000EFCE  	GOTO        SETIOV16U
;__Lib_MathDouble.c,2049 :: 		
SETEXP16U:
;__Lib_MathDouble.c,2050 :: 		
0x0124	0x6C03      	NEGF        R3, 0
;__Lib_MathDouble.c,2052 :: 		
0x0126	0x0E08      	MOVLW       8
;__Lib_MathDouble.c,2053 :: 		
0x0128	0x5C03      	SUBWF       R3, 0, 0
;__Lib_MathDouble.c,2054 :: 		
0x012A	0xA0D8      	BTFSS       STATUS, 0, 0
;__Lib_MathDouble.c,2055 :: 		
0x012C	0xF000EFA9  	GOTO        TSHIFT3216U
;__Lib_MathDouble.c,2056 :: 		
0x0130	0x6E03      	MOVWF       R3, 0
;__Lib_MathDouble.c,2057 :: 		
0x0132	0x3601      	RLCF        R1, 1, 0
;__Lib_MathDouble.c,2058 :: 		
0x0134	0xF001C002  	MOVFF       R2, R1
;__Lib_MathDouble.c,2059 :: 		
0x0138	0x6A02      	CLRF        R2, 0
;__Lib_MathDouble.c,2061 :: 		
0x013A	0x0E08      	MOVLW       8
;__Lib_MathDouble.c,2062 :: 		
0x013C	0x5C03      	SUBWF       R3, 0, 0
;__Lib_MathDouble.c,2063 :: 		
0x013E	0xA0D8      	BTFSS       STATUS, 0, 0
;__Lib_MathDouble.c,2064 :: 		
0x0140	0xF000EFA9  	GOTO        TSHIFT3216U
;__Lib_MathDouble.c,2065 :: 		
0x0144	0x3601      	RLCF        R1, 1, 0
;__Lib_MathDouble.c,2066 :: 		
0x0146	0x6A01      	CLRF        R1, 0
;__Lib_MathDouble.c,2068 :: 		
0x0148	0x5003      	MOVF        R3, 0, 0
;__Lib_MathDouble.c,2069 :: 		
0x014A	0xA4D8      	BTFSS       STATUS, 2, 0
;__Lib_MathDouble.c,2070 :: 		
0x014C	0x90D8      	BCF         STATUS, 0, 0
;__Lib_MathDouble.c,2071 :: 		
0x014E	0xF000EFB3  	GOTO        SHIFT3216UOK
;__Lib_MathDouble.c,2072 :: 		
TSHIFT3216U:
;__Lib_MathDouble.c,2073 :: 		
0x0152	0x5003      	MOVF        R3, 0, 0
;__Lib_MathDouble.c,2074 :: 		
0x0154	0xB4D8      	BTFSC       STATUS, 2, 0
;__Lib_MathDouble.c,2075 :: 		
0x0156	0xF000EFB3  	GOTO        SHIFT3216UOK
;__Lib_MathDouble.c,2076 :: 		
SHIFT3216U:
;__Lib_MathDouble.c,2077 :: 		
0x015A	0x90D8      	BCF         STATUS, 0, 0
;__Lib_MathDouble.c,2078 :: 		
0x015C	0x3202      	RRCF        R2, 1, 0
;__Lib_MathDouble.c,2079 :: 		
0x015E	0x3201      	RRCF        R1, 1, 0
;__Lib_MathDouble.c,2080 :: 		
0x0160	0x2E03      	DECFSZ      R3, 1, 0
;__Lib_MathDouble.c,2081 :: 		
0x0162	0xF000EFAD  	GOTO        SHIFT3216U
;__Lib_MathDouble.c,2082 :: 		
SHIFT3216UOK:
;__Lib_MathDouble.c,2083 :: 		
0x0166	0xBC0B      	BTFSC       R11, 6, 0
;__Lib_MathDouble.c,2084 :: 		
0x0168	0xA001      	BTFSS       R1, 0, 0
;__Lib_MathDouble.c,2085 :: 		
0x016A	0xF000EFC0  	GOTO        INT3216UOK
;__Lib_MathDouble.c,2086 :: 		
0x016E	0xA0D8      	BTFSS       STATUS, 0, 0
;__Lib_MathDouble.c,2087 :: 		
0x0170	0xF000EFC0  	GOTO        INT3216UOK
;__Lib_MathDouble.c,2088 :: 		
0x0174	0x2A01      	INCF        R1, 1, 0
;__Lib_MathDouble.c,2089 :: 		
0x0176	0xB4D8      	BTFSC       STATUS, 2, 0
;__Lib_MathDouble.c,2090 :: 		
0x0178	0x2A02      	INCF        R2, 1, 0
;__Lib_MathDouble.c,2091 :: 		
0x017A	0xBE02      	BTFSC       R2, 7, 0
;__Lib_MathDouble.c,2092 :: 		
0x017C	0xF000EFDD  	GOTO        JPKSETIOV3224
;__Lib_MathDouble.c,2093 :: 		
INT3216UOK:
;__Lib_MathDouble.c,2094 :: 		
0x0180	0xAE0A      	BTFSS       R10, 7, 0
;__Lib_MathDouble.c,2095 :: 		
0x0182	0xF000EFE2  	GOTO        INT3216UEOK
;__Lib_MathDouble.c,2097 :: 		
0x0186	0x1E02      	COMF        R2, 1, 0
;__Lib_MathDouble.c,2098 :: 		
0x0188	0x1E01      	COMF        R1, 1, 0
;__Lib_MathDouble.c,2099 :: 		
0x018A	0x2A01      	INCF        R1, 1, 0
;__Lib_MathDouble.c,2100 :: 		
0x018C	0xB4D8      	BTFSC       STATUS, 2, 0
;__Lib_MathDouble.c,2101 :: 		
0x018E	0x2A02      	INCF        R2, 1, 0
;__Lib_MathDouble.c,2102 :: 		
0x0190	0xF000EFE2  	GOTO        INT3216UEOK
;__Lib_MathDouble.c,2104 :: 		
IRES016U:
;__Lib_MathDouble.c,2105 :: 		
0x0194	0x6A02      	CLRF        R2, 0
;__Lib_MathDouble.c,2106 :: 		
0x0196	0x6A01      	CLRF        R1, 0
;__Lib_MathDouble.c,2107 :: 		
0x0198	0xF000EFE2  	GOTO        INT3216UEOK
;__Lib_MathDouble.c,2108 :: 		
SETIOV16U:
;__Lib_MathDouble.c,2109 :: 		
0x019C	0x800B      	BSF         R11, 0, 0
;__Lib_MathDouble.c,2110 :: 		
0x019E	0xAE0B      	BTFSS       R11, 7, 0
;__Lib_MathDouble.c,2111 :: 		
0x01A0	0xF000EFE6  	GOTO        INT3216UEER
;__Lib_MathDouble.c,2113 :: 		
0x01A4	0x6A02      	CLRF        R2, 0
;__Lib_MathDouble.c,2114 :: 		
0x01A6	0xAE0A      	BTFSS       R10, 7, 0
;__Lib_MathDouble.c,2115 :: 		
0x01A8	0xF000EFE6  	GOTO        INT3216UEER
;__Lib_MathDouble.c,2116 :: 		
0x01AC	0x0EFF      	MOVLW       255
;__Lib_MathDouble.c,2117 :: 		
0x01AE	0x6E02      	MOVWF       R2, 0
;__Lib_MathDouble.c,2118 :: 		
0x01B0	0x6E01      	MOVWF       R1, 0
;__Lib_MathDouble.c,2119 :: 		
0x01B2	0x360A      	RLCF        R10, 1, 0
;__Lib_MathDouble.c,2120 :: 		
0x01B4	0x3202      	RRCF        R2, 1, 0
;__Lib_MathDouble.c,2121 :: 		
0x01B6	0xF000EFE6  	GOTO        INT3216UEER
;__Lib_MathDouble.c,2123 :: 		
JPKSETIOV3224:
;__Lib_MathDouble.c,2124 :: 		
0x01BA	0x0E01      	MOVLW       1
;__Lib_MathDouble.c,2125 :: 		
0x01BC	0x6E0C      	MOVWF       R12, 0
;__Lib_MathDouble.c,2127 :: 		
0x01BE	0xDF46      	RCALL       _SETIOV3224
;__Lib_MathDouble.c,2129 :: 		
0x01C0	0xF000EFE8  	GOTO        INT3216UEEE
;__Lib_MathDouble.c,2130 :: 		
INT3216UEOK:
;__Lib_MathDouble.c,2131 :: 		
0x01C4	0x0E00      	MOVLW       0
;__Lib_MathDouble.c,2132 :: 		
0x01C6	0x6E0C      	MOVWF       R12, 0
;__Lib_MathDouble.c,2133 :: 		
0x01C8	0xF000EFE8  	GOTO        INT3216UEEE
;__Lib_MathDouble.c,2134 :: 		
INT3216UEER:
;__Lib_MathDouble.c,2135 :: 		
0x01CC	0x0EFF      	MOVLW       255
;__Lib_MathDouble.c,2136 :: 		
0x01CE	0x6E0C      	MOVWF       R12, 0
;__Lib_MathDouble.c,2137 :: 		
INT3216UEEE:
;__Lib_MathDouble.c,2138 :: 		
0x01D0	0x5001      	MOVF        R1, 0, 0
;__Lib_MathDouble.c,2139 :: 		
0x01D2	0x6E00      	MOVWF       R0, 0
;__Lib_MathDouble.c,2140 :: 		
0x01D4	0x5002      	MOVF        R2, 0, 0
;__Lib_MathDouble.c,2141 :: 		
0x01D6	0x6E01      	MOVWF       R1, 0
;__Lib_MathDouble.c,2146 :: 		
L_end_double2word:
0x01D8	0x0012      	RETURN      0
; end of _double2word
_ADC_Read:
;__Lib_ADC_A_D.c,51 :: 		
;__Lib_ADC_A_D.c,54 :: 		
0x01DA	0x6AC2      	CLRF        ADCON0 
;__Lib_ADC_A_D.c,55 :: 		
0x01DC	0x1C15      	COMF        _vref_mask, 0 
0x01DE	0x6E00      	MOVWF       R0 
0x01E0	0x5000      	MOVF        R0, 0 
0x01E2	0x16C1      	ANDWF       ADCON1, 1 
;__Lib_ADC_A_D.c,56 :: 		
0x01E4	0x0E07      	MOVLW       7
0x01E6	0x12C0      	IORWF       ADCON2, 1 
;__Lib_ADC_A_D.c,57 :: 		
0x01E8	0x8EC0      	BSF         ADCON2, 7 
;__Lib_ADC_A_D.c,58 :: 		
0x01EA	0xF000C018  	MOVFF       FARG_ADC_Read_channel, R0
0x01EE	0x3600      	RLCF        R0, 1 
0x01F0	0x9000      	BCF         R0, 0 
0x01F2	0x3600      	RLCF        R0, 1 
0x01F4	0x9000      	BCF         R0, 0 
0x01F6	0x5000      	MOVF        R0, 0 
0x01F8	0x12C2      	IORWF       ADCON0, 1 
;__Lib_ADC_A_D.c,59 :: 		
0x01FA	0x80C2      	BSF         ADCON0, 0 
;__Lib_ADC_A_D.c,60 :: 		
0x01FC	0xDF6E      	RCALL       _Delay_22us
;__Lib_ADC_A_D.c,61 :: 		
0x01FE	0x82C2      	BSF         ADCON0, 1 
;__Lib_ADC_A_D.c,62 :: 		
L_ADC_Read2:
0x0200	0xA2C2      	BTFSS       ADCON0, 1 
0x0202	0xD001      	BRA         L_ADC_Read3
;__Lib_ADC_A_D.c,63 :: 		
0x0204	0xD7FD      	BRA         L_ADC_Read2
L_ADC_Read3:
;__Lib_ADC_A_D.c,64 :: 		
0x0206	0xF001CFC4  	MOVFF       ADRESH, R1
0x020A	0x6A00      	CLRF        R0 
;__Lib_ADC_A_D.c,65 :: 		
0x020C	0x50C3      	MOVF        ADRESL, 0 
0x020E	0x1200      	IORWF       R0, 1 
0x0210	0x0E00      	MOVLW       0
0x0212	0x1201      	IORWF       R1, 1 
;__Lib_ADC_A_D.c,66 :: 		
0x0214	0x90C2      	BCF         ADCON0, 0 
;__Lib_ADC_A_D.c,68 :: 		
;__Lib_ADC_A_D.c,69 :: 		
L_end_ADC_Read:
0x0216	0x0012      	RETURN      0
; end of _ADC_Read
_word2double:
;__Lib_MathDouble.c,2335 :: 		
;__Lib_MathDouble.c,2344 :: 		
0x0218	0x5000      	MOVF        R0, 0, 0
;__Lib_MathDouble.c,2345 :: 		
0x021A	0x6E08      	MOVWF       R8, 0
;__Lib_MathDouble.c,2346 :: 		
0x021C	0x5001      	MOVF        R1, 0, 0
;__Lib_MathDouble.c,2347 :: 		
0x021E	0x6E00      	MOVWF       R0, 0
;__Lib_MathDouble.c,2348 :: 		
0x0220	0x6A01      	CLRF        R1, 0
;__Lib_MathDouble.c,2349 :: 		
0x0222	0x6A02      	CLRF        R2, 0
;__Lib_MathDouble.c,2350 :: 		
0x0224	0x6A03      	CLRF        R3, 0
;__Lib_MathDouble.c,2353 :: 		
0x0226	0x6A0B      	CLRF        R11, 0
;__Lib_MathDouble.c,2354 :: 		
0x0228	0x6A0C      	CLRF        R12, 0
;__Lib_MathDouble.c,2356 :: 		
0x022A	0x0E96      	MOVLW       150
;__Lib_MathDouble.c,2357 :: 		
0x022C	0x6E03      	MOVWF       R3, 0
;__Lib_MathDouble.c,2358 :: 		
0x022E	0x6A0A      	CLRF        R10, 0
;__Lib_MathDouble.c,2360 :: 		
0x0230	0xF001C000  	MOVFF       R0, R1
;__Lib_MathDouble.c,2361 :: 		
0x0234	0xF000C008  	MOVFF       R8, R0
;__Lib_MathDouble.c,2362 :: 		
0x0238	0x6A08      	CLRF        R8, 0
;__Lib_MathDouble.c,2363 :: 		
0x023A	0x6A02      	CLRF        R2, 0
;__Lib_MathDouble.c,2365 :: 		
0x023C	0xDF15      	RCALL       _NRM3232
;__Lib_MathDouble.c,2366 :: 		
L_end_word2double:
0x023E	0x0012      	RETURN      0
; end of _word2double
_Mul_32x32_FP:
;__Lib_MathDouble.c,1130 :: 		
;__Lib_MathDouble.c,1148 :: 		
0x0240	0x6A08      	CLRF        R8, 0
;__Lib_MathDouble.c,1149 :: 		
0x0242	0x6A09      	CLRF        R9, 0
;__Lib_MathDouble.c,1151 :: 		
0x0244	0x0E00      	MOVLW       0
;__Lib_MathDouble.c,1152 :: 		
0x0246	0x6207      	CPFSEQ      R7, 0
;__Lib_MathDouble.c,1153 :: 		
0x0248	0x6403      	CPFSGT      R3, 0
;__Lib_MathDouble.c,1154 :: 		
0x024A	0xF001EFA5  	GOTO        MULJPRES032
;__Lib_MathDouble.c,1157 :: 		
0x024E	0x5002      	MOVF        R2, 0, 0
;__Lib_MathDouble.c,1158 :: 		
0x0250	0x1806      	XORWF       R6, 0, 0
;__Lib_MathDouble.c,1159 :: 		
0x0252	0x6E0A      	MOVWF       R10, 0
;__Lib_MathDouble.c,1161 :: 		
0x0254	0x5007      	MOVF        R7, 0, 0
;__Lib_MathDouble.c,1162 :: 		
0x0256	0x2603      	ADDWF       R3, 1, 0
;__Lib_MathDouble.c,1163 :: 		
0x0258	0x0E7E      	MOVLW       126
;__Lib_MathDouble.c,1164 :: 		
0x025A	0xA0D8      	BTFSS       STATUS, 0, 0
;__Lib_MathDouble.c,1165 :: 		
0x025C	0xF001EF36  	GOTO        MTUN32
;__Lib_MathDouble.c,1167 :: 		
0x0260	0x5E03      	SUBWF       R3, 1, 0
;__Lib_MathDouble.c,1168 :: 		
0x0262	0xB0D8      	BTFSC       STATUS, 0, 0
;__Lib_MathDouble.c,1169 :: 		
0x0264	0xF001EFA9  	GOTO        MULJPSETFOV32
;__Lib_MathDouble.c,1170 :: 		
0x0268	0xF001EF3A  	GOTO        MOK32
;__Lib_MathDouble.c,1172 :: 		
MTUN32:
;__Lib_MathDouble.c,1173 :: 		
0x026C	0x5E03      	SUBWF       R3, 1, 0
;__Lib_MathDouble.c,1174 :: 		
0x026E	0xA0D8      	BTFSS       STATUS, 0, 0
;__Lib_MathDouble.c,1175 :: 		
0x0270	0xF001EFAD  	GOTO        MULJPSETFUN32
;__Lib_MathDouble.c,1177 :: 		
MOK32:
;__Lib_MathDouble.c,1178 :: 		
0x0274	0x8E02      	BSF         R2, 7, 0
;__Lib_MathDouble.c,1179 :: 		
0x0276	0x8E06      	BSF         R6, 7, 0
;__Lib_MathDouble.c,1181 :: 		
0x0278	0xF00EC002  	MOVFF       R2, R14
;__Lib_MathDouble.c,1182 :: 		
0x027C	0xF00BC001  	MOVFF       R1, R11
;__Lib_MathDouble.c,1183 :: 		
0x0280	0xF00DC000  	MOVFF       R0, R13
;__Lib_MathDouble.c,1185 :: 		
0x0284	0x5000      	MOVF        R0, 0, 0
;__Lib_MathDouble.c,1186 :: 		
0x0286	0x0204      	MULWF       R4, 0
;__Lib_MathDouble.c,1187 :: 		
0x0288	0xF00CCFF4  	MOVFF       PRODH, R12
;__Lib_MathDouble.c,1189 :: 		
0x028C	0x5001      	MOVF        R1, 0, 0
;__Lib_MathDouble.c,1190 :: 		
0x028E	0x0205      	MULWF       R5, 0
;__Lib_MathDouble.c,1191 :: 		
0x0290	0xF000CFF4  	MOVFF       PRODH, R0
;__Lib_MathDouble.c,1192 :: 		
0x0294	0xF008CFF3  	MOVFF       PRODL, R8
;__Lib_MathDouble.c,1194 :: 		
0x0298	0x0204      	MULWF       R4, 0
;__Lib_MathDouble.c,1195 :: 		
0x029A	0x50F3      	MOVF        PRODL, 0, 0
;__Lib_MathDouble.c,1196 :: 		
0x029C	0x260C      	ADDWF       R12, 1, 0
;__Lib_MathDouble.c,1197 :: 		
0x029E	0x50F4      	MOVF        PRODH, 0, 0
;__Lib_MathDouble.c,1198 :: 		
0x02A0	0x2208      	ADDWFC      R8, 1, 0
;__Lib_MathDouble.c,1199 :: 		
0x02A2	0x0E00      	MOVLW       0
;__Lib_MathDouble.c,1200 :: 		
0x02A4	0x2200      	ADDWFC      R0, 1, 0
;__Lib_MathDouble.c,1202 :: 		
0x02A6	0x500D      	MOVF        R13, 0, 0
;__Lib_MathDouble.c,1203 :: 		
0x02A8	0x0205      	MULWF       R5, 0
;__Lib_MathDouble.c,1204 :: 		
0x02AA	0x50F3      	MOVF        PRODL, 0, 0
;__Lib_MathDouble.c,1205 :: 		
0x02AC	0x260C      	ADDWF       R12, 1, 0
;__Lib_MathDouble.c,1206 :: 		
0x02AE	0x50F4      	MOVF        PRODH, 0, 0
;__Lib_MathDouble.c,1207 :: 		
0x02B0	0x2208      	ADDWFC      R8, 1, 0
;__Lib_MathDouble.c,1208 :: 		
0x02B2	0x0E00      	MOVLW       0
;__Lib_MathDouble.c,1209 :: 		
0x02B4	0x2200      	ADDWFC      R0, 1, 0
;__Lib_MathDouble.c,1211 :: 		
0x02B6	0x5002      	MOVF        R2, 0, 0
;__Lib_MathDouble.c,1212 :: 		
0x02B8	0x0204      	MULWF       R4, 0
;__Lib_MathDouble.c,1213 :: 		
0x02BA	0x50F3      	MOVF        PRODL, 0, 0
;__Lib_MathDouble.c,1214 :: 		
0x02BC	0x2608      	ADDWF       R8, 1, 0
;__Lib_MathDouble.c,1215 :: 		
0x02BE	0x50F4      	MOVF        PRODH, 0, 0
;__Lib_MathDouble.c,1216 :: 		
0x02C0	0x2200      	ADDWFC      R0, 1, 0
;__Lib_MathDouble.c,1217 :: 		
0x02C2	0x5002      	MOVF        R2, 0, 0
;__Lib_MathDouble.c,1218 :: 		
0x02C4	0x0205      	MULWF       R5, 0
;__Lib_MathDouble.c,1219 :: 		
0x02C6	0x6A01      	CLRF        R1, 0
;__Lib_MathDouble.c,1220 :: 		
0x02C8	0x0E00      	MOVLW       0
;__Lib_MathDouble.c,1221 :: 		
0x02CA	0x2201      	ADDWFC      R1, 1, 0
;__Lib_MathDouble.c,1222 :: 		
0x02CC	0x50F3      	MOVF        PRODL, 0, 0
;__Lib_MathDouble.c,1223 :: 		
0x02CE	0x2600      	ADDWF       R0, 1, 0
;__Lib_MathDouble.c,1224 :: 		
0x02D0	0x50F4      	MOVF        PRODH, 0, 0
;__Lib_MathDouble.c,1225 :: 		
0x02D2	0x2201      	ADDWFC      R1, 1, 0
;__Lib_MathDouble.c,1227 :: 		
0x02D4	0x500D      	MOVF        R13, 0, 0
;__Lib_MathDouble.c,1228 :: 		
0x02D6	0x0206      	MULWF       R6, 0
;__Lib_MathDouble.c,1229 :: 		
0x02D8	0x50F3      	MOVF        PRODL, 0, 0
;__Lib_MathDouble.c,1230 :: 		
0x02DA	0x2608      	ADDWF       R8, 1, 0
;__Lib_MathDouble.c,1231 :: 		
0x02DC	0x50F4      	MOVF        PRODH, 0, 0
;__Lib_MathDouble.c,1232 :: 		
0x02DE	0x2200      	ADDWFC      R0, 1, 0
;__Lib_MathDouble.c,1233 :: 		
0x02E0	0x6A02      	CLRF        R2, 0
;__Lib_MathDouble.c,1234 :: 		
0x02E2	0x0E00      	MOVLW       0
;__Lib_MathDouble.c,1235 :: 		
0x02E4	0x2201      	ADDWFC      R1, 1, 0
;__Lib_MathDouble.c,1236 :: 		
0x02E6	0x2202      	ADDWFC      R2, 1, 0
;__Lib_MathDouble.c,1238 :: 		
0x02E8	0x500B      	MOVF        R11, 0, 0
;__Lib_MathDouble.c,1239 :: 		
0x02EA	0x0206      	MULWF       R6, 0
;__Lib_MathDouble.c,1240 :: 		
0x02EC	0x50F3      	MOVF        PRODL, 0, 0
;__Lib_MathDouble.c,1241 :: 		
0x02EE	0x2600      	ADDWF       R0, 1, 0
;__Lib_MathDouble.c,1242 :: 		
0x02F0	0x50F4      	MOVF        PRODH, 0, 0
;__Lib_MathDouble.c,1243 :: 		
0x02F2	0x2201      	ADDWFC      R1, 1, 0
;__Lib_MathDouble.c,1244 :: 		
0x02F4	0x0E00      	MOVLW       0
;__Lib_MathDouble.c,1245 :: 		
0x02F6	0x2202      	ADDWFC      R2, 1, 0
;__Lib_MathDouble.c,1247 :: 		
0x02F8	0x500E      	MOVF        R14, 0, 0
;__Lib_MathDouble.c,1248 :: 		
0x02FA	0x0206      	MULWF       R6, 0
;__Lib_MathDouble.c,1249 :: 		
0x02FC	0x50F3      	MOVF        PRODL, 0, 0
;__Lib_MathDouble.c,1250 :: 		
0x02FE	0x2601      	ADDWF       R1, 1, 0
;__Lib_MathDouble.c,1251 :: 		
0x0300	0x50F4      	MOVF        PRODH, 0, 0
;__Lib_MathDouble.c,1252 :: 		
0x0302	0x2202      	ADDWFC      R2, 1, 0
;__Lib_MathDouble.c,1254 :: 		
0x0304	0xBE02      	BTFSC       R2, 7, 0
;__Lib_MathDouble.c,1255 :: 		
0x0306	0xF001EF8D  	GOTO        MROUND32
;__Lib_MathDouble.c,1256 :: 		
0x030A	0x3608      	RLCF        R8, 1, 0
;__Lib_MathDouble.c,1257 :: 		
0x030C	0x3600      	RLCF        R0, 1, 0
;__Lib_MathDouble.c,1258 :: 		
0x030E	0x3601      	RLCF        R1, 1, 0
;__Lib_MathDouble.c,1259 :: 		
0x0310	0x3602      	RLCF        R2, 1, 0
;__Lib_MathDouble.c,1260 :: 		
0x0312	0x0603      	DECF        R3, 1, 0
;__Lib_MathDouble.c,1261 :: 		
0x0314	0xB4D8      	BTFSC       STATUS, 2, 0
;__Lib_MathDouble.c,1262 :: 		
0x0316	0xF001EFAD  	GOTO        MULJPSETFUN32
;__Lib_MathDouble.c,1264 :: 		
MROUND32:
;__Lib_MathDouble.c,1267 :: 		
0x031A	0xF001EFA0  	GOTO        MUL32OK
;__Lib_MathDouble.c,1268 :: 		
0x031E	0x80D8      	BSF         STATUS, 0, 0
;__Lib_MathDouble.c,1269 :: 		
0x0320	0x0E80      	MOVLW       128
;__Lib_MathDouble.c,1270 :: 		
0x0322	0x6408      	CPFSGT      R8, 0
;__Lib_MathDouble.c,1271 :: 		
0x0324	0x3000      	RRCF        R0, 0, 0
;__Lib_MathDouble.c,1272 :: 		
0x0326	0x0E00      	MOVLW       0
;__Lib_MathDouble.c,1273 :: 		
0x0328	0x2200      	ADDWFC      R0, 1, 0
;__Lib_MathDouble.c,1274 :: 		
0x032A	0x2201      	ADDWFC      R1, 1, 0
;__Lib_MathDouble.c,1275 :: 		
0x032C	0x2202      	ADDWFC      R2, 1, 0
;__Lib_MathDouble.c,1277 :: 		
0x032E	0xA0D8      	BTFSS       STATUS, 0, 0
;__Lib_MathDouble.c,1278 :: 		
0x0330	0xF001EFA0  	GOTO        MUL32OK
;__Lib_MathDouble.c,1279 :: 		
0x0334	0x3202      	RRCF        R2, 1, 0
;__Lib_MathDouble.c,1280 :: 		
0x0336	0x3201      	RRCF        R1, 1, 0
;__Lib_MathDouble.c,1281 :: 		
0x0338	0x3200      	RRCF        R0, 1, 0
;__Lib_MathDouble.c,1282 :: 		
0x033A	0x4A03      	INFSNZ      R3, 1, 0
;__Lib_MathDouble.c,1283 :: 		
0x033C	0xF001EFA9  	GOTO        MULJPSETFOV32
;__Lib_MathDouble.c,1285 :: 		
MUL32OK:
;__Lib_MathDouble.c,1286 :: 		
0x0340	0xAE0A      	BTFSS       R10, 7, 0
;__Lib_MathDouble.c,1287 :: 		
0x0342	0x9E02      	BCF         R2, 7, 0
;__Lib_MathDouble.c,1289 :: 		
0x0344	0x0E00      	MOVLW       0
;__Lib_MathDouble.c,1290 :: 		
0x0346	0xF001EFAF  	GOTO        MULEEE
;__Lib_MathDouble.c,1291 :: 		
MULJPRES032:
;__Lib_MathDouble.c,1292 :: 		
0x034A	0x0E01      	MOVLW       1
;__Lib_MathDouble.c,1295 :: 		
0x034C	0xDE78      	RCALL       _RES032
;__Lib_MathDouble.c,1297 :: 		
0x034E	0xF001EFAF  	GOTO        MULEEE
;__Lib_MathDouble.c,1298 :: 		
MULJPSETFOV32:
;__Lib_MathDouble.c,1299 :: 		
0x0352	0x0E02      	MOVLW       2
;__Lib_MathDouble.c,1302 :: 		
0x0354	0xDEC9      	RCALL       _SETFOV32
;__Lib_MathDouble.c,1304 :: 		
0x0356	0xF001EFAF  	GOTO        MULEEE
;__Lib_MathDouble.c,1305 :: 		
MULJPSETFUN32:
;__Lib_MathDouble.c,1306 :: 		
0x035A	0x0E04      	MOVLW       4
;__Lib_MathDouble.c,1309 :: 		
0x035C	0xDE63      	RCALL       _SETFUN32
;__Lib_MathDouble.c,1311 :: 		
MULEEE:
;__Lib_MathDouble.c,1318 :: 		
L_end_Mul_32x32_FP:
0x035E	0x0012      	RETURN      0
; end of _Mul_32x32_FP
_getLDRVoltage:
;main.c,9 :: 		unsigned int getLDRVoltage(){
;main.c,12 :: 		temp=ADC_Read(0);
0x0360	0x6A18      	CLRF        FARG_ADC_Read_channel 
0x0362	0xDF3B      	RCALL       _ADC_Read
;main.c,13 :: 		temp*=0.48828125;
0x0364	0xDF59      	RCALL       _word2double
0x0366	0x0E00      	MOVLW       0
0x0368	0x6E04      	MOVWF       R4 
0x036A	0x0E00      	MOVLW       0
0x036C	0x6E05      	MOVWF       R5 
0x036E	0x0E7A      	MOVLW       122
0x0370	0x6E06      	MOVWF       R6 
0x0372	0x0E7D      	MOVLW       125
0x0374	0x6E07      	MOVWF       R7 
0x0376	0xDF64      	RCALL       _Mul_32x32_FP
0x0378	0xDEC3      	RCALL       _double2word
;main.c,15 :: 		return temp;
;main.c,16 :: 		}
L_end_getLDRVoltage:
0x037A	0x0012      	RETURN      0
; end of _getLDRVoltage
___CC2DW:
;__Lib_System.c,21 :: 		
;__Lib_System.c,23 :: 		
_CC2DL_Loop1:
;__Lib_System.c,24 :: 		
0x037C	0x0009      	TBLRD*+
;__Lib_System.c,25 :: 		
0x037E	0xFFE6CFF5  	MOVFF       TABLAT, POSTINC1
;__Lib_System.c,26 :: 		
0x0382	0x0600      	DECF        R0, 1, 0
;__Lib_System.c,27 :: 		
0x0384	0xE1FB      	BNZ         _CC2DL_Loop1
;__Lib_System.c,28 :: 		
0x0386	0x0601      	DECF        R1, 1, 0
;__Lib_System.c,29 :: 		
0x0388	0xE1F9      	BNZ         _CC2DL_Loop1
;__Lib_System.c,31 :: 		
L_end___CC2DW:
0x038A	0x0012      	RETURN      0
; end of ___CC2DW
_wait:
;main.c,4 :: 		void wait(unsigned int time){
;main.c,5 :: 		while(time--)
L_wait0:
0x038C	0xF000C016  	MOVFF       FARG_wait_time, R0
0x0390	0xF001C017  	MOVFF       FARG_wait_time+1, R1
0x0394	0x0E01      	MOVLW       1
0x0396	0x5E16      	SUBWF       FARG_wait_time, 1 
0x0398	0x0E00      	MOVLW       0
0x039A	0x5A17      	SUBWFB      FARG_wait_time+1, 1 
0x039C	0x5000      	MOVF        R0, 0 
0x039E	0x1001      	IORWF       R1, 0 
0x03A0	0xE00A      	BZ          L_wait1
;main.c,6 :: 		delay_ms(1);
0x03A2	0x0E10      	MOVLW       16
0x03A4	0x6E0C      	MOVWF       R12, 0
0x03A6	0x0E94      	MOVLW       148
0x03A8	0x6E0D      	MOVWF       R13, 0
L_wait2:
0x03AA	0x2E0D      	DECFSZ      R13, 1, 0
0x03AC	0xD7FE      	BRA         L_wait2
0x03AE	0x2E0C      	DECFSZ      R12, 1, 0
0x03B0	0xD7FC      	BRA         L_wait2
0x03B2	0x0000      	NOP
0x03B4	0xD7EB      	BRA         L_wait0
L_wait1:
;main.c,7 :: 		}
L_end_wait:
0x03B6	0x0012      	RETURN      0
; end of _wait
_main:
0x03B8	0xF001ECF3  	CALL        998, 0
;main.c,18 :: 		void main() {
;main.c,19 :: 		TRISA=0b00000001; // [][][][LED][][][][LM35]
0x03BC	0x0E01      	MOVLW       1
0x03BE	0x6E92      	MOVWF       TRISA 
;main.c,21 :: 		LATA=0x00;
0x03C0	0x6A89      	CLRF        LATA 
;main.c,23 :: 		while(1){
L_main3:
;main.c,24 :: 		if(getLDRVoltage()>300) LED=1;
0x03C2	0xDFCE      	RCALL       _getLDRVoltage
0x03C4	0x5001      	MOVF        R1, 0 
0x03C6	0x0801      	SUBLW       1
0x03C8	0xE102      	BNZ         L__main10
0x03CA	0x5000      	MOVF        R0, 0 
0x03CC	0x082C      	SUBLW       44
L__main10:
0x03CE	0xE202      	BC          L_main5
0x03D0	0x8889      	BSF         LATA4_bit, BitPos(LATA4_bit+0) 
0x03D2	0xD001      	BRA         L_main6
L_main5:
;main.c,25 :: 		else LED=0;
0x03D4	0x9889      	BCF         LATA4_bit, BitPos(LATA4_bit+0) 
L_main6:
;main.c,27 :: 		wait(250);
0x03D6	0x0EFA      	MOVLW       250
0x03D8	0x6E16      	MOVWF       FARG_wait_time 
0x03DA	0x0E00      	MOVLW       0
0x03DC	0x6E17      	MOVWF       FARG_wait_time+1 
0x03DE	0xDFD6      	RCALL       _wait
;main.c,28 :: 		}
0x03E0	0xD7F0      	BRA         L_main3
;main.c,29 :: 		}
L_end_main:
0x03E2	0xD7FF      	BRA         $+0
; end of _main
0x03E6	0xF015EE10  	LFSR        1, 21
0x03EA	0x0E01      	MOVLW       1
0x03EC	0x6E00      	MOVWF       R0 
0x03EE	0x0E01      	MOVLW       1
0x03F0	0x6E01      	MOVWF       R1 
0x03F2	0x0EE4      	MOVLW       228
0x03F4	0x6EF6      	MOVWF       4086 
0x03F6	0x0E03      	MOVLW       3
0x03F8	0x6EF7      	MOVWF       TBLPTRH 
0x03FA	0x0E00      	MOVLW       0
0x03FC	0x6EF8      	MOVWF       TBLPTRU 
0x03FE	0xF001ECBE  	CALL        892, 0
0x0402	0x0012      	RETURN      0
;__Lib_ADC_A_D.c,0 :: ?ICS_vref_mask
0x03E4	0x30 ;?ICS_vref_mask+0
; end of ?ICS_vref_mask
Symbol List:
//** Routines locations **
//ADDRESS    SIZE    PROCEDURE
//----------------------------------------------
0x001C       [8]    _FIXSIGN32
0x0024      [26]    _SETFUN32
0x003E      [14]    _RES032
0x004C      [28]    _SETIOV3224
0x0068     [114]    _NRM3232
0x00DA      [14]    _Delay_22us
0x00E8      [24]    _SETFOV32
0x0100     [218]    _double2word
0x01DA      [62]    _ADC_Read
0x0218      [40]    _word2double
0x0240     [288]    _Mul_32x32_FP
0x0360      [28]    _getLDRVoltage
0x037C      [16]    ___CC2DW
0x038C      [44]    _wait
0x03B8      [44]    _main
//** Variables locations ** 
//ADDRESS    SIZE    VARIABLE
//----------------------------------------------
0x0000       [1]    R0
0x0001       [1]    __Lib_Conversions_Adjust_Hex_tmp_L0
0x0001       [1]    R1
0x0002       [2]    memcpy_dd_L0
0x0002       [2]    strlen_cp_L0
0x0002       [2]    memchr_s_L0
0x0002       [2]    memset_pp_L0
0x0002       [1]    R2
0x0003       [2]    memmove_tt_L0
0x0003       [1]    R3
0x0003       [2]    Ltrim_original_L0
0x0004       [2]    memcpy_ss_L0
0x0004       [2]    strncpy_cp_L0
0x0004       [2]    strcat_cp_L0
0x0004       [2]    strcpy_cp_L0
0x0004       [2]    strncat_cp_L0
0x0004       [1]    R4
0x0005       [2]    LongWordToHex_input_half_L0
0x0005       [2]    Ltrim_p_L0
0x0005       [1]    R5
0x0005       [2]    LongIntToHex_input_half_L0
0x0005       [2]    memmove_ff_L0
0x0006       [1]    R6
0x0007       [1]    R7
0x0008       [1]    R8
0x0009       [1]    R9
0x000A       [1]    R10
0x000B       [1]    R11
0x000C       [1]    R12
0x000D       [1]    R13
0x000E       [1]    R14
0x000F       [1]    R15
0x0010       [1]    R16
0x0011       [1]    R17
0x0012       [1]    R18
0x0013       [1]    R19
0x0014       [1]    R20
0x0015       [1]    _vref_mask
0x0016       [2]    FARG_wait_time
0x0018       [1]    FARG_ADC_Read_channel
0x0F89       [1]    LATA
0x0F89       [0]    LED
0x0F89       [0]    LATA4_bit
0x0F92       [1]    TRISA
0x0FC0       [1]    ADCON2
0x0FC1       [1]    ADCON1
0x0FC2       [1]    ADCON0
0x0FC3       [1]    ADRESL
0x0FC4       [1]    ADRESH
0x0FD8       [1]    STATUS
0x0FD9       [1]    FSR2L
0x0FDA       [1]    FSR2H
0x0FDE       [1]    POSTINC2
0x0FE0       [1]    BSR
0x0FE1       [1]    FSR1L
0x0FE2       [1]    FSR1H
0x0FE4       [1]    PREINC1
0x0FE6       [1]    POSTINC1
0x0FE7       [1]    INDF1
0x0FE8       [1]    WREG
0x0FE9       [1]    FSR0L
0x0FEA       [1]    FSR0H
0x0FEE       [1]    POSTINC0
0x0FF3       [1]    PRODL
0x0FF4       [1]    PRODH
0x0FF5       [1]    TABLAT
0x0FF6       [1]    TBLPTRL
0x0FF7       [1]    TBLPTRH
0x0FF8       [1]    TBLPTRU
//** Constants locations ** 
//ADDRESS    SIZE    CONSTANT
//----------------------------------------------
0x03E4       [1]    ?ICS_vref_mask
