;  LST file generated by mikroListExporter - v.2.0 
; Date/Time: 4/27/2021 1:17:59 AM
;----------------------------------------------

;Address Opcode 	ASM
0x0000	0xF003EFBD  	GOTO        1914
0x0004	0x0000      	NOP
0x0006	0x0000      	NOP
0x0008	0xF000EF00  	GOTO        0
0x000C	0x0000      	NOP
0x000E	0x0000      	NOP
0x0010	0x0000      	NOP
0x0012	0x0000      	NOP
0x0014	0x0000      	NOP
0x0016	0x0000      	NOP
0x0018	0xD7F3      	BRA         0
_SETFUN32:
;__Lib_MathDouble.c,144 :: 		
;__Lib_MathDouble.c,152 :: 		
0x001C	0x840B      	BSF         R11, 2, 0
;__Lib_MathDouble.c,153 :: 		
0x001E	0xAE0B      	BTFSS       R11, 7, 0
;__Lib_MathDouble.c,154 :: 		
0x0020	0xF000EF19  	GOTO        SETFUN32EEE
;__Lib_MathDouble.c,156 :: 		
0x0024	0x0E01      	MOVLW       1
;__Lib_MathDouble.c,157 :: 		
0x0026	0x6E03      	MOVWF       R3, 0
;__Lib_MathDouble.c,158 :: 		
0x0028	0x6A02      	CLRF        R2, 0
;__Lib_MathDouble.c,159 :: 		
0x002A	0x6A01      	CLRF        R1, 0
;__Lib_MathDouble.c,160 :: 		
0x002C	0x6A00      	CLRF        R0, 0
;__Lib_MathDouble.c,161 :: 		
0x002E	0x360A      	RLCF        R10, 1, 0
;__Lib_MathDouble.c,162 :: 		
0x0030	0x3202      	RRCF        R2, 1, 0
;__Lib_MathDouble.c,163 :: 		
SETFUN32EEE:
;__Lib_MathDouble.c,164 :: 		
0x0032	0x0EFF      	MOVLW       255
;__Lib_MathDouble.c,166 :: 		
L_end_SETFUN32:
0x0034	0x0012      	RETURN      0
; end of _SETFUN32
_Delay_5500us:
;__Lib_Delays.c,31 :: 		void Delay_5500us() {
;__Lib_Delays.c,32 :: 		Delay_us(5500);
0x0036	0x0E56      	MOVLW       86
0x0038	0x6E0C      	MOVWF       R12, 0
0x003A	0x0EB5      	MOVLW       181
0x003C	0x6E0D      	MOVWF       R13, 0
L_Delay_5500us6:
0x003E	0x2E0D      	DECFSZ      R13, 1, 0
0x0040	0xD7FE      	BRA         L_Delay_5500us6
0x0042	0x2E0C      	DECFSZ      R12, 1, 0
0x0044	0xD7FC      	BRA         L_Delay_5500us6
0x0046	0x0000      	NOP
0x0048	0x0000      	NOP
;__Lib_Delays.c,33 :: 		}
L_end_Delay_5500us:
0x004A	0x0012      	RETURN      0
; end of _Delay_5500us
_FIXSIGN32:
;__Lib_MathDouble.c,117 :: 		
;__Lib_MathDouble.c,121 :: 		
0x004C	0xAE0A      	BTFSS       R10, 7, 0
;__Lib_MathDouble.c,122 :: 		
0x004E	0x9E02      	BCF         R2, 7, 0
;__Lib_MathDouble.c,123 :: 		
0x0050	0x0E00      	MOVLW       0
;__Lib_MathDouble.c,125 :: 		
L_end_FIXSIGN32:
0x0052	0x0012      	RETURN      0
; end of _FIXSIGN32
_Delay_50us:
;__Lib_Delays.c,19 :: 		void Delay_50us() {
;__Lib_Delays.c,20 :: 		Delay_us(50);
0x0054	0x0EC7      	MOVLW       199
0x0056	0x6E0D      	MOVWF       R13, 0
L_Delay_50us3:
0x0058	0x2E0D      	DECFSZ      R13, 1, 0
0x005A	0xD7FE      	BRA         L_Delay_50us3
0x005C	0x0000      	NOP
0x005E	0x0000      	NOP
;__Lib_Delays.c,21 :: 		}
L_end_Delay_50us:
0x0060	0x0012      	RETURN      0
; end of _Delay_50us
_RES032:
;__Lib_MathDouble.c,128 :: 		
;__Lib_MathDouble.c,134 :: 		
0x0062	0x6A02      	CLRF        R2, 0
;__Lib_MathDouble.c,135 :: 		
0x0064	0x6A01      	CLRF        R1, 0
;__Lib_MathDouble.c,136 :: 		
0x0066	0x6A00      	CLRF        R0, 0
;__Lib_MathDouble.c,137 :: 		
0x0068	0x6A08      	CLRF        R8, 0
;__Lib_MathDouble.c,138 :: 		
0x006A	0x6A03      	CLRF        R3, 0
;__Lib_MathDouble.c,139 :: 		
0x006C	0x0E00      	MOVLW       0
;__Lib_MathDouble.c,141 :: 		
L_end_RES032:
0x006E	0x0012      	RETURN      0
; end of _RES032
_Delay_1us:
;__Lib_Delays.c,7 :: 		void Delay_1us() {
;__Lib_Delays.c,8 :: 		Delay_us(1);
0x0070	0x0E03      	MOVLW       3
0x0072	0x6E0D      	MOVWF       R13, 0
L_Delay_1us0:
0x0074	0x2E0D      	DECFSZ      R13, 1, 0
0x0076	0xD7FE      	BRA         L_Delay_1us0
0x0078	0x0000      	NOP
0x007A	0x0000      	NOP
;__Lib_Delays.c,9 :: 		}
L_end_Delay_1us:
0x007C	0x0012      	RETURN      0
; end of _Delay_1us
_Delay_22us:
;__Lib_Delays.c,15 :: 		void Delay_22us() {
;__Lib_Delays.c,16 :: 		Delay_us(22);
0x007E	0x0E57      	MOVLW       87
0x0080	0x6E0D      	MOVWF       R13, 0
L_Delay_22us2:
0x0082	0x2E0D      	DECFSZ      R13, 1, 0
0x0084	0xD7FE      	BRA         L_Delay_22us2
0x0086	0x0000      	NOP
0x0088	0x0000      	NOP
;__Lib_Delays.c,17 :: 		}
L_end_Delay_22us:
0x008A	0x0012      	RETURN      0
; end of _Delay_22us
_NRM3232:
;__Lib_MathDouble.c,455 :: 		
;__Lib_MathDouble.c,463 :: 		
0x008C	0x6A0C      	CLRF        R12, 0
;__Lib_MathDouble.c,464 :: 		
0x008E	0x6A0E      	CLRF        R14, 0
;__Lib_MathDouble.c,465 :: 		
0x0090	0x5002      	MOVF        R2, 0, 0
;__Lib_MathDouble.c,466 :: 		
0x0092	0xA4D8      	BTFSS       STATUS, 2, 0
;__Lib_MathDouble.c,467 :: 		
0x0094	0xF000EF5F  	GOTO        NORM3232
;__Lib_MathDouble.c,468 :: 		
0x0098	0xF002C001  	MOVFF       R1, R2
;__Lib_MathDouble.c,469 :: 		
0x009C	0xF001C000  	MOVFF       R0, R1
;__Lib_MathDouble.c,470 :: 		
0x00A0	0x6A00      	CLRF        R0, 0
;__Lib_MathDouble.c,471 :: 		
0x00A2	0x860E      	BSF         R14, 3, 0
;__Lib_MathDouble.c,473 :: 		
0x00A4	0x5002      	MOVF        R2, 0, 0
;__Lib_MathDouble.c,474 :: 		
0x00A6	0xA4D8      	BTFSS       STATUS, 2, 0
;__Lib_MathDouble.c,475 :: 		
0x00A8	0xF000EF5F  	GOTO        NORM3232
;__Lib_MathDouble.c,476 :: 		
0x00AC	0xF002C001  	MOVFF       R1, R2
;__Lib_MathDouble.c,477 :: 		
0x00B0	0x6A01      	CLRF        R1, 0
;__Lib_MathDouble.c,478 :: 		
0x00B2	0x960E      	BCF         R14, 3, 0
;__Lib_MathDouble.c,479 :: 		
0x00B4	0x880E      	BSF         R14, 4, 0
;__Lib_MathDouble.c,481 :: 		
0x00B6	0x5002      	MOVF        R2, 0, 0
;__Lib_MathDouble.c,482 :: 		
0x00B8	0xB4D8      	BTFSC       STATUS, 2, 0
;__Lib_MathDouble.c,483 :: 		
0x00BA	0xF000EF71  	GOTO        JPNRES032
;__Lib_MathDouble.c,484 :: 		
NORM3232:
;__Lib_MathDouble.c,485 :: 		
0x00BE	0x500E      	MOVF        R14, 0, 0
;__Lib_MathDouble.c,486 :: 		
0x00C0	0x5E03      	SUBWF       R3, 1, 0
;__Lib_MathDouble.c,487 :: 		
0x00C2	0xA4D8      	BTFSS       STATUS, 2, 0
;__Lib_MathDouble.c,488 :: 		
0x00C4	0xA0D8      	BTFSS       STATUS, 0, 0
;__Lib_MathDouble.c,489 :: 		
0x00C6	0xF000EF76  	GOTO        JPNSETFUN32
;__Lib_MathDouble.c,490 :: 		
0x00CA	0x90D8      	BCF         STATUS, 0, 0
;__Lib_MathDouble.c,491 :: 		
NORM3232A:
;__Lib_MathDouble.c,492 :: 		
0x00CC	0xBE02      	BTFSC       R2, 7, 0
;__Lib_MathDouble.c,493 :: 		
0x00CE	0xF000EF7B  	GOTO        JMPNFIXSIGN32
;__Lib_MathDouble.c,494 :: 		
0x00D2	0x3600      	RLCF        R0, 1, 0
;__Lib_MathDouble.c,495 :: 		
0x00D4	0x3601      	RLCF        R1, 1, 0
;__Lib_MathDouble.c,496 :: 		
0x00D6	0x3602      	RLCF        R2, 1, 0
;__Lib_MathDouble.c,497 :: 		
0x00D8	0x2E03      	DECFSZ      R3, 1, 0
;__Lib_MathDouble.c,498 :: 		
0x00DA	0xF000EF66  	GOTO        NORM3232A
;__Lib_MathDouble.c,499 :: 		
0x00DE	0xF000EF76  	GOTO        JPNSETFUN32
;__Lib_MathDouble.c,500 :: 		
JPNRES032:
;__Lib_MathDouble.c,501 :: 		
0x00E2	0x0E01      	MOVLW       1
;__Lib_MathDouble.c,502 :: 		
0x00E4	0x6E0C      	MOVWF       R12, 0
;__Lib_MathDouble.c,504 :: 		
0x00E6	0xDFBD      	RCALL       _RES032
;__Lib_MathDouble.c,506 :: 		
0x00E8	0xF000EF7E  	GOTO        NORM32EEE
;__Lib_MathDouble.c,507 :: 		
JPNSETFUN32:
;__Lib_MathDouble.c,508 :: 		
0x00EC	0x0E02      	MOVLW       2
;__Lib_MathDouble.c,509 :: 		
0x00EE	0x6E0C      	MOVWF       R12, 0
;__Lib_MathDouble.c,511 :: 		
0x00F0	0xDF95      	RCALL       _SETFUN32
;__Lib_MathDouble.c,513 :: 		
0x00F2	0xF000EF7E  	GOTO        NORM32EEE
;__Lib_MathDouble.c,514 :: 		
JMPNFIXSIGN32:
;__Lib_MathDouble.c,515 :: 		
0x00F6	0x0E04      	MOVLW       4
;__Lib_MathDouble.c,516 :: 		
0x00F8	0x6E0C      	MOVWF       R12, 0
;__Lib_MathDouble.c,518 :: 		
0x00FA	0xDFA8      	RCALL       _FIXSIGN32
;__Lib_MathDouble.c,520 :: 		
NORM32EEE:
;__Lib_MathDouble.c,527 :: 		
L_end_NRM3232:
0x00FC	0x0012      	RETURN      0
; end of _NRM3232
_Div_16X16_U:
;__Lib_Math.c,102 :: 		
;__Lib_Math.c,109 :: 		
0x00FE	0x6A08      	CLRF        R8, 0
;__Lib_Math.c,110 :: 		
0x0100	0x6A09      	CLRF        R9, 0
;__Lib_Math.c,111 :: 		
0x0102	0x0E10      	MOVLW       16
;__Lib_Math.c,112 :: 		
0x0104	0x6E0C      	MOVWF       R12, 0
;__Lib_Math.c,113 :: 		
0x0106	0x3401      	RLCF        R1, 0, 0
;__Lib_Math.c,114 :: 		
0x0108	0x3608      	RLCF        R8, 1, 0
;__Lib_Math.c,115 :: 		
0x010A	0x3609      	RLCF        R9, 1, 0
;__Lib_Math.c,116 :: 		
0x010C	0x5004      	MOVF        R4, 0, 0
;__Lib_Math.c,117 :: 		
0x010E	0x5E08      	SUBWF       R8, 1, 0
;__Lib_Math.c,118 :: 		
0x0110	0x5005      	MOVF        R5, 0, 0
;__Lib_Math.c,119 :: 		
0x0112	0xA0D8      	BTFSS       STATUS, 0, 0
;__Lib_Math.c,120 :: 		
0x0114	0x3C05      	INCFSZ      R5, 0, 0
;__Lib_Math.c,121 :: 		
0x0116	0x5E09      	SUBWF       R9, 1, 0
;__Lib_Math.c,122 :: 		
0x0118	0xB0D8      	BTFSC       STATUS, 0, 0
;__Lib_Math.c,123 :: 		
0x011A	0xD007      	BRA         $+16
;__Lib_Math.c,124 :: 		
0x011C	0x5004      	MOVF        R4, 0, 0
;__Lib_Math.c,125 :: 		
0x011E	0x2608      	ADDWF       R8, 1, 0
;__Lib_Math.c,126 :: 		
0x0120	0x5005      	MOVF        R5, 0, 0
;__Lib_Math.c,127 :: 		
0x0122	0xB0D8      	BTFSC       STATUS, 0, 0
;__Lib_Math.c,128 :: 		
0x0124	0x3C05      	INCFSZ      R5, 0, 0
;__Lib_Math.c,129 :: 		
0x0126	0x2609      	ADDWF       R9, 1, 0
;__Lib_Math.c,130 :: 		
0x0128	0x90D8      	BCF         STATUS, 0, 0
;__Lib_Math.c,131 :: 		
0x012A	0x3600      	RLCF        R0, 1, 0
;__Lib_Math.c,132 :: 		
0x012C	0x3601      	RLCF        R1, 1, 0
;__Lib_Math.c,133 :: 		
0x012E	0x2E0C      	DECFSZ      R12, 1, 0
;__Lib_Math.c,134 :: 		
0x0130	0xD7EA      	BRA         $-42
;__Lib_Math.c,136 :: 		
L_end_Div_16X16_U:
0x0132	0x0012      	RETURN      0
; end of _Div_16X16_U
_Lcd_Cmd:
;__Lib_Lcd.c,18 :: 		
;__Lib_Lcd.c,20 :: 		
0x0134	0xBE51      	BTFSC       FARG_Lcd_Cmd_out_char, 7 
0x0136	0xD002      	BRA         L__Lcd_Cmd21
0x0138	0x9A83      	BCF         LCD_D7, BitPos(LCD_D7+0) 
0x013A	0xD001      	BRA         L__Lcd_Cmd22
L__Lcd_Cmd21:
0x013C	0x8A83      	BSF         LCD_D7, BitPos(LCD_D7+0) 
L__Lcd_Cmd22:
;__Lib_Lcd.c,21 :: 		
0x013E	0xBC51      	BTFSC       FARG_Lcd_Cmd_out_char, 6 
0x0140	0xD002      	BRA         L__Lcd_Cmd23
0x0142	0x9883      	BCF         LCD_D6, BitPos(LCD_D6+0) 
0x0144	0xD001      	BRA         L__Lcd_Cmd24
L__Lcd_Cmd23:
0x0146	0x8883      	BSF         LCD_D6, BitPos(LCD_D6+0) 
L__Lcd_Cmd24:
;__Lib_Lcd.c,22 :: 		
0x0148	0xBA51      	BTFSC       FARG_Lcd_Cmd_out_char, 5 
0x014A	0xD002      	BRA         L__Lcd_Cmd25
0x014C	0x9683      	BCF         LCD_D5, BitPos(LCD_D5+0) 
0x014E	0xD001      	BRA         L__Lcd_Cmd26
L__Lcd_Cmd25:
0x0150	0x8683      	BSF         LCD_D5, BitPos(LCD_D5+0) 
L__Lcd_Cmd26:
;__Lib_Lcd.c,23 :: 		
0x0152	0xB851      	BTFSC       FARG_Lcd_Cmd_out_char, 4 
0x0154	0xD002      	BRA         L__Lcd_Cmd27
0x0156	0x9483      	BCF         LCD_D4, BitPos(LCD_D4+0) 
0x0158	0xD001      	BRA         L__Lcd_Cmd28
L__Lcd_Cmd27:
0x015A	0x8483      	BSF         LCD_D4, BitPos(LCD_D4+0) 
L__Lcd_Cmd28:
;__Lib_Lcd.c,25 :: 		
0x015C	0xB03F      	BTFSC       __Lib_Lcd_cmd_status, BitPos(__Lib_Lcd_cmd_status+0) 
0x015E	0xD002      	BRA         L__Lcd_Cmd29
0x0160	0x8083      	BSF         LCD_RS, BitPos(LCD_RS+0) 
0x0162	0xD001      	BRA         L__Lcd_Cmd30
L__Lcd_Cmd29:
0x0164	0x9083      	BCF         LCD_RS, BitPos(LCD_RS+0) 
L__Lcd_Cmd30:
;__Lib_Lcd.c,28 :: 		
0x0166	0x8283      	BSF         LCD_EN, BitPos(LCD_EN+0) 
;__Lib_Lcd.c,29 :: 		
0x0168	0xDF83      	RCALL       _Delay_1us
;__Lib_Lcd.c,30 :: 		
0x016A	0x9283      	BCF         LCD_EN, BitPos(LCD_EN+0) 
;__Lib_Lcd.c,33 :: 		
0x016C	0xB651      	BTFSC       FARG_Lcd_Cmd_out_char, 3 
0x016E	0xD002      	BRA         L__Lcd_Cmd31
0x0170	0x9A83      	BCF         LCD_D7, BitPos(LCD_D7+0) 
0x0172	0xD001      	BRA         L__Lcd_Cmd32
L__Lcd_Cmd31:
0x0174	0x8A83      	BSF         LCD_D7, BitPos(LCD_D7+0) 
L__Lcd_Cmd32:
;__Lib_Lcd.c,34 :: 		
0x0176	0xB451      	BTFSC       FARG_Lcd_Cmd_out_char, 2 
0x0178	0xD002      	BRA         L__Lcd_Cmd33
0x017A	0x9883      	BCF         LCD_D6, BitPos(LCD_D6+0) 
0x017C	0xD001      	BRA         L__Lcd_Cmd34
L__Lcd_Cmd33:
0x017E	0x8883      	BSF         LCD_D6, BitPos(LCD_D6+0) 
L__Lcd_Cmd34:
;__Lib_Lcd.c,35 :: 		
0x0180	0xB251      	BTFSC       FARG_Lcd_Cmd_out_char, 1 
0x0182	0xD002      	BRA         L__Lcd_Cmd35
0x0184	0x9683      	BCF         LCD_D5, BitPos(LCD_D5+0) 
0x0186	0xD001      	BRA         L__Lcd_Cmd36
L__Lcd_Cmd35:
0x0188	0x8683      	BSF         LCD_D5, BitPos(LCD_D5+0) 
L__Lcd_Cmd36:
;__Lib_Lcd.c,36 :: 		
0x018A	0xB051      	BTFSC       FARG_Lcd_Cmd_out_char, 0 
0x018C	0xD002      	BRA         L__Lcd_Cmd37
0x018E	0x9483      	BCF         LCD_D4, BitPos(LCD_D4+0) 
0x0190	0xD001      	BRA         L__Lcd_Cmd38
L__Lcd_Cmd37:
0x0192	0x8483      	BSF         LCD_D4, BitPos(LCD_D4+0) 
L__Lcd_Cmd38:
;__Lib_Lcd.c,38 :: 		
0x0194	0xB03F      	BTFSC       __Lib_Lcd_cmd_status, BitPos(__Lib_Lcd_cmd_status+0) 
0x0196	0xD002      	BRA         L__Lcd_Cmd39
0x0198	0x8083      	BSF         LCD_RS, BitPos(LCD_RS+0) 
0x019A	0xD001      	BRA         L__Lcd_Cmd40
L__Lcd_Cmd39:
0x019C	0x9083      	BCF         LCD_RS, BitPos(LCD_RS+0) 
L__Lcd_Cmd40:
;__Lib_Lcd.c,40 :: 		
0x019E	0x8283      	BSF         LCD_EN, BitPos(LCD_EN+0) 
;__Lib_Lcd.c,41 :: 		
0x01A0	0xDF67      	RCALL       _Delay_1us
;__Lib_Lcd.c,42 :: 		
0x01A2	0x9283      	BCF         LCD_EN, BitPos(LCD_EN+0) 
;__Lib_Lcd.c,44 :: 		
0x01A4	0xA03F      	BTFSS       __Lib_Lcd_cmd_status, BitPos(__Lib_Lcd_cmd_status+0) 
0x01A6	0xD002      	BRA         L_Lcd_Cmd0
;__Lib_Lcd.c,45 :: 		
0x01A8	0xDF46      	RCALL       _Delay_5500us
0x01AA	0xD001      	BRA         L_Lcd_Cmd1
L_Lcd_Cmd0:
;__Lib_Lcd.c,47 :: 		
0x01AC	0xDF53      	RCALL       _Delay_50us
L_Lcd_Cmd1:
;__Lib_Lcd.c,48 :: 		
L_end_Lcd_Cmd:
0x01AE	0x0012      	RETURN      0
; end of _Lcd_Cmd
_SETIOV3224:
;__Lib_MathDouble.c,530 :: 		
;__Lib_MathDouble.c,537 :: 		
0x01B0	0x800B      	BSF         R11, 0, 0
;__Lib_MathDouble.c,538 :: 		
0x01B2	0xAE0B      	BTFSS       R11, 7, 0
;__Lib_MathDouble.c,539 :: 		
0x01B4	0xF000EFE4  	GOTO        SETIOV3224EEE
;__Lib_MathDouble.c,541 :: 		
0x01B8	0x6A02      	CLRF        R2, 0
;__Lib_MathDouble.c,542 :: 		
0x01BA	0xAE0A      	BTFSS       R10, 7, 0
;__Lib_MathDouble.c,543 :: 		
0x01BC	0x0EFF      	MOVLW       255
;__Lib_MathDouble.c,544 :: 		
0x01BE	0x6E02      	MOVWF       R2, 0
;__Lib_MathDouble.c,545 :: 		
0x01C0	0x6E01      	MOVWF       R1, 0
;__Lib_MathDouble.c,546 :: 		
0x01C2	0x6E00      	MOVWF       R0, 0
;__Lib_MathDouble.c,547 :: 		
0x01C4	0x360A      	RLCF        R10, 1, 0
;__Lib_MathDouble.c,548 :: 		
0x01C6	0x3202      	RRCF        R2, 1, 0
;__Lib_MathDouble.c,549 :: 		
SETIOV3224EEE:
;__Lib_MathDouble.c,550 :: 		
0x01C8	0x0EFF      	MOVLW       255
;__Lib_MathDouble.c,552 :: 		
L_end_SETIOV3224:
0x01CA	0x0012      	RETURN      0
; end of _SETIOV3224
_SETFOV32:
;__Lib_MathDouble.c,82 :: 		
;__Lib_MathDouble.c,90 :: 		
0x01CC	0x820B      	BSF         R11, 1, 0
;__Lib_MathDouble.c,91 :: 		
0x01CE	0xAE0B      	BTFSS       R11, 7, 0
;__Lib_MathDouble.c,92 :: 		
0x01D0	0xF000EFF0  	GOTO        SETFOV32EEE
;__Lib_MathDouble.c,94 :: 		
0x01D4	0x6803      	SETF        R3, 0
;__Lib_MathDouble.c,95 :: 		
0x01D6	0x6802      	SETF        R2, 0
;__Lib_MathDouble.c,96 :: 		
0x01D8	0x6801      	SETF        R1, 0
;__Lib_MathDouble.c,97 :: 		
0x01DA	0x6800      	SETF        R0, 0
;__Lib_MathDouble.c,98 :: 		
0x01DC	0x360A      	RLCF        R10, 1, 0
;__Lib_MathDouble.c,99 :: 		
0x01DE	0x3202      	RRCF        R2, 1, 0
;__Lib_MathDouble.c,100 :: 		
SETFOV32EEE:
;__Lib_MathDouble.c,101 :: 		
0x01E0	0x0EFF      	MOVLW       255
;__Lib_MathDouble.c,103 :: 		
L_end_SETFOV32:
0x01E2	0x0012      	RETURN      0
; end of _SETFOV32
_WordToStr:
;__Lib_Conversions.c,98 :: 		
;__Lib_Conversions.c,103 :: 		
0x01E4	0x6A4E      	CLRF        WordToStr_len_L0 
L_WordToStr11:
0x01E6	0x0E05      	MOVLW       5
0x01E8	0x5C4E      	SUBWF       WordToStr_len_L0, 0 
0x01EA	0xE20A      	BC          L_WordToStr12
;__Lib_Conversions.c,104 :: 		
0x01EC	0x504E      	MOVF        WordToStr_len_L0, 0 
0x01EE	0x244C      	ADDWF       FARG_WordToStr_output, 0 
0x01F0	0x6EE1      	MOVWF       FSR1L 
0x01F2	0x0E00      	MOVLW       0
0x01F4	0x204D      	ADDWFC      FARG_WordToStr_output+1, 0 
0x01F6	0x6EE2      	MOVWF       FSR1L+1 
0x01F8	0x0E20      	MOVLW       32
0x01FA	0x6EE6      	MOVWF       POSTINC1 
;__Lib_Conversions.c,103 :: 		
0x01FC	0x2A4E      	INCF        WordToStr_len_L0, 1 
;__Lib_Conversions.c,104 :: 		
0x01FE	0xD7F3      	BRA         L_WordToStr11
L_WordToStr12:
;__Lib_Conversions.c,105 :: 		
0x0200	0x504E      	MOVF        WordToStr_len_L0, 0 
0x0202	0x244C      	ADDWF       FARG_WordToStr_output, 0 
0x0204	0x6EE1      	MOVWF       FSR1L 
0x0206	0x0E00      	MOVLW       0
0x0208	0x204D      	ADDWFC      FARG_WordToStr_output+1, 0 
0x020A	0x6EE2      	MOVWF       FSR1L+1 
0x020C	0x6AE6      	CLRF        POSTINC1 
0x020E	0x064E      	DECF        WordToStr_len_L0, 1 
;__Lib_Conversions.c,107 :: 		
L_WordToStr14:
;__Lib_Conversions.c,108 :: 		
0x0210	0x504E      	MOVF        WordToStr_len_L0, 0 
0x0212	0x244C      	ADDWF       FARG_WordToStr_output, 0 
0x0214	0x6E4F      	MOVWF       FLOC__WordToStr 
0x0216	0x0E00      	MOVLW       0
0x0218	0x204D      	ADDWFC      FARG_WordToStr_output+1, 0 
0x021A	0x6E50      	MOVWF       FLOC__WordToStr+1 
0x021C	0x0E0A      	MOVLW       10
0x021E	0x6E04      	MOVWF       R4 
0x0220	0x0E00      	MOVLW       0
0x0222	0x6E05      	MOVWF       R5 
0x0224	0xF000C04A  	MOVFF       FARG_WordToStr_input, R0
0x0228	0xF001C04B  	MOVFF       FARG_WordToStr_input+1, R1
0x022C	0xDF68      	RCALL       _Div_16X16_U
0x022E	0xF000C008  	MOVFF       R8, R0
0x0232	0xF001C009  	MOVFF       R9, R1
0x0236	0x0E30      	MOVLW       48
0x0238	0x2600      	ADDWF       R0, 1 
0x023A	0xFFE1C04F  	MOVFF       FLOC__WordToStr, FSR1L
0x023E	0xFFE2C050  	MOVFF       FLOC__WordToStr+1, FSR1H
0x0242	0xFFE6C000  	MOVFF       R0, POSTINC1
;__Lib_Conversions.c,109 :: 		
0x0246	0x0E0A      	MOVLW       10
0x0248	0x6E04      	MOVWF       R4 
0x024A	0x0E00      	MOVLW       0
0x024C	0x6E05      	MOVWF       R5 
0x024E	0xF000C04A  	MOVFF       FARG_WordToStr_input, R0
0x0252	0xF001C04B  	MOVFF       FARG_WordToStr_input+1, R1
0x0256	0xDF53      	RCALL       _Div_16X16_U
0x0258	0xF04AC000  	MOVFF       R0, FARG_WordToStr_input
0x025C	0xF04BC001  	MOVFF       R1, FARG_WordToStr_input+1
;__Lib_Conversions.c,110 :: 		
0x0260	0x0E00      	MOVLW       0
0x0262	0x1801      	XORWF       R1, 0 
0x0264	0xE102      	BNZ         L__WordToStr379
0x0266	0x0E00      	MOVLW       0
0x0268	0x1800      	XORWF       R0, 0 
L__WordToStr379:
0x026A	0xE101      	BNZ         L_WordToStr16
;__Lib_Conversions.c,111 :: 		
0x026C	0xD002      	BRA         L_WordToStr15
L_WordToStr16:
;__Lib_Conversions.c,112 :: 		
0x026E	0x064E      	DECF        WordToStr_len_L0, 1 
;__Lib_Conversions.c,113 :: 		
0x0270	0xD7CF      	BRA         L_WordToStr14
L_WordToStr15:
;__Lib_Conversions.c,114 :: 		
L_end_WordToStr:
0x0272	0x0012      	RETURN      0
; end of _WordToStr
_ADC_Read:
;__Lib_ADC_A_D.c,51 :: 		
;__Lib_ADC_A_D.c,54 :: 		
0x0274	0x6AC2      	CLRF        ADCON0 
;__Lib_ADC_A_D.c,55 :: 		
0x0276	0x1C26      	COMF        _vref_mask, 0 
0x0278	0x6E00      	MOVWF       R0 
0x027A	0x5000      	MOVF        R0, 0 
0x027C	0x16C1      	ANDWF       ADCON1, 1 
;__Lib_ADC_A_D.c,56 :: 		
0x027E	0x0E07      	MOVLW       7
0x0280	0x12C0      	IORWF       ADCON2, 1 
;__Lib_ADC_A_D.c,57 :: 		
0x0282	0x8EC0      	BSF         ADCON2, 7 
;__Lib_ADC_A_D.c,58 :: 		
0x0284	0xF000C04A  	MOVFF       FARG_ADC_Read_channel, R0
0x0288	0x3600      	RLCF        R0, 1 
0x028A	0x9000      	BCF         R0, 0 
0x028C	0x3600      	RLCF        R0, 1 
0x028E	0x9000      	BCF         R0, 0 
0x0290	0x5000      	MOVF        R0, 0 
0x0292	0x12C2      	IORWF       ADCON0, 1 
;__Lib_ADC_A_D.c,59 :: 		
0x0294	0x80C2      	BSF         ADCON0, 0 
;__Lib_ADC_A_D.c,60 :: 		
0x0296	0xDEF3      	RCALL       _Delay_22us
;__Lib_ADC_A_D.c,61 :: 		
0x0298	0x82C2      	BSF         ADCON0, 1 
;__Lib_ADC_A_D.c,62 :: 		
L_ADC_Read2:
0x029A	0xA2C2      	BTFSS       ADCON0, 1 
0x029C	0xD001      	BRA         L_ADC_Read3
;__Lib_ADC_A_D.c,63 :: 		
0x029E	0xD7FD      	BRA         L_ADC_Read2
L_ADC_Read3:
;__Lib_ADC_A_D.c,64 :: 		
0x02A0	0xF001CFC4  	MOVFF       ADRESH, R1
0x02A4	0x6A00      	CLRF        R0 
;__Lib_ADC_A_D.c,65 :: 		
0x02A6	0x50C3      	MOVF        ADRESL, 0 
0x02A8	0x1200      	IORWF       R0, 1 
0x02AA	0x0E00      	MOVLW       0
0x02AC	0x1201      	IORWF       R1, 1 
;__Lib_ADC_A_D.c,66 :: 		
0x02AE	0x90C2      	BCF         ADCON0, 0 
;__Lib_ADC_A_D.c,68 :: 		
;__Lib_ADC_A_D.c,69 :: 		
L_end_ADC_Read:
0x02B0	0x0012      	RETURN      0
; end of _ADC_Read
_double2word:
;__Lib_MathDouble.c,2023 :: 		
;__Lib_MathDouble.c,2032 :: 		
0x02B2	0x6A0B      	CLRF        R11, 0
;__Lib_MathDouble.c,2033 :: 		
0x02B4	0x6A0C      	CLRF        R12, 0
;__Lib_MathDouble.c,2034 :: 		
0x02B6	0x6A0A      	CLRF        R10, 0
;__Lib_MathDouble.c,2036 :: 		
0x02B8	0x5003      	MOVF        R3, 0, 0
;__Lib_MathDouble.c,2037 :: 		
0x02BA	0xB4D8      	BTFSC       STATUS, 2, 0
;__Lib_MathDouble.c,2038 :: 		
0x02BC	0xF001EFA3  	GOTO        IRES016U
;__Lib_MathDouble.c,2040 :: 		
0x02C0	0x8E02      	BSF         R2, 7, 0
;__Lib_MathDouble.c,2042 :: 		
0x02C2	0x0E8E      	MOVLW       142
;__Lib_MathDouble.c,2043 :: 		
0x02C4	0x5E03      	SUBWF       R3, 1, 0
;__Lib_MathDouble.c,2044 :: 		
0x02C6	0xBE03      	BTFSC       R3, 7, 0
;__Lib_MathDouble.c,2045 :: 		
0x02C8	0xF001EF6B  	GOTO        SETEXP16U
;__Lib_MathDouble.c,2046 :: 		
0x02CC	0xB4D8      	BTFSC       STATUS, 2, 0
;__Lib_MathDouble.c,2047 :: 		
0x02CE	0xF001EF6B  	GOTO        SETEXP16U
;__Lib_MathDouble.c,2048 :: 		
0x02D2	0xF001EFA7  	GOTO        SETIOV16U
;__Lib_MathDouble.c,2049 :: 		
SETEXP16U:
;__Lib_MathDouble.c,2050 :: 		
0x02D6	0x6C03      	NEGF        R3, 0
;__Lib_MathDouble.c,2052 :: 		
0x02D8	0x0E08      	MOVLW       8
;__Lib_MathDouble.c,2053 :: 		
0x02DA	0x5C03      	SUBWF       R3, 0, 0
;__Lib_MathDouble.c,2054 :: 		
0x02DC	0xA0D8      	BTFSS       STATUS, 0, 0
;__Lib_MathDouble.c,2055 :: 		
0x02DE	0xF001EF82  	GOTO        TSHIFT3216U
;__Lib_MathDouble.c,2056 :: 		
0x02E2	0x6E03      	MOVWF       R3, 0
;__Lib_MathDouble.c,2057 :: 		
0x02E4	0x3601      	RLCF        R1, 1, 0
;__Lib_MathDouble.c,2058 :: 		
0x02E6	0xF001C002  	MOVFF       R2, R1
;__Lib_MathDouble.c,2059 :: 		
0x02EA	0x6A02      	CLRF        R2, 0
;__Lib_MathDouble.c,2061 :: 		
0x02EC	0x0E08      	MOVLW       8
;__Lib_MathDouble.c,2062 :: 		
0x02EE	0x5C03      	SUBWF       R3, 0, 0
;__Lib_MathDouble.c,2063 :: 		
0x02F0	0xA0D8      	BTFSS       STATUS, 0, 0
;__Lib_MathDouble.c,2064 :: 		
0x02F2	0xF001EF82  	GOTO        TSHIFT3216U
;__Lib_MathDouble.c,2065 :: 		
0x02F6	0x3601      	RLCF        R1, 1, 0
;__Lib_MathDouble.c,2066 :: 		
0x02F8	0x6A01      	CLRF        R1, 0
;__Lib_MathDouble.c,2068 :: 		
0x02FA	0x5003      	MOVF        R3, 0, 0
;__Lib_MathDouble.c,2069 :: 		
0x02FC	0xA4D8      	BTFSS       STATUS, 2, 0
;__Lib_MathDouble.c,2070 :: 		
0x02FE	0x90D8      	BCF         STATUS, 0, 0
;__Lib_MathDouble.c,2071 :: 		
0x0300	0xF001EF8C  	GOTO        SHIFT3216UOK
;__Lib_MathDouble.c,2072 :: 		
TSHIFT3216U:
;__Lib_MathDouble.c,2073 :: 		
0x0304	0x5003      	MOVF        R3, 0, 0
;__Lib_MathDouble.c,2074 :: 		
0x0306	0xB4D8      	BTFSC       STATUS, 2, 0
;__Lib_MathDouble.c,2075 :: 		
0x0308	0xF001EF8C  	GOTO        SHIFT3216UOK
;__Lib_MathDouble.c,2076 :: 		
SHIFT3216U:
;__Lib_MathDouble.c,2077 :: 		
0x030C	0x90D8      	BCF         STATUS, 0, 0
;__Lib_MathDouble.c,2078 :: 		
0x030E	0x3202      	RRCF        R2, 1, 0
;__Lib_MathDouble.c,2079 :: 		
0x0310	0x3201      	RRCF        R1, 1, 0
;__Lib_MathDouble.c,2080 :: 		
0x0312	0x2E03      	DECFSZ      R3, 1, 0
;__Lib_MathDouble.c,2081 :: 		
0x0314	0xF001EF86  	GOTO        SHIFT3216U
;__Lib_MathDouble.c,2082 :: 		
SHIFT3216UOK:
;__Lib_MathDouble.c,2083 :: 		
0x0318	0xBC0B      	BTFSC       R11, 6, 0
;__Lib_MathDouble.c,2084 :: 		
0x031A	0xA001      	BTFSS       R1, 0, 0
;__Lib_MathDouble.c,2085 :: 		
0x031C	0xF001EF99  	GOTO        INT3216UOK
;__Lib_MathDouble.c,2086 :: 		
0x0320	0xA0D8      	BTFSS       STATUS, 0, 0
;__Lib_MathDouble.c,2087 :: 		
0x0322	0xF001EF99  	GOTO        INT3216UOK
;__Lib_MathDouble.c,2088 :: 		
0x0326	0x2A01      	INCF        R1, 1, 0
;__Lib_MathDouble.c,2089 :: 		
0x0328	0xB4D8      	BTFSC       STATUS, 2, 0
;__Lib_MathDouble.c,2090 :: 		
0x032A	0x2A02      	INCF        R2, 1, 0
;__Lib_MathDouble.c,2091 :: 		
0x032C	0xBE02      	BTFSC       R2, 7, 0
;__Lib_MathDouble.c,2092 :: 		
0x032E	0xF001EFB6  	GOTO        JPKSETIOV3224
;__Lib_MathDouble.c,2093 :: 		
INT3216UOK:
;__Lib_MathDouble.c,2094 :: 		
0x0332	0xAE0A      	BTFSS       R10, 7, 0
;__Lib_MathDouble.c,2095 :: 		
0x0334	0xF001EFBB  	GOTO        INT3216UEOK
;__Lib_MathDouble.c,2097 :: 		
0x0338	0x1E02      	COMF        R2, 1, 0
;__Lib_MathDouble.c,2098 :: 		
0x033A	0x1E01      	COMF        R1, 1, 0
;__Lib_MathDouble.c,2099 :: 		
0x033C	0x2A01      	INCF        R1, 1, 0
;__Lib_MathDouble.c,2100 :: 		
0x033E	0xB4D8      	BTFSC       STATUS, 2, 0
;__Lib_MathDouble.c,2101 :: 		
0x0340	0x2A02      	INCF        R2, 1, 0
;__Lib_MathDouble.c,2102 :: 		
0x0342	0xF001EFBB  	GOTO        INT3216UEOK
;__Lib_MathDouble.c,2104 :: 		
IRES016U:
;__Lib_MathDouble.c,2105 :: 		
0x0346	0x6A02      	CLRF        R2, 0
;__Lib_MathDouble.c,2106 :: 		
0x0348	0x6A01      	CLRF        R1, 0
;__Lib_MathDouble.c,2107 :: 		
0x034A	0xF001EFBB  	GOTO        INT3216UEOK
;__Lib_MathDouble.c,2108 :: 		
SETIOV16U:
;__Lib_MathDouble.c,2109 :: 		
0x034E	0x800B      	BSF         R11, 0, 0
;__Lib_MathDouble.c,2110 :: 		
0x0350	0xAE0B      	BTFSS       R11, 7, 0
;__Lib_MathDouble.c,2111 :: 		
0x0352	0xF001EFBF  	GOTO        INT3216UEER
;__Lib_MathDouble.c,2113 :: 		
0x0356	0x6A02      	CLRF        R2, 0
;__Lib_MathDouble.c,2114 :: 		
0x0358	0xAE0A      	BTFSS       R10, 7, 0
;__Lib_MathDouble.c,2115 :: 		
0x035A	0xF001EFBF  	GOTO        INT3216UEER
;__Lib_MathDouble.c,2116 :: 		
0x035E	0x0EFF      	MOVLW       255
;__Lib_MathDouble.c,2117 :: 		
0x0360	0x6E02      	MOVWF       R2, 0
;__Lib_MathDouble.c,2118 :: 		
0x0362	0x6E01      	MOVWF       R1, 0
;__Lib_MathDouble.c,2119 :: 		
0x0364	0x360A      	RLCF        R10, 1, 0
;__Lib_MathDouble.c,2120 :: 		
0x0366	0x3202      	RRCF        R2, 1, 0
;__Lib_MathDouble.c,2121 :: 		
0x0368	0xF001EFBF  	GOTO        INT3216UEER
;__Lib_MathDouble.c,2123 :: 		
JPKSETIOV3224:
;__Lib_MathDouble.c,2124 :: 		
0x036C	0x0E01      	MOVLW       1
;__Lib_MathDouble.c,2125 :: 		
0x036E	0x6E0C      	MOVWF       R12, 0
;__Lib_MathDouble.c,2127 :: 		
0x0370	0xDF1F      	RCALL       _SETIOV3224
;__Lib_MathDouble.c,2129 :: 		
0x0372	0xF001EFC1  	GOTO        INT3216UEEE
;__Lib_MathDouble.c,2130 :: 		
INT3216UEOK:
;__Lib_MathDouble.c,2131 :: 		
0x0376	0x0E00      	MOVLW       0
;__Lib_MathDouble.c,2132 :: 		
0x0378	0x6E0C      	MOVWF       R12, 0
;__Lib_MathDouble.c,2133 :: 		
0x037A	0xF001EFC1  	GOTO        INT3216UEEE
;__Lib_MathDouble.c,2134 :: 		
INT3216UEER:
;__Lib_MathDouble.c,2135 :: 		
0x037E	0x0EFF      	MOVLW       255
;__Lib_MathDouble.c,2136 :: 		
0x0380	0x6E0C      	MOVWF       R12, 0
;__Lib_MathDouble.c,2137 :: 		
INT3216UEEE:
;__Lib_MathDouble.c,2138 :: 		
0x0382	0x5001      	MOVF        R1, 0, 0
;__Lib_MathDouble.c,2139 :: 		
0x0384	0x6E00      	MOVWF       R0, 0
;__Lib_MathDouble.c,2140 :: 		
0x0386	0x5002      	MOVF        R2, 0, 0
;__Lib_MathDouble.c,2141 :: 		
0x0388	0x6E01      	MOVWF       R1, 0
;__Lib_MathDouble.c,2146 :: 		
L_end_double2word:
0x038A	0x0012      	RETURN      0
; end of _double2word
_Lcd_Chr_CP:
;__Lib_Lcd.c,50 :: 		
;__Lib_Lcd.c,52 :: 		
0x038C	0x903F      	BCF         __Lib_Lcd_cmd_status, BitPos(__Lib_Lcd_cmd_status+0) 
;__Lib_Lcd.c,53 :: 		
0x038E	0xF051C04A  	MOVFF       FARG_Lcd_Chr_CP_out_char, FARG_Lcd_Cmd_out_char
0x0392	0xDED0      	RCALL       _Lcd_Cmd
;__Lib_Lcd.c,54 :: 		
0x0394	0x803F      	BSF         __Lib_Lcd_cmd_status, BitPos(__Lib_Lcd_cmd_status+0) 
;__Lib_Lcd.c,55 :: 		
L_end_Lcd_Chr_CP:
0x0396	0x0012      	RETURN      0
; end of _Lcd_Chr_CP
_word2double:
;__Lib_MathDouble.c,2335 :: 		
;__Lib_MathDouble.c,2344 :: 		
0x0398	0x5000      	MOVF        R0, 0, 0
;__Lib_MathDouble.c,2345 :: 		
0x039A	0x6E08      	MOVWF       R8, 0
;__Lib_MathDouble.c,2346 :: 		
0x039C	0x5001      	MOVF        R1, 0, 0
;__Lib_MathDouble.c,2347 :: 		
0x039E	0x6E00      	MOVWF       R0, 0
;__Lib_MathDouble.c,2348 :: 		
0x03A0	0x6A01      	CLRF        R1, 0
;__Lib_MathDouble.c,2349 :: 		
0x03A2	0x6A02      	CLRF        R2, 0
;__Lib_MathDouble.c,2350 :: 		
0x03A4	0x6A03      	CLRF        R3, 0
;__Lib_MathDouble.c,2353 :: 		
0x03A6	0x6A0B      	CLRF        R11, 0
;__Lib_MathDouble.c,2354 :: 		
0x03A8	0x6A0C      	CLRF        R12, 0
;__Lib_MathDouble.c,2356 :: 		
0x03AA	0x0E96      	MOVLW       150
;__Lib_MathDouble.c,2357 :: 		
0x03AC	0x6E03      	MOVWF       R3, 0
;__Lib_MathDouble.c,2358 :: 		
0x03AE	0x6A0A      	CLRF        R10, 0
;__Lib_MathDouble.c,2360 :: 		
0x03B0	0xF001C000  	MOVFF       R0, R1
;__Lib_MathDouble.c,2361 :: 		
0x03B4	0xF000C008  	MOVFF       R8, R0
;__Lib_MathDouble.c,2362 :: 		
0x03B8	0x6A08      	CLRF        R8, 0
;__Lib_MathDouble.c,2363 :: 		
0x03BA	0x6A02      	CLRF        R2, 0
;__Lib_MathDouble.c,2365 :: 		
0x03BC	0xDE67      	RCALL       _NRM3232
;__Lib_MathDouble.c,2366 :: 		
L_end_word2double:
0x03BE	0x0012      	RETURN      0
; end of _word2double
_Mul_32x32_FP:
;__Lib_MathDouble.c,1130 :: 		
;__Lib_MathDouble.c,1148 :: 		
0x03C0	0x6A08      	CLRF        R8, 0
;__Lib_MathDouble.c,1149 :: 		
0x03C2	0x6A09      	CLRF        R9, 0
;__Lib_MathDouble.c,1151 :: 		
0x03C4	0x0E00      	MOVLW       0
;__Lib_MathDouble.c,1152 :: 		
0x03C6	0x6207      	CPFSEQ      R7, 0
;__Lib_MathDouble.c,1153 :: 		
0x03C8	0x6403      	CPFSGT      R3, 0
;__Lib_MathDouble.c,1154 :: 		
0x03CA	0xF002EF65  	GOTO        MULJPRES032
;__Lib_MathDouble.c,1157 :: 		
0x03CE	0x5002      	MOVF        R2, 0, 0
;__Lib_MathDouble.c,1158 :: 		
0x03D0	0x1806      	XORWF       R6, 0, 0
;__Lib_MathDouble.c,1159 :: 		
0x03D2	0x6E0A      	MOVWF       R10, 0
;__Lib_MathDouble.c,1161 :: 		
0x03D4	0x5007      	MOVF        R7, 0, 0
;__Lib_MathDouble.c,1162 :: 		
0x03D6	0x2603      	ADDWF       R3, 1, 0
;__Lib_MathDouble.c,1163 :: 		
0x03D8	0x0E7E      	MOVLW       126
;__Lib_MathDouble.c,1164 :: 		
0x03DA	0xA0D8      	BTFSS       STATUS, 0, 0
;__Lib_MathDouble.c,1165 :: 		
0x03DC	0xF001EFF6  	GOTO        MTUN32
;__Lib_MathDouble.c,1167 :: 		
0x03E0	0x5E03      	SUBWF       R3, 1, 0
;__Lib_MathDouble.c,1168 :: 		
0x03E2	0xB0D8      	BTFSC       STATUS, 0, 0
;__Lib_MathDouble.c,1169 :: 		
0x03E4	0xF002EF69  	GOTO        MULJPSETFOV32
;__Lib_MathDouble.c,1170 :: 		
0x03E8	0xF001EFFA  	GOTO        MOK32
;__Lib_MathDouble.c,1172 :: 		
MTUN32:
;__Lib_MathDouble.c,1173 :: 		
0x03EC	0x5E03      	SUBWF       R3, 1, 0
;__Lib_MathDouble.c,1174 :: 		
0x03EE	0xA0D8      	BTFSS       STATUS, 0, 0
;__Lib_MathDouble.c,1175 :: 		
0x03F0	0xF002EF6D  	GOTO        MULJPSETFUN32
;__Lib_MathDouble.c,1177 :: 		
MOK32:
;__Lib_MathDouble.c,1178 :: 		
0x03F4	0x8E02      	BSF         R2, 7, 0
;__Lib_MathDouble.c,1179 :: 		
0x03F6	0x8E06      	BSF         R6, 7, 0
;__Lib_MathDouble.c,1181 :: 		
0x03F8	0xF00EC002  	MOVFF       R2, R14
;__Lib_MathDouble.c,1182 :: 		
0x03FC	0xF00BC001  	MOVFF       R1, R11
;__Lib_MathDouble.c,1183 :: 		
0x0400	0xF00DC000  	MOVFF       R0, R13
;__Lib_MathDouble.c,1185 :: 		
0x0404	0x5000      	MOVF        R0, 0, 0
;__Lib_MathDouble.c,1186 :: 		
0x0406	0x0204      	MULWF       R4, 0
;__Lib_MathDouble.c,1187 :: 		
0x0408	0xF00CCFF4  	MOVFF       PRODH, R12
;__Lib_MathDouble.c,1189 :: 		
0x040C	0x5001      	MOVF        R1, 0, 0
;__Lib_MathDouble.c,1190 :: 		
0x040E	0x0205      	MULWF       R5, 0
;__Lib_MathDouble.c,1191 :: 		
0x0410	0xF000CFF4  	MOVFF       PRODH, R0
;__Lib_MathDouble.c,1192 :: 		
0x0414	0xF008CFF3  	MOVFF       PRODL, R8
;__Lib_MathDouble.c,1194 :: 		
0x0418	0x0204      	MULWF       R4, 0
;__Lib_MathDouble.c,1195 :: 		
0x041A	0x50F3      	MOVF        PRODL, 0, 0
;__Lib_MathDouble.c,1196 :: 		
0x041C	0x260C      	ADDWF       R12, 1, 0
;__Lib_MathDouble.c,1197 :: 		
0x041E	0x50F4      	MOVF        PRODH, 0, 0
;__Lib_MathDouble.c,1198 :: 		
0x0420	0x2208      	ADDWFC      R8, 1, 0
;__Lib_MathDouble.c,1199 :: 		
0x0422	0x0E00      	MOVLW       0
;__Lib_MathDouble.c,1200 :: 		
0x0424	0x2200      	ADDWFC      R0, 1, 0
;__Lib_MathDouble.c,1202 :: 		
0x0426	0x500D      	MOVF        R13, 0, 0
;__Lib_MathDouble.c,1203 :: 		
0x0428	0x0205      	MULWF       R5, 0
;__Lib_MathDouble.c,1204 :: 		
0x042A	0x50F3      	MOVF        PRODL, 0, 0
;__Lib_MathDouble.c,1205 :: 		
0x042C	0x260C      	ADDWF       R12, 1, 0
;__Lib_MathDouble.c,1206 :: 		
0x042E	0x50F4      	MOVF        PRODH, 0, 0
;__Lib_MathDouble.c,1207 :: 		
0x0430	0x2208      	ADDWFC      R8, 1, 0
;__Lib_MathDouble.c,1208 :: 		
0x0432	0x0E00      	MOVLW       0
;__Lib_MathDouble.c,1209 :: 		
0x0434	0x2200      	ADDWFC      R0, 1, 0
;__Lib_MathDouble.c,1211 :: 		
0x0436	0x5002      	MOVF        R2, 0, 0
;__Lib_MathDouble.c,1212 :: 		
0x0438	0x0204      	MULWF       R4, 0
;__Lib_MathDouble.c,1213 :: 		
0x043A	0x50F3      	MOVF        PRODL, 0, 0
;__Lib_MathDouble.c,1214 :: 		
0x043C	0x2608      	ADDWF       R8, 1, 0
;__Lib_MathDouble.c,1215 :: 		
0x043E	0x50F4      	MOVF        PRODH, 0, 0
;__Lib_MathDouble.c,1216 :: 		
0x0440	0x2200      	ADDWFC      R0, 1, 0
;__Lib_MathDouble.c,1217 :: 		
0x0442	0x5002      	MOVF        R2, 0, 0
;__Lib_MathDouble.c,1218 :: 		
0x0444	0x0205      	MULWF       R5, 0
;__Lib_MathDouble.c,1219 :: 		
0x0446	0x6A01      	CLRF        R1, 0
;__Lib_MathDouble.c,1220 :: 		
0x0448	0x0E00      	MOVLW       0
;__Lib_MathDouble.c,1221 :: 		
0x044A	0x2201      	ADDWFC      R1, 1, 0
;__Lib_MathDouble.c,1222 :: 		
0x044C	0x50F3      	MOVF        PRODL, 0, 0
;__Lib_MathDouble.c,1223 :: 		
0x044E	0x2600      	ADDWF       R0, 1, 0
;__Lib_MathDouble.c,1224 :: 		
0x0450	0x50F4      	MOVF        PRODH, 0, 0
;__Lib_MathDouble.c,1225 :: 		
0x0452	0x2201      	ADDWFC      R1, 1, 0
;__Lib_MathDouble.c,1227 :: 		
0x0454	0x500D      	MOVF        R13, 0, 0
;__Lib_MathDouble.c,1228 :: 		
0x0456	0x0206      	MULWF       R6, 0
;__Lib_MathDouble.c,1229 :: 		
0x0458	0x50F3      	MOVF        PRODL, 0, 0
;__Lib_MathDouble.c,1230 :: 		
0x045A	0x2608      	ADDWF       R8, 1, 0
;__Lib_MathDouble.c,1231 :: 		
0x045C	0x50F4      	MOVF        PRODH, 0, 0
;__Lib_MathDouble.c,1232 :: 		
0x045E	0x2200      	ADDWFC      R0, 1, 0
;__Lib_MathDouble.c,1233 :: 		
0x0460	0x6A02      	CLRF        R2, 0
;__Lib_MathDouble.c,1234 :: 		
0x0462	0x0E00      	MOVLW       0
;__Lib_MathDouble.c,1235 :: 		
0x0464	0x2201      	ADDWFC      R1, 1, 0
;__Lib_MathDouble.c,1236 :: 		
0x0466	0x2202      	ADDWFC      R2, 1, 0
;__Lib_MathDouble.c,1238 :: 		
0x0468	0x500B      	MOVF        R11, 0, 0
;__Lib_MathDouble.c,1239 :: 		
0x046A	0x0206      	MULWF       R6, 0
;__Lib_MathDouble.c,1240 :: 		
0x046C	0x50F3      	MOVF        PRODL, 0, 0
;__Lib_MathDouble.c,1241 :: 		
0x046E	0x2600      	ADDWF       R0, 1, 0
;__Lib_MathDouble.c,1242 :: 		
0x0470	0x50F4      	MOVF        PRODH, 0, 0
;__Lib_MathDouble.c,1243 :: 		
0x0472	0x2201      	ADDWFC      R1, 1, 0
;__Lib_MathDouble.c,1244 :: 		
0x0474	0x0E00      	MOVLW       0
;__Lib_MathDouble.c,1245 :: 		
0x0476	0x2202      	ADDWFC      R2, 1, 0
;__Lib_MathDouble.c,1247 :: 		
0x0478	0x500E      	MOVF        R14, 0, 0
;__Lib_MathDouble.c,1248 :: 		
0x047A	0x0206      	MULWF       R6, 0
;__Lib_MathDouble.c,1249 :: 		
0x047C	0x50F3      	MOVF        PRODL, 0, 0
;__Lib_MathDouble.c,1250 :: 		
0x047E	0x2601      	ADDWF       R1, 1, 0
;__Lib_MathDouble.c,1251 :: 		
0x0480	0x50F4      	MOVF        PRODH, 0, 0
;__Lib_MathDouble.c,1252 :: 		
0x0482	0x2202      	ADDWFC      R2, 1, 0
;__Lib_MathDouble.c,1254 :: 		
0x0484	0xBE02      	BTFSC       R2, 7, 0
;__Lib_MathDouble.c,1255 :: 		
0x0486	0xF002EF4D  	GOTO        MROUND32
;__Lib_MathDouble.c,1256 :: 		
0x048A	0x3608      	RLCF        R8, 1, 0
;__Lib_MathDouble.c,1257 :: 		
0x048C	0x3600      	RLCF        R0, 1, 0
;__Lib_MathDouble.c,1258 :: 		
0x048E	0x3601      	RLCF        R1, 1, 0
;__Lib_MathDouble.c,1259 :: 		
0x0490	0x3602      	RLCF        R2, 1, 0
;__Lib_MathDouble.c,1260 :: 		
0x0492	0x0603      	DECF        R3, 1, 0
;__Lib_MathDouble.c,1261 :: 		
0x0494	0xB4D8      	BTFSC       STATUS, 2, 0
;__Lib_MathDouble.c,1262 :: 		
0x0496	0xF002EF6D  	GOTO        MULJPSETFUN32
;__Lib_MathDouble.c,1264 :: 		
MROUND32:
;__Lib_MathDouble.c,1267 :: 		
0x049A	0xF002EF60  	GOTO        MUL32OK
;__Lib_MathDouble.c,1268 :: 		
0x049E	0x80D8      	BSF         STATUS, 0, 0
;__Lib_MathDouble.c,1269 :: 		
0x04A0	0x0E80      	MOVLW       128
;__Lib_MathDouble.c,1270 :: 		
0x04A2	0x6408      	CPFSGT      R8, 0
;__Lib_MathDouble.c,1271 :: 		
0x04A4	0x3000      	RRCF        R0, 0, 0
;__Lib_MathDouble.c,1272 :: 		
0x04A6	0x0E00      	MOVLW       0
;__Lib_MathDouble.c,1273 :: 		
0x04A8	0x2200      	ADDWFC      R0, 1, 0
;__Lib_MathDouble.c,1274 :: 		
0x04AA	0x2201      	ADDWFC      R1, 1, 0
;__Lib_MathDouble.c,1275 :: 		
0x04AC	0x2202      	ADDWFC      R2, 1, 0
;__Lib_MathDouble.c,1277 :: 		
0x04AE	0xA0D8      	BTFSS       STATUS, 0, 0
;__Lib_MathDouble.c,1278 :: 		
0x04B0	0xF002EF60  	GOTO        MUL32OK
;__Lib_MathDouble.c,1279 :: 		
0x04B4	0x3202      	RRCF        R2, 1, 0
;__Lib_MathDouble.c,1280 :: 		
0x04B6	0x3201      	RRCF        R1, 1, 0
;__Lib_MathDouble.c,1281 :: 		
0x04B8	0x3200      	RRCF        R0, 1, 0
;__Lib_MathDouble.c,1282 :: 		
0x04BA	0x4A03      	INFSNZ      R3, 1, 0
;__Lib_MathDouble.c,1283 :: 		
0x04BC	0xF002EF69  	GOTO        MULJPSETFOV32
;__Lib_MathDouble.c,1285 :: 		
MUL32OK:
;__Lib_MathDouble.c,1286 :: 		
0x04C0	0xAE0A      	BTFSS       R10, 7, 0
;__Lib_MathDouble.c,1287 :: 		
0x04C2	0x9E02      	BCF         R2, 7, 0
;__Lib_MathDouble.c,1289 :: 		
0x04C4	0x0E00      	MOVLW       0
;__Lib_MathDouble.c,1290 :: 		
0x04C6	0xF002EF6F  	GOTO        MULEEE
;__Lib_MathDouble.c,1291 :: 		
MULJPRES032:
;__Lib_MathDouble.c,1292 :: 		
0x04CA	0x0E01      	MOVLW       1
;__Lib_MathDouble.c,1295 :: 		
0x04CC	0xDDCA      	RCALL       _RES032
;__Lib_MathDouble.c,1297 :: 		
0x04CE	0xF002EF6F  	GOTO        MULEEE
;__Lib_MathDouble.c,1298 :: 		
MULJPSETFOV32:
;__Lib_MathDouble.c,1299 :: 		
0x04D2	0x0E02      	MOVLW       2
;__Lib_MathDouble.c,1302 :: 		
0x04D4	0xDE7B      	RCALL       _SETFOV32
;__Lib_MathDouble.c,1304 :: 		
0x04D6	0xF002EF6F  	GOTO        MULEEE
;__Lib_MathDouble.c,1305 :: 		
MULJPSETFUN32:
;__Lib_MathDouble.c,1306 :: 		
0x04DA	0x0E04      	MOVLW       4
;__Lib_MathDouble.c,1309 :: 		
0x04DC	0xDD9F      	RCALL       _SETFUN32
;__Lib_MathDouble.c,1311 :: 		
MULEEE:
;__Lib_MathDouble.c,1318 :: 		
L_end_Mul_32x32_FP:
0x04DE	0x0012      	RETURN      0
; end of _Mul_32x32_FP
_Lcd_Out:
;__Lib_Lcd.c,184 :: 		
;__Lib_Lcd.c,187 :: 		
0x04E0	0xD00F      	BRA         L_Lcd_Out11
;__Lib_Lcd.c,188 :: 		
L_Lcd_Out13:
0x04E2	0x0E80      	MOVLW       128
0x04E4	0x6E40      	MOVWF       FARG_Lcd_Out_row 
0x04E6	0xD019      	BRA         L_Lcd_Out12
;__Lib_Lcd.c,189 :: 		
L_Lcd_Out14:
0x04E8	0x0EC0      	MOVLW       192
0x04EA	0x6E40      	MOVWF       FARG_Lcd_Out_row 
0x04EC	0xD016      	BRA         L_Lcd_Out12
;__Lib_Lcd.c,190 :: 		
L_Lcd_Out15:
0x04EE	0x0E94      	MOVLW       148
0x04F0	0x6E40      	MOVWF       FARG_Lcd_Out_row 
0x04F2	0xD013      	BRA         L_Lcd_Out12
;__Lib_Lcd.c,191 :: 		
L_Lcd_Out16:
0x04F4	0x0ED4      	MOVLW       212
0x04F6	0x6E40      	MOVWF       FARG_Lcd_Out_row 
0x04F8	0xD010      	BRA         L_Lcd_Out12
;__Lib_Lcd.c,192 :: 		
L_Lcd_Out17:
0x04FA	0x0E80      	MOVLW       128
0x04FC	0x6E40      	MOVWF       FARG_Lcd_Out_row 
;__Lib_Lcd.c,193 :: 		
0x04FE	0xD00D      	BRA         L_Lcd_Out12
L_Lcd_Out11:
0x0500	0x5040      	MOVF        FARG_Lcd_Out_row, 0 
0x0502	0x0A01      	XORLW       1
0x0504	0xE0EE      	BZ          L_Lcd_Out13
0x0506	0x5040      	MOVF        FARG_Lcd_Out_row, 0 
0x0508	0x0A02      	XORLW       2
0x050A	0xE0EE      	BZ          L_Lcd_Out14
0x050C	0x5040      	MOVF        FARG_Lcd_Out_row, 0 
0x050E	0x0A03      	XORLW       3
0x0510	0xE0EE      	BZ          L_Lcd_Out15
0x0512	0x5040      	MOVF        FARG_Lcd_Out_row, 0 
0x0514	0x0A04      	XORLW       4
0x0516	0xE0EE      	BZ          L_Lcd_Out16
0x0518	0xD7F0      	BRA         L_Lcd_Out17
L_Lcd_Out12:
;__Lib_Lcd.c,194 :: 		
0x051A	0x0441      	DECF        FARG_Lcd_Out_column, 0 
0x051C	0x6E00      	MOVWF       R0 
0x051E	0x5040      	MOVF        FARG_Lcd_Out_row, 0 
0x0520	0x2600      	ADDWF       R0, 1 
0x0522	0xF040C000  	MOVFF       R0, FARG_Lcd_Out_row
;__Lib_Lcd.c,196 :: 		
0x0526	0xF051C000  	MOVFF       R0, FARG_Lcd_Cmd_out_char
0x052A	0xDE04      	RCALL       _Lcd_Cmd
;__Lib_Lcd.c,197 :: 		
0x052C	0x903F      	BCF         __Lib_Lcd_cmd_status, BitPos(__Lib_Lcd_cmd_status+0) 
;__Lib_Lcd.c,198 :: 		
0x052E	0x6A44      	CLRF        Lcd_Out_i_L0 
;__Lib_Lcd.c,199 :: 		
L_Lcd_Out18:
0x0530	0x5044      	MOVF        Lcd_Out_i_L0, 0 
0x0532	0x2442      	ADDWF       FARG_Lcd_Out_text, 0 
0x0534	0x6EE9      	MOVWF       FSR0L 
0x0536	0x0E00      	MOVLW       0
0x0538	0x2043      	ADDWFC      FARG_Lcd_Out_text+1, 0 
0x053A	0x6EEA      	MOVWF       FSR0L+1 
0x053C	0x52EE      	MOVF        POSTINC0, 1 
0x053E	0xE00B      	BZ          L_Lcd_Out19
;__Lib_Lcd.c,200 :: 		
0x0540	0x5044      	MOVF        Lcd_Out_i_L0, 0 
0x0542	0x2442      	ADDWF       FARG_Lcd_Out_text, 0 
0x0544	0x6EE9      	MOVWF       FSR0L 
0x0546	0x0E00      	MOVLW       0
0x0548	0x2043      	ADDWFC      FARG_Lcd_Out_text+1, 0 
0x054A	0x6EEA      	MOVWF       FSR0L+1 
0x054C	0xF04ACFEE  	MOVFF       POSTINC0, FARG_Lcd_Chr_CP_out_char
0x0550	0xDF1D      	RCALL       _Lcd_Chr_CP
0x0552	0x2A44      	INCF        Lcd_Out_i_L0, 1 
0x0554	0xD7ED      	BRA         L_Lcd_Out18
L_Lcd_Out19:
;__Lib_Lcd.c,201 :: 		
0x0556	0x803F      	BSF         __Lib_Lcd_cmd_status, BitPos(__Lib_Lcd_cmd_status+0) 
;__Lib_Lcd.c,202 :: 		
L_end_Lcd_Out:
0x0558	0x0012      	RETURN      0
; end of _Lcd_Out
___CC2DW:
;__Lib_System.c,21 :: 		
;__Lib_System.c,23 :: 		
_CC2DL_Loop1:
;__Lib_System.c,24 :: 		
0x055A	0x0009      	TBLRD*+
;__Lib_System.c,25 :: 		
0x055C	0xFFE6CFF5  	MOVFF       TABLAT, POSTINC1
;__Lib_System.c,26 :: 		
0x0560	0x0600      	DECF        R0, 1, 0
;__Lib_System.c,27 :: 		
0x0562	0xE1FB      	BNZ         _CC2DL_Loop1
;__Lib_System.c,28 :: 		
0x0564	0x0601      	DECF        R1, 1, 0
;__Lib_System.c,29 :: 		
0x0566	0xE1F9      	BNZ         _CC2DL_Loop1
;__Lib_System.c,31 :: 		
L_end___CC2DW:
0x0568	0x0012      	RETURN      0
; end of ___CC2DW
_Lcd_Init:
;__Lib_Lcd.c,84 :: 		
;__Lib_Lcd.c,86 :: 		
0x056A	0x9295      	BCF         LCD_EN_Direction, BitPos(LCD_EN_Direction+0) 
;__Lib_Lcd.c,87 :: 		
0x056C	0x9095      	BCF         LCD_RS_Direction, BitPos(LCD_RS_Direction+0) 
;__Lib_Lcd.c,88 :: 		
0x056E	0x9495      	BCF         LCD_D4_Direction, BitPos(LCD_D4_Direction+0) 
;__Lib_Lcd.c,89 :: 		
0x0570	0x9695      	BCF         LCD_D5_Direction, BitPos(LCD_D5_Direction+0) 
;__Lib_Lcd.c,90 :: 		
0x0572	0x9895      	BCF         LCD_D6_Direction, BitPos(LCD_D6_Direction+0) 
;__Lib_Lcd.c,91 :: 		
0x0574	0x9A95      	BCF         LCD_D7_Direction, BitPos(LCD_D7_Direction+0) 
;__Lib_Lcd.c,93 :: 		
0x0576	0x9283      	BCF         LCD_EN, BitPos(LCD_EN+0) 
;__Lib_Lcd.c,94 :: 		
0x0578	0x9083      	BCF         LCD_RS, BitPos(LCD_RS+0) 
;__Lib_Lcd.c,95 :: 		
0x057A	0x9A83      	BCF         LCD_D7, BitPos(LCD_D7+0) 
;__Lib_Lcd.c,96 :: 		
0x057C	0x9883      	BCF         LCD_D6, BitPos(LCD_D6+0) 
;__Lib_Lcd.c,97 :: 		
0x057E	0x9683      	BCF         LCD_D5, BitPos(LCD_D5+0) 
;__Lib_Lcd.c,98 :: 		
0x0580	0x9483      	BCF         LCD_D4, BitPos(LCD_D4+0) 
;__Lib_Lcd.c,100 :: 		
0x0582	0xDD59      	RCALL       _Delay_5500us
;__Lib_Lcd.c,101 :: 		
0x0584	0xDD58      	RCALL       _Delay_5500us
;__Lib_Lcd.c,102 :: 		
0x0586	0xDD57      	RCALL       _Delay_5500us
;__Lib_Lcd.c,105 :: 		
0x0588	0x8683      	BSF         LCD_D5, BitPos(LCD_D5+0) 
;__Lib_Lcd.c,106 :: 		
0x058A	0x8483      	BSF         LCD_D4, BitPos(LCD_D4+0) 
;__Lib_Lcd.c,107 :: 		
0x058C	0x8283      	BSF         LCD_EN, BitPos(LCD_EN+0) 
;__Lib_Lcd.c,108 :: 		
0x058E	0xDD70      	RCALL       _Delay_1us
;__Lib_Lcd.c,109 :: 		
0x0590	0x9283      	BCF         LCD_EN, BitPos(LCD_EN+0) 
;__Lib_Lcd.c,110 :: 		
0x0592	0xDD51      	RCALL       _Delay_5500us
;__Lib_Lcd.c,112 :: 		
0x0594	0x8283      	BSF         LCD_EN, BitPos(LCD_EN+0) 
;__Lib_Lcd.c,113 :: 		
0x0596	0xDD6C      	RCALL       _Delay_1us
;__Lib_Lcd.c,114 :: 		
0x0598	0x9283      	BCF         LCD_EN, BitPos(LCD_EN+0) 
;__Lib_Lcd.c,115 :: 		
0x059A	0xDD4D      	RCALL       _Delay_5500us
;__Lib_Lcd.c,117 :: 		
0x059C	0x8283      	BSF         LCD_EN, BitPos(LCD_EN+0) 
;__Lib_Lcd.c,118 :: 		
0x059E	0xDD68      	RCALL       _Delay_1us
;__Lib_Lcd.c,119 :: 		
0x05A0	0x9283      	BCF         LCD_EN, BitPos(LCD_EN+0) 
;__Lib_Lcd.c,120 :: 		
0x05A2	0xDD49      	RCALL       _Delay_5500us
;__Lib_Lcd.c,123 :: 		
0x05A4	0x9483      	BCF         LCD_D4, BitPos(LCD_D4+0) 
;__Lib_Lcd.c,124 :: 		
0x05A6	0x8283      	BSF         LCD_EN, BitPos(LCD_EN+0) 
;__Lib_Lcd.c,125 :: 		
0x05A8	0xDD63      	RCALL       _Delay_1us
;__Lib_Lcd.c,126 :: 		
0x05AA	0x9283      	BCF         LCD_EN, BitPos(LCD_EN+0) 
;__Lib_Lcd.c,127 :: 		
0x05AC	0xDD44      	RCALL       _Delay_5500us
;__Lib_Lcd.c,130 :: 		
0x05AE	0x8283      	BSF         LCD_EN, BitPos(LCD_EN+0) 
;__Lib_Lcd.c,131 :: 		
0x05B0	0xDD5F      	RCALL       _Delay_1us
;__Lib_Lcd.c,132 :: 		
0x05B2	0x9283      	BCF         LCD_EN, BitPos(LCD_EN+0) 
;__Lib_Lcd.c,134 :: 		
0x05B4	0x9683      	BCF         LCD_D5, BitPos(LCD_D5+0) 
;__Lib_Lcd.c,135 :: 		
0x05B6	0x8A83      	BSF         LCD_D7, BitPos(LCD_D7+0) 
;__Lib_Lcd.c,136 :: 		
0x05B8	0x8283      	BSF         LCD_EN, BitPos(LCD_EN+0) 
;__Lib_Lcd.c,137 :: 		
0x05BA	0xDD5A      	RCALL       _Delay_1us
;__Lib_Lcd.c,138 :: 		
0x05BC	0x9283      	BCF         LCD_EN, BitPos(LCD_EN+0) 
;__Lib_Lcd.c,139 :: 		
0x05BE	0xDD3B      	RCALL       _Delay_5500us
;__Lib_Lcd.c,142 :: 		
0x05C0	0x9A83      	BCF         LCD_D7, BitPos(LCD_D7+0) 
;__Lib_Lcd.c,143 :: 		
0x05C2	0x8483      	BSF         LCD_D4, BitPos(LCD_D4+0) 
;__Lib_Lcd.c,144 :: 		
0x05C4	0x8283      	BSF         LCD_EN, BitPos(LCD_EN+0) 
;__Lib_Lcd.c,145 :: 		
0x05C6	0xDD54      	RCALL       _Delay_1us
;__Lib_Lcd.c,146 :: 		
0x05C8	0x9283      	BCF         LCD_EN, BitPos(LCD_EN+0) 
;__Lib_Lcd.c,148 :: 		
0x05CA	0x9483      	BCF         LCD_D4, BitPos(LCD_D4+0) 
;__Lib_Lcd.c,149 :: 		
0x05CC	0x8283      	BSF         LCD_EN, BitPos(LCD_EN+0) 
;__Lib_Lcd.c,150 :: 		
0x05CE	0xDD50      	RCALL       _Delay_1us
;__Lib_Lcd.c,151 :: 		
0x05D0	0x9283      	BCF         LCD_EN, BitPos(LCD_EN+0) 
;__Lib_Lcd.c,152 :: 		
0x05D2	0xDD31      	RCALL       _Delay_5500us
;__Lib_Lcd.c,155 :: 		
0x05D4	0x8283      	BSF         LCD_EN, BitPos(LCD_EN+0) 
;__Lib_Lcd.c,156 :: 		
0x05D6	0xDD4C      	RCALL       _Delay_1us
;__Lib_Lcd.c,157 :: 		
0x05D8	0x9283      	BCF         LCD_EN, BitPos(LCD_EN+0) 
;__Lib_Lcd.c,159 :: 		
0x05DA	0x8483      	BSF         LCD_D4, BitPos(LCD_D4+0) 
;__Lib_Lcd.c,160 :: 		
0x05DC	0x8283      	BSF         LCD_EN, BitPos(LCD_EN+0) 
;__Lib_Lcd.c,161 :: 		
0x05DE	0xDD48      	RCALL       _Delay_1us
;__Lib_Lcd.c,162 :: 		
0x05E0	0x9283      	BCF         LCD_EN, BitPos(LCD_EN+0) 
;__Lib_Lcd.c,163 :: 		
0x05E2	0xDD29      	RCALL       _Delay_5500us
;__Lib_Lcd.c,166 :: 		
0x05E4	0x9483      	BCF         LCD_D4, BitPos(LCD_D4+0) 
;__Lib_Lcd.c,167 :: 		
0x05E6	0x8283      	BSF         LCD_EN, BitPos(LCD_EN+0) 
;__Lib_Lcd.c,168 :: 		
0x05E8	0xDD43      	RCALL       _Delay_1us
;__Lib_Lcd.c,169 :: 		
0x05EA	0x9283      	BCF         LCD_EN, BitPos(LCD_EN+0) 
;__Lib_Lcd.c,171 :: 		
0x05EC	0x8A83      	BSF         LCD_D7, BitPos(LCD_D7+0) 
;__Lib_Lcd.c,172 :: 		
0x05EE	0x8883      	BSF         LCD_D6, BitPos(LCD_D6+0) 
;__Lib_Lcd.c,173 :: 		
0x05F0	0x8683      	BSF         LCD_D5, BitPos(LCD_D5+0) 
;__Lib_Lcd.c,174 :: 		
0x05F2	0x8483      	BSF         LCD_D4, BitPos(LCD_D4+0) 
;__Lib_Lcd.c,175 :: 		
0x05F4	0x8283      	BSF         LCD_EN, BitPos(LCD_EN+0) 
;__Lib_Lcd.c,176 :: 		
0x05F6	0xDD3C      	RCALL       _Delay_1us
;__Lib_Lcd.c,177 :: 		
0x05F8	0x9283      	BCF         LCD_EN, BitPos(LCD_EN+0) 
;__Lib_Lcd.c,179 :: 		
0x05FA	0xDD1D      	RCALL       _Delay_5500us
;__Lib_Lcd.c,181 :: 		
0x05FC	0x803F      	BSF         __Lib_Lcd_cmd_status, BitPos(__Lib_Lcd_cmd_status+0) 
;__Lib_Lcd.c,182 :: 		
L_end_Lcd_Init:
0x05FE	0x0012      	RETURN      0
; end of _Lcd_Init
_wait:
;main.c,26 :: 		void wait(unsigned int time){
;main.c,27 :: 		while(time--)
L_wait0:
0x0600	0xF000C040  	MOVFF       FARG_wait_time, R0
0x0604	0xF001C041  	MOVFF       FARG_wait_time+1, R1
0x0608	0x0E01      	MOVLW       1
0x060A	0x5E40      	SUBWF       FARG_wait_time, 1 
0x060C	0x0E00      	MOVLW       0
0x060E	0x5A41      	SUBWFB      FARG_wait_time+1, 1 
0x0610	0x5000      	MOVF        R0, 0 
0x0612	0x1001      	IORWF       R1, 0 
0x0614	0xE00A      	BZ          L_wait1
;main.c,28 :: 		delay_ms(1);
0x0616	0x0E10      	MOVLW       16
0x0618	0x6E0C      	MOVWF       R12, 0
0x061A	0x0E94      	MOVLW       148
0x061C	0x6E0D      	MOVWF       R13, 0
L_wait2:
0x061E	0x2E0D      	DECFSZ      R13, 1, 0
0x0620	0xD7FE      	BRA         L_wait2
0x0622	0x2E0C      	DECFSZ      R12, 1, 0
0x0624	0xD7FC      	BRA         L_wait2
0x0626	0x0000      	NOP
0x0628	0xD7EB      	BRA         L_wait0
L_wait1:
;main.c,29 :: 		}
L_end_wait:
0x062A	0x0012      	RETURN      0
; end of _wait
_getTemperature:
;main.c,31 :: 		unsigned int getTemperature(){
;main.c,34 :: 		temp=ADC_Read(0);
0x062C	0x6A4A      	CLRF        FARG_ADC_Read_channel 
0x062E	0xDE22      	RCALL       _ADC_Read
;main.c,35 :: 		temp*=4.8828125;
0x0630	0xDEB3      	RCALL       _word2double
0x0632	0x0E00      	MOVLW       0
0x0634	0x6E04      	MOVWF       R4 
0x0636	0x0E40      	MOVLW       64
0x0638	0x6E05      	MOVWF       R5 
0x063A	0x0E1C      	MOVLW       28
0x063C	0x6E06      	MOVWF       R6 
0x063E	0x0E81      	MOVLW       129
0x0640	0x6E07      	MOVWF       R7 
0x0642	0xDEBE      	RCALL       _Mul_32x32_FP
0x0644	0xDE36      	RCALL       _double2word
;main.c,37 :: 		return temp;
;main.c,38 :: 		}
L_end_getTemperature:
0x0646	0x0012      	RETURN      0
; end of _getTemperature
_IntToStr:
;__Lib_Conversions.c,195 :: 		
;__Lib_Conversions.c,201 :: 		
0x0648	0x6A46      	CLRF        IntToStr_negative_L0 
0x064A	0x6A47      	CLRF        IntToStr_negative_L0+1 
;__Lib_Conversions.c,202 :: 		
0x064C	0xF048C040  	MOVFF       FARG_IntToStr_input, IntToStr_inword_L0
0x0650	0xF049C041  	MOVFF       FARG_IntToStr_input+1, IntToStr_inword_L0+1
;__Lib_Conversions.c,203 :: 		
0x0654	0x0E80      	MOVLW       128
0x0656	0x1841      	XORWF       FARG_IntToStr_input+1, 0 
0x0658	0x6E00      	MOVWF       R0 
0x065A	0x0E80      	MOVLW       128
0x065C	0x5C00      	SUBWF       R0, 0 
0x065E	0xE102      	BNZ         L__IntToStr387
0x0660	0x0E00      	MOVLW       0
0x0662	0x5C40      	SUBWF       FARG_IntToStr_input, 0 
L__IntToStr387:
0x0664	0xE20B      	BC          L_IntToStr37
;__Lib_Conversions.c,204 :: 		
0x0666	0x0E01      	MOVLW       1
0x0668	0x6E46      	MOVWF       IntToStr_negative_L0 
0x066A	0x0E00      	MOVLW       0
0x066C	0x6E47      	MOVWF       IntToStr_negative_L0+1 
;__Lib_Conversions.c,205 :: 		
0x066E	0x5040      	MOVF        FARG_IntToStr_input, 0 
0x0670	0x0800      	SUBLW       0
0x0672	0x6E48      	MOVWF       IntToStr_inword_L0 
0x0674	0xF049C041  	MOVFF       FARG_IntToStr_input+1, IntToStr_inword_L0+1
0x0678	0x0E00      	MOVLW       0
0x067A	0x5649      	SUBFWB      IntToStr_inword_L0+1, 1 
;__Lib_Conversions.c,206 :: 		
L_IntToStr37:
;__Lib_Conversions.c,207 :: 		
0x067C	0xF04AC048  	MOVFF       IntToStr_inword_L0, FARG_WordToStr_input
0x0680	0xF04BC049  	MOVFF       IntToStr_inword_L0+1, FARG_WordToStr_input+1
0x0684	0xF04CC042  	MOVFF       FARG_IntToStr_output, FARG_WordToStr_output
0x0688	0xF04DC043  	MOVFF       FARG_IntToStr_output+1, FARG_WordToStr_output+1
0x068C	0xDDAB      	RCALL       _WordToStr
;__Lib_Conversions.c,209 :: 		
0x068E	0x0E06      	MOVLW       6
0x0690	0x6E44      	MOVWF       IntToStr_i_L0 
0x0692	0x0E00      	MOVLW       0
0x0694	0x6E45      	MOVWF       IntToStr_i_L0+1 
;__Lib_Conversions.c,210 :: 		
L_IntToStr38:
0x0696	0x0E00      	MOVLW       0
0x0698	0x6E00      	MOVWF       R0 
0x069A	0x5045      	MOVF        IntToStr_i_L0+1, 0 
0x069C	0x5C00      	SUBWF       R0, 0 
0x069E	0xE102      	BNZ         L__IntToStr388
0x06A0	0x5044      	MOVF        IntToStr_i_L0, 0 
0x06A2	0x0800      	SUBLW       0
L__IntToStr388:
0x06A4	0xE219      	BC          L_IntToStr39
;__Lib_Conversions.c,211 :: 		
0x06A6	0x5044      	MOVF        IntToStr_i_L0, 0 
0x06A8	0x2442      	ADDWF       FARG_IntToStr_output, 0 
0x06AA	0x6EE1      	MOVWF       FSR1L 
0x06AC	0x5045      	MOVF        IntToStr_i_L0+1, 0 
0x06AE	0x2043      	ADDWFC      FARG_IntToStr_output+1, 0 
0x06B0	0x6EE2      	MOVWF       FSR1L+1 
0x06B2	0x0E01      	MOVLW       1
0x06B4	0x5C44      	SUBWF       IntToStr_i_L0, 0 
0x06B6	0x6E00      	MOVWF       R0 
0x06B8	0x0E00      	MOVLW       0
0x06BA	0x5845      	SUBWFB      IntToStr_i_L0+1, 0 
0x06BC	0x6E01      	MOVWF       R1 
0x06BE	0x5000      	MOVF        R0, 0 
0x06C0	0x2442      	ADDWF       FARG_IntToStr_output, 0 
0x06C2	0x6EE9      	MOVWF       FSR0L 
0x06C4	0x5001      	MOVF        R1, 0 
0x06C6	0x2043      	ADDWFC      FARG_IntToStr_output+1, 0 
0x06C8	0x6EEA      	MOVWF       FSR0L+1 
0x06CA	0xFFE6CFEE  	MOVFF       POSTINC0, POSTINC1
;__Lib_Conversions.c,212 :: 		
0x06CE	0x0E01      	MOVLW       1
0x06D0	0x5E44      	SUBWF       IntToStr_i_L0, 1 
0x06D2	0x0E00      	MOVLW       0
0x06D4	0x5A45      	SUBWFB      IntToStr_i_L0+1, 1 
;__Lib_Conversions.c,213 :: 		
0x06D6	0xD7DF      	BRA         L_IntToStr38
L_IntToStr39:
;__Lib_Conversions.c,214 :: 		
0x06D8	0xFFE1C042  	MOVFF       FARG_IntToStr_output, FSR1L
0x06DC	0xFFE2C043  	MOVFF       FARG_IntToStr_output+1, FSR1H
0x06E0	0x0E20      	MOVLW       32
0x06E2	0x6EE6      	MOVWF       POSTINC1 
;__Lib_Conversions.c,215 :: 		
0x06E4	0x5046      	MOVF        IntToStr_negative_L0, 0 
0x06E6	0x1047      	IORWF       IntToStr_negative_L0+1, 0 
0x06E8	0xE01A      	BZ          L_IntToStr40
;__Lib_Conversions.c,216 :: 		
0x06EA	0x6A44      	CLRF        IntToStr_i_L0 
0x06EC	0x6A45      	CLRF        IntToStr_i_L0+1 
;__Lib_Conversions.c,217 :: 		
L_IntToStr41:
0x06EE	0x5044      	MOVF        IntToStr_i_L0, 0 
0x06F0	0x2442      	ADDWF       FARG_IntToStr_output, 0 
0x06F2	0x6EE9      	MOVWF       FSR0L 
0x06F4	0x5045      	MOVF        IntToStr_i_L0+1, 0 
0x06F6	0x2043      	ADDWFC      FARG_IntToStr_output+1, 0 
0x06F8	0x6EEA      	MOVWF       FSR0L+1 
0x06FA	0x50EE      	MOVF        POSTINC0, 0 
0x06FC	0x0A20      	XORLW       32
0x06FE	0xE103      	BNZ         L_IntToStr42
0x0700	0x4A44      	INFSNZ      IntToStr_i_L0, 1 
0x0702	0x2A45      	INCF        IntToStr_i_L0+1, 1 
0x0704	0xD7F4      	BRA         L_IntToStr41
L_IntToStr42:
;__Lib_Conversions.c,218 :: 		
0x0706	0x0E01      	MOVLW       1
0x0708	0x5E44      	SUBWF       IntToStr_i_L0, 1 
0x070A	0x0E00      	MOVLW       0
0x070C	0x5A45      	SUBWFB      IntToStr_i_L0+1, 1 
;__Lib_Conversions.c,219 :: 		
0x070E	0x5044      	MOVF        IntToStr_i_L0, 0 
0x0710	0x2442      	ADDWF       FARG_IntToStr_output, 0 
0x0712	0x6EE1      	MOVWF       FSR1L 
0x0714	0x5045      	MOVF        IntToStr_i_L0+1, 0 
0x0716	0x2043      	ADDWFC      FARG_IntToStr_output+1, 0 
0x0718	0x6EE2      	MOVWF       FSR1L+1 
0x071A	0x0E2D      	MOVLW       45
0x071C	0x6EE6      	MOVWF       POSTINC1 
L_IntToStr40:
;__Lib_Conversions.c,220 :: 		
L_end_IntToStr:
0x071E	0x0012      	RETURN      0
; end of _IntToStr
_Lcd_Chr:
;__Lib_Lcd.c,65 :: 		
;__Lib_Lcd.c,66 :: 		
0x0720	0xD00F      	BRA         L_Lcd_Chr4
;__Lib_Lcd.c,67 :: 		
L_Lcd_Chr6:
0x0722	0x0E80      	MOVLW       128
0x0724	0x6E40      	MOVWF       FARG_Lcd_Chr_row 
0x0726	0xD019      	BRA         L_Lcd_Chr5
;__Lib_Lcd.c,68 :: 		
L_Lcd_Chr7:
0x0728	0x0EC0      	MOVLW       192
0x072A	0x6E40      	MOVWF       FARG_Lcd_Chr_row 
0x072C	0xD016      	BRA         L_Lcd_Chr5
;__Lib_Lcd.c,69 :: 		
L_Lcd_Chr8:
0x072E	0x0E94      	MOVLW       148
0x0730	0x6E40      	MOVWF       FARG_Lcd_Chr_row 
0x0732	0xD013      	BRA         L_Lcd_Chr5
;__Lib_Lcd.c,70 :: 		
L_Lcd_Chr9:
0x0734	0x0ED4      	MOVLW       212
0x0736	0x6E40      	MOVWF       FARG_Lcd_Chr_row 
0x0738	0xD010      	BRA         L_Lcd_Chr5
;__Lib_Lcd.c,71 :: 		
L_Lcd_Chr10:
0x073A	0x0E80      	MOVLW       128
0x073C	0x6E40      	MOVWF       FARG_Lcd_Chr_row 
;__Lib_Lcd.c,72 :: 		
0x073E	0xD00D      	BRA         L_Lcd_Chr5
L_Lcd_Chr4:
0x0740	0x5040      	MOVF        FARG_Lcd_Chr_row, 0 
0x0742	0x0A01      	XORLW       1
0x0744	0xE0EE      	BZ          L_Lcd_Chr6
0x0746	0x5040      	MOVF        FARG_Lcd_Chr_row, 0 
0x0748	0x0A02      	XORLW       2
0x074A	0xE0EE      	BZ          L_Lcd_Chr7
0x074C	0x5040      	MOVF        FARG_Lcd_Chr_row, 0 
0x074E	0x0A03      	XORLW       3
0x0750	0xE0EE      	BZ          L_Lcd_Chr8
0x0752	0x5040      	MOVF        FARG_Lcd_Chr_row, 0 
0x0754	0x0A04      	XORLW       4
0x0756	0xE0EE      	BZ          L_Lcd_Chr9
0x0758	0xD7F0      	BRA         L_Lcd_Chr10
L_Lcd_Chr5:
;__Lib_Lcd.c,74 :: 		
0x075A	0x0441      	DECF        FARG_Lcd_Chr_column, 0 
0x075C	0x6E00      	MOVWF       R0 
0x075E	0x5040      	MOVF        FARG_Lcd_Chr_row, 0 
0x0760	0x2600      	ADDWF       R0, 1 
0x0762	0xF040C000  	MOVFF       R0, FARG_Lcd_Chr_row
;__Lib_Lcd.c,76 :: 		
0x0766	0x803F      	BSF         __Lib_Lcd_cmd_status, BitPos(__Lib_Lcd_cmd_status+0) 
;__Lib_Lcd.c,77 :: 		
0x0768	0xF051C000  	MOVFF       R0, FARG_Lcd_Cmd_out_char
0x076C	0xDCE3      	RCALL       _Lcd_Cmd
;__Lib_Lcd.c,79 :: 		
0x076E	0x903F      	BCF         __Lib_Lcd_cmd_status, BitPos(__Lib_Lcd_cmd_status+0) 
;__Lib_Lcd.c,80 :: 		
0x0770	0xF051C042  	MOVFF       FARG_Lcd_Chr_out_char, FARG_Lcd_Cmd_out_char
0x0774	0xDCDF      	RCALL       _Lcd_Cmd
;__Lib_Lcd.c,81 :: 		
0x0776	0x803F      	BSF         __Lib_Lcd_cmd_status, BitPos(__Lib_Lcd_cmd_status+0) 
;__Lib_Lcd.c,82 :: 		
L_end_Lcd_Chr:
0x0778	0x0012      	RETURN      0
; end of _Lcd_Chr
_main:
0x077A	0xF004EC2F  	CALL        2142, 0
;main.c,40 :: 		void main() {
;main.c,41 :: 		TRISA=0b00000001; // [][][][LED][][][][LM35]
0x077E	0x0E01      	MOVLW       1
0x0780	0x6E92      	MOVWF       TRISA 
;main.c,42 :: 		TRISD=0b00000000; // [][LCD_BACKLIGHT][LCD_D7][LCD_D6][LCD_D5][LCD_D4][LCD_EN][LCD_RS]
0x0782	0x6A95      	CLRF        TRISD 
;main.c,44 :: 		LATA=0x00;
0x0784	0x6A89      	CLRF        LATA 
;main.c,45 :: 		LATD=0x00;
0x0786	0x6A8C      	CLRF        LATD 
;main.c,47 :: 		Lcd_Init();
0x0788	0xDEF0      	RCALL       _Lcd_Init
;main.c,48 :: 		LCD_BACKLIGHT=1;
0x078A	0x8C8C      	BSF         LATD6_bit, BitPos(LATD6_bit+0) 
;main.c,50 :: 		Lcd_Out(1,1,"LM35 Temp.Sensor");
0x078C	0x0E01      	MOVLW       1
0x078E	0x6E40      	MOVWF       FARG_Lcd_Out_row 
0x0790	0x0E01      	MOVLW       1
0x0792	0x6E41      	MOVWF       FARG_Lcd_Out_column 
0x0794	0x0E27      	MOVLW       ?lstr1_main
0x0796	0x6E42      	MOVWF       FARG_Lcd_Out_text 
0x0798	0x0E00      	MOVLW       hi_addr(?lstr1_main)
0x079A	0x6E43      	MOVWF       FARG_Lcd_Out_text+1 
0x079C	0xDEA1      	RCALL       _Lcd_Out
;main.c,51 :: 		Lcd_Out(2,1,"Value:         C");
0x079E	0x0E02      	MOVLW       2
0x07A0	0x6E40      	MOVWF       FARG_Lcd_Out_row 
0x07A2	0x0E01      	MOVLW       1
0x07A4	0x6E41      	MOVWF       FARG_Lcd_Out_column 
0x07A6	0x0E15      	MOVLW       ?lstr2_main
0x07A8	0x6E42      	MOVWF       FARG_Lcd_Out_text 
0x07AA	0x0E00      	MOVLW       hi_addr(?lstr2_main)
0x07AC	0x6E43      	MOVWF       FARG_Lcd_Out_text+1 
0x07AE	0xDE98      	RCALL       _Lcd_Out
;main.c,52 :: 		Lcd_Cmd(_LCD_CURSOR_OFF);
0x07B0	0x0E0C      	MOVLW       12
0x07B2	0x6E51      	MOVWF       FARG_Lcd_Cmd_out_char 
0x07B4	0xDCBF      	RCALL       _Lcd_Cmd
;main.c,54 :: 		while(1){
L_main3:
;main.c,55 :: 		IntToStr(getTemperature(),txt);
0x07B6	0xDF3A      	RCALL       _getTemperature
0x07B8	0xF040C000  	MOVFF       R0, FARG_IntToStr_input
0x07BC	0xF041C001  	MOVFF       R1, FARG_IntToStr_input+1
0x07C0	0x0E38      	MOVLW       _txt
0x07C2	0x6E42      	MOVWF       FARG_IntToStr_output 
0x07C4	0x0E00      	MOVLW       hi_addr(_txt)
0x07C6	0x6E43      	MOVWF       FARG_IntToStr_output+1 
0x07C8	0xDF3F      	RCALL       _IntToStr
;main.c,57 :: 		Lcd_Chr(2,8,txt[0]);
0x07CA	0x0E02      	MOVLW       2
0x07CC	0x6E40      	MOVWF       FARG_Lcd_Chr_row 
0x07CE	0x0E08      	MOVLW       8
0x07D0	0x6E41      	MOVWF       FARG_Lcd_Chr_column 
0x07D2	0xF042C038  	MOVFF       _txt, FARG_Lcd_Chr_out_char
0x07D6	0xDFA4      	RCALL       _Lcd_Chr
;main.c,58 :: 		Lcd_Chr(2,9,txt[1]);
0x07D8	0x0E02      	MOVLW       2
0x07DA	0x6E40      	MOVWF       FARG_Lcd_Chr_row 
0x07DC	0x0E09      	MOVLW       9
0x07DE	0x6E41      	MOVWF       FARG_Lcd_Chr_column 
0x07E0	0xF042C039  	MOVFF       _txt+1, FARG_Lcd_Chr_out_char
0x07E4	0xDF9D      	RCALL       _Lcd_Chr
;main.c,59 :: 		Lcd_Chr(2,10,txt[2]);
0x07E6	0x0E02      	MOVLW       2
0x07E8	0x6E40      	MOVWF       FARG_Lcd_Chr_row 
0x07EA	0x0E0A      	MOVLW       10
0x07EC	0x6E41      	MOVWF       FARG_Lcd_Chr_column 
0x07EE	0xF042C03A  	MOVFF       _txt+2, FARG_Lcd_Chr_out_char
0x07F2	0xDF96      	RCALL       _Lcd_Chr
;main.c,60 :: 		Lcd_Chr(2,11,txt[3]);
0x07F4	0x0E02      	MOVLW       2
0x07F6	0x6E40      	MOVWF       FARG_Lcd_Chr_row 
0x07F8	0x0E0B      	MOVLW       11
0x07FA	0x6E41      	MOVWF       FARG_Lcd_Chr_column 
0x07FC	0xF042C03B  	MOVFF       _txt+3, FARG_Lcd_Chr_out_char
0x0800	0xDF8F      	RCALL       _Lcd_Chr
;main.c,61 :: 		Lcd_Chr(2,12,txt[4]);
0x0802	0x0E02      	MOVLW       2
0x0804	0x6E40      	MOVWF       FARG_Lcd_Chr_row 
0x0806	0x0E0C      	MOVLW       12
0x0808	0x6E41      	MOVWF       FARG_Lcd_Chr_column 
0x080A	0xF042C03C  	MOVFF       _txt+4, FARG_Lcd_Chr_out_char
0x080E	0xDF88      	RCALL       _Lcd_Chr
;main.c,62 :: 		Lcd_Chr(2,13,'.');
0x0810	0x0E02      	MOVLW       2
0x0812	0x6E40      	MOVWF       FARG_Lcd_Chr_row 
0x0814	0x0E0D      	MOVLW       13
0x0816	0x6E41      	MOVWF       FARG_Lcd_Chr_column 
0x0818	0x0E2E      	MOVLW       46
0x081A	0x6E42      	MOVWF       FARG_Lcd_Chr_out_char 
0x081C	0xDF81      	RCALL       _Lcd_Chr
;main.c,63 :: 		Lcd_Chr(2,14,txt[5]);
0x081E	0x0E02      	MOVLW       2
0x0820	0x6E40      	MOVWF       FARG_Lcd_Chr_row 
0x0822	0x0E0E      	MOVLW       14
0x0824	0x6E41      	MOVWF       FARG_Lcd_Chr_column 
0x0826	0xF042C03D  	MOVFF       _txt+5, FARG_Lcd_Chr_out_char
0x082A	0xDF7A      	RCALL       _Lcd_Chr
;main.c,64 :: 		wait(1000);
0x082C	0x0EE8      	MOVLW       232
0x082E	0x6E40      	MOVWF       FARG_wait_time 
0x0830	0x0E03      	MOVLW       3
0x0832	0x6E41      	MOVWF       FARG_wait_time+1 
0x0834	0xDEE5      	RCALL       _wait
;main.c,65 :: 		}
0x0836	0xD7BF      	BRA         L_main3
;main.c,66 :: 		}
L_end_main:
0x0838	0xD7FF      	BRA         $+0
; end of _main
0x085E	0xF015EE10  	LFSR        1, 21
0x0862	0x0E23      	MOVLW       35
0x0864	0x6E00      	MOVWF       R0 
0x0866	0x0E01      	MOVLW       1
0x0868	0x6E01      	MOVWF       R1 
0x086A	0x0E3A      	MOVLW       58
0x086C	0x6EF6      	MOVWF       TBLPTR 
0x086E	0x0E08      	MOVLW       8
0x0870	0x6EF7      	MOVWF       TBLPTRH 
0x0872	0x0E00      	MOVLW       0
0x0874	0x6EF8      	MOVWF       TBLPTRU 
0x0876	0xF002ECAD  	CALL        1370, 0
0x087A	0x0012      	RETURN      0
;main.c,0 :: ?ICS?lstr2_main
0x083A	0x6156 ;?ICS?lstr2_main+0
0x083C	0x756C ;?ICS?lstr2_main+2
0x083E	0x3A65 ;?ICS?lstr2_main+4
0x0840	0x2020 ;?ICS?lstr2_main+6
0x0842	0x2020 ;?ICS?lstr2_main+8
0x0844	0x2020 ;?ICS?lstr2_main+10
0x0846	0x2020 ;?ICS?lstr2_main+12
0x0848	0x4320 ;?ICS?lstr2_main+14
0x084A	0x00 ;?ICS?lstr2_main+16
; end of ?ICS?lstr2_main
;__Lib_ADC_A_D.c,0 :: ?ICS_vref_mask
0x084B	0x30 ;?ICS_vref_mask+0
; end of ?ICS_vref_mask
;main.c,0 :: ?ICS?lstr1_main
0x084C	0x4D4C ;?ICS?lstr1_main+0
0x084E	0x3533 ;?ICS?lstr1_main+2
0x0850	0x5420 ;?ICS?lstr1_main+4
0x0852	0x6D65 ;?ICS?lstr1_main+6
0x0854	0x2E70 ;?ICS?lstr1_main+8
0x0856	0x6553 ;?ICS?lstr1_main+10
0x0858	0x736E ;?ICS?lstr1_main+12
0x085A	0x726F ;?ICS?lstr1_main+14
0x085C	0x00 ;?ICS?lstr1_main+16
; end of ?ICS?lstr1_main
Symbol List:
//** Routines locations **
//ADDRESS    SIZE    PROCEDURE
//----------------------------------------------
0x001C      [26]    _SETFUN32
0x0036      [22]    _Delay_5500us
0x004C       [8]    _FIXSIGN32
0x0054      [14]    _Delay_50us
0x0062      [14]    _RES032
0x0070      [14]    _Delay_1us
0x007E      [14]    _Delay_22us
0x008C     [114]    _NRM3232
0x00FE      [54]    _Div_16X16_U
0x0134     [124]    _Lcd_Cmd
0x01B0      [28]    _SETIOV3224
0x01CC      [24]    _SETFOV32
0x01E4     [144]    _WordToStr
0x0274      [62]    _ADC_Read
0x02B2     [218]    _double2word
0x038C      [12]    _Lcd_Chr_CP
0x0398      [40]    _word2double
0x03C0     [288]    _Mul_32x32_FP
0x04E0     [122]    _Lcd_Out
0x055A      [16]    ___CC2DW
0x056A     [150]    _Lcd_Init
0x0600      [44]    _wait
0x062C      [28]    _getTemperature
0x0648     [216]    _IntToStr
0x0720      [90]    _Lcd_Chr
0x077A     [192]    _main
//** Variables locations ** 
//ADDRESS    SIZE    VARIABLE
//----------------------------------------------
0x0000       [1]    R0
0x0001       [1]    R1
0x0001       [1]    __Lib_Conversions_Adjust_Hex_tmp_L0
0x0002       [2]    memcpy_dd_L0
0x0002       [2]    memset_pp_L0
0x0002       [1]    R2
0x0002       [2]    memchr_s_L0
0x0002       [2]    strlen_cp_L0
0x0003       [1]    R3
0x0003       [2]    Ltrim_original_L0
0x0003       [2]    memmove_tt_L0
0x0004       [2]    strcat_cp_L0
0x0004       [2]    strncat_cp_L0
0x0004       [1]    R4
0x0004       [2]    strcpy_cp_L0
0x0004       [2]    strncpy_cp_L0
0x0004       [2]    memcpy_ss_L0
0x0005       [2]    LongIntToHex_input_half_L0
0x0005       [2]    Ltrim_p_L0
0x0005       [2]    LongWordToHex_input_half_L0
0x0005       [2]    memmove_ff_L0
0x0005       [1]    R5
0x0006       [1]    R6
0x0007       [1]    R7
0x0008       [1]    R8
0x0009       [1]    R9
0x000A       [1]    R10
0x000B       [1]    R11
0x000C       [1]    R12
0x000D       [1]    R13
0x000E       [1]    R14
0x000F       [1]    R15
0x0010       [1]    R16
0x0011       [1]    R17
0x0012       [1]    R18
0x0013       [1]    R19
0x0014       [1]    R20
0x0015      [17]    ?lstr2_main
0x0026       [1]    _vref_mask
0x0027      [17]    ?lstr1_main
0x0038       [7]    _txt
0x003F       [0]    __Lib_Lcd_cmd_status
0x0040       [2]    FARG_IntToStr_input
0x0040       [1]    FARG_Lcd_Out_row
0x0040       [1]    FARG_Lcd_Chr_row
0x0040       [2]    FARG_wait_time
0x0041       [1]    FARG_Lcd_Out_column
0x0041       [1]    FARG_Lcd_Chr_column
0x0042       [2]    FARG_Lcd_Out_text
0x0042       [2]    FARG_IntToStr_output
0x0042       [1]    FARG_Lcd_Chr_out_char
0x0044       [1]    Lcd_Out_i_L0
0x0044       [2]    IntToStr_i_L0
0x0046       [2]    IntToStr_negative_L0
0x0048       [2]    IntToStr_inword_L0
0x004A       [2]    FARG_WordToStr_input
0x004A       [1]    FARG_ADC_Read_channel
0x004A       [1]    FARG_Lcd_Chr_CP_out_char
0x004C       [2]    FARG_WordToStr_output
0x004E       [1]    WordToStr_len_L0
0x004F       [2]    FLOC__WordToStr
0x0051       [1]    FARG_Lcd_Cmd_out_char
0x0F83       [0]    RD1_bit
0x0F83       [0]    RD2_bit
0x0F83       [0]    LCD_D7
0x0F83       [0]    LCD_D5
0x0F83       [0]    LCD_D4
0x0F83       [0]    LCD_D6
0x0F83       [0]    RD0_bit
0x0F83       [0]    LCD_RS
0x0F83       [0]    LCD_EN
0x0F83       [0]    RD3_bit
0x0F83       [0]    RD5_bit
0x0F83       [0]    RD4_bit
0x0F89       [1]    LATA
0x0F8C       [0]    LCD_BACKLIGHT
0x0F8C       [1]    LATD
0x0F8C       [0]    LATD6_bit
0x0F92       [1]    TRISA
0x0F95       [0]    LCD_EN_Direction
0x0F95       [0]    TRISD3_bit
0x0F95       [0]    TRISD5_bit
0x0F95       [0]    TRISD0_bit
0x0F95       [0]    TRISD4_bit
0x0F95       [1]    TRISD
0x0F95       [0]    LCD_RS_Direction
0x0F95       [0]    LCD_D5_Direction
0x0F95       [0]    LCD_D4_Direction
0x0F95       [0]    LCD_D7_Direction
0x0F95       [0]    TRISD2_bit
0x0F95       [0]    TRISD1_bit
0x0F95       [0]    LCD_D6_Direction
0x0FC0       [1]    ADCON2
0x0FC1       [1]    ADCON1
0x0FC2       [1]    ADCON0
0x0FC3       [1]    ADRESL
0x0FC4       [1]    ADRESH
0x0FD8       [1]    STATUS
0x0FD9       [1]    FSR2L
0x0FDA       [1]    FSR2H
0x0FDE       [1]    POSTINC2
0x0FE0       [1]    BSR
0x0FE1       [1]    FSR1L
0x0FE2       [1]    FSR1H
0x0FE4       [1]    PREINC1
0x0FE6       [1]    POSTINC1
0x0FE7       [1]    INDF1
0x0FE8       [1]    WREG
0x0FE9       [1]    FSR0L
0x0FEA       [1]    FSR0H
0x0FEE       [1]    POSTINC0
0x0FF3       [1]    PRODL
0x0FF4       [1]    PRODH
0x0FF5       [1]    TABLAT
0x0FF6       [1]    TBLPTRL
0x0FF6       [3]    TBLPTR
0x0FF7       [1]    TBLPTRH
0x0FF8       [1]    TBLPTRU
//** Constants locations ** 
//ADDRESS    SIZE    CONSTANT
//----------------------------------------------
0x083A      [17]    ?ICS?lstr2_main
0x084B       [1]    ?ICS_vref_mask
0x084C      [17]    ?ICS?lstr1_main
